07-03-2023 18:04:31	aleksin.zaboripodkluch.ru	/
07-03-2023 18:04:31	aprelevka.zaboripodkluch.ru	/
07-03-2023 18:04:31	balashiha.zaboripodkluch.ru	/
07-03-2023 18:04:31	belev.zaboripodkluch.ru	/
07-03-2023 18:04:31	bgr.zaboripodkluch.ru	/
07-03-2023 18:04:31	bolohovo.zaboripodkluch.ru	/
07-03-2023 18:04:31	bronnicy.zaboripodkluch.ru	/
07-03-2023 18:04:31	chekalin.zaboripodkluch.ru	/
07-03-2023 18:04:31	chekhov.zaboripodkluch.ru	/
07-03-2023 18:04:31	chernogolovka.zaboripodkluch.ru	/
07-03-2023 18:04:31	dedovsk.zaboripodkluch.ru	/
07-03-2023 18:04:31	dmitrov.zaboripodkluch.ru	/
07-03-2023 18:04:31	dolgoprudnyj.zaboripodkluch.ru	/
07-03-2023 18:04:31	domodedovo.zaboripodkluch.ru	/
07-03-2023 18:04:31	donskoy.zaboripodkluch.ru	/
07-03-2023 18:04:31	drezna.zaboripodkluch.ru	/
07-03-2023 18:04:31	dubna.zaboripodkluch.ru	/
07-03-2023 18:04:31	dzerzhinskij.zaboripodkluch.ru	/
07-03-2023 18:04:31	efremov.zaboripodkluch.ru	/
07-03-2023 18:04:31	egorevsk.zaboripodkluch.ru	/
07-03-2023 18:04:31	elektrogorsk.zaboripodkluch.ru	/
07-03-2023 18:04:31	elektrostal.zaboripodkluch.ru	/
07-03-2023 18:04:31	elektrougli.zaboripodkluch.ru	/
07-03-2023 18:04:31	fryazino.zaboripodkluch.ru	/
07-03-2023 18:04:31	golicyno.zaboripodkluch.ru	/
07-03-2023 18:04:31	himki.zaboripodkluch.ru	/
07-03-2023 18:04:31	hotkovo.zaboripodkluch.ru	/
07-03-2023 18:04:31	istra.zaboripodkluch.ru	/
07-03-2023 18:04:31	ivanteevka.zaboripodkluch.ru	/
07-03-2023 18:04:32	kaluga.zaboripodkluch.ru	/
07-03-2023 18:04:32	kashira.zaboripodkluch.ru	/
07-03-2023 18:04:32	kimovsk.zaboripodkluch.ru	/
07-03-2023 18:04:32	kireevsk.zaboripodkluch.ru	/
07-03-2023 18:04:32	klimovsk.zaboripodkluch.ru	/
07-03-2023 18:04:32	klin.zaboripodkluch.ru	/
07-03-2023 18:04:32	kolomna.zaboripodkluch.ru	/
07-03-2023 18:04:32	korolyov.zaboripodkluch.ru	/
07-03-2023 18:04:32	kotelniki.zaboripodkluch.ru	/
07-03-2023 18:04:32	krasnoarmejsk.zaboripodkluch.ru	/
07-03-2023 18:04:32	krasnogorsk.zaboripodkluch.ru	/
07-03-2023 18:04:32	krasnoznamensk.zaboripodkluch.ru	/
07-03-2023 18:04:32	kr-zavod.zaboripodkluch.ru	/
07-03-2023 18:04:32	kubinka.zaboripodkluch.ru	/
07-03-2023 18:04:32	kurovskoe.zaboripodkluch.ru	/
07-03-2023 18:04:32	likino-dulyovo.zaboripodkluch.ru	/
07-03-2023 18:04:32	lipki.zaboripodkluch.ru	/
07-03-2023 18:04:32	lobnya.zaboripodkluch.ru	/
07-03-2023 18:04:32	losino-petrovskij.zaboripodkluch.ru	/
07-03-2023 18:04:32	luhovicy.zaboripodkluch.ru	/
07-03-2023 18:04:32	lytkarino.zaboripodkluch.ru	/
07-03-2023 18:04:32	lyubercy.zaboripodkluch.ru	/
07-03-2023 18:04:32	moskovskij.zaboripodkluch.ru	/
07-03-2023 18:04:32	mozhajsk.zaboripodkluch.ru	/
07-03-2023 18:04:32	mytishchi.zaboripodkluch.ru	/
07-03-2023 18:04:32	naro-fominsk.zaboripodkluch.ru	/
07-03-2023 18:04:32	noginsk.zaboripodkluch.ru	/
07-03-2023 18:04:32	nsk.zaboripodkluch.ru	/
07-03-2023 18:04:32	odincovo.zaboripodkluch.ru	/
07-03-2023 18:04:32	or-zu.zaboripodkluch.ru	/
07-03-2023 18:04:32	ozherele.zaboripodkluch.ru	/
07-03-2023 18:04:32	ozyory.zaboripodkluch.ru	/
07-03-2023 18:04:32	pavlovskij-posad.zaboripodkluch.ru	/
07-03-2023 18:04:32	peresvet.zaboripodkluch.ru	/
07-03-2023 18:04:32	plavsk.zaboripodkluch.ru	/
07-03-2023 18:04:32	podolsk.zaboripodkluch.ru	/
07-03-2023 18:04:32	protvino.zaboripodkluch.ru	/
07-03-2023 18:04:32	pushchino.zaboripodkluch.ru	/
07-03-2023 18:04:32	pushkino.zaboripodkluch.ru	/
07-03-2023 18:04:32	ramenskoe.zaboripodkluch.ru	/
07-03-2023 18:04:32	reutov.zaboripodkluch.ru	/
07-03-2023 18:04:32	roshal.zaboripodkluch.ru	/
07-03-2023 18:04:33	ruza.zaboripodkluch.ru	/
07-03-2023 18:04:33	schekino.zaboripodkluch.ru	/
07-03-2023 18:04:33	ser-pos.zaboripodkluch.ru	/
07-03-2023 18:04:33	serpuhov.zaboripodkluch.ru	/
07-03-2023 18:04:33	shatura.zaboripodkluch.ru	/
07-03-2023 18:04:33	shcherbinka.zaboripodkluch.ru	/
07-03-2023 18:04:33	shchyolkovo.zaboripodkluch.ru	/
07-03-2023 18:04:33	solnechnogorsk.zaboripodkluch.ru	/
07-03-2023 18:04:33	sovetsk.zaboripodkluch.ru	/
07-03-2023 18:04:33	staraya-kupavna.zaboripodkluch.ru	/
07-03-2023 18:04:33	stupino.zaboripodkluch.ru	/
07-03-2023 18:04:33	suvorov.zaboripodkluch.ru	/
07-03-2023 18:04:33	taldom.zaboripodkluch.ru	/
07-03-2023 18:04:33	troick.zaboripodkluch.ru	/
07-03-2023 18:04:33	tula.zaboripodkluch.ru	/
07-03-2023 18:04:33	uzl.zaboripodkluch.ru	/
07-03-2023 18:04:33	venev.zaboripodkluch.ru	/
07-03-2023 18:04:33	vereya.zaboripodkluch.ru	/
07-03-2023 18:04:33	vidnoe.zaboripodkluch.ru	/
07-03-2023 18:04:33	volokolamsk.zaboripodkluch.ru	/
07-03-2023 18:04:33	voskresensk.zaboripodkluch.ru	/
07-03-2023 18:04:33	vysokovsk.zaboripodkluch.ru	/
07-03-2023 18:04:33	yasnogorsk.zaboripodkluch.ru	/
07-03-2023 18:04:33	yubilejnyj.zaboripodkluch.ru	/
07-03-2023 18:04:33	zarajsk.zaboripodkluch.ru	/
07-03-2023 18:04:33	zheldor.zaboripodkluch.ru	/
07-03-2023 18:04:33	zhukovskij.zaboripodkluch.ru	/
07-03-2023 18:04:33	zvenigorod.zaboripodkluch.ru	/
