20-02-2023 16:12:37	kaluga.zaboripodkluch.ru	/
20-02-2023 16:12:37	kaluga.zaboripodkluch.ru	/
20-02-2023 16:12:37	kaluga.zaboripodkluch.ru	/3d-zabory/
20-02-2023 16:12:37	kaluga.zaboripodkluch.ru	/3d-zabory/3d-zabory-po-tolshchine-pruta/
20-02-2023 16:12:37	kaluga.zaboripodkluch.ru	/3d-zabory/3d-zabory-po-tsvetu/
20-02-2023 16:12:37	kaluga.zaboripodkluch.ru	/3d-zabory/3d-zabory-po-vysote/
20-02-2023 16:12:37	kaluga.zaboripodkluch.ru	/company/
20-02-2023 16:12:37	kaluga.zaboripodkluch.ru	/company/6-cotok/
20-02-2023 16:12:37	kaluga.zaboripodkluch.ru	/company/arsenal-zaborov/
20-02-2023 16:12:37	kaluga.zaboripodkluch.ru	/company/dachnyy-zabor/
20-02-2023 16:12:37	kaluga.zaboripodkluch.ru	/company/liga-zaborov/
20-02-2023 16:12:37	kaluga.zaboripodkluch.ru	/company/moskovskie-zabory/
20-02-2023 16:12:37	kaluga.zaboripodkluch.ru	/company/mosstroyzabor/
20-02-2023 16:12:37	kaluga.zaboripodkluch.ru	/company/novyy-zabor/
20-02-2023 16:12:37	kaluga.zaboripodkluch.ru	/company/palitra-zaborov/
20-02-2023 16:12:37	kaluga.zaboripodkluch.ru	/company/stroyzabor/
20-02-2023 16:12:37	kaluga.zaboripodkluch.ru	/company/tsentr-zaborov/
20-02-2023 16:12:37	kaluga.zaboripodkluch.ru	/company/vek-zabora/
20-02-2023 16:12:37	kaluga.zaboripodkluch.ru	/company/zabor-prof/
20-02-2023 16:12:37	kaluga.zaboripodkluch.ru	/company/zabor-u-doma/
20-02-2023 16:12:37	kaluga.zaboripodkluch.ru	/company/zabor-vam/
20-02-2023 16:12:37	kaluga.zaboripodkluch.ru	/company/zaboriya/
20-02-2023 16:12:37	kaluga.zaboripodkluch.ru	/company/zabormontazh/
20-02-2023 16:12:37	kaluga.zaboripodkluch.ru	/company/zaborovo/
20-02-2023 16:12:38	kaluga.zaboripodkluch.ru	/company/zaborstroy/
20-02-2023 16:12:38	kaluga.zaboripodkluch.ru	/feedback/
20-02-2023 16:12:38	kaluga.zaboripodkluch.ru	/moderation/
20-02-2023 16:12:38	kaluga.zaboripodkluch.ru	/podbor-podryadchika/
20-02-2023 16:12:38	kaluga.zaboripodkluch.ru	/privacy/
20-02-2023 16:12:38	kaluga.zaboripodkluch.ru	/smeta/
20-02-2023 16:12:38	kaluga.zaboripodkluch.ru	/zabory-iz-metallicheskogo-shtaketnika/
20-02-2023 16:12:38	kaluga.zaboripodkluch.ru	/zabory-iz-metallicheskogo-shtaketnika/zabor-iz-metallicheskogo-shtaketnika-na-fundamente/
20-02-2023 16:12:38	kaluga.zaboripodkluch.ru	/zabory-iz-metallicheskogo-shtaketnika/zabor-iz-metallicheskogo-shtaketnika-okras-s-dvukh-storon/
20-02-2023 16:12:38	kaluga.zaboripodkluch.ru	/zabory-iz-metallicheskogo-shtaketnika/zabor-iz-metallicheskogo-shtaketnika-po-metrazhu/
20-02-2023 16:12:38	kaluga.zaboripodkluch.ru	/zabory-iz-metallicheskogo-shtaketnika/zabor-iz-metallicheskogo-shtaketnika-po-ploshchadi-uchastka/
20-02-2023 16:12:38	kaluga.zaboripodkluch.ru	/zabory-iz-metallicheskogo-shtaketnika/zabor-iz-metallicheskogo-shtaketnika-po-tsvetu/
20-02-2023 16:12:38	kaluga.zaboripodkluch.ru	/zabory-iz-metallicheskogo-shtaketnika/zabor-iz-metallicheskogo-shtaketnika-pod-derevo/
20-02-2023 16:12:38	kaluga.zaboripodkluch.ru	/zabory-iz-metallicheskogo-shtaketnika/zabor-iz-metallicheskogo-shtaketnika-s-kirpichnymi-stolbami/
20-02-2023 16:12:38	kaluga.zaboripodkluch.ru	/zabory-iz-metallicheskogo-shtaketnika/zabor-iz-metallicheskogo-shtaketnika-s-vorotami/
20-02-2023 16:12:38	kaluga.zaboripodkluch.ru	/zabory-iz-polikarbonata/
20-02-2023 16:12:38	kaluga.zaboripodkluch.ru	/zabory-iz-polikarbonata/zabory-iz-polikarbonata-dlya-dachi/
20-02-2023 16:12:38	kaluga.zaboripodkluch.ru	/zabory-iz-polikarbonata/zabory-iz-polikarbonata-dlya-kottedzha-i-chastnogo-doma/
20-02-2023 16:12:38	kaluga.zaboripodkluch.ru	/zabory-iz-polikarbonata/zabory-iz-polikarbonata-kombinirovannyy/
20-02-2023 16:12:38	kaluga.zaboripodkluch.ru	/zabory-iz-polikarbonata/zabory-iz-polikarbonata-na-lentochnom-fundamente/
20-02-2023 16:12:38	kaluga.zaboripodkluch.ru	/zabory-iz-polikarbonata/zabory-iz-polikarbonata-s-kirpichnymi-stolbami/
20-02-2023 16:12:38	kaluga.zaboripodkluch.ru	/zabory-iz-polikarbonata/zabory-iz-polikarbonata-s-otkatnymi-vorotami/
20-02-2023 16:12:38	kaluga.zaboripodkluch.ru	/zabory-iz-polikarbonata/zabory-iz-polikarbonata-s-raspashnymi-vorotami/
20-02-2023 16:12:38	kaluga.zaboripodkluch.ru	/zabory-iz-polikarbonata/zabory-iz-polikarbonata-sektsionnye/
20-02-2023 16:12:38	kaluga.zaboripodkluch.ru	/zabory-iz-profnastila/
20-02-2023 16:12:38	kaluga.zaboripodkluch.ru	/zabory-iz-profnastila/zabor-iz-profnastila-na-fundamente/
20-02-2023 16:12:38	kaluga.zaboripodkluch.ru	/zabory-iz-profnastila/zabor-iz-profnastila-otsinkovannye/
20-02-2023 16:12:38	kaluga.zaboripodkluch.ru	/zabory-iz-profnastila/zabor-iz-profnastila-po-metrazhu/
20-02-2023 16:12:38	kaluga.zaboripodkluch.ru	/zabory-iz-profnastila/zabor-iz-profnastila-po-ploshchadi-uchastka/
20-02-2023 16:12:38	kaluga.zaboripodkluch.ru	/zabory-iz-profnastila/zabor-iz-profnastila-po-tsvetu/
20-02-2023 16:12:38	kaluga.zaboripodkluch.ru	/zabory-iz-profnastila/zabor-iz-profnastila-pod-derevo/
20-02-2023 16:12:38	kaluga.zaboripodkluch.ru	/zabory-iz-profnastila/zabor-iz-profnastila-pod-kamen/
20-02-2023 16:12:38	kaluga.zaboripodkluch.ru	/zabory-iz-profnastila/zabor-iz-profnastila-s-dvukh-storon/
20-02-2023 16:12:38	kaluga.zaboripodkluch.ru	/zabory-iz-profnastila/zabor-iz-profnastila-s-kirpichnymi-stolbami/
20-02-2023 16:12:38	kaluga.zaboripodkluch.ru	/zabory-iz-profnastila/zabor-iz-profnastila-s-vorotami/
20-02-2023 16:12:38	kaluga.zaboripodkluch.ru	/zabory-iz-setki-rabitsy/
20-02-2023 16:12:38	kaluga.zaboripodkluch.ru	/zabory-iz-setki-rabitsy/zabor-iz-setki-rabitsy-s-armaturoy/
20-02-2023 16:12:38	kaluga.zaboripodkluch.ru	/zabory-iz-setki-rabitsy/zabory-iz-setki-rabitsy-sektsiyami/
20-02-2023 16:12:38	kaluga.zaboripodkluch.ru	/zabory-iz-setki-rabitsy/zabory-iz-setki-rabitsy-v-natyag/
20-02-2023 16:12:38	tula.zaboripodkluch.ru	/
20-02-2023 16:12:38	tula.zaboripodkluch.ru	/
20-02-2023 16:12:38	tula.zaboripodkluch.ru	/3d-zabory/
20-02-2023 16:12:38	tula.zaboripodkluch.ru	/3d-zabory/3d-zabory-po-tolshchine-pruta/
20-02-2023 16:12:38	tula.zaboripodkluch.ru	/3d-zabory/3d-zabory-po-tsvetu/
20-02-2023 16:12:38	tula.zaboripodkluch.ru	/3d-zabory/3d-zabory-po-vysote/
20-02-2023 16:12:38	tula.zaboripodkluch.ru	/company/
20-02-2023 16:12:38	tula.zaboripodkluch.ru	/company/6-cotok/
20-02-2023 16:12:38	tula.zaboripodkluch.ru	/company/arsenal-zaborov/
20-02-2023 16:12:38	tula.zaboripodkluch.ru	/company/dachnyy-zabor/
20-02-2023 16:12:38	tula.zaboripodkluch.ru	/company/liga-zaborov/
20-02-2023 16:12:38	tula.zaboripodkluch.ru	/company/moskovskie-zabory/
20-02-2023 16:12:38	tula.zaboripodkluch.ru	/company/mosstroyzabor/
20-02-2023 16:12:38	tula.zaboripodkluch.ru	/company/novyy-zabor/
20-02-2023 16:12:38	tula.zaboripodkluch.ru	/company/palitra-zaborov/
20-02-2023 16:12:38	tula.zaboripodkluch.ru	/company/stroyzabor/
20-02-2023 16:12:38	tula.zaboripodkluch.ru	/company/tsentr-zaborov/
20-02-2023 16:12:38	tula.zaboripodkluch.ru	/company/vek-zabora/
20-02-2023 16:12:38	tula.zaboripodkluch.ru	/company/zabor-prof/
20-02-2023 16:12:38	tula.zaboripodkluch.ru	/company/zabor-u-doma/
20-02-2023 16:12:38	tula.zaboripodkluch.ru	/company/zabor-vam/
20-02-2023 16:12:38	tula.zaboripodkluch.ru	/company/zaboriya/
20-02-2023 16:12:38	tula.zaboripodkluch.ru	/company/zabormontazh/
20-02-2023 16:12:38	tula.zaboripodkluch.ru	/company/zaborovo/
20-02-2023 16:12:38	tula.zaboripodkluch.ru	/company/zaborstroy/
20-02-2023 16:12:38	tula.zaboripodkluch.ru	/feedback/
20-02-2023 16:12:38	tula.zaboripodkluch.ru	/moderation/
20-02-2023 16:12:38	tula.zaboripodkluch.ru	/podbor-podryadchika/
20-02-2023 16:12:38	tula.zaboripodkluch.ru	/privacy/
20-02-2023 16:12:38	tula.zaboripodkluch.ru	/smeta/
20-02-2023 16:12:38	tula.zaboripodkluch.ru	/zabory-iz-metallicheskogo-shtaketnika/
20-02-2023 16:12:38	tula.zaboripodkluch.ru	/zabory-iz-metallicheskogo-shtaketnika/zabor-iz-metallicheskogo-shtaketnika-na-fundamente/
20-02-2023 16:12:38	tula.zaboripodkluch.ru	/zabory-iz-metallicheskogo-shtaketnika/zabor-iz-metallicheskogo-shtaketnika-okras-s-dvukh-storon/
20-02-2023 16:12:38	tula.zaboripodkluch.ru	/zabory-iz-metallicheskogo-shtaketnika/zabor-iz-metallicheskogo-shtaketnika-po-metrazhu/
20-02-2023 16:12:38	tula.zaboripodkluch.ru	/zabory-iz-metallicheskogo-shtaketnika/zabor-iz-metallicheskogo-shtaketnika-po-ploshchadi-uchastka/
20-02-2023 16:12:38	tula.zaboripodkluch.ru	/zabory-iz-metallicheskogo-shtaketnika/zabor-iz-metallicheskogo-shtaketnika-po-tsvetu/
20-02-2023 16:12:38	tula.zaboripodkluch.ru	/zabory-iz-metallicheskogo-shtaketnika/zabor-iz-metallicheskogo-shtaketnika-pod-derevo/
20-02-2023 16:12:38	tula.zaboripodkluch.ru	/zabory-iz-metallicheskogo-shtaketnika/zabor-iz-metallicheskogo-shtaketnika-s-kirpichnymi-stolbami/
20-02-2023 16:12:38	tula.zaboripodkluch.ru	/zabory-iz-metallicheskogo-shtaketnika/zabor-iz-metallicheskogo-shtaketnika-s-vorotami/
20-02-2023 16:12:38	tula.zaboripodkluch.ru	/zabory-iz-polikarbonata/
20-02-2023 16:12:38	tula.zaboripodkluch.ru	/zabory-iz-polikarbonata/zabory-iz-polikarbonata-dlya-dachi/
20-02-2023 16:12:38	tula.zaboripodkluch.ru	/zabory-iz-polikarbonata/zabory-iz-polikarbonata-dlya-kottedzha-i-chastnogo-doma/
20-02-2023 16:12:38	tula.zaboripodkluch.ru	/zabory-iz-polikarbonata/zabory-iz-polikarbonata-kombinirovannyy/
20-02-2023 16:12:38	tula.zaboripodkluch.ru	/zabory-iz-polikarbonata/zabory-iz-polikarbonata-na-lentochnom-fundamente/
20-02-2023 16:12:38	tula.zaboripodkluch.ru	/zabory-iz-polikarbonata/zabory-iz-polikarbonata-s-kirpichnymi-stolbami/
20-02-2023 16:12:38	tula.zaboripodkluch.ru	/zabory-iz-polikarbonata/zabory-iz-polikarbonata-s-otkatnymi-vorotami/
20-02-2023 16:12:38	tula.zaboripodkluch.ru	/zabory-iz-polikarbonata/zabory-iz-polikarbonata-s-raspashnymi-vorotami/
20-02-2023 16:12:38	tula.zaboripodkluch.ru	/zabory-iz-polikarbonata/zabory-iz-polikarbonata-sektsionnye/
20-02-2023 16:12:38	tula.zaboripodkluch.ru	/zabory-iz-profnastila/
20-02-2023 16:12:38	tula.zaboripodkluch.ru	/zabory-iz-profnastila/zabor-iz-profnastila-na-fundamente/
20-02-2023 16:12:38	tula.zaboripodkluch.ru	/zabory-iz-profnastila/zabor-iz-profnastila-otsinkovannye/
20-02-2023 16:12:39	tula.zaboripodkluch.ru	/zabory-iz-profnastila/zabor-iz-profnastila-po-metrazhu/
20-02-2023 16:12:39	tula.zaboripodkluch.ru	/zabory-iz-profnastila/zabor-iz-profnastila-po-ploshchadi-uchastka/
20-02-2023 16:12:39	tula.zaboripodkluch.ru	/zabory-iz-profnastila/zabor-iz-profnastila-po-tsvetu/
20-02-2023 16:12:39	tula.zaboripodkluch.ru	/zabory-iz-profnastila/zabor-iz-profnastila-pod-derevo/
20-02-2023 16:12:39	tula.zaboripodkluch.ru	/zabory-iz-profnastila/zabor-iz-profnastila-pod-kamen/
20-02-2023 16:12:39	tula.zaboripodkluch.ru	/zabory-iz-profnastila/zabor-iz-profnastila-s-dvukh-storon/
20-02-2023 16:12:39	tula.zaboripodkluch.ru	/zabory-iz-profnastila/zabor-iz-profnastila-s-kirpichnymi-stolbami/
20-02-2023 16:12:39	tula.zaboripodkluch.ru	/zabory-iz-profnastila/zabor-iz-profnastila-s-vorotami/
20-02-2023 16:12:39	tula.zaboripodkluch.ru	/zabory-iz-setki-rabitsy/
20-02-2023 16:12:39	tula.zaboripodkluch.ru	/zabory-iz-setki-rabitsy/zabor-iz-setki-rabitsy-s-armaturoy/
20-02-2023 16:12:39	tula.zaboripodkluch.ru	/zabory-iz-setki-rabitsy/zabory-iz-setki-rabitsy-sektsiyami/
20-02-2023 16:12:39	tula.zaboripodkluch.ru	/zabory-iz-setki-rabitsy/zabory-iz-setki-rabitsy-v-natyag/
20-02-2023 16:12:39	zaboripodkluch.ru	/
20-02-2023 16:12:39	zaboripodkluch.ru	/
20-02-2023 16:12:39	zaboripodkluch.ru	/3d-zabory/
20-02-2023 16:12:39	zaboripodkluch.ru	/3d-zabory/3d-zabory-po-tolshchine-pruta/
20-02-2023 16:12:39	zaboripodkluch.ru	/3d-zabory/3d-zabory-po-tsvetu/
20-02-2023 16:12:39	zaboripodkluch.ru	/3d-zabory/3d-zabory-po-vysote/
20-02-2023 16:12:39	zaboripodkluch.ru	/company/
20-02-2023 16:12:39	zaboripodkluch.ru	/company/6-cotok/
20-02-2023 16:12:39	zaboripodkluch.ru	/company/arsenal-zaborov/
20-02-2023 16:12:39	zaboripodkluch.ru	/company/dachnyy-zabor/
20-02-2023 16:12:39	zaboripodkluch.ru	/company/liga-zaborov/
20-02-2023 16:12:39	zaboripodkluch.ru	/company/moskovskie-zabory/
20-02-2023 16:12:39	zaboripodkluch.ru	/company/mosstroyzabor/
20-02-2023 16:12:39	zaboripodkluch.ru	/company/novyy-zabor/
20-02-2023 16:12:39	zaboripodkluch.ru	/company/palitra-zaborov/
20-02-2023 16:12:39	zaboripodkluch.ru	/company/stroyzabor/
20-02-2023 16:12:39	zaboripodkluch.ru	/company/tsentr-zaborov/
20-02-2023 16:12:39	zaboripodkluch.ru	/company/vek-zabora/
20-02-2023 16:12:39	zaboripodkluch.ru	/company/zabor-prof/
20-02-2023 16:12:39	zaboripodkluch.ru	/company/zabor-u-doma/
20-02-2023 16:12:39	zaboripodkluch.ru	/company/zabor-vam/
20-02-2023 16:12:39	zaboripodkluch.ru	/company/zaboriya/
20-02-2023 16:12:39	zaboripodkluch.ru	/company/zabormontazh/
20-02-2023 16:12:39	zaboripodkluch.ru	/company/zaborovo/
20-02-2023 16:12:39	zaboripodkluch.ru	/company/zaborstroy/
20-02-2023 16:12:39	zaboripodkluch.ru	/feedback/
20-02-2023 16:12:39	zaboripodkluch.ru	/moderation/
20-02-2023 16:12:39	zaboripodkluch.ru	/podbor-podryadchika/
20-02-2023 16:12:39	zaboripodkluch.ru	/privacy/
20-02-2023 16:12:39	zaboripodkluch.ru	/smeta/
20-02-2023 16:12:39	zaboripodkluch.ru	/zabory-iz-metallicheskogo-shtaketnika/
20-02-2023 16:12:39	zaboripodkluch.ru	/zabory-iz-metallicheskogo-shtaketnika/zabor-iz-metallicheskogo-shtaketnika-na-fundamente/
20-02-2023 16:12:39	zaboripodkluch.ru	/zabory-iz-metallicheskogo-shtaketnika/zabor-iz-metallicheskogo-shtaketnika-okras-s-dvukh-storon/
20-02-2023 16:12:39	zaboripodkluch.ru	/zabory-iz-metallicheskogo-shtaketnika/zabor-iz-metallicheskogo-shtaketnika-po-metrazhu/
20-02-2023 16:12:39	zaboripodkluch.ru	/zabory-iz-metallicheskogo-shtaketnika/zabor-iz-metallicheskogo-shtaketnika-po-ploshchadi-uchastka/
20-02-2023 16:12:39	zaboripodkluch.ru	/zabory-iz-metallicheskogo-shtaketnika/zabor-iz-metallicheskogo-shtaketnika-po-tsvetu/
20-02-2023 16:12:39	zaboripodkluch.ru	/zabory-iz-metallicheskogo-shtaketnika/zabor-iz-metallicheskogo-shtaketnika-pod-derevo/
20-02-2023 16:12:39	zaboripodkluch.ru	/zabory-iz-metallicheskogo-shtaketnika/zabor-iz-metallicheskogo-shtaketnika-s-kirpichnymi-stolbami/
20-02-2023 16:12:39	zaboripodkluch.ru	/zabory-iz-metallicheskogo-shtaketnika/zabor-iz-metallicheskogo-shtaketnika-s-vorotami/
20-02-2023 16:12:39	zaboripodkluch.ru	/zabory-iz-polikarbonata/
20-02-2023 16:12:39	zaboripodkluch.ru	/zabory-iz-polikarbonata/zabory-iz-polikarbonata-dlya-dachi/
20-02-2023 16:12:39	zaboripodkluch.ru	/zabory-iz-polikarbonata/zabory-iz-polikarbonata-dlya-kottedzha-i-chastnogo-doma/
20-02-2023 16:12:39	zaboripodkluch.ru	/zabory-iz-polikarbonata/zabory-iz-polikarbonata-kombinirovannyy/
20-02-2023 16:12:39	zaboripodkluch.ru	/zabory-iz-polikarbonata/zabory-iz-polikarbonata-na-lentochnom-fundamente/
20-02-2023 16:12:39	zaboripodkluch.ru	/zabory-iz-polikarbonata/zabory-iz-polikarbonata-s-kirpichnymi-stolbami/
20-02-2023 16:12:39	zaboripodkluch.ru	/zabory-iz-polikarbonata/zabory-iz-polikarbonata-s-otkatnymi-vorotami/
20-02-2023 16:12:39	zaboripodkluch.ru	/zabory-iz-polikarbonata/zabory-iz-polikarbonata-s-raspashnymi-vorotami/
20-02-2023 16:12:39	zaboripodkluch.ru	/zabory-iz-polikarbonata/zabory-iz-polikarbonata-sektsionnye/
20-02-2023 16:12:39	zaboripodkluch.ru	/zabory-iz-profnastila/
20-02-2023 16:12:39	zaboripodkluch.ru	/zabory-iz-profnastila/zabor-iz-profnastila-na-fundamente/
20-02-2023 16:12:39	zaboripodkluch.ru	/zabory-iz-profnastila/zabor-iz-profnastila-otsinkovannye/
20-02-2023 16:12:39	zaboripodkluch.ru	/zabory-iz-profnastila/zabor-iz-profnastila-po-metrazhu/
20-02-2023 16:12:39	zaboripodkluch.ru	/zabory-iz-profnastila/zabor-iz-profnastila-po-ploshchadi-uchastka/
20-02-2023 16:12:39	zaboripodkluch.ru	/zabory-iz-profnastila/zabor-iz-profnastila-po-tsvetu/
20-02-2023 16:12:39	zaboripodkluch.ru	/zabory-iz-profnastila/zabor-iz-profnastila-pod-derevo/
20-02-2023 16:12:39	zaboripodkluch.ru	/zabory-iz-profnastila/zabor-iz-profnastila-pod-kamen/
20-02-2023 16:12:39	zaboripodkluch.ru	/zabory-iz-profnastila/zabor-iz-profnastila-s-dvukh-storon/
20-02-2023 16:12:39	zaboripodkluch.ru	/zabory-iz-profnastila/zabor-iz-profnastila-s-kirpichnymi-stolbami/
20-02-2023 16:12:39	zaboripodkluch.ru	/zabory-iz-profnastila/zabor-iz-profnastila-s-vorotami/
20-02-2023 16:12:39	zaboripodkluch.ru	/zabory-iz-setki-rabitsy/
20-02-2023 16:12:39	zaboripodkluch.ru	/zabory-iz-setki-rabitsy/zabor-iz-setki-rabitsy-s-armaturoy/
20-02-2023 16:12:39	zaboripodkluch.ru	/zabory-iz-setki-rabitsy/zabory-iz-setki-rabitsy-sektsiyami/
20-02-2023 16:12:39	zaboripodkluch.ru	/zabory-iz-setki-rabitsy/zabory-iz-setki-rabitsy-v-natyag/
