13-07-2021 16:17:26	aleksandrov.zaboripodkluch.ru	/3d-zabory/
13-07-2021 16:17:26	aleksandrov.zaboripodkluch.ru	/3d-zabory/3d-zabory-po-tolshchine-pruta/
13-07-2021 16:17:26	aleksandrov.zaboripodkluch.ru	/3d-zabory/3d-zabory-po-tsvetu/
13-07-2021 16:17:26	aleksandrov.zaboripodkluch.ru	/3d-zabory/3d-zabory-po-vysote/
13-07-2021 16:17:26	aleksin.zaboripodkluch.ru	/3d-zabory/
13-07-2021 16:17:26	aleksin.zaboripodkluch.ru	/3d-zabory/3d-zabory-po-tolshchine-pruta/
13-07-2021 16:17:26	aleksin.zaboripodkluch.ru	/3d-zabory/3d-zabory-po-tsvetu/
13-07-2021 16:17:26	aleksin.zaboripodkluch.ru	/3d-zabory/3d-zabory-po-vysote/
13-07-2021 16:17:26	andreapol.zaboripodkluch.ru	/3d-zabory/
13-07-2021 16:17:26	andreapol.zaboripodkluch.ru	/3d-zabory/3d-zabory-po-tolshchine-pruta/
13-07-2021 16:17:26	andreapol.zaboripodkluch.ru	/3d-zabory/3d-zabory-po-tsvetu/
13-07-2021 16:17:26	andreapol.zaboripodkluch.ru	/3d-zabory/3d-zabory-po-vysote/
13-07-2021 16:17:26	aprelevka.zaboripodkluch.ru	/3d-zabory/
13-07-2021 16:17:26	aprelevka.zaboripodkluch.ru	/3d-zabory/3d-zabory-po-tolshchine-pruta/
13-07-2021 16:17:26	aprelevka.zaboripodkluch.ru	/3d-zabory/3d-zabory-po-tsvetu/
13-07-2021 16:17:26	aprelevka.zaboripodkluch.ru	/3d-zabory/3d-zabory-po-vysote/
13-07-2021 16:17:26	balabanovo.zaboripodkluch.ru	/3d-zabory/
13-07-2021 16:17:26	balabanovo.zaboripodkluch.ru	/3d-zabory/3d-zabory-po-tolshchine-pruta/
13-07-2021 16:17:26	balabanovo.zaboripodkluch.ru	/3d-zabory/3d-zabory-po-tsvetu/
13-07-2021 16:17:26	balabanovo.zaboripodkluch.ru	/3d-zabory/3d-zabory-po-vysote/
13-07-2021 16:17:26	balashiha.zaboripodkluch.ru	/3d-zabory/
13-07-2021 16:17:26	balashiha.zaboripodkluch.ru	/3d-zabory/3d-zabory-po-tolshchine-pruta/
13-07-2021 16:17:26	balashiha.zaboripodkluch.ru	/3d-zabory/3d-zabory-po-tsvetu/
13-07-2021 16:17:26	balashiha.zaboripodkluch.ru	/3d-zabory/3d-zabory-po-vysote/
13-07-2021 16:17:26	belev.zaboripodkluch.ru	/3d-zabory/
13-07-2021 16:17:26	belev.zaboripodkluch.ru	/3d-zabory/3d-zabory-po-tolshchine-pruta/
13-07-2021 16:17:26	belev.zaboripodkluch.ru	/3d-zabory/3d-zabory-po-tsvetu/
13-07-2021 16:17:26	belev.zaboripodkluch.ru	/3d-zabory/3d-zabory-po-vysote/
13-07-2021 16:17:26	belyj.zaboripodkluch.ru	/3d-zabory/
13-07-2021 16:17:26	belyj.zaboripodkluch.ru	/3d-zabory/3d-zabory-po-tolshchine-pruta/
13-07-2021 16:17:26	belyj.zaboripodkluch.ru	/3d-zabory/3d-zabory-po-tsvetu/
13-07-2021 16:17:26	belyj.zaboripodkluch.ru	/3d-zabory/3d-zabory-po-vysote/
13-07-2021 16:17:26	bezheck.zaboripodkluch.ru	/3d-zabory/
13-07-2021 16:17:26	bezheck.zaboripodkluch.ru	/3d-zabory/3d-zabory-po-tolshchine-pruta/
13-07-2021 16:17:26	bezheck.zaboripodkluch.ru	/3d-zabory/3d-zabory-po-tsvetu/
13-07-2021 16:17:26	bezheck.zaboripodkluch.ru	/3d-zabory/3d-zabory-po-vysote/
13-07-2021 16:17:26	bgr.zaboripodkluch.ru	/3d-zabory/
13-07-2021 16:17:26	bgr.zaboripodkluch.ru	/3d-zabory/3d-zabory-po-tolshchine-pruta/
13-07-2021 16:17:26	bgr.zaboripodkluch.ru	/3d-zabory/3d-zabory-po-tsvetu/
13-07-2021 16:17:27	bgr.zaboripodkluch.ru	/3d-zabory/3d-zabory-po-vysote/
13-07-2021 16:17:27	bologoe.zaboripodkluch.ru	/3d-zabory/
13-07-2021 16:17:27	bologoe.zaboripodkluch.ru	/3d-zabory/3d-zabory-po-tolshchine-pruta/
13-07-2021 16:17:27	bologoe.zaboripodkluch.ru	/3d-zabory/3d-zabory-po-tsvetu/
13-07-2021 16:17:27	bologoe.zaboripodkluch.ru	/3d-zabory/3d-zabory-po-vysote/
13-07-2021 16:17:27	bolohovo.zaboripodkluch.ru	/3d-zabory/
13-07-2021 16:17:27	bolohovo.zaboripodkluch.ru	/3d-zabory/3d-zabory-po-tolshchine-pruta/
13-07-2021 16:17:27	bolohovo.zaboripodkluch.ru	/3d-zabory/3d-zabory-po-tsvetu/
13-07-2021 16:17:27	bolohovo.zaboripodkluch.ru	/3d-zabory/3d-zabory-po-vysote/
13-07-2021 16:17:27	bronnicy.zaboripodkluch.ru	/3d-zabory/
13-07-2021 16:17:27	bronnicy.zaboripodkluch.ru	/3d-zabory/3d-zabory-po-tolshchine-pruta/
13-07-2021 16:17:27	bronnicy.zaboripodkluch.ru	/3d-zabory/3d-zabory-po-tsvetu/
13-07-2021 16:17:27	bronnicy.zaboripodkluch.ru	/3d-zabory/3d-zabory-po-vysote/
13-07-2021 16:17:27	chekalin.zaboripodkluch.ru	/3d-zabory/
13-07-2021 16:17:27	chekalin.zaboripodkluch.ru	/3d-zabory/3d-zabory-po-tolshchine-pruta/
13-07-2021 16:17:27	chekalin.zaboripodkluch.ru	/3d-zabory/3d-zabory-po-tsvetu/
13-07-2021 16:17:27	chekalin.zaboripodkluch.ru	/3d-zabory/3d-zabory-po-vysote/
13-07-2021 16:17:27	chekhov.zaboripodkluch.ru	/3d-zabory/
13-07-2021 16:17:27	chekhov.zaboripodkluch.ru	/3d-zabory/3d-zabory-po-tolshchine-pruta/
13-07-2021 16:17:27	chekhov.zaboripodkluch.ru	/3d-zabory/3d-zabory-po-tsvetu/
13-07-2021 16:17:27	chekhov.zaboripodkluch.ru	/3d-zabory/3d-zabory-po-vysote/
13-07-2021 16:17:27	chernogolovka.zaboripodkluch.ru	/3d-zabory/
13-07-2021 16:17:27	chernogolovka.zaboripodkluch.ru	/3d-zabory/3d-zabory-po-tolshchine-pruta/
13-07-2021 16:17:27	chernogolovka.zaboripodkluch.ru	/3d-zabory/3d-zabory-po-tsvetu/
13-07-2021 16:17:27	chernogolovka.zaboripodkluch.ru	/3d-zabory/3d-zabory-po-vysote/
13-07-2021 16:17:27	dedovsk.zaboripodkluch.ru	/3d-zabory/
13-07-2021 16:17:27	dedovsk.zaboripodkluch.ru	/3d-zabory/3d-zabory-po-tolshchine-pruta/
13-07-2021 16:17:27	dedovsk.zaboripodkluch.ru	/3d-zabory/3d-zabory-po-tsvetu/
13-07-2021 16:17:27	dedovsk.zaboripodkluch.ru	/3d-zabory/3d-zabory-po-vysote/
13-07-2021 16:17:27	demidov.zaboripodkluch.ru	/3d-zabory/
13-07-2021 16:17:27	demidov.zaboripodkluch.ru	/3d-zabory/3d-zabory-po-tolshchine-pruta/
13-07-2021 16:17:27	demidov.zaboripodkluch.ru	/3d-zabory/3d-zabory-po-tsvetu/
13-07-2021 16:17:27	demidov.zaboripodkluch.ru	/3d-zabory/3d-zabory-po-vysote/
13-07-2021 16:17:27	desnogorsk.zaboripodkluch.ru	/3d-zabory/
13-07-2021 16:17:27	desnogorsk.zaboripodkluch.ru	/3d-zabory/3d-zabory-po-tolshchine-pruta/
13-07-2021 16:17:27	desnogorsk.zaboripodkluch.ru	/3d-zabory/3d-zabory-po-tsvetu/
13-07-2021 16:17:27	desnogorsk.zaboripodkluch.ru	/3d-zabory/3d-zabory-po-vysote/
13-07-2021 16:17:27	dmitrov.zaboripodkluch.ru	/3d-zabory/
13-07-2021 16:17:27	dmitrov.zaboripodkluch.ru	/3d-zabory/3d-zabory-po-tolshchine-pruta/
13-07-2021 16:17:27	dmitrov.zaboripodkluch.ru	/3d-zabory/3d-zabory-po-tsvetu/
13-07-2021 16:17:27	dmitrov.zaboripodkluch.ru	/3d-zabory/3d-zabory-po-vysote/
13-07-2021 16:17:27	dolgoprudnyj.zaboripodkluch.ru	/3d-zabory/
13-07-2021 16:17:27	dolgoprudnyj.zaboripodkluch.ru	/3d-zabory/3d-zabory-po-tolshchine-pruta/
13-07-2021 16:17:27	dolgoprudnyj.zaboripodkluch.ru	/3d-zabory/3d-zabory-po-tsvetu/
13-07-2021 16:17:27	dolgoprudnyj.zaboripodkluch.ru	/3d-zabory/3d-zabory-po-vysote/
13-07-2021 16:17:27	domodedovo.zaboripodkluch.ru	/3d-zabory/
13-07-2021 16:17:27	domodedovo.zaboripodkluch.ru	/3d-zabory/3d-zabory-po-tolshchine-pruta/
13-07-2021 16:17:27	domodedovo.zaboripodkluch.ru	/3d-zabory/3d-zabory-po-tsvetu/
13-07-2021 16:17:27	domodedovo.zaboripodkluch.ru	/3d-zabory/3d-zabory-po-vysote/
13-07-2021 16:17:27	donskoy.zaboripodkluch.ru	/3d-zabory/
13-07-2021 16:17:27	donskoy.zaboripodkluch.ru	/3d-zabory/3d-zabory-po-tolshchine-pruta/
13-07-2021 16:17:27	donskoy.zaboripodkluch.ru	/3d-zabory/3d-zabory-po-tsvetu/
13-07-2021 16:17:27	donskoy.zaboripodkluch.ru	/3d-zabory/3d-zabory-po-vysote/
13-07-2021 16:17:27	dorogobuzh.zaboripodkluch.ru	/3d-zabory/
13-07-2021 16:17:27	dorogobuzh.zaboripodkluch.ru	/3d-zabory/3d-zabory-po-tolshchine-pruta/
13-07-2021 16:17:27	dorogobuzh.zaboripodkluch.ru	/3d-zabory/3d-zabory-po-tsvetu/
13-07-2021 16:17:27	dorogobuzh.zaboripodkluch.ru	/3d-zabory/3d-zabory-po-vysote/
13-07-2021 16:17:27	drezna.zaboripodkluch.ru	/3d-zabory/
13-07-2021 16:17:27	drezna.zaboripodkluch.ru	/3d-zabory/3d-zabory-po-tolshchine-pruta/
13-07-2021 16:17:27	drezna.zaboripodkluch.ru	/3d-zabory/3d-zabory-po-tsvetu/
13-07-2021 16:17:27	drezna.zaboripodkluch.ru	/3d-zabory/3d-zabory-po-vysote/
13-07-2021 16:17:27	dubna.zaboripodkluch.ru	/3d-zabory/
13-07-2021 16:17:27	dubna.zaboripodkluch.ru	/3d-zabory/3d-zabory-po-tolshchine-pruta/
13-07-2021 16:17:27	dubna.zaboripodkluch.ru	/3d-zabory/3d-zabory-po-tsvetu/
13-07-2021 16:17:27	dubna.zaboripodkluch.ru	/3d-zabory/3d-zabory-po-vysote/
13-07-2021 16:17:27	duhovshchina.zaboripodkluch.ru	/3d-zabory/
13-07-2021 16:17:27	duhovshchina.zaboripodkluch.ru	/3d-zabory/3d-zabory-po-tolshchine-pruta/
13-07-2021 16:17:27	duhovshchina.zaboripodkluch.ru	/3d-zabory/3d-zabory-po-tsvetu/
13-07-2021 16:17:27	duhovshchina.zaboripodkluch.ru	/3d-zabory/3d-zabory-po-vysote/
13-07-2021 16:17:27	dzerzhinskij.zaboripodkluch.ru	/3d-zabory/
13-07-2021 16:17:27	dzerzhinskij.zaboripodkluch.ru	/3d-zabory/3d-zabory-po-tolshchine-pruta/
13-07-2021 16:17:27	dzerzhinskij.zaboripodkluch.ru	/3d-zabory/3d-zabory-po-tsvetu/
13-07-2021 16:17:27	dzerzhinskij.zaboripodkluch.ru	/3d-zabory/3d-zabory-po-vysote/
13-07-2021 16:17:27	efremov.zaboripodkluch.ru	/3d-zabory/
13-07-2021 16:17:27	efremov.zaboripodkluch.ru	/3d-zabory/3d-zabory-po-tolshchine-pruta/
13-07-2021 16:17:27	efremov.zaboripodkluch.ru	/3d-zabory/3d-zabory-po-tsvetu/
13-07-2021 16:17:27	efremov.zaboripodkluch.ru	/3d-zabory/3d-zabory-po-vysote/
13-07-2021 16:17:27	egorevsk.zaboripodkluch.ru	/3d-zabory/
13-07-2021 16:17:27	egorevsk.zaboripodkluch.ru	/3d-zabory/3d-zabory-po-tolshchine-pruta/
13-07-2021 16:17:27	egorevsk.zaboripodkluch.ru	/3d-zabory/3d-zabory-po-tsvetu/
13-07-2021 16:17:27	egorevsk.zaboripodkluch.ru	/3d-zabory/3d-zabory-po-vysote/
13-07-2021 16:17:28	elektrogorsk.zaboripodkluch.ru	/3d-zabory/
13-07-2021 16:17:28	elektrogorsk.zaboripodkluch.ru	/3d-zabory/3d-zabory-po-tolshchine-pruta/
13-07-2021 16:17:28	elektrogorsk.zaboripodkluch.ru	/3d-zabory/3d-zabory-po-tsvetu/
13-07-2021 16:17:28	elektrogorsk.zaboripodkluch.ru	/3d-zabory/3d-zabory-po-vysote/
13-07-2021 16:17:28	elektrostal.zaboripodkluch.ru	/3d-zabory/
13-07-2021 16:17:28	elektrostal.zaboripodkluch.ru	/3d-zabory/3d-zabory-po-tolshchine-pruta/
13-07-2021 16:17:28	elektrostal.zaboripodkluch.ru	/3d-zabory/3d-zabory-po-tsvetu/
13-07-2021 16:17:28	elektrostal.zaboripodkluch.ru	/3d-zabory/3d-zabory-po-vysote/
13-07-2021 16:17:28	elektrougli.zaboripodkluch.ru	/3d-zabory/
13-07-2021 16:17:28	elektrougli.zaboripodkluch.ru	/3d-zabory/3d-zabory-po-tolshchine-pruta/
13-07-2021 16:17:28	elektrougli.zaboripodkluch.ru	/3d-zabory/3d-zabory-po-tsvetu/
13-07-2021 16:17:28	elektrougli.zaboripodkluch.ru	/3d-zabory/3d-zabory-po-vysote/
13-07-2021 16:17:28	elnya.zaboripodkluch.ru	/3d-zabory/
13-07-2021 16:17:28	elnya.zaboripodkluch.ru	/3d-zabory/3d-zabory-po-tolshchine-pruta/
13-07-2021 16:17:28	elnya.zaboripodkluch.ru	/3d-zabory/3d-zabory-po-tsvetu/
13-07-2021 16:17:28	elnya.zaboripodkluch.ru	/3d-zabory/3d-zabory-po-vysote/
13-07-2021 16:17:28	ermolino.zaboripodkluch.ru	/3d-zabory/
13-07-2021 16:17:28	ermolino.zaboripodkluch.ru	/3d-zabory/3d-zabory-po-tolshchine-pruta/
13-07-2021 16:17:28	ermolino.zaboripodkluch.ru	/3d-zabory/3d-zabory-po-tsvetu/
13-07-2021 16:17:28	ermolino.zaboripodkluch.ru	/3d-zabory/3d-zabory-po-vysote/
13-07-2021 16:17:28	fryazino.zaboripodkluch.ru	/3d-zabory/
13-07-2021 16:17:28	fryazino.zaboripodkluch.ru	/3d-zabory/3d-zabory-po-tolshchine-pruta/
13-07-2021 16:17:28	fryazino.zaboripodkluch.ru	/3d-zabory/3d-zabory-po-tsvetu/
13-07-2021 16:17:28	fryazino.zaboripodkluch.ru	/3d-zabory/3d-zabory-po-vysote/
13-07-2021 16:17:28	gagarin.zaboripodkluch.ru	/3d-zabory/
13-07-2021 16:17:28	gagarin.zaboripodkluch.ru	/3d-zabory/3d-zabory-po-tolshchine-pruta/
13-07-2021 16:17:28	gagarin.zaboripodkluch.ru	/3d-zabory/3d-zabory-po-tsvetu/
13-07-2021 16:17:28	gagarin.zaboripodkluch.ru	/3d-zabory/3d-zabory-po-vysote/
13-07-2021 16:17:28	golicyno.zaboripodkluch.ru	/3d-zabory/
13-07-2021 16:17:28	golicyno.zaboripodkluch.ru	/3d-zabory/3d-zabory-po-tolshchine-pruta/
13-07-2021 16:17:28	golicyno.zaboripodkluch.ru	/3d-zabory/3d-zabory-po-tsvetu/
13-07-2021 16:17:28	golicyno.zaboripodkluch.ru	/3d-zabory/3d-zabory-po-vysote/
13-07-2021 16:17:28	gorohovec.zaboripodkluch.ru	/3d-zabory/
13-07-2021 16:17:28	gorohovec.zaboripodkluch.ru	/3d-zabory/3d-zabory-po-tolshchine-pruta/
13-07-2021 16:17:28	gorohovec.zaboripodkluch.ru	/3d-zabory/3d-zabory-po-tsvetu/
13-07-2021 16:17:28	gorohovec.zaboripodkluch.ru	/3d-zabory/3d-zabory-po-vysote/
13-07-2021 16:17:28	gus-hrustalnyo.zaboripodkluch.ru	/3d-zabory/
13-07-2021 16:17:28	gus-hrustalnyo.zaboripodkluch.ru	/3d-zabory/3d-zabory-po-tolshchine-pruta/
13-07-2021 16:17:28	gus-hrustalnyo.zaboripodkluch.ru	/3d-zabory/3d-zabory-po-tsvetu/
13-07-2021 16:17:28	gus-hrustalnyo.zaboripodkluch.ru	/3d-zabory/3d-zabory-po-vysote/
13-07-2021 16:17:28	himki.zaboripodkluch.ru	/3d-zabory/
13-07-2021 16:17:28	himki.zaboripodkluch.ru	/3d-zabory/3d-zabory-po-tolshchine-pruta/
13-07-2021 16:17:28	himki.zaboripodkluch.ru	/3d-zabory/3d-zabory-po-tsvetu/
13-07-2021 16:17:28	himki.zaboripodkluch.ru	/3d-zabory/3d-zabory-po-vysote/
13-07-2021 16:17:28	hotkovo.zaboripodkluch.ru	/3d-zabory/
13-07-2021 16:17:28	hotkovo.zaboripodkluch.ru	/3d-zabory/3d-zabory-po-tolshchine-pruta/
13-07-2021 16:17:28	hotkovo.zaboripodkluch.ru	/3d-zabory/3d-zabory-po-tsvetu/
13-07-2021 16:17:28	hotkovo.zaboripodkluch.ru	/3d-zabory/3d-zabory-po-vysote/
13-07-2021 16:17:28	istra.zaboripodkluch.ru	/3d-zabory/
13-07-2021 16:17:28	istra.zaboripodkluch.ru	/3d-zabory/3d-zabory-po-tolshchine-pruta/
13-07-2021 16:17:28	istra.zaboripodkluch.ru	/3d-zabory/3d-zabory-po-tsvetu/
13-07-2021 16:17:28	istra.zaboripodkluch.ru	/3d-zabory/3d-zabory-po-vysote/
13-07-2021 16:17:28	ivanteevka.zaboripodkluch.ru	/3d-zabory/
13-07-2021 16:17:28	ivanteevka.zaboripodkluch.ru	/3d-zabory/3d-zabory-po-tolshchine-pruta/
13-07-2021 16:17:28	ivanteevka.zaboripodkluch.ru	/3d-zabory/3d-zabory-po-tsvetu/
13-07-2021 16:17:28	ivanteevka.zaboripodkluch.ru	/3d-zabory/3d-zabory-po-vysote/
13-07-2021 16:17:28	kaluga.zaboripodkluch.ru	/3d-zabory/
13-07-2021 16:17:28	kaluga.zaboripodkluch.ru	/3d-zabory/3d-zabory-po-tolshchine-pruta/
13-07-2021 16:17:28	kaluga.zaboripodkluch.ru	/3d-zabory/3d-zabory-po-tsvetu/
13-07-2021 16:17:28	kaluga.zaboripodkluch.ru	/3d-zabory/3d-zabory-po-vysote/
13-07-2021 16:17:28	kalyazin.zaboripodkluch.ru	/3d-zabory/
13-07-2021 16:17:28	kalyazin.zaboripodkluch.ru	/3d-zabory/3d-zabory-po-tolshchine-pruta/
13-07-2021 16:17:28	kalyazin.zaboripodkluch.ru	/3d-zabory/3d-zabory-po-tsvetu/
13-07-2021 16:17:28	kalyazin.zaboripodkluch.ru	/3d-zabory/3d-zabory-po-vysote/
13-07-2021 16:17:28	kameshkovo.zaboripodkluch.ru	/3d-zabory/
13-07-2021 16:17:28	kameshkovo.zaboripodkluch.ru	/3d-zabory/3d-zabory-po-tolshchine-pruta/
13-07-2021 16:17:28	kameshkovo.zaboripodkluch.ru	/3d-zabory/3d-zabory-po-tsvetu/
13-07-2021 16:17:28	kameshkovo.zaboripodkluch.ru	/3d-zabory/3d-zabory-po-vysote/
13-07-2021 16:17:28	karabanovo.zaboripodkluch.ru	/3d-zabory/
13-07-2021 16:17:28	karabanovo.zaboripodkluch.ru	/3d-zabory/3d-zabory-po-tolshchine-pruta/
13-07-2021 16:17:28	karabanovo.zaboripodkluch.ru	/3d-zabory/3d-zabory-po-tsvetu/
13-07-2021 16:17:28	karabanovo.zaboripodkluch.ru	/3d-zabory/3d-zabory-po-vysote/
13-07-2021 16:17:28	kashin.zaboripodkluch.ru	/3d-zabory/
13-07-2021 16:17:28	kashin.zaboripodkluch.ru	/3d-zabory/3d-zabory-po-tolshchine-pruta/
13-07-2021 16:17:28	kashin.zaboripodkluch.ru	/3d-zabory/3d-zabory-po-tsvetu/
13-07-2021 16:17:28	kashin.zaboripodkluch.ru	/3d-zabory/3d-zabory-po-vysote/
13-07-2021 16:17:28	kashira.zaboripodkluch.ru	/3d-zabory/
13-07-2021 16:17:28	kashira.zaboripodkluch.ru	/3d-zabory/3d-zabory-po-tolshchine-pruta/
13-07-2021 16:17:28	kashira.zaboripodkluch.ru	/3d-zabory/3d-zabory-po-tsvetu/
13-07-2021 16:17:28	kashira.zaboripodkluch.ru	/3d-zabory/3d-zabory-po-vysote/
13-07-2021 16:17:28	kasimov.zaboripodkluch.ru	/3d-zabory/
13-07-2021 16:17:28	kasimov.zaboripodkluch.ru	/3d-zabory/3d-zabory-po-tolshchine-pruta/
13-07-2021 16:17:28	kasimov.zaboripodkluch.ru	/3d-zabory/3d-zabory-po-tsvetu/
13-07-2021 16:17:28	kasimov.zaboripodkluch.ru	/3d-zabory/3d-zabory-po-vysote/
13-07-2021 16:17:28	kimovsk.zaboripodkluch.ru	/3d-zabory/
13-07-2021 16:17:28	kimovsk.zaboripodkluch.ru	/3d-zabory/3d-zabory-po-tolshchine-pruta/
13-07-2021 16:17:28	kimovsk.zaboripodkluch.ru	/3d-zabory/3d-zabory-po-tsvetu/
13-07-2021 16:17:28	kimovsk.zaboripodkluch.ru	/3d-zabory/3d-zabory-po-vysote/
13-07-2021 16:17:28	kimry.zaboripodkluch.ru	/3d-zabory/
13-07-2021 16:17:29	kimry.zaboripodkluch.ru	/3d-zabory/3d-zabory-po-tolshchine-pruta/
13-07-2021 16:17:29	kimry.zaboripodkluch.ru	/3d-zabory/3d-zabory-po-tsvetu/
13-07-2021 16:17:29	kimry.zaboripodkluch.ru	/3d-zabory/3d-zabory-po-vysote/
13-07-2021 16:17:29	kireevsk.zaboripodkluch.ru	/3d-zabory/
13-07-2021 16:17:29	kireevsk.zaboripodkluch.ru	/3d-zabory/3d-zabory-po-tolshchine-pruta/
13-07-2021 16:17:29	kireevsk.zaboripodkluch.ru	/3d-zabory/3d-zabory-po-tsvetu/
13-07-2021 16:17:29	kireevsk.zaboripodkluch.ru	/3d-zabory/3d-zabory-po-vysote/
13-07-2021 16:17:29	kirzhach.zaboripodkluch.ru	/3d-zabory/
13-07-2021 16:17:29	kirzhach.zaboripodkluch.ru	/3d-zabory/3d-zabory-po-tolshchine-pruta/
13-07-2021 16:17:29	kirzhach.zaboripodkluch.ru	/3d-zabory/3d-zabory-po-tsvetu/
13-07-2021 16:17:29	kirzhach.zaboripodkluch.ru	/3d-zabory/3d-zabory-po-vysote/
13-07-2021 16:17:29	klimovsk.zaboripodkluch.ru	/3d-zabory/
13-07-2021 16:17:29	klimovsk.zaboripodkluch.ru	/3d-zabory/3d-zabory-po-tolshchine-pruta/
13-07-2021 16:17:29	klimovsk.zaboripodkluch.ru	/3d-zabory/3d-zabory-po-tsvetu/
13-07-2021 16:17:29	klimovsk.zaboripodkluch.ru	/3d-zabory/3d-zabory-po-vysote/
13-07-2021 16:17:29	klin.zaboripodkluch.ru	/3d-zabory/
13-07-2021 16:17:29	klin.zaboripodkluch.ru	/3d-zabory/3d-zabory-po-tolshchine-pruta/
13-07-2021 16:17:29	klin.zaboripodkluch.ru	/3d-zabory/3d-zabory-po-tsvetu/
13-07-2021 16:17:29	klin.zaboripodkluch.ru	/3d-zabory/3d-zabory-po-vysote/
13-07-2021 16:17:29	kolchugino.zaboripodkluch.ru	/3d-zabory/
13-07-2021 16:17:29	kolchugino.zaboripodkluch.ru	/3d-zabory/3d-zabory-po-tolshchine-pruta/
13-07-2021 16:17:29	kolchugino.zaboripodkluch.ru	/3d-zabory/3d-zabory-po-tsvetu/
13-07-2021 16:17:29	kolchugino.zaboripodkluch.ru	/3d-zabory/3d-zabory-po-vysote/
13-07-2021 16:17:29	kolomna.zaboripodkluch.ru	/3d-zabory/
13-07-2021 16:17:29	kolomna.zaboripodkluch.ru	/3d-zabory/3d-zabory-po-tolshchine-pruta/
13-07-2021 16:17:29	kolomna.zaboripodkluch.ru	/3d-zabory/3d-zabory-po-tsvetu/
13-07-2021 16:17:29	kolomna.zaboripodkluch.ru	/3d-zabory/3d-zabory-po-vysote/
13-07-2021 16:17:29	konakovo.zaboripodkluch.ru	/3d-zabory/
13-07-2021 16:17:29	konakovo.zaboripodkluch.ru	/3d-zabory/3d-zabory-po-tolshchine-pruta/
13-07-2021 16:17:29	konakovo.zaboripodkluch.ru	/3d-zabory/3d-zabory-po-tsvetu/
13-07-2021 16:17:29	konakovo.zaboripodkluch.ru	/3d-zabory/3d-zabory-po-vysote/
13-07-2021 16:17:29	kondrovo.zaboripodkluch.ru	/3d-zabory/
13-07-2021 16:17:29	kondrovo.zaboripodkluch.ru	/3d-zabory/3d-zabory-po-tolshchine-pruta/
13-07-2021 16:17:29	kondrovo.zaboripodkluch.ru	/3d-zabory/3d-zabory-po-tsvetu/
13-07-2021 16:17:29	kondrovo.zaboripodkluch.ru	/3d-zabory/3d-zabory-po-vysote/
13-07-2021 16:17:29	korablino.zaboripodkluch.ru	/3d-zabory/
13-07-2021 16:17:29	korablino.zaboripodkluch.ru	/3d-zabory/3d-zabory-po-tolshchine-pruta/
13-07-2021 16:17:29	korablino.zaboripodkluch.ru	/3d-zabory/3d-zabory-po-tsvetu/
13-07-2021 16:17:29	korablino.zaboripodkluch.ru	/3d-zabory/3d-zabory-po-vysote/
13-07-2021 16:17:29	korolyov.zaboripodkluch.ru	/3d-zabory/
13-07-2021 16:17:29	korolyov.zaboripodkluch.ru	/3d-zabory/3d-zabory-po-tolshchine-pruta/
13-07-2021 16:17:29	korolyov.zaboripodkluch.ru	/3d-zabory/3d-zabory-po-tsvetu/
13-07-2021 16:17:29	korolyov.zaboripodkluch.ru	/3d-zabory/3d-zabory-po-vysote/
13-07-2021 16:17:29	kosteryovo.zaboripodkluch.ru	/3d-zabory/
13-07-2021 16:17:29	kosteryovo.zaboripodkluch.ru	/3d-zabory/3d-zabory-po-tolshchine-pruta/
13-07-2021 16:17:29	kosteryovo.zaboripodkluch.ru	/3d-zabory/3d-zabory-po-tsvetu/
13-07-2021 16:17:29	kosteryovo.zaboripodkluch.ru	/3d-zabory/3d-zabory-po-vysote/
13-07-2021 16:17:29	kotelniki.zaboripodkluch.ru	/3d-zabory/
13-07-2021 16:17:29	kotelniki.zaboripodkluch.ru	/3d-zabory/3d-zabory-po-tolshchine-pruta/
13-07-2021 16:17:29	kotelniki.zaboripodkluch.ru	/3d-zabory/3d-zabory-po-tsvetu/
13-07-2021 16:17:29	kotelniki.zaboripodkluch.ru	/3d-zabory/3d-zabory-po-vysote/
13-07-2021 16:17:29	kovrov.zaboripodkluch.ru	/3d-zabory/
13-07-2021 16:17:29	kovrov.zaboripodkluch.ru	/3d-zabory/3d-zabory-po-tolshchine-pruta/
13-07-2021 16:17:29	kovrov.zaboripodkluch.ru	/3d-zabory/3d-zabory-po-tsvetu/
13-07-2021 16:17:29	kovrov.zaboripodkluch.ru	/3d-zabory/3d-zabory-po-vysote/
13-07-2021 16:17:29	kozelsk.zaboripodkluch.ru	/3d-zabory/
13-07-2021 16:17:29	kozelsk.zaboripodkluch.ru	/3d-zabory/3d-zabory-po-tolshchine-pruta/
13-07-2021 16:17:29	kozelsk.zaboripodkluch.ru	/3d-zabory/3d-zabory-po-tsvetu/
13-07-2021 16:17:29	kozelsk.zaboripodkluch.ru	/3d-zabory/3d-zabory-po-vysote/
13-07-2021 16:17:29	kr-zavod.zaboripodkluch.ru	/3d-zabory/
13-07-2021 16:17:29	kr-zavod.zaboripodkluch.ru	/3d-zabory/3d-zabory-po-tolshchine-pruta/
13-07-2021 16:17:29	kr-zavod.zaboripodkluch.ru	/3d-zabory/3d-zabory-po-tsvetu/
13-07-2021 16:17:29	kr-zavod.zaboripodkluch.ru	/3d-zabory/3d-zabory-po-vysote/
13-07-2021 16:17:29	krasnoarmejsk.zaboripodkluch.ru	/3d-zabory/
13-07-2021 16:17:29	krasnoarmejsk.zaboripodkluch.ru	/3d-zabory/3d-zabory-po-tolshchine-pruta/
13-07-2021 16:17:29	krasnoarmejsk.zaboripodkluch.ru	/3d-zabory/3d-zabory-po-tsvetu/
13-07-2021 16:17:29	krasnoarmejsk.zaboripodkluch.ru	/3d-zabory/3d-zabory-po-vysote/
13-07-2021 16:17:29	krasnogorsk.zaboripodkluch.ru	/3d-zabory/
13-07-2021 16:17:29	krasnogorsk.zaboripodkluch.ru	/3d-zabory/3d-zabory-po-tolshchine-pruta/
13-07-2021 16:17:29	krasnogorsk.zaboripodkluch.ru	/3d-zabory/3d-zabory-po-tsvetu/
13-07-2021 16:17:29	krasnogorsk.zaboripodkluch.ru	/3d-zabory/3d-zabory-po-vysote/
13-07-2021 16:17:29	krasnoznamensk.zaboripodkluch.ru	/3d-zabory/
13-07-2021 16:17:29	krasnoznamensk.zaboripodkluch.ru	/3d-zabory/3d-zabory-po-tolshchine-pruta/
13-07-2021 16:17:29	krasnoznamensk.zaboripodkluch.ru	/3d-zabory/3d-zabory-po-tsvetu/
13-07-2021 16:17:29	krasnoznamensk.zaboripodkluch.ru	/3d-zabory/3d-zabory-po-vysote/
13-07-2021 16:17:29	krasnyj-holm.zaboripodkluch.ru	/3d-zabory/
13-07-2021 16:17:29	krasnyj-holm.zaboripodkluch.ru	/3d-zabory/3d-zabory-po-tolshchine-pruta/
13-07-2021 16:17:29	krasnyj-holm.zaboripodkluch.ru	/3d-zabory/3d-zabory-po-tsvetu/
13-07-2021 16:17:29	krasnyj-holm.zaboripodkluch.ru	/3d-zabory/3d-zabory-po-vysote/
13-07-2021 16:17:29	kremyonki.zaboripodkluch.ru	/3d-zabory/
13-07-2021 16:17:29	kremyonki.zaboripodkluch.ru	/3d-zabory/3d-zabory-po-tolshchine-pruta/
13-07-2021 16:17:29	kremyonki.zaboripodkluch.ru	/3d-zabory/3d-zabory-po-tsvetu/
13-07-2021 16:17:29	kremyonki.zaboripodkluch.ru	/3d-zabory/3d-zabory-po-vysote/
13-07-2021 16:17:29	kubinka.zaboripodkluch.ru	/3d-zabory/
13-07-2021 16:17:29	kubinka.zaboripodkluch.ru	/3d-zabory/3d-zabory-po-tolshchine-pruta/
13-07-2021 16:17:29	kubinka.zaboripodkluch.ru	/3d-zabory/3d-zabory-po-tsvetu/
13-07-2021 16:17:29	kubinka.zaboripodkluch.ru	/3d-zabory/3d-zabory-po-vysote/
13-07-2021 16:17:29	kurlovo.zaboripodkluch.ru	/3d-zabory/
13-07-2021 16:17:30	kurlovo.zaboripodkluch.ru	/3d-zabory/3d-zabory-po-tolshchine-pruta/
13-07-2021 16:17:30	kurlovo.zaboripodkluch.ru	/3d-zabory/3d-zabory-po-tsvetu/
13-07-2021 16:17:30	kurlovo.zaboripodkluch.ru	/3d-zabory/3d-zabory-po-vysote/
13-07-2021 16:17:30	kurovskoe.zaboripodkluch.ru	/3d-zabory/
13-07-2021 16:17:30	kurovskoe.zaboripodkluch.ru	/3d-zabory/3d-zabory-po-tolshchine-pruta/
13-07-2021 16:17:30	kurovskoe.zaboripodkluch.ru	/3d-zabory/3d-zabory-po-tsvetu/
13-07-2021 16:17:30	kurovskoe.zaboripodkluch.ru	/3d-zabory/3d-zabory-po-vysote/
13-07-2021 16:17:30	kuvshinovo.zaboripodkluch.ru	/3d-zabory/
13-07-2021 16:17:30	kuvshinovo.zaboripodkluch.ru	/3d-zabory/3d-zabory-po-tolshchine-pruta/
13-07-2021 16:17:30	kuvshinovo.zaboripodkluch.ru	/3d-zabory/3d-zabory-po-tsvetu/
13-07-2021 16:17:30	kuvshinovo.zaboripodkluch.ru	/3d-zabory/3d-zabory-po-vysote/
13-07-2021 16:17:30	lakinsk.zaboripodkluch.ru	/3d-zabory/
13-07-2021 16:17:30	lakinsk.zaboripodkluch.ru	/3d-zabory/3d-zabory-po-tolshchine-pruta/
13-07-2021 16:17:30	lakinsk.zaboripodkluch.ru	/3d-zabory/3d-zabory-po-tsvetu/
13-07-2021 16:17:30	lakinsk.zaboripodkluch.ru	/3d-zabory/3d-zabory-po-vysote/
13-07-2021 16:17:30	lihoslavl.zaboripodkluch.ru	/3d-zabory/
13-07-2021 16:17:30	lihoslavl.zaboripodkluch.ru	/3d-zabory/3d-zabory-po-tolshchine-pruta/
13-07-2021 16:17:30	lihoslavl.zaboripodkluch.ru	/3d-zabory/3d-zabory-po-tsvetu/
13-07-2021 16:17:30	lihoslavl.zaboripodkluch.ru	/3d-zabory/3d-zabory-po-vysote/
13-07-2021 16:17:30	likino-dulyovo.zaboripodkluch.ru	/3d-zabory/
13-07-2021 16:17:30	likino-dulyovo.zaboripodkluch.ru	/3d-zabory/3d-zabory-po-tolshchine-pruta/
13-07-2021 16:17:30	likino-dulyovo.zaboripodkluch.ru	/3d-zabory/3d-zabory-po-tsvetu/
13-07-2021 16:17:30	likino-dulyovo.zaboripodkluch.ru	/3d-zabory/3d-zabory-po-vysote/
13-07-2021 16:17:30	lipki.zaboripodkluch.ru	/3d-zabory/
13-07-2021 16:17:30	lipki.zaboripodkluch.ru	/3d-zabory/3d-zabory-po-tolshchine-pruta/
13-07-2021 16:17:30	lipki.zaboripodkluch.ru	/3d-zabory/3d-zabory-po-tsvetu/
13-07-2021 16:17:30	lipki.zaboripodkluch.ru	/3d-zabory/3d-zabory-po-vysote/
13-07-2021 16:17:30	lobnya.zaboripodkluch.ru	/3d-zabory/
13-07-2021 16:17:30	lobnya.zaboripodkluch.ru	/3d-zabory/3d-zabory-po-tolshchine-pruta/
13-07-2021 16:17:30	lobnya.zaboripodkluch.ru	/3d-zabory/3d-zabory-po-tsvetu/
13-07-2021 16:17:30	lobnya.zaboripodkluch.ru	/3d-zabory/3d-zabory-po-vysote/
13-07-2021 16:17:30	losino-petrovskij.zaboripodkluch.ru	/3d-zabory/
13-07-2021 16:17:30	losino-petrovskij.zaboripodkluch.ru	/3d-zabory/3d-zabory-po-tolshchine-pruta/
13-07-2021 16:17:30	losino-petrovskij.zaboripodkluch.ru	/3d-zabory/3d-zabory-po-tsvetu/
13-07-2021 16:17:30	losino-petrovskij.zaboripodkluch.ru	/3d-zabory/3d-zabory-po-vysote/
13-07-2021 16:17:30	luhovicy.zaboripodkluch.ru	/3d-zabory/
13-07-2021 16:17:30	luhovicy.zaboripodkluch.ru	/3d-zabory/3d-zabory-po-tolshchine-pruta/
13-07-2021 16:17:30	luhovicy.zaboripodkluch.ru	/3d-zabory/3d-zabory-po-tsvetu/
13-07-2021 16:17:30	luhovicy.zaboripodkluch.ru	/3d-zabory/3d-zabory-po-vysote/
13-07-2021 16:17:30	lytkarino.zaboripodkluch.ru	/3d-zabory/
13-07-2021 16:17:30	lytkarino.zaboripodkluch.ru	/3d-zabory/3d-zabory-po-tolshchine-pruta/
13-07-2021 16:17:30	lytkarino.zaboripodkluch.ru	/3d-zabory/3d-zabory-po-tsvetu/
13-07-2021 16:17:30	lytkarino.zaboripodkluch.ru	/3d-zabory/3d-zabory-po-vysote/
13-07-2021 16:17:30	lyubercy.zaboripodkluch.ru	/3d-zabory/
13-07-2021 16:17:30	lyubercy.zaboripodkluch.ru	/3d-zabory/3d-zabory-po-tolshchine-pruta/
13-07-2021 16:17:30	lyubercy.zaboripodkluch.ru	/3d-zabory/3d-zabory-po-tsvetu/
13-07-2021 16:17:30	lyubercy.zaboripodkluch.ru	/3d-zabory/3d-zabory-po-vysote/
13-07-2021 16:17:30	lyudinovo.zaboripodkluch.ru	/3d-zabory/
13-07-2021 16:17:30	lyudinovo.zaboripodkluch.ru	/3d-zabory/3d-zabory-po-tolshchine-pruta/
13-07-2021 16:17:30	lyudinovo.zaboripodkluch.ru	/3d-zabory/3d-zabory-po-tsvetu/
13-07-2021 16:17:30	lyudinovo.zaboripodkluch.ru	/3d-zabory/3d-zabory-po-vysote/
13-07-2021 16:17:30	maloyaroslavec.zaboripodkluch.ru	/3d-zabory/
13-07-2021 16:17:30	maloyaroslavec.zaboripodkluch.ru	/3d-zabory/3d-zabory-po-tolshchine-pruta/
13-07-2021 16:17:30	maloyaroslavec.zaboripodkluch.ru	/3d-zabory/3d-zabory-po-tsvetu/
13-07-2021 16:17:30	maloyaroslavec.zaboripodkluch.ru	/3d-zabory/3d-zabory-po-vysote/
13-07-2021 16:17:30	medyn.zaboripodkluch.ru	/3d-zabory/
13-07-2021 16:17:30	medyn.zaboripodkluch.ru	/3d-zabory/3d-zabory-po-tolshchine-pruta/
13-07-2021 16:17:30	medyn.zaboripodkluch.ru	/3d-zabory/3d-zabory-po-tsvetu/
13-07-2021 16:17:30	medyn.zaboripodkluch.ru	/3d-zabory/3d-zabory-po-vysote/
13-07-2021 16:17:30	melenki.zaboripodkluch.ru	/3d-zabory/
13-07-2021 16:17:30	melenki.zaboripodkluch.ru	/3d-zabory/3d-zabory-po-tolshchine-pruta/
13-07-2021 16:17:30	melenki.zaboripodkluch.ru	/3d-zabory/3d-zabory-po-tsvetu/
13-07-2021 16:17:30	melenki.zaboripodkluch.ru	/3d-zabory/3d-zabory-po-vysote/
13-07-2021 16:17:30	meshchovsk.zaboripodkluch.ru	/3d-zabory/
13-07-2021 16:17:30	meshchovsk.zaboripodkluch.ru	/3d-zabory/3d-zabory-po-tolshchine-pruta/
13-07-2021 16:17:30	meshchovsk.zaboripodkluch.ru	/3d-zabory/3d-zabory-po-tsvetu/
13-07-2021 16:17:30	meshchovsk.zaboripodkluch.ru	/3d-zabory/3d-zabory-po-vysote/
13-07-2021 16:17:30	mihajlov.zaboripodkluch.ru	/3d-zabory/
13-07-2021 16:17:30	mihajlov.zaboripodkluch.ru	/3d-zabory/3d-zabory-po-tolshchine-pruta/
13-07-2021 16:17:30	mihajlov.zaboripodkluch.ru	/3d-zabory/3d-zabory-po-tsvetu/
13-07-2021 16:17:30	mihajlov.zaboripodkluch.ru	/3d-zabory/3d-zabory-po-vysote/
13-07-2021 16:17:30	mosalsk.zaboripodkluch.ru	/3d-zabory/
13-07-2021 16:17:30	mosalsk.zaboripodkluch.ru	/3d-zabory/3d-zabory-po-tolshchine-pruta/
13-07-2021 16:17:30	mosalsk.zaboripodkluch.ru	/3d-zabory/3d-zabory-po-tsvetu/
13-07-2021 16:17:30	mosalsk.zaboripodkluch.ru	/3d-zabory/3d-zabory-po-vysote/
13-07-2021 16:17:30	moskovskij.zaboripodkluch.ru	/3d-zabory/
13-07-2021 16:17:30	moskovskij.zaboripodkluch.ru	/3d-zabory/3d-zabory-po-tolshchine-pruta/
13-07-2021 16:17:30	moskovskij.zaboripodkluch.ru	/3d-zabory/3d-zabory-po-tsvetu/
13-07-2021 16:17:30	moskovskij.zaboripodkluch.ru	/3d-zabory/3d-zabory-po-vysote/
13-07-2021 16:17:30	mozhajsk.zaboripodkluch.ru	/3d-zabory/
13-07-2021 16:17:30	mozhajsk.zaboripodkluch.ru	/3d-zabory/3d-zabory-po-tolshchine-pruta/
13-07-2021 16:17:30	mozhajsk.zaboripodkluch.ru	/3d-zabory/3d-zabory-po-tsvetu/
13-07-2021 16:17:30	mozhajsk.zaboripodkluch.ru	/3d-zabory/3d-zabory-po-vysote/
13-07-2021 16:17:30	murom.zaboripodkluch.ru	/3d-zabory/
13-07-2021 16:17:30	murom.zaboripodkluch.ru	/3d-zabory/3d-zabory-po-tolshchine-pruta/
13-07-2021 16:17:30	murom.zaboripodkluch.ru	/3d-zabory/3d-zabory-po-tsvetu/
13-07-2021 16:17:30	murom.zaboripodkluch.ru	/3d-zabory/3d-zabory-po-vysote/
13-07-2021 16:17:30	mytishchi.zaboripodkluch.ru	/3d-zabory/
13-07-2021 16:17:30	mytishchi.zaboripodkluch.ru	/3d-zabory/3d-zabory-po-tolshchine-pruta/
13-07-2021 16:17:30	mytishchi.zaboripodkluch.ru	/3d-zabory/3d-zabory-po-tsvetu/
13-07-2021 16:17:30	mytishchi.zaboripodkluch.ru	/3d-zabory/3d-zabory-po-vysote/
13-07-2021 16:17:30	naro-fominsk.zaboripodkluch.ru	/3d-zabory/
13-07-2021 16:17:30	naro-fominsk.zaboripodkluch.ru	/3d-zabory/3d-zabory-po-tolshchine-pruta/
13-07-2021 16:17:30	naro-fominsk.zaboripodkluch.ru	/3d-zabory/3d-zabory-po-tsvetu/
13-07-2021 16:17:31	naro-fominsk.zaboripodkluch.ru	/3d-zabory/3d-zabory-po-vysote/
13-07-2021 16:17:31	nelidovo.zaboripodkluch.ru	/3d-zabory/
13-07-2021 16:17:31	nelidovo.zaboripodkluch.ru	/3d-zabory/3d-zabory-po-tolshchine-pruta/
13-07-2021 16:17:31	nelidovo.zaboripodkluch.ru	/3d-zabory/3d-zabory-po-tsvetu/
13-07-2021 16:17:31	nelidovo.zaboripodkluch.ru	/3d-zabory/3d-zabory-po-vysote/
13-07-2021 16:17:31	noginsk.zaboripodkluch.ru	/3d-zabory/
13-07-2021 16:17:31	noginsk.zaboripodkluch.ru	/3d-zabory/3d-zabory-po-tolshchine-pruta/
13-07-2021 16:17:31	noginsk.zaboripodkluch.ru	/3d-zabory/3d-zabory-po-tsvetu/
13-07-2021 16:17:31	noginsk.zaboripodkluch.ru	/3d-zabory/3d-zabory-po-vysote/
13-07-2021 16:17:31	novomichurinsk.zaboripodkluch.ru	/3d-zabory/
13-07-2021 16:17:31	novomichurinsk.zaboripodkluch.ru	/3d-zabory/3d-zabory-po-tolshchine-pruta/
13-07-2021 16:17:31	novomichurinsk.zaboripodkluch.ru	/3d-zabory/3d-zabory-po-tsvetu/
13-07-2021 16:17:31	novomichurinsk.zaboripodkluch.ru	/3d-zabory/3d-zabory-po-vysote/
13-07-2021 16:17:31	nsk.zaboripodkluch.ru	/3d-zabory/
13-07-2021 16:17:31	nsk.zaboripodkluch.ru	/3d-zabory/3d-zabory-po-tolshchine-pruta/
13-07-2021 16:17:31	nsk.zaboripodkluch.ru	/3d-zabory/3d-zabory-po-tsvetu/
13-07-2021 16:17:31	nsk.zaboripodkluch.ru	/3d-zabory/3d-zabory-po-vysote/
13-07-2021 16:17:31	obninsk.zaboripodkluch.ru	/3d-zabory/
13-07-2021 16:17:31	obninsk.zaboripodkluch.ru	/3d-zabory/3d-zabory-po-tolshchine-pruta/
13-07-2021 16:17:31	obninsk.zaboripodkluch.ru	/3d-zabory/3d-zabory-po-tsvetu/
13-07-2021 16:17:31	obninsk.zaboripodkluch.ru	/3d-zabory/3d-zabory-po-vysote/
13-07-2021 16:17:31	odincovo.zaboripodkluch.ru	/3d-zabory/
13-07-2021 16:17:31	odincovo.zaboripodkluch.ru	/3d-zabory/3d-zabory-po-tolshchine-pruta/
13-07-2021 16:17:31	odincovo.zaboripodkluch.ru	/3d-zabory/3d-zabory-po-tsvetu/
13-07-2021 16:17:31	odincovo.zaboripodkluch.ru	/3d-zabory/3d-zabory-po-vysote/
13-07-2021 16:17:31	or-zu.zaboripodkluch.ru	/3d-zabory/
13-07-2021 16:17:31	or-zu.zaboripodkluch.ru	/3d-zabory/3d-zabory-po-tolshchine-pruta/
13-07-2021 16:17:31	or-zu.zaboripodkluch.ru	/3d-zabory/3d-zabory-po-tsvetu/
13-07-2021 16:17:31	or-zu.zaboripodkluch.ru	/3d-zabory/3d-zabory-po-vysote/
13-07-2021 16:17:31	ostashkov.zaboripodkluch.ru	/3d-zabory/
13-07-2021 16:17:31	ostashkov.zaboripodkluch.ru	/3d-zabory/3d-zabory-po-tolshchine-pruta/
13-07-2021 16:17:31	ostashkov.zaboripodkluch.ru	/3d-zabory/3d-zabory-po-tsvetu/
13-07-2021 16:17:31	ostashkov.zaboripodkluch.ru	/3d-zabory/3d-zabory-po-vysote/
13-07-2021 16:17:31	ozherele.zaboripodkluch.ru	/3d-zabory/
13-07-2021 16:17:31	ozherele.zaboripodkluch.ru	/3d-zabory/3d-zabory-po-tolshchine-pruta/
13-07-2021 16:17:31	ozherele.zaboripodkluch.ru	/3d-zabory/3d-zabory-po-tsvetu/
13-07-2021 16:17:31	ozherele.zaboripodkluch.ru	/3d-zabory/3d-zabory-po-vysote/
13-07-2021 16:17:31	ozyory.zaboripodkluch.ru	/3d-zabory/
13-07-2021 16:17:31	ozyory.zaboripodkluch.ru	/3d-zabory/3d-zabory-po-tolshchine-pruta/
13-07-2021 16:17:31	ozyory.zaboripodkluch.ru	/3d-zabory/3d-zabory-po-tsvetu/
13-07-2021 16:17:31	ozyory.zaboripodkluch.ru	/3d-zabory/3d-zabory-po-vysote/
13-07-2021 16:17:31	pavlovskij-posad.zaboripodkluch.ru	/3d-zabory/
13-07-2021 16:17:31	pavlovskij-posad.zaboripodkluch.ru	/3d-zabory/3d-zabory-po-tolshchine-pruta/
13-07-2021 16:17:31	pavlovskij-posad.zaboripodkluch.ru	/3d-zabory/3d-zabory-po-tsvetu/
13-07-2021 16:17:31	pavlovskij-posad.zaboripodkluch.ru	/3d-zabory/3d-zabory-po-vysote/
13-07-2021 16:17:31	peresvet.zaboripodkluch.ru	/3d-zabory/
13-07-2021 16:17:31	peresvet.zaboripodkluch.ru	/3d-zabory/3d-zabory-po-tolshchine-pruta/
13-07-2021 16:17:31	peresvet.zaboripodkluch.ru	/3d-zabory/3d-zabory-po-tsvetu/
13-07-2021 16:17:31	peresvet.zaboripodkluch.ru	/3d-zabory/3d-zabory-po-vysote/
13-07-2021 16:17:31	petushki.zaboripodkluch.ru	/3d-zabory/
13-07-2021 16:17:31	petushki.zaboripodkluch.ru	/3d-zabory/3d-zabory-po-tolshchine-pruta/
13-07-2021 16:17:31	petushki.zaboripodkluch.ru	/3d-zabory/3d-zabory-po-tsvetu/
13-07-2021 16:17:31	petushki.zaboripodkluch.ru	/3d-zabory/3d-zabory-po-vysote/
13-07-2021 16:17:31	plavsk.zaboripodkluch.ru	/3d-zabory/
13-07-2021 16:17:31	plavsk.zaboripodkluch.ru	/3d-zabory/3d-zabory-po-tolshchine-pruta/
13-07-2021 16:17:31	plavsk.zaboripodkluch.ru	/3d-zabory/3d-zabory-po-tsvetu/
13-07-2021 16:17:31	plavsk.zaboripodkluch.ru	/3d-zabory/3d-zabory-po-vysote/
13-07-2021 16:17:31	pochinok.zaboripodkluch.ru	/3d-zabory/
13-07-2021 16:17:31	pochinok.zaboripodkluch.ru	/3d-zabory/3d-zabory-po-tolshchine-pruta/
13-07-2021 16:17:31	pochinok.zaboripodkluch.ru	/3d-zabory/3d-zabory-po-tsvetu/
13-07-2021 16:17:31	pochinok.zaboripodkluch.ru	/3d-zabory/3d-zabory-po-vysote/
13-07-2021 16:17:31	podolsk.zaboripodkluch.ru	/3d-zabory/
13-07-2021 16:17:31	podolsk.zaboripodkluch.ru	/3d-zabory/3d-zabory-po-tolshchine-pruta/
13-07-2021 16:17:31	podolsk.zaboripodkluch.ru	/3d-zabory/3d-zabory-po-tsvetu/
13-07-2021 16:17:31	podolsk.zaboripodkluch.ru	/3d-zabory/3d-zabory-po-vysote/
13-07-2021 16:17:31	pokrov.zaboripodkluch.ru	/3d-zabory/
13-07-2021 16:17:31	pokrov.zaboripodkluch.ru	/3d-zabory/3d-zabory-po-tolshchine-pruta/
13-07-2021 16:17:31	pokrov.zaboripodkluch.ru	/3d-zabory/3d-zabory-po-tsvetu/
13-07-2021 16:17:31	pokrov.zaboripodkluch.ru	/3d-zabory/3d-zabory-po-vysote/
13-07-2021 16:17:31	protvino.zaboripodkluch.ru	/3d-zabory/
13-07-2021 16:17:31	protvino.zaboripodkluch.ru	/3d-zabory/3d-zabory-po-tolshchine-pruta/
13-07-2021 16:17:31	protvino.zaboripodkluch.ru	/3d-zabory/3d-zabory-po-tsvetu/
13-07-2021 16:17:31	protvino.zaboripodkluch.ru	/3d-zabory/3d-zabory-po-vysote/
13-07-2021 16:17:31	pushchino.zaboripodkluch.ru	/3d-zabory/
13-07-2021 16:17:31	pushchino.zaboripodkluch.ru	/3d-zabory/3d-zabory-po-tolshchine-pruta/
13-07-2021 16:17:31	pushchino.zaboripodkluch.ru	/3d-zabory/3d-zabory-po-tsvetu/
13-07-2021 16:17:31	pushchino.zaboripodkluch.ru	/3d-zabory/3d-zabory-po-vysote/
13-07-2021 16:17:31	pushkino.zaboripodkluch.ru	/3d-zabory/
13-07-2021 16:17:31	pushkino.zaboripodkluch.ru	/3d-zabory/3d-zabory-po-tolshchine-pruta/
13-07-2021 16:17:31	pushkino.zaboripodkluch.ru	/3d-zabory/3d-zabory-po-tsvetu/
13-07-2021 16:17:31	pushkino.zaboripodkluch.ru	/3d-zabory/3d-zabory-po-vysote/
13-07-2021 16:17:31	ramenskoe.zaboripodkluch.ru	/3d-zabory/
13-07-2021 16:17:31	ramenskoe.zaboripodkluch.ru	/3d-zabory/3d-zabory-po-tolshchine-pruta/
13-07-2021 16:17:31	ramenskoe.zaboripodkluch.ru	/3d-zabory/3d-zabory-po-tsvetu/
13-07-2021 16:17:31	ramenskoe.zaboripodkluch.ru	/3d-zabory/3d-zabory-po-vysote/
13-07-2021 16:17:31	reutov.zaboripodkluch.ru	/3d-zabory/
13-07-2021 16:17:31	reutov.zaboripodkluch.ru	/3d-zabory/3d-zabory-po-tolshchine-pruta/
13-07-2021 16:17:31	reutov.zaboripodkluch.ru	/3d-zabory/3d-zabory-po-tsvetu/
13-07-2021 16:17:32	reutov.zaboripodkluch.ru	/3d-zabory/3d-zabory-po-vysote/
13-07-2021 16:17:32	roshal.zaboripodkluch.ru	/3d-zabory/
13-07-2021 16:17:32	roshal.zaboripodkluch.ru	/3d-zabory/3d-zabory-po-tolshchine-pruta/
13-07-2021 16:17:32	roshal.zaboripodkluch.ru	/3d-zabory/3d-zabory-po-tsvetu/
13-07-2021 16:17:32	roshal.zaboripodkluch.ru	/3d-zabory/3d-zabory-po-vysote/
13-07-2021 16:17:32	roslavl.zaboripodkluch.ru	/3d-zabory/
13-07-2021 16:17:32	roslavl.zaboripodkluch.ru	/3d-zabory/3d-zabory-po-tolshchine-pruta/
13-07-2021 16:17:32	roslavl.zaboripodkluch.ru	/3d-zabory/3d-zabory-po-tsvetu/
13-07-2021 16:17:32	roslavl.zaboripodkluch.ru	/3d-zabory/3d-zabory-po-vysote/
13-07-2021 16:17:32	rudnya.zaboripodkluch.ru	/3d-zabory/
13-07-2021 16:17:32	rudnya.zaboripodkluch.ru	/3d-zabory/3d-zabory-po-tolshchine-pruta/
13-07-2021 16:17:32	rudnya.zaboripodkluch.ru	/3d-zabory/3d-zabory-po-tsvetu/
13-07-2021 16:17:32	rudnya.zaboripodkluch.ru	/3d-zabory/3d-zabory-po-vysote/
13-07-2021 16:17:32	ruza.zaboripodkluch.ru	/3d-zabory/
13-07-2021 16:17:32	ruza.zaboripodkluch.ru	/3d-zabory/3d-zabory-po-tolshchine-pruta/
13-07-2021 16:17:32	ruza.zaboripodkluch.ru	/3d-zabory/3d-zabory-po-tsvetu/
13-07-2021 16:17:32	ruza.zaboripodkluch.ru	/3d-zabory/3d-zabory-po-vysote/
13-07-2021 16:17:32	ryazan.zaboripodkluch.ru	/3d-zabory/
13-07-2021 16:17:32	ryazan.zaboripodkluch.ru	/3d-zabory/3d-zabory-po-tolshchine-pruta/
13-07-2021 16:17:32	ryazan.zaboripodkluch.ru	/3d-zabory/3d-zabory-po-tsvetu/
13-07-2021 16:17:32	ryazan.zaboripodkluch.ru	/3d-zabory/3d-zabory-po-vysote/
13-07-2021 16:17:32	ryazhsk.zaboripodkluch.ru	/3d-zabory/
13-07-2021 16:17:32	ryazhsk.zaboripodkluch.ru	/3d-zabory/3d-zabory-po-tolshchine-pruta/
13-07-2021 16:17:32	ryazhsk.zaboripodkluch.ru	/3d-zabory/3d-zabory-po-tsvetu/
13-07-2021 16:17:32	ryazhsk.zaboripodkluch.ru	/3d-zabory/3d-zabory-po-vysote/
13-07-2021 16:17:32	rybnoe.zaboripodkluch.ru	/3d-zabory/
13-07-2021 16:17:32	rybnoe.zaboripodkluch.ru	/3d-zabory/3d-zabory-po-tolshchine-pruta/
13-07-2021 16:17:32	rybnoe.zaboripodkluch.ru	/3d-zabory/3d-zabory-po-tsvetu/
13-07-2021 16:17:32	rybnoe.zaboripodkluch.ru	/3d-zabory/3d-zabory-po-vysote/
13-07-2021 16:17:32	rzhev.zaboripodkluch.ru	/3d-zabory/
13-07-2021 16:17:32	rzhev.zaboripodkluch.ru	/3d-zabory/3d-zabory-po-tolshchine-pruta/
13-07-2021 16:17:32	rzhev.zaboripodkluch.ru	/3d-zabory/3d-zabory-po-tsvetu/
13-07-2021 16:17:32	rzhev.zaboripodkluch.ru	/3d-zabory/3d-zabory-po-vysote/
13-07-2021 16:17:32	safonovo.zaboripodkluch.ru	/3d-zabory/
13-07-2021 16:17:32	safonovo.zaboripodkluch.ru	/3d-zabory/3d-zabory-po-tolshchine-pruta/
13-07-2021 16:17:32	safonovo.zaboripodkluch.ru	/3d-zabory/3d-zabory-po-tsvetu/
13-07-2021 16:17:32	safonovo.zaboripodkluch.ru	/3d-zabory/3d-zabory-po-vysote/
13-07-2021 16:17:32	sasovo.zaboripodkluch.ru	/3d-zabory/
13-07-2021 16:17:32	sasovo.zaboripodkluch.ru	/3d-zabory/3d-zabory-po-tolshchine-pruta/
13-07-2021 16:17:32	sasovo.zaboripodkluch.ru	/3d-zabory/3d-zabory-po-tsvetu/
13-07-2021 16:17:32	sasovo.zaboripodkluch.ru	/3d-zabory/3d-zabory-po-vysote/
13-07-2021 16:17:32	schekino.zaboripodkluch.ru	/3d-zabory/
13-07-2021 16:17:32	schekino.zaboripodkluch.ru	/3d-zabory/3d-zabory-po-tolshchine-pruta/
13-07-2021 16:17:32	schekino.zaboripodkluch.ru	/3d-zabory/3d-zabory-po-tsvetu/
13-07-2021 16:17:32	schekino.zaboripodkluch.ru	/3d-zabory/3d-zabory-po-vysote/
13-07-2021 16:17:32	ser-pos.zaboripodkluch.ru	/3d-zabory/
13-07-2021 16:17:32	ser-pos.zaboripodkluch.ru	/3d-zabory/3d-zabory-po-tolshchine-pruta/
13-07-2021 16:17:32	ser-pos.zaboripodkluch.ru	/3d-zabory/3d-zabory-po-tsvetu/
13-07-2021 16:17:32	ser-pos.zaboripodkluch.ru	/3d-zabory/3d-zabory-po-vysote/
13-07-2021 16:17:32	serpuhov.zaboripodkluch.ru	/3d-zabory/
13-07-2021 16:17:32	serpuhov.zaboripodkluch.ru	/3d-zabory/3d-zabory-po-tolshchine-pruta/
13-07-2021 16:17:32	serpuhov.zaboripodkluch.ru	/3d-zabory/3d-zabory-po-tsvetu/
13-07-2021 16:17:32	serpuhov.zaboripodkluch.ru	/3d-zabory/3d-zabory-po-vysote/
13-07-2021 16:17:32	shack.zaboripodkluch.ru	/3d-zabory/
13-07-2021 16:17:32	shack.zaboripodkluch.ru	/3d-zabory/3d-zabory-po-tolshchine-pruta/
13-07-2021 16:17:32	shack.zaboripodkluch.ru	/3d-zabory/3d-zabory-po-tsvetu/
13-07-2021 16:17:32	shack.zaboripodkluch.ru	/3d-zabory/3d-zabory-po-vysote/
13-07-2021 16:17:32	shatura.zaboripodkluch.ru	/3d-zabory/
13-07-2021 16:17:32	shatura.zaboripodkluch.ru	/3d-zabory/3d-zabory-po-tolshchine-pruta/
13-07-2021 16:17:32	shatura.zaboripodkluch.ru	/3d-zabory/3d-zabory-po-tsvetu/
13-07-2021 16:17:32	shatura.zaboripodkluch.ru	/3d-zabory/3d-zabory-po-vysote/
13-07-2021 16:17:32	shcherbinka.zaboripodkluch.ru	/3d-zabory/
13-07-2021 16:17:32	shcherbinka.zaboripodkluch.ru	/3d-zabory/3d-zabory-po-tolshchine-pruta/
13-07-2021 16:17:32	shcherbinka.zaboripodkluch.ru	/3d-zabory/3d-zabory-po-tsvetu/
13-07-2021 16:17:32	shcherbinka.zaboripodkluch.ru	/3d-zabory/3d-zabory-po-vysote/
13-07-2021 16:17:32	shchyolkovo.zaboripodkluch.ru	/3d-zabory/
13-07-2021 16:17:32	shchyolkovo.zaboripodkluch.ru	/3d-zabory/3d-zabory-po-tolshchine-pruta/
13-07-2021 16:17:32	shchyolkovo.zaboripodkluch.ru	/3d-zabory/3d-zabory-po-tsvetu/
13-07-2021 16:17:32	shchyolkovo.zaboripodkluch.ru	/3d-zabory/3d-zabory-po-vysote/
13-07-2021 16:17:32	skopin.zaboripodkluch.ru	/3d-zabory/
13-07-2021 16:17:32	skopin.zaboripodkluch.ru	/3d-zabory/3d-zabory-po-tolshchine-pruta/
13-07-2021 16:17:32	skopin.zaboripodkluch.ru	/3d-zabory/3d-zabory-po-tsvetu/
13-07-2021 16:17:32	skopin.zaboripodkluch.ru	/3d-zabory/3d-zabory-po-vysote/
13-07-2021 16:17:32	smolensk.zaboripodkluch.ru	/3d-zabory/
13-07-2021 16:17:32	smolensk.zaboripodkluch.ru	/3d-zabory/3d-zabory-po-tolshchine-pruta/
13-07-2021 16:17:32	smolensk.zaboripodkluch.ru	/3d-zabory/3d-zabory-po-tsvetu/
13-07-2021 16:17:32	smolensk.zaboripodkluch.ru	/3d-zabory/3d-zabory-po-vysote/
13-07-2021 16:17:32	sobinka.zaboripodkluch.ru	/3d-zabory/
13-07-2021 16:17:32	sobinka.zaboripodkluch.ru	/3d-zabory/3d-zabory-po-tolshchine-pruta/
13-07-2021 16:17:32	sobinka.zaboripodkluch.ru	/3d-zabory/3d-zabory-po-tsvetu/
13-07-2021 16:17:32	sobinka.zaboripodkluch.ru	/3d-zabory/3d-zabory-po-vysote/
13-07-2021 16:17:32	solnechnogorsk.zaboripodkluch.ru	/3d-zabory/
13-07-2021 16:17:32	solnechnogorsk.zaboripodkluch.ru	/3d-zabory/3d-zabory-po-tolshchine-pruta/
13-07-2021 16:17:32	solnechnogorsk.zaboripodkluch.ru	/3d-zabory/3d-zabory-po-tsvetu/
13-07-2021 16:17:32	solnechnogorsk.zaboripodkluch.ru	/3d-zabory/3d-zabory-po-vysote/
13-07-2021 16:17:32	sosenskij.zaboripodkluch.ru	/3d-zabory/
13-07-2021 16:17:32	sosenskij.zaboripodkluch.ru	/3d-zabory/3d-zabory-po-tolshchine-pruta/
13-07-2021 16:17:32	sosenskij.zaboripodkluch.ru	/3d-zabory/3d-zabory-po-tsvetu/
13-07-2021 16:17:32	sosenskij.zaboripodkluch.ru	/3d-zabory/3d-zabory-po-vysote/
13-07-2021 16:17:33	sovetsk.zaboripodkluch.ru	/3d-zabory/
13-07-2021 16:17:33	sovetsk.zaboripodkluch.ru	/3d-zabory/3d-zabory-po-tolshchine-pruta/
13-07-2021 16:17:33	sovetsk.zaboripodkluch.ru	/3d-zabory/3d-zabory-po-tsvetu/
13-07-2021 16:17:33	sovetsk.zaboripodkluch.ru	/3d-zabory/3d-zabory-po-vysote/
13-07-2021 16:17:33	spas-demensk.zaboripodkluch.ru	/3d-zabory/
13-07-2021 16:17:33	spas-demensk.zaboripodkluch.ru	/3d-zabory/3d-zabory-po-tolshchine-pruta/
13-07-2021 16:17:33	spas-demensk.zaboripodkluch.ru	/3d-zabory/3d-zabory-po-tsvetu/
13-07-2021 16:17:33	spas-demensk.zaboripodkluch.ru	/3d-zabory/3d-zabory-po-vysote/
13-07-2021 16:17:33	spas-klepiki.zaboripodkluch.ru	/3d-zabory/
13-07-2021 16:17:33	spas-klepiki.zaboripodkluch.ru	/3d-zabory/3d-zabory-po-tolshchine-pruta/
13-07-2021 16:17:33	spas-klepiki.zaboripodkluch.ru	/3d-zabory/3d-zabory-po-tsvetu/
13-07-2021 16:17:33	spas-klepiki.zaboripodkluch.ru	/3d-zabory/3d-zabory-po-vysote/
13-07-2021 16:17:33	spassk-ryazanskij.zaboripodkluch.ru	/3d-zabory/
13-07-2021 16:17:33	spassk-ryazanskij.zaboripodkluch.ru	/3d-zabory/3d-zabory-po-tolshchine-pruta/
13-07-2021 16:17:33	spassk-ryazanskij.zaboripodkluch.ru	/3d-zabory/3d-zabory-po-tsvetu/
13-07-2021 16:17:33	spassk-ryazanskij.zaboripodkluch.ru	/3d-zabory/3d-zabory-po-vysote/
13-07-2021 16:17:33	staraya-kupavna.zaboripodkluch.ru	/3d-zabory/
13-07-2021 16:17:33	staraya-kupavna.zaboripodkluch.ru	/3d-zabory/3d-zabory-po-tolshchine-pruta/
13-07-2021 16:17:33	staraya-kupavna.zaboripodkluch.ru	/3d-zabory/3d-zabory-po-tsvetu/
13-07-2021 16:17:33	staraya-kupavna.zaboripodkluch.ru	/3d-zabory/3d-zabory-po-vysote/
13-07-2021 16:17:33	starica.zaboripodkluch.ru	/3d-zabory/
13-07-2021 16:17:33	starica.zaboripodkluch.ru	/3d-zabory/3d-zabory-po-tolshchine-pruta/
13-07-2021 16:17:33	starica.zaboripodkluch.ru	/3d-zabory/3d-zabory-po-tsvetu/
13-07-2021 16:17:33	starica.zaboripodkluch.ru	/3d-zabory/3d-zabory-po-vysote/
13-07-2021 16:17:33	strunino.zaboripodkluch.ru	/3d-zabory/
13-07-2021 16:17:33	strunino.zaboripodkluch.ru	/3d-zabory/3d-zabory-po-tolshchine-pruta/
13-07-2021 16:17:33	strunino.zaboripodkluch.ru	/3d-zabory/3d-zabory-po-tsvetu/
13-07-2021 16:17:33	strunino.zaboripodkluch.ru	/3d-zabory/3d-zabory-po-vysote/
13-07-2021 16:17:33	stupino.zaboripodkluch.ru	/3d-zabory/
13-07-2021 16:17:33	stupino.zaboripodkluch.ru	/3d-zabory/3d-zabory-po-tolshchine-pruta/
13-07-2021 16:17:33	stupino.zaboripodkluch.ru	/3d-zabory/3d-zabory-po-tsvetu/
13-07-2021 16:17:33	stupino.zaboripodkluch.ru	/3d-zabory/3d-zabory-po-vysote/
13-07-2021 16:17:33	sudogda.zaboripodkluch.ru	/3d-zabory/
13-07-2021 16:17:33	sudogda.zaboripodkluch.ru	/3d-zabory/3d-zabory-po-tolshchine-pruta/
13-07-2021 16:17:33	sudogda.zaboripodkluch.ru	/3d-zabory/3d-zabory-po-tsvetu/
13-07-2021 16:17:33	sudogda.zaboripodkluch.ru	/3d-zabory/3d-zabory-po-vysote/
13-07-2021 16:17:33	suhinichi.zaboripodkluch.ru	/3d-zabory/
13-07-2021 16:17:33	suhinichi.zaboripodkluch.ru	/3d-zabory/3d-zabory-po-tolshchine-pruta/
13-07-2021 16:17:33	suhinichi.zaboripodkluch.ru	/3d-zabory/3d-zabory-po-tsvetu/
13-07-2021 16:17:33	suhinichi.zaboripodkluch.ru	/3d-zabory/3d-zabory-po-vysote/
13-07-2021 16:17:33	suvorov.zaboripodkluch.ru	/3d-zabory/
13-07-2021 16:17:33	suvorov.zaboripodkluch.ru	/3d-zabory/3d-zabory-po-tolshchine-pruta/
13-07-2021 16:17:33	suvorov.zaboripodkluch.ru	/3d-zabory/3d-zabory-po-tsvetu/
13-07-2021 16:17:33	suvorov.zaboripodkluch.ru	/3d-zabory/3d-zabory-po-vysote/
13-07-2021 16:17:33	suzdal.zaboripodkluch.ru	/3d-zabory/
13-07-2021 16:17:33	suzdal.zaboripodkluch.ru	/3d-zabory/3d-zabory-po-tolshchine-pruta/
13-07-2021 16:17:33	suzdal.zaboripodkluch.ru	/3d-zabory/3d-zabory-po-tsvetu/
13-07-2021 16:17:33	suzdal.zaboripodkluch.ru	/3d-zabory/3d-zabory-po-vysote/
13-07-2021 16:17:33	sychyovka.zaboripodkluch.ru	/3d-zabory/
13-07-2021 16:17:33	sychyovka.zaboripodkluch.ru	/3d-zabory/3d-zabory-po-tolshchine-pruta/
13-07-2021 16:17:33	sychyovka.zaboripodkluch.ru	/3d-zabory/3d-zabory-po-tsvetu/
13-07-2021 16:17:33	sychyovka.zaboripodkluch.ru	/3d-zabory/3d-zabory-po-vysote/
13-07-2021 16:17:33	taldom.zaboripodkluch.ru	/3d-zabory/
13-07-2021 16:17:33	taldom.zaboripodkluch.ru	/3d-zabory/3d-zabory-po-tolshchine-pruta/
13-07-2021 16:17:33	taldom.zaboripodkluch.ru	/3d-zabory/3d-zabory-po-tsvetu/
13-07-2021 16:17:33	taldom.zaboripodkluch.ru	/3d-zabory/3d-zabory-po-vysote/
13-07-2021 16:17:33	tarusa.zaboripodkluch.ru	/3d-zabory/
13-07-2021 16:17:33	tarusa.zaboripodkluch.ru	/3d-zabory/3d-zabory-po-tolshchine-pruta/
13-07-2021 16:17:33	tarusa.zaboripodkluch.ru	/3d-zabory/3d-zabory-po-tsvetu/
13-07-2021 16:17:33	tarusa.zaboripodkluch.ru	/3d-zabory/3d-zabory-po-vysote/
13-07-2021 16:17:33	toropec.zaboripodkluch.ru	/3d-zabory/
13-07-2021 16:17:33	toropec.zaboripodkluch.ru	/3d-zabory/3d-zabory-po-tolshchine-pruta/
13-07-2021 16:17:33	toropec.zaboripodkluch.ru	/3d-zabory/3d-zabory-po-tsvetu/
13-07-2021 16:17:33	toropec.zaboripodkluch.ru	/3d-zabory/3d-zabory-po-vysote/
13-07-2021 16:17:33	torzhok.zaboripodkluch.ru	/3d-zabory/
13-07-2021 16:17:33	torzhok.zaboripodkluch.ru	/3d-zabory/3d-zabory-po-tolshchine-pruta/
13-07-2021 16:17:33	torzhok.zaboripodkluch.ru	/3d-zabory/3d-zabory-po-tsvetu/
13-07-2021 16:17:33	torzhok.zaboripodkluch.ru	/3d-zabory/3d-zabory-po-vysote/
13-07-2021 16:17:33	troick.zaboripodkluch.ru	/3d-zabory/
13-07-2021 16:17:33	troick.zaboripodkluch.ru	/3d-zabory/3d-zabory-po-tolshchine-pruta/
13-07-2021 16:17:33	troick.zaboripodkluch.ru	/3d-zabory/3d-zabory-po-tsvetu/
13-07-2021 16:17:33	troick.zaboripodkluch.ru	/3d-zabory/3d-zabory-po-vysote/
13-07-2021 16:17:33	tula.zaboripodkluch.ru	/3d-zabory/
13-07-2021 16:17:33	tula.zaboripodkluch.ru	/3d-zabory/3d-zabory-po-tolshchine-pruta/
13-07-2021 16:17:33	tula.zaboripodkluch.ru	/3d-zabory/3d-zabory-po-tsvetu/
13-07-2021 16:17:33	tula.zaboripodkluch.ru	/3d-zabory/3d-zabory-po-vysote/
13-07-2021 16:17:33	tver.zaboripodkluch.ru	/3d-zabory/
13-07-2021 16:17:33	tver.zaboripodkluch.ru	/3d-zabory/3d-zabory-po-tolshchine-pruta/
13-07-2021 16:17:33	tver.zaboripodkluch.ru	/3d-zabory/3d-zabory-po-tsvetu/
13-07-2021 16:17:33	tver.zaboripodkluch.ru	/3d-zabory/3d-zabory-po-vysote/
13-07-2021 16:17:33	udomlya.zaboripodkluch.ru	/3d-zabory/
13-07-2021 16:17:33	udomlya.zaboripodkluch.ru	/3d-zabory/3d-zabory-po-tolshchine-pruta/
13-07-2021 16:17:33	udomlya.zaboripodkluch.ru	/3d-zabory/3d-zabory-po-tsvetu/
13-07-2021 16:17:33	udomlya.zaboripodkluch.ru	/3d-zabory/3d-zabory-po-vysote/
13-07-2021 16:17:33	uzl.zaboripodkluch.ru	/3d-zabory/
13-07-2021 16:17:33	uzl.zaboripodkluch.ru	/3d-zabory/3d-zabory-po-tolshchine-pruta/
13-07-2021 16:17:33	uzl.zaboripodkluch.ru	/3d-zabory/3d-zabory-po-tsvetu/
13-07-2021 16:17:33	uzl.zaboripodkluch.ru	/3d-zabory/3d-zabory-po-vysote/
13-07-2021 16:17:33	velizh.zaboripodkluch.ru	/3d-zabory/
13-07-2021 16:17:33	velizh.zaboripodkluch.ru	/3d-zabory/3d-zabory-po-tolshchine-pruta/
13-07-2021 16:17:33	velizh.zaboripodkluch.ru	/3d-zabory/3d-zabory-po-tsvetu/
13-07-2021 16:17:33	velizh.zaboripodkluch.ru	/3d-zabory/3d-zabory-po-vysote/
13-07-2021 16:17:33	venev.zaboripodkluch.ru	/3d-zabory/
13-07-2021 16:17:33	venev.zaboripodkluch.ru	/3d-zabory/3d-zabory-po-tolshchine-pruta/
13-07-2021 16:17:33	venev.zaboripodkluch.ru	/3d-zabory/3d-zabory-po-tsvetu/
13-07-2021 16:17:33	venev.zaboripodkluch.ru	/3d-zabory/3d-zabory-po-vysote/
13-07-2021 16:17:33	vereya.zaboripodkluch.ru	/3d-zabory/
13-07-2021 16:17:33	vereya.zaboripodkluch.ru	/3d-zabory/3d-zabory-po-tolshchine-pruta/
13-07-2021 16:17:34	vereya.zaboripodkluch.ru	/3d-zabory/3d-zabory-po-tsvetu/
13-07-2021 16:17:34	vereya.zaboripodkluch.ru	/3d-zabory/3d-zabory-po-vysote/
13-07-2021 16:17:34	vesegonsk.zaboripodkluch.ru	/3d-zabory/
13-07-2021 16:17:34	vesegonsk.zaboripodkluch.ru	/3d-zabory/3d-zabory-po-tolshchine-pruta/
13-07-2021 16:17:34	vesegonsk.zaboripodkluch.ru	/3d-zabory/3d-zabory-po-tsvetu/
13-07-2021 16:17:34	vesegonsk.zaboripodkluch.ru	/3d-zabory/3d-zabory-po-vysote/
13-07-2021 16:17:34	vidnoe.zaboripodkluch.ru	/3d-zabory/
13-07-2021 16:17:34	vidnoe.zaboripodkluch.ru	/3d-zabory/3d-zabory-po-tolshchine-pruta/
13-07-2021 16:17:34	vidnoe.zaboripodkluch.ru	/3d-zabory/3d-zabory-po-tsvetu/
13-07-2021 16:17:34	vidnoe.zaboripodkluch.ru	/3d-zabory/3d-zabory-po-vysote/
13-07-2021 16:17:34	vladimir.zaboripodkluch.ru	/3d-zabory/
13-07-2021 16:17:34	vladimir.zaboripodkluch.ru	/3d-zabory/3d-zabory-po-tolshchine-pruta/
13-07-2021 16:17:34	vladimir.zaboripodkluch.ru	/3d-zabory/3d-zabory-po-tsvetu/
13-07-2021 16:17:34	vladimir.zaboripodkluch.ru	/3d-zabory/3d-zabory-po-vysote/
13-07-2021 16:17:34	volokolamsk.zaboripodkluch.ru	/3d-zabory/
13-07-2021 16:17:34	volokolamsk.zaboripodkluch.ru	/3d-zabory/3d-zabory-po-tolshchine-pruta/
13-07-2021 16:17:34	volokolamsk.zaboripodkluch.ru	/3d-zabory/3d-zabory-po-tsvetu/
13-07-2021 16:17:34	volokolamsk.zaboripodkluch.ru	/3d-zabory/3d-zabory-po-vysote/
13-07-2021 16:17:34	voskresensk.zaboripodkluch.ru	/3d-zabory/
13-07-2021 16:17:34	voskresensk.zaboripodkluch.ru	/3d-zabory/3d-zabory-po-tolshchine-pruta/
13-07-2021 16:17:34	voskresensk.zaboripodkluch.ru	/3d-zabory/3d-zabory-po-tsvetu/
13-07-2021 16:17:34	voskresensk.zaboripodkluch.ru	/3d-zabory/3d-zabory-po-vysote/
13-07-2021 16:17:34	vyazma.zaboripodkluch.ru	/3d-zabory/
13-07-2021 16:17:34	vyazma.zaboripodkluch.ru	/3d-zabory/3d-zabory-po-tolshchine-pruta/
13-07-2021 16:17:34	vyazma.zaboripodkluch.ru	/3d-zabory/3d-zabory-po-tsvetu/
13-07-2021 16:17:34	vyazma.zaboripodkluch.ru	/3d-zabory/3d-zabory-po-vysote/
13-07-2021 16:17:34	vyazniki.zaboripodkluch.ru	/3d-zabory/
13-07-2021 16:17:34	vyazniki.zaboripodkluch.ru	/3d-zabory/3d-zabory-po-tolshchine-pruta/
13-07-2021 16:17:34	vyazniki.zaboripodkluch.ru	/3d-zabory/3d-zabory-po-tsvetu/
13-07-2021 16:17:34	vyazniki.zaboripodkluch.ru	/3d-zabory/3d-zabory-po-vysote/
13-07-2021 16:17:34	vyshnij-volochyok.zaboripodkluch.ru	/3d-zabory/
13-07-2021 16:17:34	vyshnij-volochyok.zaboripodkluch.ru	/3d-zabory/3d-zabory-po-tolshchine-pruta/
13-07-2021 16:17:34	vyshnij-volochyok.zaboripodkluch.ru	/3d-zabory/3d-zabory-po-tsvetu/
13-07-2021 16:17:34	vyshnij-volochyok.zaboripodkluch.ru	/3d-zabory/3d-zabory-po-vysote/
13-07-2021 16:17:34	vysokovsk.zaboripodkluch.ru	/3d-zabory/
13-07-2021 16:17:34	vysokovsk.zaboripodkluch.ru	/3d-zabory/3d-zabory-po-tolshchine-pruta/
13-07-2021 16:17:34	vysokovsk.zaboripodkluch.ru	/3d-zabory/3d-zabory-po-tsvetu/
13-07-2021 16:17:34	vysokovsk.zaboripodkluch.ru	/3d-zabory/3d-zabory-po-vysote/
13-07-2021 16:17:34	yahroma.zaboripodkluch.ru	/3d-zabory/
13-07-2021 16:17:34	yahroma.zaboripodkluch.ru	/3d-zabory/3d-zabory-po-tolshchine-pruta/
13-07-2021 16:17:34	yahroma.zaboripodkluch.ru	/3d-zabory/3d-zabory-po-tsvetu/
13-07-2021 16:17:34	yahroma.zaboripodkluch.ru	/3d-zabory/3d-zabory-po-vysote/
13-07-2021 16:17:34	yarcevo.zaboripodkluch.ru	/3d-zabory/
13-07-2021 16:17:34	yarcevo.zaboripodkluch.ru	/3d-zabory/3d-zabory-po-tolshchine-pruta/
13-07-2021 16:17:34	yarcevo.zaboripodkluch.ru	/3d-zabory/3d-zabory-po-tsvetu/
13-07-2021 16:17:34	yarcevo.zaboripodkluch.ru	/3d-zabory/3d-zabory-po-vysote/
13-07-2021 16:17:34	yasnogorsk.zaboripodkluch.ru	/3d-zabory/
13-07-2021 16:17:34	yasnogorsk.zaboripodkluch.ru	/3d-zabory/3d-zabory-po-tolshchine-pruta/
13-07-2021 16:17:34	yasnogorsk.zaboripodkluch.ru	/3d-zabory/3d-zabory-po-tsvetu/
13-07-2021 16:17:34	yasnogorsk.zaboripodkluch.ru	/3d-zabory/3d-zabory-po-vysote/
13-07-2021 16:17:34	yubilejnyj.zaboripodkluch.ru	/3d-zabory/
13-07-2021 16:17:34	yubilejnyj.zaboripodkluch.ru	/3d-zabory/3d-zabory-po-tolshchine-pruta/
13-07-2021 16:17:34	yubilejnyj.zaboripodkluch.ru	/3d-zabory/3d-zabory-po-tsvetu/
13-07-2021 16:17:34	yubilejnyj.zaboripodkluch.ru	/3d-zabory/3d-zabory-po-vysote/
13-07-2021 16:17:34	yuhnov.zaboripodkluch.ru	/3d-zabory/
13-07-2021 16:17:34	yuhnov.zaboripodkluch.ru	/3d-zabory/3d-zabory-po-tolshchine-pruta/
13-07-2021 16:17:34	yuhnov.zaboripodkluch.ru	/3d-zabory/3d-zabory-po-tsvetu/
13-07-2021 16:17:34	yuhnov.zaboripodkluch.ru	/3d-zabory/3d-zabory-po-vysote/
13-07-2021 16:17:34	yurev-polskij.zaboripodkluch.ru	/3d-zabory/
13-07-2021 16:17:34	yurev-polskij.zaboripodkluch.ru	/3d-zabory/3d-zabory-po-tolshchine-pruta/
13-07-2021 16:17:34	yurev-polskij.zaboripodkluch.ru	/3d-zabory/3d-zabory-po-tsvetu/
13-07-2021 16:17:34	yurev-polskij.zaboripodkluch.ru	/3d-zabory/3d-zabory-po-vysote/
13-07-2021 16:17:34	zaboripodkluch.ru	/3d-zabory/
13-07-2021 16:17:34	zaboripodkluch.ru	/3d-zabory/3d-zabory-po-tolshchine-pruta/
13-07-2021 16:17:34	zaboripodkluch.ru	/3d-zabory/3d-zabory-po-tsvetu/
13-07-2021 16:17:34	zaboripodkluch.ru	/3d-zabory/3d-zabory-po-vysote/
13-07-2021 16:17:34	zaoksk.zaboripodkluch.ru	/3d-zabory/
13-07-2021 16:17:34	zaoksk.zaboripodkluch.ru	/3d-zabory/3d-zabory-po-tolshchine-pruta/
13-07-2021 16:17:34	zaoksk.zaboripodkluch.ru	/3d-zabory/3d-zabory-po-tsvetu/
13-07-2021 16:17:34	zaoksk.zaboripodkluch.ru	/3d-zabory/3d-zabory-po-vysote/
13-07-2021 16:17:34	zapadnaya-dvina.zaboripodkluch.ru	/3d-zabory/
13-07-2021 16:17:34	zapadnaya-dvina.zaboripodkluch.ru	/3d-zabory/3d-zabory-po-tolshchine-pruta/
13-07-2021 16:17:34	zapadnaya-dvina.zaboripodkluch.ru	/3d-zabory/3d-zabory-po-tsvetu/
13-07-2021 16:17:34	zapadnaya-dvina.zaboripodkluch.ru	/3d-zabory/3d-zabory-po-vysote/
13-07-2021 16:17:34	zarajsk.zaboripodkluch.ru	/3d-zabory/
13-07-2021 16:17:34	zarajsk.zaboripodkluch.ru	/3d-zabory/3d-zabory-po-tolshchine-pruta/
13-07-2021 16:17:34	zarajsk.zaboripodkluch.ru	/3d-zabory/3d-zabory-po-tsvetu/
13-07-2021 16:17:34	zarajsk.zaboripodkluch.ru	/3d-zabory/3d-zabory-po-vysote/
13-07-2021 16:17:34	zheldor.zaboripodkluch.ru	/3d-zabory/
13-07-2021 16:17:34	zheldor.zaboripodkluch.ru	/3d-zabory/3d-zabory-po-tolshchine-pruta/
13-07-2021 16:17:34	zheldor.zaboripodkluch.ru	/3d-zabory/3d-zabory-po-tsvetu/
13-07-2021 16:17:34	zheldor.zaboripodkluch.ru	/3d-zabory/3d-zabory-po-vysote/
13-07-2021 16:17:34	zhizdra.zaboripodkluch.ru	/3d-zabory/
13-07-2021 16:17:34	zhizdra.zaboripodkluch.ru	/3d-zabory/3d-zabory-po-tolshchine-pruta/
13-07-2021 16:17:34	zhizdra.zaboripodkluch.ru	/3d-zabory/3d-zabory-po-tsvetu/
13-07-2021 16:17:34	zhizdra.zaboripodkluch.ru	/3d-zabory/3d-zabory-po-vysote/
13-07-2021 16:17:34	zhukov.zaboripodkluch.ru	/3d-zabory/
13-07-2021 16:17:34	zhukov.zaboripodkluch.ru	/3d-zabory/3d-zabory-po-tolshchine-pruta/
13-07-2021 16:17:34	zhukov.zaboripodkluch.ru	/3d-zabory/3d-zabory-po-tsvetu/
13-07-2021 16:17:34	zhukov.zaboripodkluch.ru	/3d-zabory/3d-zabory-po-vysote/
13-07-2021 16:17:34	zhukovskij.zaboripodkluch.ru	/3d-zabory/
13-07-2021 16:17:34	zhukovskij.zaboripodkluch.ru	/3d-zabory/3d-zabory-po-tolshchine-pruta/
13-07-2021 16:17:34	zhukovskij.zaboripodkluch.ru	/3d-zabory/3d-zabory-po-tsvetu/
13-07-2021 16:17:34	zhukovskij.zaboripodkluch.ru	/3d-zabory/3d-zabory-po-vysote/
13-07-2021 16:17:34	zubcov.zaboripodkluch.ru	/3d-zabory/
13-07-2021 16:17:34	zubcov.zaboripodkluch.ru	/3d-zabory/3d-zabory-po-tolshchine-pruta/
13-07-2021 16:17:34	zubcov.zaboripodkluch.ru	/3d-zabory/3d-zabory-po-tsvetu/
13-07-2021 16:17:34	zubcov.zaboripodkluch.ru	/3d-zabory/3d-zabory-po-vysote/
13-07-2021 16:17:34	zvenigorod.zaboripodkluch.ru	/3d-zabory/
13-07-2021 16:17:35	zvenigorod.zaboripodkluch.ru	/3d-zabory/3d-zabory-po-tolshchine-pruta/
13-07-2021 16:17:35	zvenigorod.zaboripodkluch.ru	/3d-zabory/3d-zabory-po-tsvetu/
13-07-2021 16:17:35	zvenigorod.zaboripodkluch.ru	/3d-zabory/3d-zabory-po-vysote/
