22-02-2023 14:04:12	zaboripodkluch.ru	/
22-02-2023 14:04:13	zaboripodkluch.ru	/3d-zabory/
22-02-2023 14:04:13	zaboripodkluch.ru	/3d-zabory/3d-zabory-po-tolshchine-pruta/
22-02-2023 14:04:13	zaboripodkluch.ru	/3d-zabory/3d-zabory-po-tsvetu/
22-02-2023 14:04:13	zaboripodkluch.ru	/3d-zabory/3d-zabory-po-vysote/
22-02-2023 14:04:13	zaboripodkluch.ru	/company/
22-02-2023 14:04:13	zaboripodkluch.ru	/company/6-cotok/
22-02-2023 14:04:13	zaboripodkluch.ru	/company/arsenal-zaborov/
22-02-2023 14:04:13	zaboripodkluch.ru	/company/dachnyy-zabor/
22-02-2023 14:04:13	zaboripodkluch.ru	/company/liga-zaborov/
22-02-2023 14:04:13	zaboripodkluch.ru	/company/moskovskie-zabory/
22-02-2023 14:04:13	zaboripodkluch.ru	/company/mosstroyzabor/
22-02-2023 14:04:13	zaboripodkluch.ru	/company/novyy-zabor/
22-02-2023 14:04:13	zaboripodkluch.ru	/company/palitra-zaborov/
22-02-2023 14:04:13	zaboripodkluch.ru	/company/stroyzabor/
22-02-2023 14:04:13	zaboripodkluch.ru	/company/tsentr-zaborov/
22-02-2023 14:04:13	zaboripodkluch.ru	/company/vek-zabora/
22-02-2023 14:04:13	zaboripodkluch.ru	/company/zabor-prof/
22-02-2023 14:04:13	zaboripodkluch.ru	/company/zabor-u-doma/
22-02-2023 14:04:13	zaboripodkluch.ru	/company/zabor-vam/
22-02-2023 14:04:13	zaboripodkluch.ru	/company/zaboriya/
22-02-2023 14:04:13	zaboripodkluch.ru	/company/zabormontazh/
22-02-2023 14:04:13	zaboripodkluch.ru	/company/zaborovo/
22-02-2023 14:04:13	zaboripodkluch.ru	/company/zaborstroy/
22-02-2023 14:04:13	zaboripodkluch.ru	/feedback/
22-02-2023 14:04:13	zaboripodkluch.ru	/moderation/
22-02-2023 14:04:13	zaboripodkluch.ru	/podbor-podryadchika/
22-02-2023 14:04:13	zaboripodkluch.ru	/privacy/
22-02-2023 14:04:13	zaboripodkluch.ru	/smeta/
22-02-2023 14:04:13	zaboripodkluch.ru	/zabory-iz-metallicheskogo-shtaketnika/
22-02-2023 14:04:13	zaboripodkluch.ru	/zabory-iz-metallicheskogo-shtaketnika/zabor-iz-metallicheskogo-shtaketnika-na-fundamente/
22-02-2023 14:04:13	zaboripodkluch.ru	/zabory-iz-metallicheskogo-shtaketnika/zabor-iz-metallicheskogo-shtaketnika-okras-s-dvukh-storon/
22-02-2023 14:04:13	zaboripodkluch.ru	/zabory-iz-metallicheskogo-shtaketnika/zabor-iz-metallicheskogo-shtaketnika-po-metrazhu/
22-02-2023 14:04:13	zaboripodkluch.ru	/zabory-iz-metallicheskogo-shtaketnika/zabor-iz-metallicheskogo-shtaketnika-po-ploshchadi-uchastka/
22-02-2023 14:04:13	zaboripodkluch.ru	/zabory-iz-metallicheskogo-shtaketnika/zabor-iz-metallicheskogo-shtaketnika-po-tsvetu/
22-02-2023 14:04:13	zaboripodkluch.ru	/zabory-iz-metallicheskogo-shtaketnika/zabor-iz-metallicheskogo-shtaketnika-pod-derevo/
22-02-2023 14:04:13	zaboripodkluch.ru	/zabory-iz-metallicheskogo-shtaketnika/zabor-iz-metallicheskogo-shtaketnika-s-kirpichnymi-stolbami/
22-02-2023 14:04:13	zaboripodkluch.ru	/zabory-iz-metallicheskogo-shtaketnika/zabor-iz-metallicheskogo-shtaketnika-s-vorotami/
22-02-2023 14:04:13	zaboripodkluch.ru	/zabory-iz-polikarbonata/
22-02-2023 14:04:13	zaboripodkluch.ru	/zabory-iz-polikarbonata/zabory-iz-polikarbonata-dlya-dachi/
22-02-2023 14:04:13	zaboripodkluch.ru	/zabory-iz-polikarbonata/zabory-iz-polikarbonata-dlya-kottedzha-i-chastnogo-doma/
22-02-2023 14:04:13	zaboripodkluch.ru	/zabory-iz-polikarbonata/zabory-iz-polikarbonata-kombinirovannyy/
22-02-2023 14:04:13	zaboripodkluch.ru	/zabory-iz-polikarbonata/zabory-iz-polikarbonata-na-lentochnom-fundamente/
22-02-2023 14:04:13	zaboripodkluch.ru	/zabory-iz-polikarbonata/zabory-iz-polikarbonata-s-kirpichnymi-stolbami/
22-02-2023 14:04:13	zaboripodkluch.ru	/zabory-iz-polikarbonata/zabory-iz-polikarbonata-s-otkatnymi-vorotami/
22-02-2023 14:04:13	zaboripodkluch.ru	/zabory-iz-polikarbonata/zabory-iz-polikarbonata-s-raspashnymi-vorotami/
22-02-2023 14:04:13	zaboripodkluch.ru	/zabory-iz-polikarbonata/zabory-iz-polikarbonata-sektsionnye/
22-02-2023 14:04:13	zaboripodkluch.ru	/zabory-iz-profnastila/
22-02-2023 14:04:13	zaboripodkluch.ru	/zabory-iz-profnastila/zabor-iz-profnastila-na-fundamente/
22-02-2023 14:04:13	zaboripodkluch.ru	/zabory-iz-profnastila/zabor-iz-profnastila-otsinkovannye/
22-02-2023 14:04:13	zaboripodkluch.ru	/zabory-iz-profnastila/zabor-iz-profnastila-po-metrazhu/
22-02-2023 14:04:13	zaboripodkluch.ru	/zabory-iz-profnastila/zabor-iz-profnastila-po-ploshchadi-uchastka/
22-02-2023 14:04:13	zaboripodkluch.ru	/zabory-iz-profnastila/zabor-iz-profnastila-po-tsvetu/
22-02-2023 14:04:13	zaboripodkluch.ru	/zabory-iz-profnastila/zabor-iz-profnastila-pod-derevo/
22-02-2023 14:04:13	zaboripodkluch.ru	/zabory-iz-profnastila/zabor-iz-profnastila-pod-kamen/
22-02-2023 14:04:13	zaboripodkluch.ru	/zabory-iz-profnastila/zabor-iz-profnastila-s-dvukh-storon/
22-02-2023 14:04:13	zaboripodkluch.ru	/zabory-iz-profnastila/zabor-iz-profnastila-s-kirpichnymi-stolbami/
22-02-2023 14:04:13	zaboripodkluch.ru	/zabory-iz-profnastila/zabor-iz-profnastila-s-vorotami/
22-02-2023 14:04:13	zaboripodkluch.ru	/zabory-iz-setki-rabitsy/
22-02-2023 14:04:13	zaboripodkluch.ru	/zabory-iz-setki-rabitsy/zabor-iz-setki-rabitsy-s-armaturoy/
22-02-2023 14:04:13	zaboripodkluch.ru	/zabory-iz-setki-rabitsy/zabory-iz-setki-rabitsy-sektsiyami/
22-02-2023 14:04:13	zaboripodkluch.ru	/zabory-iz-setki-rabitsy/zabory-iz-setki-rabitsy-v-natyag/
