06-03-2023 13:13:48	zaboripodkluch.ru	/
06-03-2023 13:13:48	zaboripodkluch.ru	/3d-zabory/
06-03-2023 13:13:48	zaboripodkluch.ru	/3d-zabory/3d-zabor-10-sotok/
06-03-2023 13:13:48	zaboripodkluch.ru	/3d-zabory/3d-zabor-110-metrov-3-5mm-primer-2/
06-03-2023 13:13:48	zaboripodkluch.ru	/3d-zabory/3d-zabor-110-metrov-3-5mm-primer-3/
06-03-2023 13:13:48	zaboripodkluch.ru	/3d-zabory/3d-zabor-110-metrov-korichnevyy-primer-1/
06-03-2023 13:13:48	zaboripodkluch.ru	/3d-zabory/3d-zabor-110-metrov-zelenyy-primer-2/
06-03-2023 13:13:48	zaboripodkluch.ru	/3d-zabory/3d-zabor-12-sotok/
06-03-2023 13:13:49	zaboripodkluch.ru	/3d-zabory/3d-zabor-120-metrov/
06-03-2023 13:13:49	zaboripodkluch.ru	/3d-zabory/3d-zabor-126-metrov-4mm-primer-1/
06-03-2023 13:13:49	zaboripodkluch.ru	/3d-zabory/3d-zabor-126-metrov-5mm-primer-2/
06-03-2023 13:13:49	zaboripodkluch.ru	/3d-zabory/3d-zabor-126-metrov-korichnevyy-primer-2/
06-03-2023 13:13:49	zaboripodkluch.ru	/3d-zabory/3d-zabor-126-metrov-zelenyy-primer-3/
06-03-2023 13:13:49	zaboripodkluch.ru	/3d-zabory/3d-zabor-130-metrov/
06-03-2023 13:13:49	zaboripodkluch.ru	/3d-zabory/3d-zabor-140-metrov-6mm-primer-1/
06-03-2023 13:13:49	zaboripodkluch.ru	/3d-zabory/3d-zabor-140-metrov/
06-03-2023 13:13:49	zaboripodkluch.ru	/3d-zabory/3d-zabor-155-metrov-4mm-primer-2/
06-03-2023 13:13:49	zaboripodkluch.ru	/3d-zabory/3d-zabor-155-metrov-6mm-primer-2/
06-03-2023 13:13:49	zaboripodkluch.ru	/3d-zabory/3d-zabor-180-metrov/
06-03-2023 13:13:49	zaboripodkluch.ru	/3d-zabory/3d-zabor-6-sotok/
06-03-2023 13:13:49	zaboripodkluch.ru	/3d-zabory/3d-zabor-60-metrov/
06-03-2023 13:13:49	zaboripodkluch.ru	/3d-zabory/3d-zabor-70-metrov/
06-03-2023 13:13:49	zaboripodkluch.ru	/3d-zabory/3d-zabor-8-sotok/
06-03-2023 13:13:49	zaboripodkluch.ru	/3d-zabory/3d-zabor-80-metrov/
06-03-2023 13:13:49	zaboripodkluch.ru	/3d-zabory/3d-zabor-90-metrov/
06-03-2023 13:13:49	zaboripodkluch.ru	/3d-zabory/3d-zabor-98-metrov-3-5mm-primer-1/
06-03-2023 13:13:49	zaboripodkluch.ru	/3d-zabory/3d-zabor-98-metrov-4mm-primer-3/
06-03-2023 13:13:49	zaboripodkluch.ru	/3d-zabory/3d-zabor-98-metrov-belyy/
06-03-2023 13:13:49	zaboripodkluch.ru	/3d-zabory/3d-zabor-98-metrov-krasnyy/
06-03-2023 13:13:49	zaboripodkluch.ru	/3d-zabory/3d-zabor-98-metrov-siniy/
06-03-2023 13:13:49	zaboripodkluch.ru	/3d-zabory/3d-zabor-98-metrov-zelenyy-primer-1/
06-03-2023 13:13:49	zaboripodkluch.ru	/3d-zabory/3d-zabory-10-metrov/
06-03-2023 13:13:49	zaboripodkluch.ru	/3d-zabory/3d-zabory-100-metrov/
06-03-2023 13:13:49	zaboripodkluch.ru	/3d-zabory/3d-zabory-12-metrov-vysota-1-2m/
06-03-2023 13:13:49	zaboripodkluch.ru	/3d-zabory/3d-zabory-126-metrov-5mm-primer-1/
06-03-2023 13:13:49	zaboripodkluch.ru	/3d-zabory/3d-zabory-15-metrov/
06-03-2023 13:13:49	zaboripodkluch.ru	/3d-zabory/3d-zabory-15-sotok/
06-03-2023 13:13:49	zaboripodkluch.ru	/3d-zabory/3d-zabory-150-metrov/
06-03-2023 13:13:49	zaboripodkluch.ru	/3d-zabory/3d-zabory-18-metrov/
06-03-2023 13:13:49	zaboripodkluch.ru	/3d-zabory/3d-zabory-20-metrov/
06-03-2023 13:13:49	zaboripodkluch.ru	/3d-zabory/3d-zabory-20-sotok/
06-03-2023 13:13:49	zaboripodkluch.ru	/3d-zabory/3d-zabory-200-metrov/
06-03-2023 13:13:49	zaboripodkluch.ru	/3d-zabory/3d-zabory-210-metrov/
06-03-2023 13:13:49	zaboripodkluch.ru	/3d-zabory/3d-zabory-25-metrov/
06-03-2023 13:13:49	zaboripodkluch.ru	/3d-zabory/3d-zabory-30-metrov/
06-03-2023 13:13:49	zaboripodkluch.ru	/3d-zabory/3d-zabory-300-metrov/
06-03-2023 13:13:49	zaboripodkluch.ru	/3d-zabory/3d-zabory-40-metrov/
06-03-2023 13:13:49	zaboripodkluch.ru	/3d-zabory/3d-zabory-50-metrov-dlya-dachi/
06-03-2023 13:13:49	zaboripodkluch.ru	/3d-zabory/3d-zabory-50-metrov/
06-03-2023 13:13:49	zaboripodkluch.ru	/3d-zabory/3d-zabory-60-metrov/
06-03-2023 13:13:49	zaboripodkluch.ru	/3d-zabory/3d-zabory-70-metrov/
06-03-2023 13:13:49	zaboripodkluch.ru	/3d-zabory/3d-zabory-80-metrov/
06-03-2023 13:13:49	zaboripodkluch.ru	/3d-zabory/3d-zabory-90-metrov/
06-03-2023 13:13:49	zaboripodkluch.ru	/3d-zabory/3d-zabory-dlya-chastnogo-doma-90-metrov/
06-03-2023 13:13:49	zaboripodkluch.ru	/3d-zabory/3d-zabory-dlya-chastnogo-doma/
06-03-2023 13:13:49	zaboripodkluch.ru	/3d-zabory/3d-zabory-dlya-chastnogo-doma/3d-zabory-12-metrov-dlya-chastnogo-doma/
06-03-2023 13:13:50	zaboripodkluch.ru	/3d-zabory/3d-zabory-dlya-chastnogo-doma/3d-zabory-15-metrov-dlya-chastnogo-doma/
06-03-2023 13:13:50	zaboripodkluch.ru	/3d-zabory/3d-zabory-dlya-chastnogo-doma/3d-zabory-25-metrov-dlya-chastnogo-doma/
06-03-2023 13:13:50	zaboripodkluch.ru	/3d-zabory/3d-zabory-dlya-chastnogo-doma/3d-zabory-dlya-chastnogo-doma-10-metrov/
06-03-2023 13:13:50	zaboripodkluch.ru	/3d-zabory/3d-zabory-dlya-chastnogo-doma/3d-zabory-dlya-chastnogo-doma-10-sotok/
06-03-2023 13:13:50	zaboripodkluch.ru	/3d-zabory/3d-zabory-dlya-chastnogo-doma/3d-zabory-dlya-chastnogo-doma-100-metrov/
06-03-2023 13:13:50	zaboripodkluch.ru	/3d-zabory/3d-zabory-dlya-chastnogo-doma/3d-zabory-dlya-chastnogo-doma-12-metrov/
06-03-2023 13:13:50	zaboripodkluch.ru	/3d-zabory/3d-zabory-dlya-chastnogo-doma/3d-zabory-dlya-chastnogo-doma-12-sotok/
06-03-2023 13:13:50	zaboripodkluch.ru	/3d-zabory/3d-zabory-dlya-chastnogo-doma/3d-zabory-dlya-chastnogo-doma-15-metrov/
06-03-2023 13:13:50	zaboripodkluch.ru	/3d-zabory/3d-zabory-dlya-chastnogo-doma/3d-zabory-dlya-chastnogo-doma-15-sotok/
06-03-2023 13:13:50	zaboripodkluch.ru	/3d-zabory/3d-zabory-dlya-chastnogo-doma/3d-zabory-dlya-chastnogo-doma-150-metrov/
06-03-2023 13:13:50	zaboripodkluch.ru	/3d-zabory/3d-zabory-dlya-chastnogo-doma/3d-zabory-dlya-chastnogo-doma-18-metrov/
06-03-2023 13:13:50	zaboripodkluch.ru	/3d-zabory/3d-zabory-dlya-chastnogo-doma/3d-zabory-dlya-chastnogo-doma-20-metrov/
06-03-2023 13:13:50	zaboripodkluch.ru	/3d-zabory/3d-zabory-dlya-chastnogo-doma/3d-zabory-dlya-chastnogo-doma-20-sotok/
06-03-2023 13:13:50	zaboripodkluch.ru	/3d-zabory/3d-zabory-dlya-chastnogo-doma/3d-zabory-dlya-chastnogo-doma-200-metrov/
06-03-2023 13:13:50	zaboripodkluch.ru	/3d-zabory/3d-zabory-dlya-chastnogo-doma/3d-zabory-dlya-chastnogo-doma-25-metrov/
06-03-2023 13:13:50	zaboripodkluch.ru	/3d-zabory/3d-zabory-dlya-chastnogo-doma/3d-zabory-dlya-chastnogo-doma-30-metrov/
06-03-2023 13:13:50	zaboripodkluch.ru	/3d-zabory/3d-zabory-dlya-chastnogo-doma/3d-zabory-dlya-chastnogo-doma-300-metrov/
06-03-2023 13:13:50	zaboripodkluch.ru	/3d-zabory/3d-zabory-dlya-chastnogo-doma/3d-zabory-dlya-chastnogo-doma-40-metrov/
06-03-2023 13:13:50	zaboripodkluch.ru	/3d-zabory/3d-zabory-dlya-chastnogo-doma/3d-zabory-dlya-chastnogo-doma-50-metrov/
06-03-2023 13:13:50	zaboripodkluch.ru	/3d-zabory/3d-zabory-dlya-chastnogo-doma/3d-zabory-dlya-chastnogo-doma-6-sotok/
06-03-2023 13:13:50	zaboripodkluch.ru	/3d-zabory/3d-zabory-dlya-chastnogo-doma/3d-zabory-dlya-chastnogo-doma-60-metrov/
06-03-2023 13:13:50	zaboripodkluch.ru	/3d-zabory/3d-zabory-dlya-chastnogo-doma/3d-zabory-dlya-chastnogo-doma-70-metrov/
06-03-2023 13:13:50	zaboripodkluch.ru	/3d-zabory/3d-zabory-dlya-chastnogo-doma/3d-zabory-dlya-chastnogo-doma-8-sotok/
06-03-2023 13:13:50	zaboripodkluch.ru	/3d-zabory/3d-zabory-dlya-chastnogo-doma/3d-zabory-dlya-chastnogo-doma-80-metrov/
06-03-2023 13:13:50	zaboripodkluch.ru	/3d-zabory/3d-zabory-dlya-detskogo-sada-12-metrov/
06-03-2023 13:13:50	zaboripodkluch.ru	/3d-zabory/3d-zabory-dlya-detskogo-sada/
06-03-2023 13:13:50	zaboripodkluch.ru	/3d-zabory/3d-zabory-dlya-detskogo-sada/3d-zabory-dlya-detskogo-sada-10-metrov/
06-03-2023 13:13:50	zaboripodkluch.ru	/3d-zabory/3d-zabory-dlya-detskogo-sada/3d-zabory-dlya-detskogo-sada-10-sotok/
06-03-2023 13:13:50	zaboripodkluch.ru	/3d-zabory/3d-zabory-dlya-detskogo-sada/3d-zabory-dlya-detskogo-sada-100-metrov/
06-03-2023 13:13:50	zaboripodkluch.ru	/3d-zabory/3d-zabory-dlya-detskogo-sada/3d-zabory-dlya-detskogo-sada-12-sotok/
06-03-2023 13:13:50	zaboripodkluch.ru	/3d-zabory/3d-zabory-dlya-detskogo-sada/3d-zabory-dlya-detskogo-sada-15-metrov/
06-03-2023 13:13:50	zaboripodkluch.ru	/3d-zabory/3d-zabory-dlya-detskogo-sada/3d-zabory-dlya-detskogo-sada-15-sotok/
06-03-2023 13:13:50	zaboripodkluch.ru	/3d-zabory/3d-zabory-dlya-detskogo-sada/3d-zabory-dlya-detskogo-sada-150-metrov/
06-03-2023 13:13:50	zaboripodkluch.ru	/3d-zabory/3d-zabory-dlya-detskogo-sada/3d-zabory-dlya-detskogo-sada-18-metrov/
06-03-2023 13:13:50	zaboripodkluch.ru	/3d-zabory/3d-zabory-dlya-detskogo-sada/3d-zabory-dlya-detskogo-sada-20-metrov/
06-03-2023 13:13:50	zaboripodkluch.ru	/3d-zabory/3d-zabory-dlya-detskogo-sada/3d-zabory-dlya-detskogo-sada-20-sotok/
06-03-2023 13:13:50	zaboripodkluch.ru	/3d-zabory/3d-zabory-dlya-detskogo-sada/3d-zabory-dlya-detskogo-sada-200-metrov/
06-03-2023 13:13:50	zaboripodkluch.ru	/3d-zabory/3d-zabory-dlya-detskogo-sada/3d-zabory-dlya-detskogo-sada-25-metrov/
06-03-2023 13:13:50	zaboripodkluch.ru	/3d-zabory/3d-zabory-dlya-detskogo-sada/3d-zabory-dlya-detskogo-sada-30-metrov/
06-03-2023 13:13:50	zaboripodkluch.ru	/3d-zabory/3d-zabory-dlya-detskogo-sada/3d-zabory-dlya-detskogo-sada-300-metrov/
06-03-2023 13:13:50	zaboripodkluch.ru	/3d-zabory/3d-zabory-dlya-detskogo-sada/3d-zabory-dlya-detskogo-sada-40-metrov/
06-03-2023 13:13:50	zaboripodkluch.ru	/3d-zabory/3d-zabory-dlya-detskogo-sada/3d-zabory-dlya-detskogo-sada-50-metrov/
06-03-2023 13:13:50	zaboripodkluch.ru	/3d-zabory/3d-zabory-dlya-detskogo-sada/3d-zabory-dlya-detskogo-sada-6-sotok/
06-03-2023 13:13:50	zaboripodkluch.ru	/3d-zabory/3d-zabory-dlya-detskogo-sada/3d-zabory-dlya-detskogo-sada-60-metrov/
06-03-2023 13:13:50	zaboripodkluch.ru	/3d-zabory/3d-zabory-dlya-detskogo-sada/3d-zabory-dlya-detskogo-sada-70-metrov/
06-03-2023 13:13:50	zaboripodkluch.ru	/3d-zabory/3d-zabory-dlya-detskogo-sada/3d-zabory-dlya-detskogo-sada-8-sotok/
06-03-2023 13:13:50	zaboripodkluch.ru	/3d-zabory/3d-zabory-dlya-detskogo-sada/3d-zabory-dlya-detskogo-sada-80-metrov/
06-03-2023 13:13:50	zaboripodkluch.ru	/3d-zabory/3d-zabory-dlya-detskogo-sada/3d-zabory-dlya-detskogo-sada-90-metrov/
06-03-2023 13:13:50	zaboripodkluch.ru	/3d-zabory/3d-zabory-dlya-shkoly/
06-03-2023 13:13:50	zaboripodkluch.ru	/3d-zabory/3d-zabory-dlya-shkoly/3d-zabory-dlya-shkoly-10-metrov/
06-03-2023 13:13:50	zaboripodkluch.ru	/3d-zabory/3d-zabory-dlya-shkoly/3d-zabory-dlya-shkoly-10-sotok/
06-03-2023 13:13:50	zaboripodkluch.ru	/3d-zabory/3d-zabory-dlya-shkoly/3d-zabory-dlya-shkoly-100-metrov/
06-03-2023 13:13:50	zaboripodkluch.ru	/3d-zabory/3d-zabory-dlya-shkoly/3d-zabory-dlya-shkoly-12-metrov/
06-03-2023 13:13:50	zaboripodkluch.ru	/3d-zabory/3d-zabory-dlya-shkoly/3d-zabory-dlya-shkoly-12-sotok/
06-03-2023 13:13:50	zaboripodkluch.ru	/3d-zabory/3d-zabory-dlya-shkoly/3d-zabory-dlya-shkoly-15-metrov/
06-03-2023 13:13:50	zaboripodkluch.ru	/3d-zabory/3d-zabory-dlya-shkoly/3d-zabory-dlya-shkoly-15-sotok/
06-03-2023 13:13:50	zaboripodkluch.ru	/3d-zabory/3d-zabory-dlya-shkoly/3d-zabory-dlya-shkoly-150-metrov/
06-03-2023 13:13:51	zaboripodkluch.ru	/3d-zabory/3d-zabory-dlya-shkoly/3d-zabory-dlya-shkoly-18-metrov/
06-03-2023 13:13:51	zaboripodkluch.ru	/3d-zabory/3d-zabory-dlya-shkoly/3d-zabory-dlya-shkoly-20-metrov/
06-03-2023 13:13:51	zaboripodkluch.ru	/3d-zabory/3d-zabory-dlya-shkoly/3d-zabory-dlya-shkoly-20-sotok/
06-03-2023 13:13:51	zaboripodkluch.ru	/3d-zabory/3d-zabory-dlya-shkoly/3d-zabory-dlya-shkoly-200-metrov/
06-03-2023 13:13:51	zaboripodkluch.ru	/3d-zabory/3d-zabory-dlya-shkoly/3d-zabory-dlya-shkoly-25-metrov/
06-03-2023 13:13:51	zaboripodkluch.ru	/3d-zabory/3d-zabory-dlya-shkoly/3d-zabory-dlya-shkoly-30-metrov/
06-03-2023 13:13:51	zaboripodkluch.ru	/3d-zabory/3d-zabory-dlya-shkoly/3d-zabory-dlya-shkoly-300-metrov/
06-03-2023 13:13:51	zaboripodkluch.ru	/3d-zabory/3d-zabory-dlya-shkoly/3d-zabory-dlya-shkoly-40-metrov/
06-03-2023 13:13:51	zaboripodkluch.ru	/3d-zabory/3d-zabory-dlya-shkoly/3d-zabory-dlya-shkoly-50-metrov/
06-03-2023 13:13:51	zaboripodkluch.ru	/3d-zabory/3d-zabory-dlya-shkoly/3d-zabory-dlya-shkoly-6-sotok/
06-03-2023 13:13:51	zaboripodkluch.ru	/3d-zabory/3d-zabory-dlya-shkoly/3d-zabory-dlya-shkoly-60-metrov/
06-03-2023 13:13:51	zaboripodkluch.ru	/3d-zabory/3d-zabory-dlya-shkoly/3d-zabory-dlya-shkoly-70-metrov/
06-03-2023 13:13:51	zaboripodkluch.ru	/3d-zabory/3d-zabory-dlya-shkoly/3d-zabory-dlya-shkoly-8-sotok/
06-03-2023 13:13:51	zaboripodkluch.ru	/3d-zabory/3d-zabory-dlya-shkoly/3d-zabory-dlya-shkoly-80-metrov/
06-03-2023 13:13:51	zaboripodkluch.ru	/3d-zabory/3d-zabory-dlya-shkoly/3d-zabory-dlya-shkoly-90-metrov/
06-03-2023 13:13:51	zaboripodkluch.ru	/3d-zabory/3d-zabory-dlya-sportivnoy-ploshchadki/
06-03-2023 13:13:51	zaboripodkluch.ru	/3d-zabory/3d-zabory-dlya-sportivnoy-ploshchadki/3d-zabory-dlya-sportivnoy-ploshchadki-10-metrov/
06-03-2023 13:13:51	zaboripodkluch.ru	/3d-zabory/3d-zabory-dlya-sportivnoy-ploshchadki/3d-zabory-dlya-sportivnoy-ploshchadki-10-sotok/
06-03-2023 13:13:51	zaboripodkluch.ru	/3d-zabory/3d-zabory-dlya-sportivnoy-ploshchadki/3d-zabory-dlya-sportivnoy-ploshchadki-100-metrov/
06-03-2023 13:13:51	zaboripodkluch.ru	/3d-zabory/3d-zabory-dlya-sportivnoy-ploshchadki/3d-zabory-dlya-sportivnoy-ploshchadki-12-metrov/
06-03-2023 13:13:51	zaboripodkluch.ru	/3d-zabory/3d-zabory-dlya-sportivnoy-ploshchadki/3d-zabory-dlya-sportivnoy-ploshchadki-12-sotok/
06-03-2023 13:13:51	zaboripodkluch.ru	/3d-zabory/3d-zabory-dlya-sportivnoy-ploshchadki/3d-zabory-dlya-sportivnoy-ploshchadki-15-metrov/
06-03-2023 13:13:51	zaboripodkluch.ru	/3d-zabory/3d-zabory-dlya-sportivnoy-ploshchadki/3d-zabory-dlya-sportivnoy-ploshchadki-15-sotok/
06-03-2023 13:13:51	zaboripodkluch.ru	/3d-zabory/3d-zabory-dlya-sportivnoy-ploshchadki/3d-zabory-dlya-sportivnoy-ploshchadki-150-metrov/
06-03-2023 13:13:51	zaboripodkluch.ru	/3d-zabory/3d-zabory-dlya-sportivnoy-ploshchadki/3d-zabory-dlya-sportivnoy-ploshchadki-18-metrov/
06-03-2023 13:13:51	zaboripodkluch.ru	/3d-zabory/3d-zabory-dlya-sportivnoy-ploshchadki/3d-zabory-dlya-sportivnoy-ploshchadki-20-metrov/
06-03-2023 13:13:51	zaboripodkluch.ru	/3d-zabory/3d-zabory-dlya-sportivnoy-ploshchadki/3d-zabory-dlya-sportivnoy-ploshchadki-20-sotok/
06-03-2023 13:13:51	zaboripodkluch.ru	/3d-zabory/3d-zabory-dlya-sportivnoy-ploshchadki/3d-zabory-dlya-sportivnoy-ploshchadki-200-metrov/
06-03-2023 13:13:51	zaboripodkluch.ru	/3d-zabory/3d-zabory-dlya-sportivnoy-ploshchadki/3d-zabory-dlya-sportivnoy-ploshchadki-25-metrov/
06-03-2023 13:13:51	zaboripodkluch.ru	/3d-zabory/3d-zabory-dlya-sportivnoy-ploshchadki/3d-zabory-dlya-sportivnoy-ploshchadki-30-metrov/
06-03-2023 13:13:51	zaboripodkluch.ru	/3d-zabory/3d-zabory-dlya-sportivnoy-ploshchadki/3d-zabory-dlya-sportivnoy-ploshchadki-300-metrov/
06-03-2023 13:13:51	zaboripodkluch.ru	/3d-zabory/3d-zabory-dlya-sportivnoy-ploshchadki/3d-zabory-dlya-sportivnoy-ploshchadki-6-sotok/
06-03-2023 13:13:51	zaboripodkluch.ru	/3d-zabory/3d-zabory-dlya-sportivnoy-ploshchadki/3d-zabory-dlya-sportivnoy-ploshchadki-60-metrov/
06-03-2023 13:13:51	zaboripodkluch.ru	/3d-zabory/3d-zabory-dlya-sportivnoy-ploshchadki/3d-zabory-dlya-sportivnoy-ploshchadki-70-metrov/
06-03-2023 13:13:51	zaboripodkluch.ru	/3d-zabory/3d-zabory-dlya-sportivnoy-ploshchadki/3d-zabory-dlya-sportivnoy-ploshchadki-8-sotok/
06-03-2023 13:13:51	zaboripodkluch.ru	/3d-zabory/3d-zabory-dlya-sportivnoy-ploshchadki/3d-zabory-dlya-sportivnoy-ploshchadki-80-metrov/
06-03-2023 13:13:51	zaboripodkluch.ru	/3d-zabory/3d-zabory-dlya-sportivnoy-ploshchadki/3d-zabory-dlya-sportivnoy-ploshchadki-90-metrov/
06-03-2023 13:13:51	zaboripodkluch.ru	/3d-zabory/3d-zabory-po-tsvetu/
06-03-2023 13:13:51	zaboripodkluch.ru	/3d-zabory/3d-zabory-po-tsvetu/3d-zabor-155-metrov-seryy-primer-2/
06-03-2023 13:13:51	zaboripodkluch.ru	/3d-zabory/3d-zabory-po-tsvetu/3d-zabory-140-metrov-seryy-primer-1/
06-03-2023 13:13:51	zaboripodkluch.ru	/3d-zabory/3d-zabory-po-tsvetu/3d-zabory-dlya-sportivnoy-ploshchadki-40-metrov/
06-03-2023 13:13:51	zaboripodkluch.ru	/3d-zabory/3d-zabory-po-tsvetu/3d-zabory-dlya-sportivnoy-ploshchadki-50-metrov/
06-03-2023 13:13:51	zaboripodkluch.ru	/3d-zabory/3d-zabory-po-vysote/
06-03-2023 13:13:51	zaboripodkluch.ru	/3d-zabory/3d-zabory-po-vysote/3d-zabor-150-metrov/
06-03-2023 13:13:51	zaboripodkluch.ru	/3d-zabory/3d-zabory-po-vysote/3d-zabor-160-metrov/
06-03-2023 13:13:51	zaboripodkluch.ru	/company/
06-03-2023 13:13:51	zaboripodkluch.ru	/company/6-cotok/
06-03-2023 13:13:51	zaboripodkluch.ru	/company/arsenal-zaborov/
06-03-2023 13:13:51	zaboripodkluch.ru	/company/dachnyy-zabor/
06-03-2023 13:13:51	zaboripodkluch.ru	/company/liga-zaborov/
06-03-2023 13:13:51	zaboripodkluch.ru	/company/moskovskie-zabory/
06-03-2023 13:13:51	zaboripodkluch.ru	/company/mosstroyzabor/
06-03-2023 13:13:51	zaboripodkluch.ru	/company/novyy-zabor/
06-03-2023 13:13:51	zaboripodkluch.ru	/company/palitra-zaborov/
06-03-2023 13:13:51	zaboripodkluch.ru	/company/stroyzabor/
06-03-2023 13:13:51	zaboripodkluch.ru	/company/tsentr-zaborov/
06-03-2023 13:13:51	zaboripodkluch.ru	/company/vek-zabora/
06-03-2023 13:13:51	zaboripodkluch.ru	/company/zabor-prof/
06-03-2023 13:13:51	zaboripodkluch.ru	/company/zabor-u-doma/
06-03-2023 13:13:51	zaboripodkluch.ru	/company/zabor-vam/
06-03-2023 13:13:51	zaboripodkluch.ru	/company/zaboriya/
06-03-2023 13:13:51	zaboripodkluch.ru	/company/zabormontazh/
06-03-2023 13:13:51	zaboripodkluch.ru	/company/zaborovo/
06-03-2023 13:13:51	zaboripodkluch.ru	/company/zaborstroy/
06-03-2023 13:13:51	zaboripodkluch.ru	/zabory-iz-metallicheskogo-shtaketnika/
06-03-2023 13:13:51	zaboripodkluch.ru	/zabory-iz-metallicheskogo-shtaketnika/zabor-iz-metallicheskogo-shtaketnika-na-fundamente/
06-03-2023 13:13:51	zaboripodkluch.ru	/zabory-iz-metallicheskogo-shtaketnika/zabor-iz-metallicheskogo-shtaketnika-na-fundamente/zabor-evroshtaketnika-na-lentochnom-fundamente-11-metrov/
06-03-2023 13:13:51	zaboripodkluch.ru	/zabory-iz-metallicheskogo-shtaketnika/zabor-iz-metallicheskogo-shtaketnika-na-fundamente/zabor-evroshtaketnika-na-lentochnom-fundamente-17-metrov/
06-03-2023 13:13:52	zaboripodkluch.ru	/zabory-iz-metallicheskogo-shtaketnika/zabor-iz-metallicheskogo-shtaketnika-na-fundamente/zabor-evroshtaketnika-na-lentochnom-fundamente-63-metra/
06-03-2023 13:13:52	zaboripodkluch.ru	/zabory-iz-metallicheskogo-shtaketnika/zabor-iz-metallicheskogo-shtaketnika-na-fundamente/zabor-iz-metallicheskogo-shtaketnika-dlya-dachi-krasnyy-31-metra/
06-03-2023 13:13:52	zaboripodkluch.ru	/zabory-iz-metallicheskogo-shtaketnika/zabor-iz-metallicheskogo-shtaketnika-na-fundamente/zabor-iz-metallicheskogo-shtaketnika-dlya-dachi-na-fundamente-s-vorotami/
06-03-2023 13:13:52	zaboripodkluch.ru	/zabory-iz-metallicheskogo-shtaketnika/zabor-iz-metallicheskogo-shtaketnika-na-fundamente/zabor-iz-metallicheskogo-shtaketnika-korichnevyy-26-metrov/
06-03-2023 13:13:52	zaboripodkluch.ru	/zabory-iz-metallicheskogo-shtaketnika/zabor-iz-metallicheskogo-shtaketnika-na-fundamente/zabor-iz-metallicheskogo-shtaketnika-korichnevyy-65-metrov/
06-03-2023 13:13:52	zaboripodkluch.ru	/zabory-iz-metallicheskogo-shtaketnika/zabor-iz-metallicheskogo-shtaketnika-na-fundamente/zabor-iz-metallicheskogo-shtaketnika-na-fundamente-korichnevyy/
06-03-2023 13:13:52	zaboripodkluch.ru	/zabory-iz-metallicheskogo-shtaketnika/zabor-iz-metallicheskogo-shtaketnika-na-fundamente/zabor-iz-metallicheskogo-shtaketnika-na-fundamente-krasnyy-63-metra/
06-03-2023 13:13:52	zaboripodkluch.ru	/zabory-iz-metallicheskogo-shtaketnika/zabor-iz-metallicheskogo-shtaketnika-na-fundamente/zabor-iz-metallicheskogo-shtaketnika-na-fundamente-so-stolbami/
06-03-2023 13:13:52	zaboripodkluch.ru	/zabory-iz-metallicheskogo-shtaketnika/zabor-iz-metallicheskogo-shtaketnika-okras-s-dvukh-storon/
06-03-2023 13:13:52	zaboripodkluch.ru	/zabory-iz-metallicheskogo-shtaketnika/zabor-iz-metallicheskogo-shtaketnika-okras-s-dvukh-storon/metallicheskiy-shtaketnik-dlya-doma/
06-03-2023 13:13:52	zaboripodkluch.ru	/zabory-iz-metallicheskogo-shtaketnika/zabor-iz-metallicheskogo-shtaketnika-okras-s-dvukh-storon/zabor-iz-evroshtaketnika-dlya-doma/
06-03-2023 13:13:52	zaboripodkluch.ru	/zabory-iz-metallicheskogo-shtaketnika/zabor-iz-metallicheskogo-shtaketnika-okras-s-dvukh-storon/zabor-iz-evroshtaketnika-s-betonirovaniem-stolbov-115-metrov/
06-03-2023 13:13:52	zaboripodkluch.ru	/zabory-iz-metallicheskogo-shtaketnika/zabor-iz-metallicheskogo-shtaketnika-okras-s-dvukh-storon/zabor-iz-metallicheskogo-shtaketnika-dlya-dachi/
06-03-2023 13:13:52	zaboripodkluch.ru	/zabory-iz-metallicheskogo-shtaketnika/zabor-iz-metallicheskogo-shtaketnika-okras-s-dvukh-storon/zabor-iz-metallicheskogo-shtaketnika-s-utrambovannym-shchebnem/
06-03-2023 13:13:52	zaboripodkluch.ru	/zabory-iz-metallicheskogo-shtaketnika/zabor-iz-metallicheskogo-shtaketnika-okras-s-dvukh-storon/zabor-iz-metallicheskogo-shtaketnika-s-vorotami-i-kalitkoy/
06-03-2023 13:13:52	zaboripodkluch.ru	/zabory-iz-metallicheskogo-shtaketnika/zabor-iz-metallicheskogo-shtaketnika-okras-s-dvukh-storon/zabor-metallicheskogo-shtaketnika-dlya-doma/
06-03-2023 13:13:52	zaboripodkluch.ru	/zabory-iz-metallicheskogo-shtaketnika/zabor-iz-metallicheskogo-shtaketnika-okras-s-dvukh-storon/zabory-iz-metallicheskogo-shtaketnika-dlya-uchastka/
06-03-2023 13:13:52	zaboripodkluch.ru	/zabory-iz-metallicheskogo-shtaketnika/zabor-iz-metallicheskogo-shtaketnika-po-metrazhu/
06-03-2023 13:13:52	zaboripodkluch.ru	/zabory-iz-metallicheskogo-shtaketnika/zabor-iz-metallicheskogo-shtaketnika-po-metrazhu/evroshtaketnik-100-metrov/
06-03-2023 13:13:52	zaboripodkluch.ru	/zabory-iz-metallicheskogo-shtaketnika/zabor-iz-metallicheskogo-shtaketnika-po-metrazhu/evroshtaketnik-30-m/
06-03-2023 13:13:52	zaboripodkluch.ru	/zabory-iz-metallicheskogo-shtaketnika/zabor-iz-metallicheskogo-shtaketnika-po-metrazhu/evroshtaketnik-50-metrov/
06-03-2023 13:13:52	zaboripodkluch.ru	/zabory-iz-metallicheskogo-shtaketnika/zabor-iz-metallicheskogo-shtaketnika-po-metrazhu/metallicheskiy-shtaketnik-50-metrov-v-shakhmatnom-poryadke/
06-03-2023 13:13:52	zaboripodkluch.ru	/zabory-iz-metallicheskogo-shtaketnika/zabor-iz-metallicheskogo-shtaketnika-po-metrazhu/metallicheskiy-shtaketnik-80-metrov-s-kirpichnymi-stolbami/
06-03-2023 13:13:52	zaboripodkluch.ru	/zabory-iz-metallicheskogo-shtaketnika/zabor-iz-metallicheskogo-shtaketnika-po-metrazhu/shtaketnik-dlya-uchastka/
06-03-2023 13:13:52	zaboripodkluch.ru	/zabory-iz-metallicheskogo-shtaketnika/zabor-iz-metallicheskogo-shtaketnika-po-metrazhu/zabor-iz-evroshtaketnika-na-lentochnom-fundamente-107-metrov/
06-03-2023 13:13:52	zaboripodkluch.ru	/zabory-iz-metallicheskogo-shtaketnika/zabor-iz-metallicheskogo-shtaketnika-po-metrazhu/zabor-iz-evroshtaketnika-na-lentochnom-fundamente-16-metrov/
06-03-2023 13:13:52	zaboripodkluch.ru	/zabory-iz-metallicheskogo-shtaketnika/zabor-iz-metallicheskogo-shtaketnika-po-metrazhu/zabor-iz-evroshtaketnika-na-lentochnom-fundamente-44-metra/
06-03-2023 13:13:52	zaboripodkluch.ru	/zabory-iz-metallicheskogo-shtaketnika/zabor-iz-metallicheskogo-shtaketnika-po-metrazhu/zabor-iz-evroshtaketnika-na-lentochnom-fundamente-57-metrov/
06-03-2023 13:13:52	zaboripodkluch.ru	/zabory-iz-metallicheskogo-shtaketnika/zabor-iz-metallicheskogo-shtaketnika-po-metrazhu/zabor-iz-evroshtaketnika-na-lentochnom-fundamente-62-metra/
06-03-2023 13:13:52	zaboripodkluch.ru	/zabory-iz-metallicheskogo-shtaketnika/zabor-iz-metallicheskogo-shtaketnika-po-metrazhu/zabor-iz-evroshtaketnika-na-lentochnom-fundamente-63-metra/
06-03-2023 13:13:52	zaboripodkluch.ru	/zabory-iz-metallicheskogo-shtaketnika/zabor-iz-metallicheskogo-shtaketnika-po-metrazhu/zabor-iz-evroshtaketnika-na-lentochnom-fundamente-71-metr/
06-03-2023 13:13:52	zaboripodkluch.ru	/zabory-iz-metallicheskogo-shtaketnika/zabor-iz-metallicheskogo-shtaketnika-po-metrazhu/zabor-iz-evroshtaketnika-na-lentochnom-fundamente-84-metra/
06-03-2023 13:13:52	zaboripodkluch.ru	/zabory-iz-metallicheskogo-shtaketnika/zabor-iz-metallicheskogo-shtaketnika-po-metrazhu/zabor-iz-evroshtaketnika-na-lentochnom-fundamente-93-metra/
06-03-2023 13:13:52	zaboripodkluch.ru	/zabory-iz-metallicheskogo-shtaketnika/zabor-iz-metallicheskogo-shtaketnika-po-metrazhu/zabor-iz-evroshtaketnika-s-betonirovaniem-stolbov-135-metrov/
06-03-2023 13:13:52	zaboripodkluch.ru	/zabory-iz-metallicheskogo-shtaketnika/zabor-iz-metallicheskogo-shtaketnika-po-metrazhu/zabor-iz-evroshtaketnika-s-betonirovaniem-stolbov-14-metrov/
06-03-2023 13:13:52	zaboripodkluch.ru	/zabory-iz-metallicheskogo-shtaketnika/zabor-iz-metallicheskogo-shtaketnika-po-metrazhu/zabor-iz-evroshtaketnika-s-betonirovaniem-stolbov-240-metrov/
06-03-2023 13:13:52	zaboripodkluch.ru	/zabory-iz-metallicheskogo-shtaketnika/zabor-iz-metallicheskogo-shtaketnika-po-metrazhu/zabor-iz-evroshtaketnika-s-betonirovaniem-stolbov-28-metrov/
06-03-2023 13:13:52	zaboripodkluch.ru	/zabory-iz-metallicheskogo-shtaketnika/zabor-iz-metallicheskogo-shtaketnika-po-metrazhu/zabor-iz-evroshtaketnika-s-betonirovaniem-stolbov-38-metrov/
06-03-2023 13:13:52	zaboripodkluch.ru	/zabory-iz-metallicheskogo-shtaketnika/zabor-iz-metallicheskogo-shtaketnika-po-metrazhu/zabor-iz-evroshtaketnika-s-betonirovaniem-stolbov-42-metra/
06-03-2023 13:13:52	zaboripodkluch.ru	/zabory-iz-metallicheskogo-shtaketnika/zabor-iz-metallicheskogo-shtaketnika-po-metrazhu/zabor-iz-evroshtaketnika-s-betonirovaniem-stolbov-46-metrov/
06-03-2023 13:13:52	zaboripodkluch.ru	/zabory-iz-metallicheskogo-shtaketnika/zabor-iz-metallicheskogo-shtaketnika-po-metrazhu/zabor-iz-evroshtaketnika-s-betonirovaniem-stolbov-87-metrov/
06-03-2023 13:13:52	zaboripodkluch.ru	/zabory-iz-metallicheskogo-shtaketnika/zabor-iz-metallicheskogo-shtaketnika-po-metrazhu/zabor-iz-evroshtaketnika-s-kirpichnymi-stolbami-165-metrov/
06-03-2023 13:13:52	zaboripodkluch.ru	/zabory-iz-metallicheskogo-shtaketnika/zabor-iz-metallicheskogo-shtaketnika-po-metrazhu/zabor-iz-evroshtaketnika-s-kirpichnymi-stolbami-187-metrov/
06-03-2023 13:13:52	zaboripodkluch.ru	/zabory-iz-metallicheskogo-shtaketnika/zabor-iz-metallicheskogo-shtaketnika-po-metrazhu/zabor-iz-evroshtaketnika-s-kirpichnymi-stolbami-67-metrov/
06-03-2023 13:13:52	zaboripodkluch.ru	/zabory-iz-metallicheskogo-shtaketnika/zabor-iz-metallicheskogo-shtaketnika-po-metrazhu/zabor-iz-evroshtaketnika-s-kirpichnymi-stolbami-72-metra/
06-03-2023 13:13:52	zaboripodkluch.ru	/zabory-iz-metallicheskogo-shtaketnika/zabor-iz-metallicheskogo-shtaketnika-po-metrazhu/zabor-iz-evroshtaketnika-s-utrambovkoy-shchebnem-122-metra/
06-03-2023 13:13:52	zaboripodkluch.ru	/zabory-iz-metallicheskogo-shtaketnika/zabor-iz-metallicheskogo-shtaketnika-po-metrazhu/zabor-iz-evroshtaketnika-s-utrambovkoy-shchebnem-14-metrov/
06-03-2023 13:13:52	zaboripodkluch.ru	/zabory-iz-metallicheskogo-shtaketnika/zabor-iz-metallicheskogo-shtaketnika-po-metrazhu/zabor-iz-evroshtaketnika-s-utrambovkoy-shchebnem-155-metrov/
06-03-2023 13:13:52	zaboripodkluch.ru	/zabory-iz-metallicheskogo-shtaketnika/zabor-iz-metallicheskogo-shtaketnika-po-metrazhu/zabor-iz-evroshtaketnika-s-utrambovkoy-shchebnem-36-metrov/
06-03-2023 13:13:52	zaboripodkluch.ru	/zabory-iz-metallicheskogo-shtaketnika/zabor-iz-metallicheskogo-shtaketnika-po-metrazhu/zabor-iz-evroshtaketnika-s-utrambovkoy-shchebnem-37-metrov/
06-03-2023 13:13:52	zaboripodkluch.ru	/zabory-iz-metallicheskogo-shtaketnika/zabor-iz-metallicheskogo-shtaketnika-po-metrazhu/zabor-iz-evroshtaketnika-s-utrambovkoy-shchebnem-48-metrov/
06-03-2023 13:13:52	zaboripodkluch.ru	/zabory-iz-metallicheskogo-shtaketnika/zabor-iz-metallicheskogo-shtaketnika-po-metrazhu/zabor-iz-evroshtaketnika-s-utrambovkoy-shchebnem-55-metrov/
06-03-2023 13:13:52	zaboripodkluch.ru	/zabory-iz-metallicheskogo-shtaketnika/zabor-iz-metallicheskogo-shtaketnika-po-metrazhu/zabor-iz-evroshtaketnika-s-utrambovkoy-shchebnem-66-metrov/
06-03-2023 13:13:52	zaboripodkluch.ru	/zabory-iz-metallicheskogo-shtaketnika/zabor-iz-metallicheskogo-shtaketnika-po-metrazhu/zabor-iz-evroshtaketnika-s-utrambovkoy-shchebnem-7-metrov/
06-03-2023 13:13:52	zaboripodkluch.ru	/zabory-iz-metallicheskogo-shtaketnika/zabor-iz-metallicheskogo-shtaketnika-po-metrazhu/zabor-iz-evroshtaketnika-s-utrambovkoy-shchebnem-73-metra/
06-03-2023 13:13:52	zaboripodkluch.ru	/zabory-iz-metallicheskogo-shtaketnika/zabor-iz-metallicheskogo-shtaketnika-po-metrazhu/zabor-iz-evroshtaketnika-s-utrambovkoy-shchebnem-83-metra/
06-03-2023 13:13:53	zaboripodkluch.ru	/zabory-iz-metallicheskogo-shtaketnika/zabor-iz-metallicheskogo-shtaketnika-po-metrazhu/zabor-iz-evroshtaketnika-s-utrambovkoy-shchebnem-84-metra/
06-03-2023 13:13:53	zaboripodkluch.ru	/zabory-iz-metallicheskogo-shtaketnika/zabor-iz-metallicheskogo-shtaketnika-po-metrazhu/zabor-iz-evroshtaketnika-s-utrambovkoy-shchebnem-97-metrov/
06-03-2023 13:13:53	zaboripodkluch.ru	/zabory-iz-metallicheskogo-shtaketnika/zabor-iz-metallicheskogo-shtaketnika-po-metrazhu/zabor-iz-evroshtaketnika-s-zabivnymi-stolbami-108-metrov/
06-03-2023 13:13:53	zaboripodkluch.ru	/zabory-iz-metallicheskogo-shtaketnika/zabor-iz-metallicheskogo-shtaketnika-po-metrazhu/zabor-iz-evroshtaketnika-s-zabivnymi-stolbami-125-metrov/
06-03-2023 13:13:53	zaboripodkluch.ru	/zabory-iz-metallicheskogo-shtaketnika/zabor-iz-metallicheskogo-shtaketnika-po-metrazhu/zabor-iz-evroshtaketnika-s-zabivnymi-stolbami-136-metrov/
06-03-2023 13:13:53	zaboripodkluch.ru	/zabory-iz-metallicheskogo-shtaketnika/zabor-iz-metallicheskogo-shtaketnika-po-metrazhu/zabor-iz-evroshtaketnika-s-zabivnymi-stolbami-146-metrov/
06-03-2023 13:13:53	zaboripodkluch.ru	/zabory-iz-metallicheskogo-shtaketnika/zabor-iz-metallicheskogo-shtaketnika-po-metrazhu/zabor-iz-evroshtaketnika-s-zabivnymi-stolbami-23-metra/
06-03-2023 13:13:53	zaboripodkluch.ru	/zabory-iz-metallicheskogo-shtaketnika/zabor-iz-metallicheskogo-shtaketnika-po-metrazhu/zabor-iz-evroshtaketnika-s-zabivnymi-stolbami-36-metrov/
06-03-2023 13:13:53	zaboripodkluch.ru	/zabory-iz-metallicheskogo-shtaketnika/zabor-iz-metallicheskogo-shtaketnika-po-metrazhu/zabor-iz-evroshtaketnika-s-zabivnymi-stolbami-54-metra/
06-03-2023 13:13:53	zaboripodkluch.ru	/zabory-iz-metallicheskogo-shtaketnika/zabor-iz-metallicheskogo-shtaketnika-po-metrazhu/zabor-iz-evroshtaketnika-s-zabivnymi-stolbami-56-metrov/
06-03-2023 13:13:53	zaboripodkluch.ru	/zabory-iz-metallicheskogo-shtaketnika/zabor-iz-metallicheskogo-shtaketnika-po-metrazhu/zabor-iz-evroshtaketnika-s-zabivnymi-stolbami-65-metrov/
06-03-2023 13:13:53	zaboripodkluch.ru	/zabory-iz-metallicheskogo-shtaketnika/zabor-iz-metallicheskogo-shtaketnika-po-metrazhu/zabor-iz-evroshtaketnika-s-zabivnymi-stolbami-74-metra/
06-03-2023 13:13:53	zaboripodkluch.ru	/zabory-iz-metallicheskogo-shtaketnika/zabor-iz-metallicheskogo-shtaketnika-po-metrazhu/zabor-iz-evroshtaketnika-s-zabivnymi-stolbami-86-metrov/
06-03-2023 13:13:53	zaboripodkluch.ru	/zabory-iz-metallicheskogo-shtaketnika/zabor-iz-metallicheskogo-shtaketnika-po-metrazhu/zabor-iz-evroshtaketnika-s-zabivnymi-stolbami-95-metrov/
06-03-2023 13:13:53	zaboripodkluch.ru	/zabory-iz-metallicheskogo-shtaketnika/zabor-iz-metallicheskogo-shtaketnika-po-metrazhu/zabor-iz-evroshtaketnika-s-zabivnymi-stolbami-97-metrov/
06-03-2023 13:13:53	zaboripodkluch.ru	/zabory-iz-metallicheskogo-shtaketnika/zabor-iz-metallicheskogo-shtaketnika-po-metrazhu/zabor-iz-evroshtaketnika-v-shakhmatnom-poryadke-122-metra/
06-03-2023 13:13:53	zaboripodkluch.ru	/zabory-iz-metallicheskogo-shtaketnika/zabor-iz-metallicheskogo-shtaketnika-po-metrazhu/zabor-iz-evroshtaketnika-v-shakhmatnom-poryadke-154-metra/
06-03-2023 13:13:53	zaboripodkluch.ru	/zabory-iz-metallicheskogo-shtaketnika/zabor-iz-metallicheskogo-shtaketnika-po-metrazhu/zabor-iz-evroshtaketnika-v-shakhmatnom-poryadke-46-metrov/
06-03-2023 13:13:53	zaboripodkluch.ru	/zabory-iz-metallicheskogo-shtaketnika/zabor-iz-metallicheskogo-shtaketnika-po-metrazhu/zabor-iz-evroshtaketnika-v-shakhmatnom-poryadke-67-metrov/
06-03-2023 13:13:53	zaboripodkluch.ru	/zabory-iz-metallicheskogo-shtaketnika/zabor-iz-metallicheskogo-shtaketnika-po-metrazhu/zabor-iz-evroshtaketnika-v-shakhmatnom-poryadke-75-metrov/
06-03-2023 13:13:53	zaboripodkluch.ru	/zabory-iz-metallicheskogo-shtaketnika/zabor-iz-metallicheskogo-shtaketnika-po-metrazhu/zabor-iz-evroshtaketnika-v-shakhmatnom-poryadke-96-metrov/
06-03-2023 13:13:53	zaboripodkluch.ru	/zabory-iz-metallicheskogo-shtaketnika/zabor-iz-metallicheskogo-shtaketnika-po-metrazhu/zabor-iz-metallicheskogo-shtaketnika-70-metrov/
06-03-2023 13:13:53	zaboripodkluch.ru	/zabory-iz-metallicheskogo-shtaketnika/zabor-iz-metallicheskogo-shtaketnika-po-metrazhu/zabor-iz-metallicheskogo-shtaketnika-dlya-chastnogo-uchastka/
06-03-2023 13:13:53	zaboripodkluch.ru	/zabory-iz-metallicheskogo-shtaketnika/zabor-iz-metallicheskogo-shtaketnika-po-metrazhu/zabor-iz-metallicheskogo-shtaketnika-korichnevyy-60-metrov/
06-03-2023 13:13:53	zaboripodkluch.ru	/zabory-iz-metallicheskogo-shtaketnika/zabor-iz-metallicheskogo-shtaketnika-po-metrazhu/zabor-iz-profnastila-50-metrov/
06-03-2023 13:13:53	zaboripodkluch.ru	/zabory-iz-metallicheskogo-shtaketnika/zabor-iz-metallicheskogo-shtaketnika-po-ploshchadi-uchastka/
06-03-2023 13:13:53	zaboripodkluch.ru	/zabory-iz-metallicheskogo-shtaketnika/zabor-iz-metallicheskogo-shtaketnika-po-ploshchadi-uchastka/evroshtaketnik-8-sotok/
06-03-2023 13:13:53	zaboripodkluch.ru	/zabory-iz-metallicheskogo-shtaketnika/zabor-iz-metallicheskogo-shtaketnika-po-ploshchadi-uchastka/evroshtaketnik-v-shakhmatnom-poryadke-6-sotok/
06-03-2023 13:13:53	zaboripodkluch.ru	/zabory-iz-metallicheskogo-shtaketnika/zabor-iz-metallicheskogo-shtaketnika-po-ploshchadi-uchastka/metallicheskiy-shtaketnik-10-sotok-dlya-dachi/
06-03-2023 13:13:53	zaboripodkluch.ru	/zabory-iz-metallicheskogo-shtaketnika/zabor-iz-metallicheskogo-shtaketnika-po-ploshchadi-uchastka/metallicheskiy-shtaketnik-20-sotok-s-zabivnymi-stolbami/
06-03-2023 13:13:53	zaboripodkluch.ru	/zabory-iz-metallicheskogo-shtaketnika/zabor-iz-metallicheskogo-shtaketnika-po-ploshchadi-uchastka/metallicheskiy-shtaketnik-6-sotok-dlya-dachi/
06-03-2023 13:13:53	zaboripodkluch.ru	/zabory-iz-metallicheskogo-shtaketnika/zabor-iz-metallicheskogo-shtaketnika-po-ploshchadi-uchastka/metallicheskiy-shtaketnik-8-sotok-dlya-dachi/
06-03-2023 13:13:53	zaboripodkluch.ru	/zabory-iz-metallicheskogo-shtaketnika/zabor-iz-metallicheskogo-shtaketnika-po-ploshchadi-uchastka/zabor-iz-metallicheskogo-shtaketnika-10-sotok/
06-03-2023 13:13:53	zaboripodkluch.ru	/zabory-iz-metallicheskogo-shtaketnika/zabor-iz-metallicheskogo-shtaketnika-po-ploshchadi-uchastka/zabor-iz-metallicheskogo-shtaketnika-12-sotok/
06-03-2023 13:13:53	zaboripodkluch.ru	/zabory-iz-metallicheskogo-shtaketnika/zabor-iz-metallicheskogo-shtaketnika-po-ploshchadi-uchastka/zabor-iz-metallicheskogo-shtaketnika-6-sotok/
06-03-2023 13:13:53	zaboripodkluch.ru	/zabory-iz-metallicheskogo-shtaketnika/zabor-iz-metallicheskogo-shtaketnika-po-ploshchadi-uchastka/zabor-iz-metallicheskogo-shtaketnika-na-zabivnykh-stolbakh-na-8-sotok/
06-03-2023 13:13:53	zaboripodkluch.ru	/zabory-iz-metallicheskogo-shtaketnika/zabor-iz-metallicheskogo-shtaketnika-po-ploshchadi-uchastka/zabor-iz-metallicheskogo-shtaketnika-s-zabivnymi-stolbami-20-sotok/
06-03-2023 13:13:53	zaboripodkluch.ru	/zabory-iz-metallicheskogo-shtaketnika/zabor-iz-metallicheskogo-shtaketnika-po-ploshchadi-uchastka/zabory-iz-evroshtaketnika-na-uchastke-ploshchadyu-15-sotok-primer-2/
06-03-2023 13:13:53	zaboripodkluch.ru	/zabory-iz-metallicheskogo-shtaketnika/zabor-iz-metallicheskogo-shtaketnika-po-tsvetu/
06-03-2023 13:13:53	zaboripodkluch.ru	/zabory-iz-metallicheskogo-shtaketnika/zabor-iz-metallicheskogo-shtaketnika-po-tsvetu/zabor-iz-evroshtaketnika-s-zabivnymi-stolbami-104-metra/
06-03-2023 13:13:53	zaboripodkluch.ru	/zabory-iz-metallicheskogo-shtaketnika/zabor-iz-metallicheskogo-shtaketnika-po-tsvetu/zabor-iz-evroshtaketnika-s-zabivnymi-stolbami-11-sotok/
06-03-2023 13:13:53	zaboripodkluch.ru	/zabory-iz-metallicheskogo-shtaketnika/zabor-iz-metallicheskogo-shtaketnika-po-tsvetu/zabor-iz-evroshtaketnika-s-zabivnymi-stolbami-13-metrov/
06-03-2023 13:13:53	zaboripodkluch.ru	/zabory-iz-metallicheskogo-shtaketnika/zabor-iz-metallicheskogo-shtaketnika-po-tsvetu/zabor-iz-evroshtaketnika-s-zabivnymi-stolbami-14-metrov/
06-03-2023 13:13:53	zaboripodkluch.ru	/zabory-iz-metallicheskogo-shtaketnika/zabor-iz-metallicheskogo-shtaketnika-po-tsvetu/zabor-iz-evroshtaketnika-s-zabivnymi-stolbami-22-metra/
06-03-2023 13:13:53	zaboripodkluch.ru	/zabory-iz-metallicheskogo-shtaketnika/zabor-iz-metallicheskogo-shtaketnika-po-tsvetu/zabor-iz-evroshtaketnika-s-zabivnymi-stolbami-3-metra/
06-03-2023 13:13:53	zaboripodkluch.ru	/zabory-iz-metallicheskogo-shtaketnika/zabor-iz-metallicheskogo-shtaketnika-po-tsvetu/zabor-iz-evroshtaketnika-s-zabivnymi-stolbami-57-metrov/
06-03-2023 13:13:53	zaboripodkluch.ru	/zabory-iz-metallicheskogo-shtaketnika/zabor-iz-metallicheskogo-shtaketnika-po-tsvetu/zabor-iz-evroshtaketnika-s-zabivnymi-stolbami-8-metrov/
06-03-2023 13:13:53	zaboripodkluch.ru	/zabory-iz-metallicheskogo-shtaketnika/zabor-iz-metallicheskogo-shtaketnika-po-tsvetu/zabor-iz-evroshtaketnika-s-zabivnymi-stolbami-9-metrov/
06-03-2023 13:13:53	zaboripodkluch.ru	/zabory-iz-metallicheskogo-shtaketnika/zabor-iz-metallicheskogo-shtaketnika-po-tsvetu/zabor-iz-metallicheskogo-shtaketnika-krasnyy-77-metrov/
06-03-2023 13:13:53	zaboripodkluch.ru	/zabory-iz-metallicheskogo-shtaketnika/zabor-iz-metallicheskogo-shtaketnika-po-tsvetu/zabor-iz-metallicheskogo-shtaketnika-zelenyy/
06-03-2023 13:13:53	zaboripodkluch.ru	/zabory-iz-metallicheskogo-shtaketnika/zabor-iz-metallicheskogo-shtaketnika-po-tsvetu/zabor-iz-metallicheskogo-shtaketnika-zelyenyy-38-metrov/
06-03-2023 13:13:53	zaboripodkluch.ru	/zabory-iz-metallicheskogo-shtaketnika/zabor-iz-metallicheskogo-shtaketnika-po-tsvetu/zabor-iz-metallicheskogo-shtaketnika-zelyenyy-55-metrov/
06-03-2023 13:13:53	zaboripodkluch.ru	/zabory-iz-metallicheskogo-shtaketnika/zabor-iz-metallicheskogo-shtaketnika-pod-derevo/
06-03-2023 13:13:53	zaboripodkluch.ru	/zabory-iz-metallicheskogo-shtaketnika/zabor-iz-metallicheskogo-shtaketnika-pod-derevo/zabor-evroshtaketnika-s-kirpichnymi-stolbami-102-metra/
06-03-2023 13:13:53	zaboripodkluch.ru	/zabory-iz-metallicheskogo-shtaketnika/zabor-iz-metallicheskogo-shtaketnika-pod-derevo/zabor-iz-metallicheskogo-shtaketnika-pod-derevo-32-metra/
06-03-2023 13:13:53	zaboripodkluch.ru	/zabory-iz-metallicheskogo-shtaketnika/zabor-iz-metallicheskogo-shtaketnika-pod-derevo/zabor-iz-metallicheskogo-shtaketnika-pod-derevo-38-metrov/
06-03-2023 13:13:53	zaboripodkluch.ru	/zabory-iz-metallicheskogo-shtaketnika/zabor-iz-metallicheskogo-shtaketnika-pod-derevo/zabor-iz-metallicheskogo-shtaketnika-pod-derevo-41-metr/
06-03-2023 13:13:53	zaboripodkluch.ru	/zabory-iz-metallicheskogo-shtaketnika/zabor-iz-metallicheskogo-shtaketnika-pod-derevo/zabor-iz-metallicheskogo-shtaketnika-pod-derevo-42-metra/
06-03-2023 13:13:53	zaboripodkluch.ru	/zabory-iz-metallicheskogo-shtaketnika/zabor-iz-metallicheskogo-shtaketnika-pod-derevo/zabor-iz-metallicheskogo-shtaketnika-pod-derevo-48-metrov/
06-03-2023 13:13:54	zaboripodkluch.ru	/zabory-iz-metallicheskogo-shtaketnika/zabor-iz-metallicheskogo-shtaketnika-pod-derevo/zabor-iz-metallicheskogo-shtaketnika-pod-derevo-53-metra/
06-03-2023 13:13:54	zaboripodkluch.ru	/zabory-iz-metallicheskogo-shtaketnika/zabor-iz-metallicheskogo-shtaketnika-pod-derevo/zabor-iz-metallicheskogo-shtaketnika-pod-derevo-62-metra/
06-03-2023 13:13:54	zaboripodkluch.ru	/zabory-iz-metallicheskogo-shtaketnika/zabor-iz-metallicheskogo-shtaketnika-pod-derevo/zabor-iz-metallicheskogo-shtaketnika-pod-derevo-64-metra/
06-03-2023 13:13:54	zaboripodkluch.ru	/zabory-iz-metallicheskogo-shtaketnika/zabor-iz-metallicheskogo-shtaketnika-pod-derevo/zabor-iz-metallicheskogo-shtaketnika-pod-derevo-67-metrov/
06-03-2023 13:13:54	zaboripodkluch.ru	/zabory-iz-metallicheskogo-shtaketnika/zabor-iz-metallicheskogo-shtaketnika-s-kirpichnymi-stolbami/
06-03-2023 13:13:54	zaboripodkluch.ru	/zabory-iz-metallicheskogo-shtaketnika/zabor-iz-metallicheskogo-shtaketnika-s-kirpichnymi-stolbami/zabor-evroshtaketnika-s-kirpichnymi-stolbami-182-metra/
06-03-2023 13:13:54	zaboripodkluch.ru	/zabory-iz-metallicheskogo-shtaketnika/zabor-iz-metallicheskogo-shtaketnika-s-kirpichnymi-stolbami/zabor-evroshtaketnika-s-kirpichnymi-stolbami-19-metrov/
06-03-2023 13:13:54	zaboripodkluch.ru	/zabory-iz-metallicheskogo-shtaketnika/zabor-iz-metallicheskogo-shtaketnika-s-kirpichnymi-stolbami/zabor-evroshtaketnika-s-kirpichnymi-stolbami-24-metra/
06-03-2023 13:13:54	zaboripodkluch.ru	/zabory-iz-metallicheskogo-shtaketnika/zabor-iz-metallicheskogo-shtaketnika-s-kirpichnymi-stolbami/zabor-evroshtaketnika-s-kirpichnymi-stolbami-26-metrov/
06-03-2023 13:13:54	zaboripodkluch.ru	/zabory-iz-metallicheskogo-shtaketnika/zabor-iz-metallicheskogo-shtaketnika-s-kirpichnymi-stolbami/zabor-evroshtaketnika-s-kirpichnymi-stolbami-27-metrov/
06-03-2023 13:13:54	zaboripodkluch.ru	/zabory-iz-metallicheskogo-shtaketnika/zabor-iz-metallicheskogo-shtaketnika-s-kirpichnymi-stolbami/zabor-evroshtaketnika-s-kirpichnymi-stolbami-29-metrov/
06-03-2023 13:13:54	zaboripodkluch.ru	/zabory-iz-metallicheskogo-shtaketnika/zabor-iz-metallicheskogo-shtaketnika-s-kirpichnymi-stolbami/zabor-evroshtaketnika-s-kirpichnymi-stolbami-34-metra/
06-03-2023 13:13:54	zaboripodkluch.ru	/zabory-iz-metallicheskogo-shtaketnika/zabor-iz-metallicheskogo-shtaketnika-s-kirpichnymi-stolbami/zabor-evroshtaketnika-s-kirpichnymi-stolbami-38-metrov/
06-03-2023 13:13:54	zaboripodkluch.ru	/zabory-iz-metallicheskogo-shtaketnika/zabor-iz-metallicheskogo-shtaketnika-s-kirpichnymi-stolbami/zabor-evroshtaketnika-s-kirpichnymi-stolbami-41-metr/
06-03-2023 13:13:54	zaboripodkluch.ru	/zabory-iz-metallicheskogo-shtaketnika/zabor-iz-metallicheskogo-shtaketnika-s-kirpichnymi-stolbami/zabor-evroshtaketnika-s-kirpichnymi-stolbami-42-metra/
06-03-2023 13:13:54	zaboripodkluch.ru	/zabory-iz-metallicheskogo-shtaketnika/zabor-iz-metallicheskogo-shtaketnika-s-kirpichnymi-stolbami/zabor-evroshtaketnika-s-kirpichnymi-stolbami-43-metra/
06-03-2023 13:13:54	zaboripodkluch.ru	/zabory-iz-metallicheskogo-shtaketnika/zabor-iz-metallicheskogo-shtaketnika-s-kirpichnymi-stolbami/zabor-evroshtaketnika-s-kirpichnymi-stolbami-47-metrov/
06-03-2023 13:13:54	zaboripodkluch.ru	/zabory-iz-metallicheskogo-shtaketnika/zabor-iz-metallicheskogo-shtaketnika-s-kirpichnymi-stolbami/zabor-evroshtaketnika-s-kirpichnymi-stolbami-48-metrov/
06-03-2023 13:13:54	zaboripodkluch.ru	/zabory-iz-metallicheskogo-shtaketnika/zabor-iz-metallicheskogo-shtaketnika-s-kirpichnymi-stolbami/zabor-evroshtaketnika-s-kirpichnymi-stolbami-5-metrov/
06-03-2023 13:13:54	zaboripodkluch.ru	/zabory-iz-metallicheskogo-shtaketnika/zabor-iz-metallicheskogo-shtaketnika-s-kirpichnymi-stolbami/zabor-evroshtaketnika-s-kirpichnymi-stolbami-59-metrov/
06-03-2023 13:13:54	zaboripodkluch.ru	/zabory-iz-metallicheskogo-shtaketnika/zabor-iz-metallicheskogo-shtaketnika-s-kirpichnymi-stolbami/zabor-evroshtaketnika-s-kirpichnymi-stolbami-6-metrov/
06-03-2023 13:13:54	zaboripodkluch.ru	/zabory-iz-metallicheskogo-shtaketnika/zabor-iz-metallicheskogo-shtaketnika-s-kirpichnymi-stolbami/zabor-evroshtaketnika-s-kirpichnymi-stolbami-64-metra/
06-03-2023 13:13:54	zaboripodkluch.ru	/zabory-iz-metallicheskogo-shtaketnika/zabor-iz-metallicheskogo-shtaketnika-s-kirpichnymi-stolbami/zabor-evroshtaketnika-s-kirpichnymi-stolbami-68-metrov/
06-03-2023 13:13:54	zaboripodkluch.ru	/zabory-iz-metallicheskogo-shtaketnika/zabor-iz-metallicheskogo-shtaketnika-s-kirpichnymi-stolbami/zabor-evroshtaketnika-s-kirpichnymi-stolbami-94-metra/
06-03-2023 13:13:54	zaboripodkluch.ru	/zabory-iz-metallicheskogo-shtaketnika/zabor-iz-metallicheskogo-shtaketnika-s-kirpichnymi-stolbami/zabor-iz-metallicheskogo-shtaketnika-na-fundamente-pod-derevo/
06-03-2023 13:13:54	zaboripodkluch.ru	/zabory-iz-metallicheskogo-shtaketnika/zabor-iz-metallicheskogo-shtaketnika-s-kirpichnymi-stolbami/zabor-iz-metallicheskogo-shtaketnika-so-stolbami-35-metrov/
06-03-2023 13:13:54	zaboripodkluch.ru	/zabory-iz-metallicheskogo-shtaketnika/zabor-iz-metallicheskogo-shtaketnika-s-kirpichnymi-stolbami/zabory-iz-metallicheskogo-shtaketnika-dlya-doma/
06-03-2023 13:13:54	zaboripodkluch.ru	/zabory-iz-metallicheskogo-shtaketnika/zabor-iz-metallicheskogo-shtaketnika-s-vorotami/
06-03-2023 13:13:54	zaboripodkluch.ru	/zabory-iz-metallicheskogo-shtaketnika/zabor-iz-metallicheskogo-shtaketnika-s-vorotami/zabor-iz-evroshtaketnika-dlya-dachi/
06-03-2023 13:13:54	zaboripodkluch.ru	/zabory-iz-metallicheskogo-shtaketnika/zabor-iz-metallicheskogo-shtaketnika-s-vorotami/zabor-iz-evroshtaketnika-s-betonirovaniem-stolbov-65-metrov/
06-03-2023 13:13:54	zaboripodkluch.ru	/zabory-iz-metallicheskogo-shtaketnika/zabor-iz-metallicheskogo-shtaketnika-s-vorotami/zabor-iz-metallicheskogo-shtaketnika-na-fundamente-s-vorotami/
06-03-2023 13:13:54	zaboripodkluch.ru	/zabory-iz-metallicheskogo-shtaketnika/zabor-iz-metallicheskogo-shtaketnika-s-vorotami/zabor-iz-metallicheskogo-shtaketnika-s-vorotami-49-metrov/
06-03-2023 13:13:54	zaboripodkluch.ru	/zabory-iz-metallicheskogo-shtaketnika/zabor-iz-metallicheskogo-shtaketnika-s-vorotami/zabor-iz-metallicheskogo-shtaketnika-s-vorotami-53-metra/
06-03-2023 13:13:54	zaboripodkluch.ru	/zabory-iz-metallicheskogo-shtaketnika/zabor-iz-metallicheskogo-shtaketnika-s-vorotami/zabor-iz-metallicheskogo-shtaketnika/
06-03-2023 13:13:54	zaboripodkluch.ru	/zabory-iz-polikarbonata/
06-03-2023 13:13:54	zaboripodkluch.ru	/zabory-iz-polikarbonata/zabory-iz-polikarbonata-dlya-dachi/
06-03-2023 13:13:54	zaboripodkluch.ru	/zabory-iz-polikarbonata/zabory-iz-polikarbonata-dlya-dachi/zabory-iz-polikarbonata-dlya-dachi-120-metrov/
06-03-2023 13:13:54	zaboripodkluch.ru	/zabory-iz-polikarbonata/zabory-iz-polikarbonata-dlya-kottedzha-i-chastnogo-doma/
06-03-2023 13:13:54	zaboripodkluch.ru	/zabory-iz-polikarbonata/zabory-iz-polikarbonata-dlya-kottedzha-i-chastnogo-doma/zabory-iz-dlya-kottedzha-i-chastnogo-doma-100-metrov/
06-03-2023 13:13:54	zaboripodkluch.ru	/zabory-iz-polikarbonata/zabory-iz-polikarbonata-dlya-kottedzha-i-chastnogo-doma/zabory-iz-polikarbonata-dlya-kottedzha-i-chastnogo-doma-95-metrov/
06-03-2023 13:13:54	zaboripodkluch.ru	/zabory-iz-polikarbonata/zabory-iz-polikarbonata-kombinirovannyy/
06-03-2023 13:13:54	zaboripodkluch.ru	/zabory-iz-polikarbonata/zabory-iz-polikarbonata-na-lentochnom-fundamente/
06-03-2023 13:13:54	zaboripodkluch.ru	/zabory-iz-polikarbonata/zabory-iz-polikarbonata-s-kirpichnymi-stolbami/
06-03-2023 13:13:54	zaboripodkluch.ru	/zabory-iz-polikarbonata/zabory-iz-polikarbonata-s-kirpichnymi-stolbami/zabory-iz-polikarbonata-s-kirpichnymi-stolbami-100-metrov/
06-03-2023 13:13:54	zaboripodkluch.ru	/zabory-iz-polikarbonata/zabory-iz-polikarbonata-s-otkatnymi-vorotami/
06-03-2023 13:13:54	zaboripodkluch.ru	/zabory-iz-polikarbonata/zabory-iz-polikarbonata-s-otkatnymi-vorotami/zabory-iz-polikarbonata-s-otkatnymi-vorotami-85-metrov/
06-03-2023 13:13:54	zaboripodkluch.ru	/zabory-iz-polikarbonata/zabory-iz-polikarbonata-s-raspashnymi-vorotami/
06-03-2023 13:13:54	zaboripodkluch.ru	/zabory-iz-polikarbonata/zabory-iz-polikarbonata-s-raspashnymi-vorotami/zabory-iz-polikarbonata-s-raspashnymi-vorotami-125-metov/
06-03-2023 13:13:54	zaboripodkluch.ru	/zabory-iz-polikarbonata/zabory-iz-polikarbonata-sektsionnye/
06-03-2023 13:13:54	zaboripodkluch.ru	/zabory-iz-polikarbonata/zabory-iz-polikarbonata-sektsionnye/zabory-iz-polikarbonata-sektsionnye-125-metrov/
06-03-2023 13:13:54	zaboripodkluch.ru	/zabory-iz-profnastila/
06-03-2023 13:13:54	zaboripodkluch.ru	/zabory-iz-profnastila/zabor-iz-profnastila-na-fundamente/
06-03-2023 13:13:54	zaboripodkluch.ru	/zabory-iz-profnastila/zabor-iz-profnastila-na-fundamente/zabor-iz-profnastila-20-metrov-na-lentochnom-fundamente/
06-03-2023 13:13:54	zaboripodkluch.ru	/zabory-iz-profnastila/zabor-iz-profnastila-na-fundamente/zabor-iz-profnastila-na-lentochnom-fundamente-108-metrov/
06-03-2023 13:13:54	zaboripodkluch.ru	/zabory-iz-profnastila/zabor-iz-profnastila-na-fundamente/zabor-iz-profnastila-na-lentochnom-fundamente-125-metrov/
06-03-2023 13:13:54	zaboripodkluch.ru	/zabory-iz-profnastila/zabor-iz-profnastila-na-fundamente/zabor-iz-profnastila-na-lentochnom-fundamente-13-sotok/
06-03-2023 13:13:54	zaboripodkluch.ru	/zabory-iz-profnastila/zabor-iz-profnastila-na-fundamente/zabor-iz-profnastila-na-lentochnom-fundamente-15-sotok/
06-03-2023 13:13:54	zaboripodkluch.ru	/zabory-iz-profnastila/zabor-iz-profnastila-na-fundamente/zabor-iz-profnastila-na-lentochnom-fundamente-150-metrov/
06-03-2023 13:13:54	zaboripodkluch.ru	/zabory-iz-profnastila/zabor-iz-profnastila-na-fundamente/zabor-iz-profnastila-na-lentochnom-fundamente-170-metrov/
06-03-2023 13:13:54	zaboripodkluch.ru	/zabory-iz-profnastila/zabor-iz-profnastila-na-fundamente/zabor-iz-profnastila-na-lentochnom-fundamente-28-metrov/
06-03-2023 13:13:54	zaboripodkluch.ru	/zabory-iz-profnastila/zabor-iz-profnastila-na-fundamente/zabor-iz-profnastila-na-lentochnom-fundamente-38-metrov/
06-03-2023 13:13:54	zaboripodkluch.ru	/zabory-iz-profnastila/zabor-iz-profnastila-na-fundamente/zabor-iz-profnastila-na-lentochnom-fundamente-43-metrov/
06-03-2023 13:13:55	zaboripodkluch.ru	/zabory-iz-profnastila/zabor-iz-profnastila-na-fundamente/zabor-iz-profnastila-na-lentochnom-fundamente-47-metrov/
06-03-2023 13:13:55	zaboripodkluch.ru	/zabory-iz-profnastila/zabor-iz-profnastila-na-fundamente/zabor-iz-profnastila-na-lentochnom-fundamente-54-metra/
06-03-2023 13:13:55	zaboripodkluch.ru	/zabory-iz-profnastila/zabor-iz-profnastila-na-fundamente/zabor-iz-profnastila-na-lentochnom-fundamente-6-sotok/
06-03-2023 13:13:55	zaboripodkluch.ru	/zabory-iz-profnastila/zabor-iz-profnastila-na-fundamente/zabor-iz-profnastila-na-lentochnom-fundamente-63-metra/
06-03-2023 13:13:55	zaboripodkluch.ru	/zabory-iz-profnastila/zabor-iz-profnastila-na-fundamente/zabor-iz-profnastila-na-lentochnom-fundamente-65-metrov/
06-03-2023 13:13:55	zaboripodkluch.ru	/zabory-iz-profnastila/zabor-iz-profnastila-na-fundamente/zabor-iz-profnastila-na-lentochnom-fundamente-76-metrov/
06-03-2023 13:13:55	zaboripodkluch.ru	/zabory-iz-profnastila/zabor-iz-profnastila-na-fundamente/zabor-iz-profnastila-na-lentochnom-fundamente-8-sotok/
06-03-2023 13:13:55	zaboripodkluch.ru	/zabory-iz-profnastila/zabor-iz-profnastila-na-fundamente/zabor-iz-profnastila-na-lentochnom-fundamente-84-metra/
06-03-2023 13:13:55	zaboripodkluch.ru	/zabory-iz-profnastila/zabor-iz-profnastila-na-fundamente/zabor-iz-profnastila-na-lentochnom-fundamente-92-metra/
06-03-2023 13:13:55	zaboripodkluch.ru	/zabory-iz-profnastila/zabor-iz-profnastila-na-fundamente/zabor-iz-profnastila-na-lentochnom-fundamente-95-metrov/
06-03-2023 13:13:55	zaboripodkluch.ru	/zabory-iz-profnastila/zabor-iz-profnastila-na-fundamente/zabor-iz-profnastila-s-kirpichnymi-stolbami-72-metrov-korichnevyy/
06-03-2023 13:13:55	zaboripodkluch.ru	/zabory-iz-profnastila/zabor-iz-profnastila-na-fundamente/zabor-iz-profnastila-s-kirpichnymi-stolbami-75-metrov/
06-03-2023 13:13:55	zaboripodkluch.ru	/zabory-iz-profnastila/zabor-iz-profnastila-na-lentochnom-fundamente-110-metrov/
06-03-2023 13:13:55	zaboripodkluch.ru	/zabory-iz-profnastila/zabor-iz-profnastila-na-lentochnom-fundamente-55-metrov/
06-03-2023 13:13:55	zaboripodkluch.ru	/zabory-iz-profnastila/zabor-iz-profnastila-na-lentochnom-fundamente-85-metrov/
06-03-2023 13:13:55	zaboripodkluch.ru	/zabory-iz-profnastila/zabor-iz-profnastila-otsinkovannye/
06-03-2023 13:13:55	zaboripodkluch.ru	/zabory-iz-profnastila/zabor-iz-profnastila-otsinkovannye/zabor-iz-profnastila-otsinkovannyy-38-metrov/
06-03-2023 13:13:55	zaboripodkluch.ru	/zabory-iz-profnastila/zabor-iz-profnastila-otsinkovannye/zabor-iz-profnastila-otsinkovannyy-49-metrov/
06-03-2023 13:13:55	zaboripodkluch.ru	/zabory-iz-profnastila/zabor-iz-profnastila-otsinkovannye/zabor-iz-profnastila-otsinkovannyy-52-metra/
06-03-2023 13:13:55	zaboripodkluch.ru	/zabory-iz-profnastila/zabor-iz-profnastila-otsinkovannye/zabor-iz-profnastila-otsinkovannyy-53-metra/
06-03-2023 13:13:55	zaboripodkluch.ru	/zabory-iz-profnastila/zabor-iz-profnastila-otsinkovannye/zabor-iz-profnastila-otsinkovannyy-63-metra/
06-03-2023 13:13:55	zaboripodkluch.ru	/zabory-iz-profnastila/zabor-iz-profnastila-otsinkovannye/zabor-iz-profnastila-otsinkovannyy-67-metrov/
06-03-2023 13:13:55	zaboripodkluch.ru	/zabory-iz-profnastila/zabor-iz-profnastila-otsinkovannye/zabor-iz-profnastila-otsinkovannyy-71-metr/
06-03-2023 13:13:55	zaboripodkluch.ru	/zabory-iz-profnastila/zabor-iz-profnastila-otsinkovannye/zabor-iz-profnastila-otsinkovannyy-72-metra/
06-03-2023 13:13:55	zaboripodkluch.ru	/zabory-iz-profnastila/zabor-iz-profnastila-otsinkovannye/zabor-iz-profnastila-otsinkovannyy-75-metrov/
06-03-2023 13:13:55	zaboripodkluch.ru	/zabory-iz-profnastila/zabor-iz-profnastila-otsinkovannye/zabor-iz-profnastila-otsinkovannyy-76-metrov/
06-03-2023 13:13:55	zaboripodkluch.ru	/zabory-iz-profnastila/zabor-iz-profnastila-po-metrazhu/
06-03-2023 13:13:55	zaboripodkluch.ru	/zabory-iz-profnastila/zabor-iz-profnastila-po-metrazhu/profnastil-95-m/
06-03-2023 13:13:55	zaboripodkluch.ru	/zabory-iz-profnastila/zabor-iz-profnastila-po-metrazhu/zabor-iz-proflista-120-metrov-dlya-dachi/
06-03-2023 13:13:55	zaboripodkluch.ru	/zabory-iz-profnastila/zabor-iz-profnastila-po-metrazhu/zabor-iz-proflista-35-metrov/
06-03-2023 13:13:55	zaboripodkluch.ru	/zabory-iz-profnastila/zabor-iz-profnastila-po-metrazhu/zabor-iz-proflista-70-metrov/
06-03-2023 13:13:55	zaboripodkluch.ru	/zabory-iz-profnastila/zabor-iz-profnastila-po-metrazhu/zabor-iz-proflista-80-metrov-na-zabivnykh-stolbakh/
06-03-2023 13:13:55	zaboripodkluch.ru	/zabory-iz-profnastila/zabor-iz-profnastila-po-metrazhu/zabor-iz-proflista-80-metrov/
06-03-2023 13:13:55	zaboripodkluch.ru	/zabory-iz-profnastila/zabor-iz-profnastila-po-metrazhu/zabor-iz-proflista-dlya-dachi-70-metrov/
06-03-2023 13:13:55	zaboripodkluch.ru	/zabory-iz-profnastila/zabor-iz-profnastila-po-metrazhu/zabor-iz-profnastila-150-metrov/
06-03-2023 13:13:55	zaboripodkluch.ru	/zabory-iz-profnastila/zabor-iz-profnastila-po-metrazhu/zabor-iz-profnastila-30-metrov-s-otkatnymi-vorotami-i-kalitkoy/
06-03-2023 13:13:55	zaboripodkluch.ru	/zabory-iz-profnastila/zabor-iz-profnastila-po-metrazhu/zabor-iz-profnastila-35-metrov/
06-03-2023 13:13:55	zaboripodkluch.ru	/zabory-iz-profnastila/zabor-iz-profnastila-po-metrazhu/zabor-iz-profnastila-40-metrov/
06-03-2023 13:13:55	zaboripodkluch.ru	/zabory-iz-profnastila/zabor-iz-profnastila-po-metrazhu/zabor-iz-profnastila-50-metrov-s-vorotami-i-kalitkoy/
06-03-2023 13:13:55	zaboripodkluch.ru	/zabory-iz-profnastila/zabor-iz-profnastila-po-metrazhu/zabor-iz-profnastila-70-metrov-s-vorotami-i-kalitkoy/
06-03-2023 13:13:55	zaboripodkluch.ru	/zabory-iz-profnastila/zabor-iz-profnastila-po-metrazhu/zabor-iz-profnastila-otsinkovannyy-100-metrov/
06-03-2023 13:13:55	zaboripodkluch.ru	/zabory-iz-profnastila/zabor-iz-profnastila-po-metrazhu/zabor-iz-profnastila-s-betonirovaniem-stolbov-14-metrov/
06-03-2023 13:13:55	zaboripodkluch.ru	/zabory-iz-profnastila/zabor-iz-profnastila-po-metrazhu/zabor-iz-profnastila-s-betonirovaniem-stolbov-156-metrov/
06-03-2023 13:13:55	zaboripodkluch.ru	/zabory-iz-profnastila/zabor-iz-profnastila-po-metrazhu/zabor-iz-profnastila-s-betonirovaniem-stolbov-210-metrov/
06-03-2023 13:13:55	zaboripodkluch.ru	/zabory-iz-profnastila/zabor-iz-profnastila-po-metrazhu/zabor-iz-profnastila-s-betonirovaniem-stolbov-24-metra/
06-03-2023 13:13:55	zaboripodkluch.ru	/zabory-iz-profnastila/zabor-iz-profnastila-po-metrazhu/zabor-iz-profnastila-s-betonirovaniem-stolbov-32-metra/
06-03-2023 13:13:55	zaboripodkluch.ru	/zabory-iz-profnastila/zabor-iz-profnastila-po-metrazhu/zabor-iz-profnastila-s-betonirovaniem-stolbov-45-metrov/
06-03-2023 13:13:55	zaboripodkluch.ru	/zabory-iz-profnastila/zabor-iz-profnastila-po-metrazhu/zabor-iz-profnastila-s-betonirovaniem-stolbov-62-metra/
06-03-2023 13:13:55	zaboripodkluch.ru	/zabory-iz-profnastila/zabor-iz-profnastila-po-metrazhu/zabor-iz-profnastila-s-betonirovaniem-stolbov-78-metrov/
06-03-2023 13:13:55	zaboripodkluch.ru	/zabory-iz-profnastila/zabor-iz-profnastila-po-metrazhu/zabor-iz-profnastila-s-betonirovaniem-stolbov-86-metrov/
06-03-2023 13:13:55	zaboripodkluch.ru	/zabory-iz-profnastila/zabor-iz-profnastila-po-metrazhu/zabor-iz-profnastila-s-betonirovaniem-stolbov-95-metrov/
06-03-2023 13:13:55	zaboripodkluch.ru	/zabory-iz-profnastila/zabor-iz-profnastila-po-metrazhu/zabor-iz-profnastila-s-kirpichnymi-stolbami-40-metrov/
06-03-2023 13:13:55	zaboripodkluch.ru	/zabory-iz-profnastila/zabor-iz-profnastila-po-metrazhu/zabor-iz-profnastila-s-utrambovkoy-shchebnem-105-metrov/
06-03-2023 13:13:56	zaboripodkluch.ru	/zabory-iz-profnastila/zabor-iz-profnastila-po-metrazhu/zabor-iz-profnastila-s-utrambovkoy-shchebnem-117-metrov/
06-03-2023 13:13:56	zaboripodkluch.ru	/zabory-iz-profnastila/zabor-iz-profnastila-po-metrazhu/zabor-iz-profnastila-s-utrambovkoy-shchebnem-145-metrov/
06-03-2023 13:13:56	zaboripodkluch.ru	/zabory-iz-profnastila/zabor-iz-profnastila-po-metrazhu/zabor-iz-profnastila-s-utrambovkoy-shchebnem-26-metrov/
06-03-2023 13:13:56	zaboripodkluch.ru	/zabory-iz-profnastila/zabor-iz-profnastila-po-metrazhu/zabor-iz-profnastila-s-utrambovkoy-shchebnem-34-metra/
06-03-2023 13:13:56	zaboripodkluch.ru	/zabory-iz-profnastila/zabor-iz-profnastila-po-metrazhu/zabor-iz-profnastila-s-utrambovkoy-shchebnem-56-metrov/
06-03-2023 13:13:56	zaboripodkluch.ru	/zabory-iz-profnastila/zabor-iz-profnastila-po-metrazhu/zabor-iz-profnastila-s-utrambovkoy-shchebnem-72-metra/
06-03-2023 13:13:56	zaboripodkluch.ru	/zabory-iz-profnastila/zabor-iz-profnastila-po-metrazhu/zabor-iz-profnastila-s-utrambovkoy-shchebnem-78-metrov/
06-03-2023 13:13:56	zaboripodkluch.ru	/zabory-iz-profnastila/zabor-iz-profnastila-po-metrazhu/zabor-iz-profnastila-s-utrambovkoy-shchebnem-83-metra/
06-03-2023 13:13:56	zaboripodkluch.ru	/zabory-iz-profnastila/zabor-iz-profnastila-po-metrazhu/zabor-iz-profnastila-s-utrambovkoy-shchebnem-92-metra/
06-03-2023 13:13:56	zaboripodkluch.ru	/zabory-iz-profnastila/zabor-iz-profnastila-po-metrazhu/zabor-iz-profnastila-s-zabivnymi-stolbami-11-metrov/
06-03-2023 13:13:56	zaboripodkluch.ru	/zabory-iz-profnastila/zabor-iz-profnastila-po-metrazhu/zabor-iz-profnastila-s-zabivnymi-stolbami-115-metrov/
06-03-2023 13:13:56	zaboripodkluch.ru	/zabory-iz-profnastila/zabor-iz-profnastila-po-metrazhu/zabor-iz-profnastila-s-zabivnymi-stolbami-145-metrov/
06-03-2023 13:13:56	zaboripodkluch.ru	/zabory-iz-profnastila/zabor-iz-profnastila-po-metrazhu/zabor-iz-profnastila-s-zabivnymi-stolbami-22-metra/
06-03-2023 13:13:56	zaboripodkluch.ru	/zabory-iz-profnastila/zabor-iz-profnastila-po-metrazhu/zabor-iz-profnastila-s-zabivnymi-stolbami-28-metrov/
06-03-2023 13:13:56	zaboripodkluch.ru	/zabory-iz-profnastila/zabor-iz-profnastila-po-metrazhu/zabor-iz-profnastila-s-zabivnymi-stolbami-47-metrov/
06-03-2023 13:13:56	zaboripodkluch.ru	/zabory-iz-profnastila/zabor-iz-profnastila-po-metrazhu/zabor-iz-profnastila-s-zabivnymi-stolbami-54-metra/
06-03-2023 13:13:56	zaboripodkluch.ru	/zabory-iz-profnastila/zabor-iz-profnastila-po-metrazhu/zabor-iz-profnastila-s-zabivnymi-stolbami-80-metrov/
06-03-2023 13:13:56	zaboripodkluch.ru	/zabory-iz-profnastila/zabor-iz-profnastila-po-metrazhu/zabor-iz-profnastila-s-zabivnymi-stolbami-95-metrov/
06-03-2023 13:13:56	zaboripodkluch.ru	/zabory-iz-profnastila/zabor-iz-profnastila-po-ploshchadi-uchastka/
06-03-2023 13:13:56	zaboripodkluch.ru	/zabory-iz-profnastila/zabor-iz-profnastila-po-ploshchadi-uchastka/proflist-6-sotok-s-utrambovkoy-shchebnem/
06-03-2023 13:13:56	zaboripodkluch.ru	/zabory-iz-profnastila/zabor-iz-profnastila-po-ploshchadi-uchastka/zabor-dlya-doma-iz-proflista-8-sotok/
06-03-2023 13:13:56	zaboripodkluch.ru	/zabory-iz-profnastila/zabor-iz-profnastila-po-ploshchadi-uchastka/zabor-iz-proflista-10-sotok/
06-03-2023 13:13:56	zaboripodkluch.ru	/zabory-iz-profnastila/zabor-iz-profnastila-po-ploshchadi-uchastka/zabor-iz-profnastila-10-sotok/
06-03-2023 13:13:56	zaboripodkluch.ru	/zabory-iz-profnastila/zabor-iz-profnastila-po-ploshchadi-uchastka/zabor-iz-profnastila-100-metrov/
06-03-2023 13:13:56	zaboripodkluch.ru	/zabory-iz-profnastila/zabor-iz-profnastila-po-ploshchadi-uchastka/zabor-iz-profnastila-12-sotok/
06-03-2023 13:13:56	zaboripodkluch.ru	/zabory-iz-profnastila/zabor-iz-profnastila-po-ploshchadi-uchastka/zabor-iz-profnastila-6-sotok-s-kirpichnymi-stolbami/
06-03-2023 13:13:56	zaboripodkluch.ru	/zabory-iz-profnastila/zabor-iz-profnastila-po-ploshchadi-uchastka/zabor-iz-profnastila-na-lentochnom-fundamente-14-sotok/
06-03-2023 13:13:56	zaboripodkluch.ru	/zabory-iz-profnastila/zabor-iz-profnastila-po-ploshchadi-uchastka/zabor-iz-profnastila-na-lentochnom-fundamente-16-sotok/
06-03-2023 13:13:56	zaboripodkluch.ru	/zabory-iz-profnastila/zabor-iz-profnastila-po-ploshchadi-uchastka/zabor-iz-profnastila-na-lentochnom-fundamente-45-metrov/
06-03-2023 13:13:56	zaboripodkluch.ru	/zabory-iz-profnastila/zabor-iz-profnastila-po-ploshchadi-uchastka/zabor-iz-profnastila-na-zabivnykh-stolbakh-na-6-sotok/
06-03-2023 13:13:56	zaboripodkluch.ru	/zabory-iz-profnastila/zabor-iz-profnastila-po-ploshchadi-uchastka/zabor-iz-profnastila-s-vorotami-6-sotok/
06-03-2023 13:13:56	zaboripodkluch.ru	/zabory-iz-profnastila/zabor-iz-profnastila-po-tsvetu/
06-03-2023 13:13:56	zaboripodkluch.ru	/zabory-iz-profnastila/zabor-iz-profnastila-po-tsvetu/dvukhstoronniy-okras-profnastila-primer-1/
06-03-2023 13:13:56	zaboripodkluch.ru	/zabory-iz-profnastila/zabor-iz-profnastila-po-tsvetu/zabor-iz-proflista-dlya-chastnogo-uchastka/
06-03-2023 13:13:56	zaboripodkluch.ru	/zabory-iz-profnastila/zabor-iz-profnastila-po-tsvetu/zabor-iz-proflista-dlya-dachi/
06-03-2023 13:13:56	zaboripodkluch.ru	/zabory-iz-profnastila/zabor-iz-profnastila-po-tsvetu/zabor-iz-proflista-korichnevyy/
06-03-2023 13:13:56	zaboripodkluch.ru	/zabory-iz-profnastila/zabor-iz-profnastila-po-tsvetu/zabor-iz-profnastila-korichnevyy-s-vorotami/
06-03-2023 13:13:56	zaboripodkluch.ru	/zabory-iz-profnastila/zabor-iz-profnastila-po-tsvetu/zabor-iz-profnastila-s-utrambovkoy-shchebnem-14-sotok/
06-03-2023 13:13:56	zaboripodkluch.ru	/zabory-iz-profnastila/zabor-iz-profnastila-po-tsvetu/zabor-iz-profnastila-s-utrambovkoy-shchebnem-46-metrov/
06-03-2023 13:13:56	zaboripodkluch.ru	/zabory-iz-profnastila/zabor-iz-profnastila-po-tsvetu/zabor-iz-profnastila-s-utrambovkoy-shchebnem-55-metrov/
06-03-2023 13:13:56	zaboripodkluch.ru	/zabory-iz-profnastila/zabor-iz-profnastila-po-tsvetu/zabor-iz-profnastila-s-utrambovkoy-shchebnem-65-metrov/
06-03-2023 13:13:56	zaboripodkluch.ru	/zabory-iz-profnastila/zabor-iz-profnastila-po-tsvetu/zabor-iz-profnastila-s-utrambovkoy-shchebnem-81-metr/
06-03-2023 13:13:56	zaboripodkluch.ru	/zabory-iz-profnastila/zabor-iz-profnastila-po-tsvetu/zabor-iz-profnastila-s-zabivnymi-stolbami-14-sotok/
06-03-2023 13:13:56	zaboripodkluch.ru	/zabory-iz-profnastila/zabor-iz-profnastila-po-tsvetu/zabor-iz-profnastila-s-zabivnymi-stolbami-144-metra/
06-03-2023 13:13:56	zaboripodkluch.ru	/zabory-iz-profnastila/zabor-iz-profnastila-po-tsvetu/zabor-iz-profnastila-s-zabivnymi-stolbami-33-metra/
06-03-2023 13:13:56	zaboripodkluch.ru	/zabory-iz-profnastila/zabor-iz-profnastila-po-tsvetu/zabor-iz-profnastila-s-zabivnymi-stolbami-34-metrov/
06-03-2023 13:13:56	zaboripodkluch.ru	/zabory-iz-profnastila/zabor-iz-profnastila-po-tsvetu/zabor-iz-profnastila-s-zabivnymi-stolbami-45-metrov/
06-03-2023 13:13:56	zaboripodkluch.ru	/zabory-iz-profnastila/zabor-iz-profnastila-po-tsvetu/zabor-iz-profnastila-s-zabivnymi-stolbami-46-metrov/
06-03-2023 13:13:56	zaboripodkluch.ru	/zabory-iz-profnastila/zabor-iz-profnastila-po-tsvetu/zabor-iz-profnastila-s-zabivnymi-stolbami-52-metra/
06-03-2023 13:13:56	zaboripodkluch.ru	/zabory-iz-profnastila/zabor-iz-profnastila-po-tsvetu/zabor-iz-profnastila-s-zabivnymi-stolbami-55-metrov/
06-03-2023 13:13:56	zaboripodkluch.ru	/zabory-iz-profnastila/zabor-iz-profnastila-po-tsvetu/zabor-iz-profnastila-s-zabivnymi-stolbami-56-metrov/
06-03-2023 13:13:56	zaboripodkluch.ru	/zabory-iz-profnastila/zabor-iz-profnastila-po-tsvetu/zabor-iz-profnastila-s-zabivnymi-stolbami-65-metrov/
06-03-2023 13:13:56	zaboripodkluch.ru	/zabory-iz-profnastila/zabor-iz-profnastila-po-tsvetu/zabor-iz-profnastila-s-zabivnymi-stolbami-9-sotok/
06-03-2023 13:13:56	zaboripodkluch.ru	/zabory-iz-profnastila/zabor-iz-profnastila-po-tsvetu/zabor-iz-profnastila-s-zabivnymi-stolbami-99-metrov/
06-03-2023 13:13:56	zaboripodkluch.ru	/zabory-iz-profnastila/zabor-iz-profnastila-po-tsvetu/zabor-iz-profnastila-tsvet-korichnevyy/
06-03-2023 13:13:56	zaboripodkluch.ru	/zabory-iz-profnastila/zabor-iz-profnastila-po-tsvetu/zabory-iz-proflista-dlya-doma-tsvet-korichnevyy/
06-03-2023 13:13:56	zaboripodkluch.ru	/zabory-iz-profnastila/zabor-iz-profnastila-pod-derevo/
06-03-2023 13:13:57	zaboripodkluch.ru	/zabory-iz-profnastila/zabor-iz-profnastila-pod-derevo/zabor-iz-profnastila-pod-derevo-26-metrov/
06-03-2023 13:13:57	zaboripodkluch.ru	/zabory-iz-profnastila/zabor-iz-profnastila-pod-derevo/zabor-iz-profnastila-pod-derevo-31-metr/
06-03-2023 13:13:57	zaboripodkluch.ru	/zabory-iz-profnastila/zabor-iz-profnastila-pod-derevo/zabor-iz-profnastila-pod-derevo-41-metr/
06-03-2023 13:13:57	zaboripodkluch.ru	/zabory-iz-profnastila/zabor-iz-profnastila-pod-derevo/zabor-iz-profnastila-pod-derevo-48-metrov/
06-03-2023 13:13:57	zaboripodkluch.ru	/zabory-iz-profnastila/zabor-iz-profnastila-pod-derevo/zabor-iz-profnastila-pod-derevo-52-metra/
06-03-2023 13:13:57	zaboripodkluch.ru	/zabory-iz-profnastila/zabor-iz-profnastila-pod-derevo/zabor-iz-profnastila-pod-derevo-54-metra/
06-03-2023 13:13:57	zaboripodkluch.ru	/zabory-iz-profnastila/zabor-iz-profnastila-pod-derevo/zabor-iz-profnastila-pod-derevo-58-metra/
06-03-2023 13:13:57	zaboripodkluch.ru	/zabory-iz-profnastila/zabor-iz-profnastila-pod-derevo/zabor-iz-profnastila-pod-derevo-64-metra/
06-03-2023 13:13:57	zaboripodkluch.ru	/zabory-iz-profnastila/zabor-iz-profnastila-pod-derevo/zabor-iz-profnastila-pod-derevo-72-metra/
06-03-2023 13:13:57	zaboripodkluch.ru	/zabory-iz-profnastila/zabor-iz-profnastila-pod-derevo/zabor-iz-profnastila-pod-derevo-82-metra/
06-03-2023 13:13:57	zaboripodkluch.ru	/zabory-iz-profnastila/zabor-iz-profnastila-pod-kamen/
06-03-2023 13:13:57	zaboripodkluch.ru	/zabory-iz-profnastila/zabor-iz-profnastila-pod-kamen/zabor-iz-profnastila-pod-kamen-25-metrov/
06-03-2023 13:13:57	zaboripodkluch.ru	/zabory-iz-profnastila/zabor-iz-profnastila-pod-kamen/zabor-iz-profnastila-pod-kamen-39-metrov/
06-03-2023 13:13:57	zaboripodkluch.ru	/zabory-iz-profnastila/zabor-iz-profnastila-pod-kamen/zabor-iz-profnastila-pod-kamen-42-metra/
06-03-2023 13:13:57	zaboripodkluch.ru	/zabory-iz-profnastila/zabor-iz-profnastila-pod-kamen/zabor-iz-profnastila-pod-kamen-45-metrov/
06-03-2023 13:13:57	zaboripodkluch.ru	/zabory-iz-profnastila/zabor-iz-profnastila-pod-kamen/zabor-iz-profnastila-pod-kamen-53-metra/
06-03-2023 13:13:57	zaboripodkluch.ru	/zabory-iz-profnastila/zabor-iz-profnastila-pod-kamen/zabor-iz-profnastila-pod-kamen-57-metrov/
06-03-2023 13:13:57	zaboripodkluch.ru	/zabory-iz-profnastila/zabor-iz-profnastila-pod-kamen/zabor-iz-profnastila-pod-kamen-63-metra/
06-03-2023 13:13:57	zaboripodkluch.ru	/zabory-iz-profnastila/zabor-iz-profnastila-pod-kamen/zabor-iz-profnastila-pod-kamen-64-metra/
06-03-2023 13:13:57	zaboripodkluch.ru	/zabory-iz-profnastila/zabor-iz-profnastila-pod-kamen/zabor-iz-profnastila-pod-kamen-79-metrov/
06-03-2023 13:13:57	zaboripodkluch.ru	/zabory-iz-profnastila/zabor-iz-profnastila-pod-kamen/zabor-iz-profnastila-pod-kamen-84-metra/
06-03-2023 13:13:57	zaboripodkluch.ru	/zabory-iz-profnastila/zabor-iz-profnastila-pod-kamen/zabor-iz-profnastila-s-utrambovkoy-shchebnem-95-metrov/
06-03-2023 13:13:57	zaboripodkluch.ru	/zabory-iz-profnastila/zabor-iz-profnastila-s-dvukh-storon/
06-03-2023 13:13:57	zaboripodkluch.ru	/zabory-iz-profnastila/zabor-iz-profnastila-s-dvukh-storon/zabor-iz-profnastila-s-kirpichnymi-stolbami-45-metrov/
06-03-2023 13:13:57	zaboripodkluch.ru	/zabory-iz-profnastila/zabor-iz-profnastila-s-dvukh-storon/zabor-iz-profnastila-s-kirpichnymi-stolbami-88-metrov-s-vorotami/
06-03-2023 13:13:57	zaboripodkluch.ru	/zabory-iz-profnastila/zabor-iz-profnastila-s-dvukh-storon/zabory-proflista-dlya-doma/
06-03-2023 13:13:57	zaboripodkluch.ru	/zabory-iz-profnastila/zabor-iz-profnastila-s-kirpichnymi-stolbami/
06-03-2023 13:13:57	zaboripodkluch.ru	/zabory-iz-profnastila/zabor-iz-profnastila-s-kirpichnymi-stolbami/zabor-dlya-dachi-iz-profnastila-s-kirpichnymi-stolbami/
06-03-2023 13:13:57	zaboripodkluch.ru	/zabory-iz-profnastila/zabor-iz-profnastila-s-kirpichnymi-stolbami/zabor-iz-profnastila-45-metrov-s-kirpichnymi-stolbami/
06-03-2023 13:13:57	zaboripodkluch.ru	/zabory-iz-profnastila/zabor-iz-profnastila-s-kirpichnymi-stolbami/zabor-iz-profnastila-s-kirpichnymi-stolbami-114-metrov/
06-03-2023 13:13:57	zaboripodkluch.ru	/zabory-iz-profnastila/zabor-iz-profnastila-s-kirpichnymi-stolbami/zabor-iz-profnastila-s-kirpichnymi-stolbami-115-metrov/
06-03-2023 13:13:57	zaboripodkluch.ru	/zabory-iz-profnastila/zabor-iz-profnastila-s-kirpichnymi-stolbami/zabor-iz-profnastila-s-kirpichnymi-stolbami-126-metrov/
06-03-2023 13:13:57	zaboripodkluch.ru	/zabory-iz-profnastila/zabor-iz-profnastila-s-kirpichnymi-stolbami/zabor-iz-profnastila-s-kirpichnymi-stolbami-130-metrov/
06-03-2023 13:13:57	zaboripodkluch.ru	/zabory-iz-profnastila/zabor-iz-profnastila-s-kirpichnymi-stolbami/zabor-iz-profnastila-s-kirpichnymi-stolbami-143-metra/
06-03-2023 13:13:57	zaboripodkluch.ru	/zabory-iz-profnastila/zabor-iz-profnastila-s-kirpichnymi-stolbami/zabor-iz-profnastila-s-kirpichnymi-stolbami-158-metrov/
06-03-2023 13:13:57	zaboripodkluch.ru	/zabory-iz-profnastila/zabor-iz-profnastila-s-kirpichnymi-stolbami/zabor-iz-profnastila-s-kirpichnymi-stolbami-16-sotok/
06-03-2023 13:13:57	zaboripodkluch.ru	/zabory-iz-profnastila/zabor-iz-profnastila-s-kirpichnymi-stolbami/zabor-iz-profnastila-s-kirpichnymi-stolbami-161-metr/
06-03-2023 13:13:57	zaboripodkluch.ru	/zabory-iz-profnastila/zabor-iz-profnastila-s-kirpichnymi-stolbami/zabor-iz-profnastila-s-kirpichnymi-stolbami-180-metrov/
06-03-2023 13:13:57	zaboripodkluch.ru	/zabory-iz-profnastila/zabor-iz-profnastila-s-kirpichnymi-stolbami/zabor-iz-profnastila-s-kirpichnymi-stolbami-22-metra/
06-03-2023 13:13:57	zaboripodkluch.ru	/zabory-iz-profnastila/zabor-iz-profnastila-s-kirpichnymi-stolbami/zabor-iz-profnastila-s-kirpichnymi-stolbami-30-metrov-korichnevyy/
06-03-2023 13:13:57	zaboripodkluch.ru	/zabory-iz-profnastila/zabor-iz-profnastila-s-kirpichnymi-stolbami/zabor-iz-profnastila-s-kirpichnymi-stolbami-35-metrov/
06-03-2023 13:13:57	zaboripodkluch.ru	/zabory-iz-profnastila/zabor-iz-profnastila-s-kirpichnymi-stolbami/zabor-iz-profnastila-s-kirpichnymi-stolbami-36-metrov/
06-03-2023 13:13:57	zaboripodkluch.ru	/zabory-iz-profnastila/zabor-iz-profnastila-s-kirpichnymi-stolbami/zabor-iz-profnastila-s-kirpichnymi-stolbami-37-metrov/
06-03-2023 13:13:57	zaboripodkluch.ru	/zabory-iz-profnastila/zabor-iz-profnastila-s-kirpichnymi-stolbami/zabor-iz-profnastila-s-kirpichnymi-stolbami-44-metrov/
06-03-2023 13:13:58	zaboripodkluch.ru	/zabory-iz-profnastila/zabor-iz-profnastila-s-kirpichnymi-stolbami/zabor-iz-profnastila-s-kirpichnymi-stolbami-48-metrov/
06-03-2023 13:13:58	zaboripodkluch.ru	/zabory-iz-profnastila/zabor-iz-profnastila-s-kirpichnymi-stolbami/zabor-iz-profnastila-s-kirpichnymi-stolbami-52-metrov/
06-03-2023 13:13:58	zaboripodkluch.ru	/zabory-iz-profnastila/zabor-iz-profnastila-s-kirpichnymi-stolbami/zabor-iz-profnastila-s-kirpichnymi-stolbami-55-metrov/
06-03-2023 13:13:58	zaboripodkluch.ru	/zabory-iz-profnastila/zabor-iz-profnastila-s-kirpichnymi-stolbami/zabor-iz-profnastila-s-kirpichnymi-stolbami-64-metra/
06-03-2023 13:13:58	zaboripodkluch.ru	/zabory-iz-profnastila/zabor-iz-profnastila-s-kirpichnymi-stolbami/zabor-iz-profnastila-s-kirpichnymi-stolbami-64-metrov/
06-03-2023 13:13:58	zaboripodkluch.ru	/zabory-iz-profnastila/zabor-iz-profnastila-s-kirpichnymi-stolbami/zabor-iz-profnastila-s-kirpichnymi-stolbami-66-metrov/
06-03-2023 13:13:58	zaboripodkluch.ru	/zabory-iz-profnastila/zabor-iz-profnastila-s-kirpichnymi-stolbami/zabor-iz-profnastila-s-kirpichnymi-stolbami-72-metra/
06-03-2023 13:13:58	zaboripodkluch.ru	/zabory-iz-profnastila/zabor-iz-profnastila-s-kirpichnymi-stolbami/zabor-iz-profnastila-s-kirpichnymi-stolbami-74-metra/
06-03-2023 13:13:58	zaboripodkluch.ru	/zabory-iz-profnastila/zabor-iz-profnastila-s-kirpichnymi-stolbami/zabor-iz-profnastila-s-kirpichnymi-stolbami-78-metrov/
06-03-2023 13:13:58	zaboripodkluch.ru	/zabory-iz-profnastila/zabor-iz-profnastila-s-kirpichnymi-stolbami/zabor-iz-profnastila-s-kirpichnymi-stolbami-83-metrov/
06-03-2023 13:13:58	zaboripodkluch.ru	/zabory-iz-profnastila/zabor-iz-profnastila-s-kirpichnymi-stolbami/zabor-iz-profnastila-s-kirpichnymi-stolbami-86-metrov/
06-03-2023 13:13:58	zaboripodkluch.ru	/zabory-iz-profnastila/zabor-iz-profnastila-s-vorotami/
06-03-2023 13:13:58	zaboripodkluch.ru	/zabory-iz-profnastila/zabor-iz-profnastila-s-vorotami/zabor-iz-profnastila-50-metrov-s-vorotami/
06-03-2023 13:13:58	zaboripodkluch.ru	/zabory-iz-profnastila/zabor-iz-profnastila-s-vorotami/zabor-iz-profnastila-60-metrov-s-vorotami-i-kalitkoy-tsvet-zelenyy/
06-03-2023 13:13:58	zaboripodkluch.ru	/zabory-iz-profnastila/zabor-iz-profnastila-s-vorotami/zabor-iz-profnastila-s-zabivnymi-stolbami-s-kalitkoy-i-zaborom-kashtanovyy/
06-03-2023 13:13:58	zaboripodkluch.ru	/zabory-iz-profnastila/zabor-iz-profnastila-s-vorotami/zabory-iz-proflista-s-vorotami/
06-03-2023 13:13:58	zaboripodkluch.ru	/zabory-iz-profnastila/zabor-iz-profnastila-s-vorotami/zabory-iz-profnastila-s-vorotami-i-kalitkoy-/
06-03-2023 13:13:58	zaboripodkluch.ru	/zabory-iz-profnastila/zabor-iz-profnastila-s-zabivnymi-stolbami-35-metrov/
06-03-2023 13:13:58	zaboripodkluch.ru	/zabory-iz-profnastila/zabor-iz-profnastila-s-zabivnymi-stolbami-75-metrov/
06-03-2023 13:13:58	zaboripodkluch.ru	/zabory-iz-setki-rabitsy/
06-03-2023 13:13:58	zaboripodkluch.ru	/zabory-iz-setki-rabitsy/zabor-iz-setki-rabitsy-s-armaturoy/
06-03-2023 13:13:58	zaboripodkluch.ru	/zabory-iz-setki-rabitsy/zabor-iz-setki-rabitsy-s-armaturoy/zabor-dlya-doma-iz-setki-rabitsy-60-metrov/
06-03-2023 13:13:58	zaboripodkluch.ru	/zabory-iz-setki-rabitsy/zabor-iz-setki-rabitsy-s-armaturoy/zabor-iz-rabitsy-70-metrov/
06-03-2023 13:13:58	zaboripodkluch.ru	/zabory-iz-setki-rabitsy/zabor-iz-setki-rabitsy-s-armaturoy/zabor-iz-setki-rabitsy-dlya-doma/
06-03-2023 13:13:58	zaboripodkluch.ru	/zabory-iz-setki-rabitsy/zabor-iz-setki-rabitsy-s-armaturoy/zabor-iz-setki-rabitsy-na-zabivnykh-stolbakh/
06-03-2023 13:13:58	zaboripodkluch.ru	/zabory-iz-setki-rabitsy/zabor-iz-setki-rabitsy-s-armaturoy/zabor-iz-setki-rabitsy-s-armaturoy-15-metrov/
06-03-2023 13:13:58	zaboripodkluch.ru	/zabory-iz-setki-rabitsy/zabor-iz-setki-rabitsy-s-armaturoy/zabor-iz-setki-rabitsy-s-armaturoy-39-metrov/
06-03-2023 13:13:58	zaboripodkluch.ru	/zabory-iz-setki-rabitsy/zabor-iz-setki-rabitsy-s-armaturoy/zabor-iz-setki-rabitsy-s-armaturoy-45-metrov/
06-03-2023 13:13:58	zaboripodkluch.ru	/zabory-iz-setki-rabitsy/zabor-iz-setki-rabitsy-s-armaturoy/zabor-iz-setki-rabitsy-s-armaturoy-54-metrov/
06-03-2023 13:13:58	zaboripodkluch.ru	/zabory-iz-setki-rabitsy/zabor-iz-setki-rabitsy-s-armaturoy/zabor-iz-setki-rabitsy-s-armaturoy-76-metrov/
06-03-2023 13:13:58	zaboripodkluch.ru	/zabory-iz-setki-rabitsy/zabor-iz-setki-rabitsy-s-armaturoy/zabor-iz-setki-rabitsy-sektsionnaya-60-metrov/
06-03-2023 13:13:58	zaboripodkluch.ru	/zabory-iz-setki-rabitsy/zabor-iz-setki-rabitsy-s-armaturoy/zabor-iz-setki-rabitsy-v-natyag-s-protyazhkoy-armatury-10-metrov/
06-03-2023 13:13:58	zaboripodkluch.ru	/zabory-iz-setki-rabitsy/zabor-iz-setki-rabitsy-s-armaturoy/zabor-iz-setki-rabitsy-v-natyag-s-protyazhkoy-armatury-10-sotok/
06-03-2023 13:13:58	zaboripodkluch.ru	/zabory-iz-setki-rabitsy/zabor-iz-setki-rabitsy-s-armaturoy/zabor-iz-setki-rabitsy-v-natyag-s-protyazhkoy-armatury-100-metrov/
06-03-2023 13:13:58	zaboripodkluch.ru	/zabory-iz-setki-rabitsy/zabor-iz-setki-rabitsy-s-armaturoy/zabor-iz-setki-rabitsy-v-natyag-s-protyazhkoy-armatury-12-metrov/
06-03-2023 13:13:58	zaboripodkluch.ru	/zabory-iz-setki-rabitsy/zabor-iz-setki-rabitsy-s-armaturoy/zabor-iz-setki-rabitsy-v-natyag-s-protyazhkoy-armatury-12-sotok/
06-03-2023 13:13:58	zaboripodkluch.ru	/zabory-iz-setki-rabitsy/zabor-iz-setki-rabitsy-s-armaturoy/zabor-iz-setki-rabitsy-v-natyag-s-protyazhkoy-armatury-15-metrov/
06-03-2023 13:13:58	zaboripodkluch.ru	/zabory-iz-setki-rabitsy/zabor-iz-setki-rabitsy-s-armaturoy/zabor-iz-setki-rabitsy-v-natyag-s-protyazhkoy-armatury-15-sotok/
06-03-2023 13:13:58	zaboripodkluch.ru	/zabory-iz-setki-rabitsy/zabor-iz-setki-rabitsy-s-armaturoy/zabor-iz-setki-rabitsy-v-natyag-s-protyazhkoy-armatury-150-metrov/
06-03-2023 13:13:58	zaboripodkluch.ru	/zabory-iz-setki-rabitsy/zabor-iz-setki-rabitsy-s-armaturoy/zabor-iz-setki-rabitsy-v-natyag-s-protyazhkoy-armatury-18-metrov/
06-03-2023 13:13:58	zaboripodkluch.ru	/zabory-iz-setki-rabitsy/zabor-iz-setki-rabitsy-s-armaturoy/zabor-iz-setki-rabitsy-v-natyag-s-protyazhkoy-armatury-20-metrov/
06-03-2023 13:13:58	zaboripodkluch.ru	/zabory-iz-setki-rabitsy/zabor-iz-setki-rabitsy-s-armaturoy/zabor-iz-setki-rabitsy-v-natyag-s-protyazhkoy-armatury-20-sotok/
06-03-2023 13:13:58	zaboripodkluch.ru	/zabory-iz-setki-rabitsy/zabor-iz-setki-rabitsy-s-armaturoy/zabor-iz-setki-rabitsy-v-natyag-s-protyazhkoy-armatury-200-metrov/
06-03-2023 13:13:58	zaboripodkluch.ru	/zabory-iz-setki-rabitsy/zabor-iz-setki-rabitsy-s-armaturoy/zabor-iz-setki-rabitsy-v-natyag-s-protyazhkoy-armatury-25-metrov/
06-03-2023 13:13:58	zaboripodkluch.ru	/zabory-iz-setki-rabitsy/zabor-iz-setki-rabitsy-s-armaturoy/zabor-iz-setki-rabitsy-v-natyag-s-protyazhkoy-armatury-30-metrov/
06-03-2023 13:13:58	zaboripodkluch.ru	/zabory-iz-setki-rabitsy/zabor-iz-setki-rabitsy-s-armaturoy/zabor-iz-setki-rabitsy-v-natyag-s-protyazhkoy-armatury-300-metrov/
06-03-2023 13:13:58	zaboripodkluch.ru	/zabory-iz-setki-rabitsy/zabor-iz-setki-rabitsy-s-armaturoy/zabor-iz-setki-rabitsy-v-natyag-s-protyazhkoy-armatury-40-metrov/
06-03-2023 13:13:58	zaboripodkluch.ru	/zabory-iz-setki-rabitsy/zabor-iz-setki-rabitsy-s-armaturoy/zabor-iz-setki-rabitsy-v-natyag-s-protyazhkoy-armatury-50-metrov/
06-03-2023 13:13:58	zaboripodkluch.ru	/zabory-iz-setki-rabitsy/zabor-iz-setki-rabitsy-s-armaturoy/zabor-iz-setki-rabitsy-v-natyag-s-protyazhkoy-armatury-6-sotok/
06-03-2023 13:13:58	zaboripodkluch.ru	/zabory-iz-setki-rabitsy/zabor-iz-setki-rabitsy-s-armaturoy/zabor-iz-setki-rabitsy-v-natyag-s-protyazhkoy-armatury-60-metrov/
06-03-2023 13:13:58	zaboripodkluch.ru	/zabory-iz-setki-rabitsy/zabor-iz-setki-rabitsy-s-armaturoy/zabor-iz-setki-rabitsy-v-natyag-s-protyazhkoy-armatury-70-metrov/
06-03-2023 13:13:58	zaboripodkluch.ru	/zabory-iz-setki-rabitsy/zabor-iz-setki-rabitsy-s-armaturoy/zabor-iz-setki-rabitsy-v-natyag-s-protyazhkoy-armatury-8-sotok/
06-03-2023 13:13:58	zaboripodkluch.ru	/zabory-iz-setki-rabitsy/zabor-iz-setki-rabitsy-s-armaturoy/zabor-iz-setki-rabitsy-v-natyag-s-protyazhkoy-armatury-80-metrov/
06-03-2023 13:13:58	zaboripodkluch.ru	/zabory-iz-setki-rabitsy/zabor-iz-setki-rabitsy-s-armaturoy/zabor-iz-setki-rabitsy-v-natyag-s-protyazhkoy-armatury-90-metrov/
06-03-2023 13:13:59	zaboripodkluch.ru	/zabory-iz-setki-rabitsy/zabory-iz-setki-rabitsy-sektsiyami/
06-03-2023 13:13:59	zaboripodkluch.ru	/zabory-iz-setki-rabitsy/zabory-iz-setki-rabitsy-sektsiyami/zabor-iz-setki-rabitsy-dlya-dachi/
06-03-2023 13:13:59	zaboripodkluch.ru	/zabory-iz-setki-rabitsy/zabory-iz-setki-rabitsy-sektsiyami/zabor-iz-setki-rabitsy-s-sektsiyami-59-metrov/
06-03-2023 13:13:59	zaboripodkluch.ru	/zabory-iz-setki-rabitsy/zabory-iz-setki-rabitsy-sektsiyami/zabor-iz-setki-rabitsy-s-sektsiyami-61-metrov/
06-03-2023 13:13:59	zaboripodkluch.ru	/zabory-iz-setki-rabitsy/zabory-iz-setki-rabitsy-sektsiyami/zabor-iz-setki-rabitsy-s-sektsiyami-63-metrov/
06-03-2023 13:13:59	zaboripodkluch.ru	/zabory-iz-setki-rabitsy/zabory-iz-setki-rabitsy-sektsiyami/zabor-iz-setki-rabitsy-s-sektsiyami-71-metrov/
06-03-2023 13:13:59	zaboripodkluch.ru	/zabory-iz-setki-rabitsy/zabory-iz-setki-rabitsy-sektsiyami/zabor-iz-setki-rabitsy-s-sektsiyami-72-metrov/
06-03-2023 13:13:59	zaboripodkluch.ru	/zabory-iz-setki-rabitsy/zabory-iz-setki-rabitsy-sektsiyami/zabor-iz-setki-rabitsy-s-sektsiyami-84-metrov/
06-03-2023 13:13:59	zaboripodkluch.ru	/zabory-iz-setki-rabitsy/zabory-iz-setki-rabitsy-sektsiyami/zabor-iz-setki-rabitsy-v-natyag-sektsionnyy-10-metrov/
06-03-2023 13:13:59	zaboripodkluch.ru	/zabory-iz-setki-rabitsy/zabory-iz-setki-rabitsy-sektsiyami/zabor-iz-setki-rabitsy-v-natyag-sektsionnyy-10-sotok/
06-03-2023 13:13:59	zaboripodkluch.ru	/zabory-iz-setki-rabitsy/zabory-iz-setki-rabitsy-sektsiyami/zabor-iz-setki-rabitsy-v-natyag-sektsionnyy-100-metrov/
06-03-2023 13:13:59	zaboripodkluch.ru	/zabory-iz-setki-rabitsy/zabory-iz-setki-rabitsy-sektsiyami/zabor-iz-setki-rabitsy-v-natyag-sektsionnyy-12-metrov/
06-03-2023 13:13:59	zaboripodkluch.ru	/zabory-iz-setki-rabitsy/zabory-iz-setki-rabitsy-sektsiyami/zabor-iz-setki-rabitsy-v-natyag-sektsionnyy-12-sotok/
06-03-2023 13:13:59	zaboripodkluch.ru	/zabory-iz-setki-rabitsy/zabory-iz-setki-rabitsy-sektsiyami/zabor-iz-setki-rabitsy-v-natyag-sektsionnyy-15-metrov/
06-03-2023 13:13:59	zaboripodkluch.ru	/zabory-iz-setki-rabitsy/zabory-iz-setki-rabitsy-sektsiyami/zabor-iz-setki-rabitsy-v-natyag-sektsionnyy-15-sotok/
06-03-2023 13:13:59	zaboripodkluch.ru	/zabory-iz-setki-rabitsy/zabory-iz-setki-rabitsy-sektsiyami/zabor-iz-setki-rabitsy-v-natyag-sektsionnyy-150-metrov/
06-03-2023 13:13:59	zaboripodkluch.ru	/zabory-iz-setki-rabitsy/zabory-iz-setki-rabitsy-sektsiyami/zabor-iz-setki-rabitsy-v-natyag-sektsionnyy-18-metrov/
06-03-2023 13:13:59	zaboripodkluch.ru	/zabory-iz-setki-rabitsy/zabory-iz-setki-rabitsy-sektsiyami/zabor-iz-setki-rabitsy-v-natyag-sektsionnyy-20-metrov/
06-03-2023 13:13:59	zaboripodkluch.ru	/zabory-iz-setki-rabitsy/zabory-iz-setki-rabitsy-sektsiyami/zabor-iz-setki-rabitsy-v-natyag-sektsionnyy-20-sotok/
06-03-2023 13:13:59	zaboripodkluch.ru	/zabory-iz-setki-rabitsy/zabory-iz-setki-rabitsy-sektsiyami/zabor-iz-setki-rabitsy-v-natyag-sektsionnyy-200-metrov/
06-03-2023 13:13:59	zaboripodkluch.ru	/zabory-iz-setki-rabitsy/zabory-iz-setki-rabitsy-sektsiyami/zabor-iz-setki-rabitsy-v-natyag-sektsionnyy-25-metrov/
06-03-2023 13:13:59	zaboripodkluch.ru	/zabory-iz-setki-rabitsy/zabory-iz-setki-rabitsy-sektsiyami/zabor-iz-setki-rabitsy-v-natyag-sektsionnyy-30-metrov/
06-03-2023 13:13:59	zaboripodkluch.ru	/zabory-iz-setki-rabitsy/zabory-iz-setki-rabitsy-sektsiyami/zabor-iz-setki-rabitsy-v-natyag-sektsionnyy-300-metrov/
06-03-2023 13:13:59	zaboripodkluch.ru	/zabory-iz-setki-rabitsy/zabory-iz-setki-rabitsy-sektsiyami/zabor-iz-setki-rabitsy-v-natyag-sektsionnyy-40-metrov/
06-03-2023 13:13:59	zaboripodkluch.ru	/zabory-iz-setki-rabitsy/zabory-iz-setki-rabitsy-sektsiyami/zabor-iz-setki-rabitsy-v-natyag-sektsionnyy-50-metrov/
06-03-2023 13:13:59	zaboripodkluch.ru	/zabory-iz-setki-rabitsy/zabory-iz-setki-rabitsy-sektsiyami/zabor-iz-setki-rabitsy-v-natyag-sektsionnyy-6-sotok/
06-03-2023 13:13:59	zaboripodkluch.ru	/zabory-iz-setki-rabitsy/zabory-iz-setki-rabitsy-sektsiyami/zabor-iz-setki-rabitsy-v-natyag-sektsionnyy-60-metrov/
06-03-2023 13:13:59	zaboripodkluch.ru	/zabory-iz-setki-rabitsy/zabory-iz-setki-rabitsy-sektsiyami/zabor-iz-setki-rabitsy-v-natyag-sektsionnyy-70-metrov/
06-03-2023 13:13:59	zaboripodkluch.ru	/zabory-iz-setki-rabitsy/zabory-iz-setki-rabitsy-sektsiyami/zabor-iz-setki-rabitsy-v-natyag-sektsionnyy-8-sotok/
06-03-2023 13:13:59	zaboripodkluch.ru	/zabory-iz-setki-rabitsy/zabory-iz-setki-rabitsy-sektsiyami/zabor-iz-setki-rabitsy-v-natyag-sektsionnyy-80-metrov/
06-03-2023 13:13:59	zaboripodkluch.ru	/zabory-iz-setki-rabitsy/zabory-iz-setki-rabitsy-sektsiyami/zabor-iz-setki-rabitsy-v-natyag-sektsionnyy-90-metrov/
06-03-2023 13:13:59	zaboripodkluch.ru	/zabory-iz-setki-rabitsy/zabory-iz-setki-rabitsy-sektsiyami/zabor-iz-setki-rabitsy-v-sektsiyakh/
06-03-2023 13:13:59	zaboripodkluch.ru	/zabory-iz-setki-rabitsy/zabory-iz-setki-rabitsy-sektsiyami/zabor-rabitsa-v-sektsii-20-metrov/
06-03-2023 13:13:59	zaboripodkluch.ru	/zabory-iz-setki-rabitsy/zabory-iz-setki-rabitsy-sektsiyami/zabory-v-sektsii-rabitsy/
06-03-2023 13:13:59	zaboripodkluch.ru	/zabory-iz-setki-rabitsy/zabory-iz-setki-rabitsy-v-natyag/
06-03-2023 13:13:59	zaboripodkluch.ru	/zabory-iz-setki-rabitsy/zabory-iz-setki-rabitsy-v-natyag/zabor-dlya-dachi-iz-setki-rabitsy/
06-03-2023 13:13:59	zaboripodkluch.ru	/zabory-iz-setki-rabitsy/zabory-iz-setki-rabitsy-v-natyag/zabor-iz-setki-rabitsy-100-metrov/
06-03-2023 13:13:59	zaboripodkluch.ru	/zabory-iz-setki-rabitsy/zabory-iz-setki-rabitsy-v-natyag/zabor-iz-setki-rabitsy-dlya-chastnogo-doma/
06-03-2023 13:13:59	zaboripodkluch.ru	/zabory-iz-setki-rabitsy/zabory-iz-setki-rabitsy-v-natyag/zabor-iz-setki-rabitsy-na-chastnom-uchastke/
06-03-2023 13:13:59	zaboripodkluch.ru	/zabory-iz-setki-rabitsy/zabory-iz-setki-rabitsy-v-natyag/zabor-iz-setki-rabitsy-v-natyag-10-metrov/
06-03-2023 13:13:59	zaboripodkluch.ru	/zabory-iz-setki-rabitsy/zabory-iz-setki-rabitsy-v-natyag/zabor-iz-setki-rabitsy-v-natyag-10-sotok/
06-03-2023 13:13:59	zaboripodkluch.ru	/zabory-iz-setki-rabitsy/zabory-iz-setki-rabitsy-v-natyag/zabor-iz-setki-rabitsy-v-natyag-100-metrov/
06-03-2023 13:13:59	zaboripodkluch.ru	/zabory-iz-setki-rabitsy/zabory-iz-setki-rabitsy-v-natyag/zabor-iz-setki-rabitsy-v-natyag-12-metrov/
06-03-2023 13:13:59	zaboripodkluch.ru	/zabory-iz-setki-rabitsy/zabory-iz-setki-rabitsy-v-natyag/zabor-iz-setki-rabitsy-v-natyag-12-sotok/
06-03-2023 13:13:59	zaboripodkluch.ru	/zabory-iz-setki-rabitsy/zabory-iz-setki-rabitsy-v-natyag/zabor-iz-setki-rabitsy-v-natyag-15-metrov/
06-03-2023 13:13:59	zaboripodkluch.ru	/zabory-iz-setki-rabitsy/zabory-iz-setki-rabitsy-v-natyag/zabor-iz-setki-rabitsy-v-natyag-15-sotok/
06-03-2023 13:13:59	zaboripodkluch.ru	/zabory-iz-setki-rabitsy/zabory-iz-setki-rabitsy-v-natyag/zabor-iz-setki-rabitsy-v-natyag-150-metrov/
06-03-2023 13:13:59	zaboripodkluch.ru	/zabory-iz-setki-rabitsy/zabory-iz-setki-rabitsy-v-natyag/zabor-iz-setki-rabitsy-v-natyag-18-metrov/
06-03-2023 13:13:59	zaboripodkluch.ru	/zabory-iz-setki-rabitsy/zabory-iz-setki-rabitsy-v-natyag/zabor-iz-setki-rabitsy-v-natyag-20-metrov/
06-03-2023 13:13:59	zaboripodkluch.ru	/zabory-iz-setki-rabitsy/zabory-iz-setki-rabitsy-v-natyag/zabor-iz-setki-rabitsy-v-natyag-20-sotok/
06-03-2023 13:13:59	zaboripodkluch.ru	/zabory-iz-setki-rabitsy/zabory-iz-setki-rabitsy-v-natyag/zabor-iz-setki-rabitsy-v-natyag-200-metrov/
06-03-2023 13:13:59	zaboripodkluch.ru	/zabory-iz-setki-rabitsy/zabory-iz-setki-rabitsy-v-natyag/zabor-iz-setki-rabitsy-v-natyag-25-metrov/
06-03-2023 13:14:00	zaboripodkluch.ru	/zabory-iz-setki-rabitsy/zabory-iz-setki-rabitsy-v-natyag/zabor-iz-setki-rabitsy-v-natyag-30-metrov/
06-03-2023 13:14:00	zaboripodkluch.ru	/zabory-iz-setki-rabitsy/zabory-iz-setki-rabitsy-v-natyag/zabor-iz-setki-rabitsy-v-natyag-300-metrov/
06-03-2023 13:14:00	zaboripodkluch.ru	/zabory-iz-setki-rabitsy/zabory-iz-setki-rabitsy-v-natyag/zabor-iz-setki-rabitsy-v-natyag-40-metrov/
06-03-2023 13:14:00	zaboripodkluch.ru	/zabory-iz-setki-rabitsy/zabory-iz-setki-rabitsy-v-natyag/zabor-iz-setki-rabitsy-v-natyag-43-metrov/
06-03-2023 13:14:00	zaboripodkluch.ru	/zabory-iz-setki-rabitsy/zabory-iz-setki-rabitsy-v-natyag/zabor-iz-setki-rabitsy-v-natyag-50-metrov/
06-03-2023 13:14:00	zaboripodkluch.ru	/zabory-iz-setki-rabitsy/zabory-iz-setki-rabitsy-v-natyag/zabor-iz-setki-rabitsy-v-natyag-54-metrov/
06-03-2023 13:14:00	zaboripodkluch.ru	/zabory-iz-setki-rabitsy/zabory-iz-setki-rabitsy-v-natyag/zabor-iz-setki-rabitsy-v-natyag-6-sotok/
06-03-2023 13:14:00	zaboripodkluch.ru	/zabory-iz-setki-rabitsy/zabory-iz-setki-rabitsy-v-natyag/zabor-iz-setki-rabitsy-v-natyag-60-metrov/
06-03-2023 13:14:00	zaboripodkluch.ru	/zabory-iz-setki-rabitsy/zabory-iz-setki-rabitsy-v-natyag/zabor-iz-setki-rabitsy-v-natyag-64-metrov/
06-03-2023 13:14:00	zaboripodkluch.ru	/zabory-iz-setki-rabitsy/zabory-iz-setki-rabitsy-v-natyag/zabor-iz-setki-rabitsy-v-natyag-70-metrov/
06-03-2023 13:14:00	zaboripodkluch.ru	/zabory-iz-setki-rabitsy/zabory-iz-setki-rabitsy-v-natyag/zabor-iz-setki-rabitsy-v-natyag-8-sotok/
06-03-2023 13:14:00	zaboripodkluch.ru	/zabory-iz-setki-rabitsy/zabory-iz-setki-rabitsy-v-natyag/zabor-iz-setki-rabitsy-v-natyag-80-metrov/
06-03-2023 13:14:00	zaboripodkluch.ru	/zabory-iz-setki-rabitsy/zabory-iz-setki-rabitsy-v-natyag/zabor-iz-setki-rabitsy-v-natyag-90-metrov/
06-03-2023 13:14:00	zaboripodkluch.ru	/zabory-iz-setki-rabitsy/zabory-iz-setki-rabitsy-v-natyag/zabory-iz-setki-rabitsy-50-metrov/
06-03-2023 13:14:00	zaboripodkluch.ru	/zabory-iz-setki-rabitsy/zabory-iz-setki-rabitsy-v-natyag/zabory-iz-setki-rabitsy/
