16-07-2021 10:31:26	aleksandrov.zaboripodkluch.ru	/
16-07-2021 10:31:26	aleksandrov.zaboripodkluch.ru	/3d-zabory/
16-07-2021 10:31:26	aleksandrov.zaboripodkluch.ru	/vorota/
16-07-2021 10:31:26	aleksandrov.zaboripodkluch.ru	/zabory-dlya-dachi/
16-07-2021 10:31:26	aleksandrov.zaboripodkluch.ru	/zabory-iz-metallicheskogo-shtaketnika/
16-07-2021 10:31:26	aleksandrov.zaboripodkluch.ru	/zabory-iz-profnastila/
16-07-2021 10:31:26	aleksandrov.zaboripodkluch.ru	/zabory-iz-setki-rabitsy/
16-07-2021 10:31:26	aleksin.zaboripodkluch.ru	/
16-07-2021 10:31:26	aleksin.zaboripodkluch.ru	/3d-zabory/
16-07-2021 10:31:26	aleksin.zaboripodkluch.ru	/vorota/
16-07-2021 10:31:26	aleksin.zaboripodkluch.ru	/zabory-dlya-dachi/
16-07-2021 10:31:26	aleksin.zaboripodkluch.ru	/zabory-iz-metallicheskogo-shtaketnika/
16-07-2021 10:31:26	aleksin.zaboripodkluch.ru	/zabory-iz-profnastila/
16-07-2021 10:31:26	aleksin.zaboripodkluch.ru	/zabory-iz-setki-rabitsy/
16-07-2021 10:31:26	andreapol.zaboripodkluch.ru	/
16-07-2021 10:31:26	andreapol.zaboripodkluch.ru	/3d-zabory/
16-07-2021 10:31:26	andreapol.zaboripodkluch.ru	/vorota/
16-07-2021 10:31:26	andreapol.zaboripodkluch.ru	/zabory-dlya-dachi/
16-07-2021 10:31:26	andreapol.zaboripodkluch.ru	/zabory-iz-metallicheskogo-shtaketnika/
16-07-2021 10:31:26	andreapol.zaboripodkluch.ru	/zabory-iz-profnastila/
16-07-2021 10:31:26	andreapol.zaboripodkluch.ru	/zabory-iz-setki-rabitsy/
16-07-2021 10:31:26	aprelevka.zaboripodkluch.ru	/
16-07-2021 10:31:26	aprelevka.zaboripodkluch.ru	/3d-zabory/
16-07-2021 10:31:26	aprelevka.zaboripodkluch.ru	/vorota/
16-07-2021 10:31:26	aprelevka.zaboripodkluch.ru	/zabory-dlya-dachi/
16-07-2021 10:31:26	aprelevka.zaboripodkluch.ru	/zabory-iz-metallicheskogo-shtaketnika/
16-07-2021 10:31:26	aprelevka.zaboripodkluch.ru	/zabory-iz-profnastila/
16-07-2021 10:31:26	aprelevka.zaboripodkluch.ru	/zabory-iz-setki-rabitsy/
16-07-2021 10:31:26	balabanovo.zaboripodkluch.ru	/
16-07-2021 10:31:26	balabanovo.zaboripodkluch.ru	/3d-zabory/
16-07-2021 10:31:26	balabanovo.zaboripodkluch.ru	/vorota/
16-07-2021 10:31:26	balabanovo.zaboripodkluch.ru	/zabory-dlya-dachi/
16-07-2021 10:31:26	balabanovo.zaboripodkluch.ru	/zabory-iz-metallicheskogo-shtaketnika/
16-07-2021 10:31:26	balabanovo.zaboripodkluch.ru	/zabory-iz-profnastila/
16-07-2021 10:31:26	balabanovo.zaboripodkluch.ru	/zabory-iz-setki-rabitsy/
16-07-2021 10:31:26	balashiha.zaboripodkluch.ru	/
16-07-2021 10:31:26	balashiha.zaboripodkluch.ru	/3d-zabory/
16-07-2021 10:31:26	balashiha.zaboripodkluch.ru	/vorota/
16-07-2021 10:31:26	balashiha.zaboripodkluch.ru	/zabory-dlya-dachi/
16-07-2021 10:31:26	balashiha.zaboripodkluch.ru	/zabory-iz-metallicheskogo-shtaketnika/
16-07-2021 10:31:26	balashiha.zaboripodkluch.ru	/zabory-iz-profnastila/
16-07-2021 10:31:26	balashiha.zaboripodkluch.ru	/zabory-iz-setki-rabitsy/
16-07-2021 10:31:26	belev.zaboripodkluch.ru	/
16-07-2021 10:31:26	belev.zaboripodkluch.ru	/3d-zabory/
16-07-2021 10:31:27	belev.zaboripodkluch.ru	/vorota/
16-07-2021 10:31:27	belev.zaboripodkluch.ru	/zabory-dlya-dachi/
16-07-2021 10:31:27	belev.zaboripodkluch.ru	/zabory-iz-metallicheskogo-shtaketnika/
16-07-2021 10:31:27	belev.zaboripodkluch.ru	/zabory-iz-profnastila/
16-07-2021 10:31:27	belev.zaboripodkluch.ru	/zabory-iz-setki-rabitsy/
16-07-2021 10:31:27	belyj.zaboripodkluch.ru	/
16-07-2021 10:31:27	belyj.zaboripodkluch.ru	/3d-zabory/
16-07-2021 10:31:27	belyj.zaboripodkluch.ru	/vorota/
16-07-2021 10:31:27	belyj.zaboripodkluch.ru	/zabory-dlya-dachi/
16-07-2021 10:31:27	belyj.zaboripodkluch.ru	/zabory-iz-metallicheskogo-shtaketnika/
16-07-2021 10:31:27	belyj.zaboripodkluch.ru	/zabory-iz-profnastila/
16-07-2021 10:31:27	belyj.zaboripodkluch.ru	/zabory-iz-setki-rabitsy/
16-07-2021 10:31:27	bezheck.zaboripodkluch.ru	/
16-07-2021 10:31:27	bezheck.zaboripodkluch.ru	/3d-zabory/
16-07-2021 10:31:27	bezheck.zaboripodkluch.ru	/vorota/
16-07-2021 10:31:27	bezheck.zaboripodkluch.ru	/zabory-dlya-dachi/
16-07-2021 10:31:27	bezheck.zaboripodkluch.ru	/zabory-iz-metallicheskogo-shtaketnika/
16-07-2021 10:31:27	bezheck.zaboripodkluch.ru	/zabory-iz-profnastila/
16-07-2021 10:31:27	bezheck.zaboripodkluch.ru	/zabory-iz-setki-rabitsy/
16-07-2021 10:31:27	bgr.zaboripodkluch.ru	/
16-07-2021 10:31:27	bgr.zaboripodkluch.ru	/3d-zabory/
16-07-2021 10:31:27	bgr.zaboripodkluch.ru	/vorota/
16-07-2021 10:31:27	bgr.zaboripodkluch.ru	/zabory-dlya-dachi/
16-07-2021 10:31:27	bgr.zaboripodkluch.ru	/zabory-iz-metallicheskogo-shtaketnika/
16-07-2021 10:31:27	bgr.zaboripodkluch.ru	/zabory-iz-profnastila/
16-07-2021 10:31:27	bgr.zaboripodkluch.ru	/zabory-iz-setki-rabitsy/
16-07-2021 10:31:27	bologoe.zaboripodkluch.ru	/
16-07-2021 10:31:27	bologoe.zaboripodkluch.ru	/3d-zabory/
16-07-2021 10:31:27	bologoe.zaboripodkluch.ru	/vorota/
16-07-2021 10:31:27	bologoe.zaboripodkluch.ru	/zabory-dlya-dachi/
16-07-2021 10:31:27	bologoe.zaboripodkluch.ru	/zabory-iz-metallicheskogo-shtaketnika/
16-07-2021 10:31:27	bologoe.zaboripodkluch.ru	/zabory-iz-profnastila/
16-07-2021 10:31:27	bologoe.zaboripodkluch.ru	/zabory-iz-setki-rabitsy/
16-07-2021 10:31:27	bolohovo.zaboripodkluch.ru	/
16-07-2021 10:31:27	bolohovo.zaboripodkluch.ru	/3d-zabory/
16-07-2021 10:31:27	bolohovo.zaboripodkluch.ru	/vorota/
16-07-2021 10:31:27	bolohovo.zaboripodkluch.ru	/zabory-dlya-dachi/
16-07-2021 10:31:27	bolohovo.zaboripodkluch.ru	/zabory-iz-metallicheskogo-shtaketnika/
16-07-2021 10:31:27	bolohovo.zaboripodkluch.ru	/zabory-iz-profnastila/
16-07-2021 10:31:27	bolohovo.zaboripodkluch.ru	/zabory-iz-setki-rabitsy/
16-07-2021 10:31:27	bronnicy.zaboripodkluch.ru	/
16-07-2021 10:31:27	bronnicy.zaboripodkluch.ru	/3d-zabory/
16-07-2021 10:31:27	bronnicy.zaboripodkluch.ru	/vorota/
16-07-2021 10:31:27	bronnicy.zaboripodkluch.ru	/zabory-dlya-dachi/
16-07-2021 10:31:27	bronnicy.zaboripodkluch.ru	/zabory-iz-metallicheskogo-shtaketnika/
16-07-2021 10:31:27	bronnicy.zaboripodkluch.ru	/zabory-iz-profnastila/
16-07-2021 10:31:27	bronnicy.zaboripodkluch.ru	/zabory-iz-setki-rabitsy/
16-07-2021 10:31:27	chekalin.zaboripodkluch.ru	/
16-07-2021 10:31:27	chekalin.zaboripodkluch.ru	/3d-zabory/
16-07-2021 10:31:27	chekalin.zaboripodkluch.ru	/vorota/
16-07-2021 10:31:27	chekalin.zaboripodkluch.ru	/zabory-dlya-dachi/
16-07-2021 10:31:27	chekalin.zaboripodkluch.ru	/zabory-iz-metallicheskogo-shtaketnika/
16-07-2021 10:31:27	chekalin.zaboripodkluch.ru	/zabory-iz-profnastila/
16-07-2021 10:31:27	chekalin.zaboripodkluch.ru	/zabory-iz-setki-rabitsy/
16-07-2021 10:31:27	chekhov.zaboripodkluch.ru	/
16-07-2021 10:31:27	chekhov.zaboripodkluch.ru	/3d-zabory/
16-07-2021 10:31:27	chekhov.zaboripodkluch.ru	/vorota/
16-07-2021 10:31:27	chekhov.zaboripodkluch.ru	/zabory-dlya-dachi/
16-07-2021 10:31:27	chekhov.zaboripodkluch.ru	/zabory-iz-metallicheskogo-shtaketnika/
16-07-2021 10:31:27	chekhov.zaboripodkluch.ru	/zabory-iz-profnastila/
16-07-2021 10:31:27	chekhov.zaboripodkluch.ru	/zabory-iz-setki-rabitsy/
16-07-2021 10:31:27	chernogolovka.zaboripodkluch.ru	/
16-07-2021 10:31:27	chernogolovka.zaboripodkluch.ru	/3d-zabory/
16-07-2021 10:31:27	chernogolovka.zaboripodkluch.ru	/vorota/
16-07-2021 10:31:27	chernogolovka.zaboripodkluch.ru	/zabory-dlya-dachi/
16-07-2021 10:31:27	chernogolovka.zaboripodkluch.ru	/zabory-iz-metallicheskogo-shtaketnika/
16-07-2021 10:31:27	chernogolovka.zaboripodkluch.ru	/zabory-iz-profnastila/
16-07-2021 10:31:27	chernogolovka.zaboripodkluch.ru	/zabory-iz-setki-rabitsy/
16-07-2021 10:31:27	dedovsk.zaboripodkluch.ru	/
16-07-2021 10:31:27	dedovsk.zaboripodkluch.ru	/3d-zabory/
16-07-2021 10:31:27	dedovsk.zaboripodkluch.ru	/vorota/
16-07-2021 10:31:27	dedovsk.zaboripodkluch.ru	/zabory-dlya-dachi/
16-07-2021 10:31:27	dedovsk.zaboripodkluch.ru	/zabory-iz-metallicheskogo-shtaketnika/
16-07-2021 10:31:27	dedovsk.zaboripodkluch.ru	/zabory-iz-profnastila/
16-07-2021 10:31:27	dedovsk.zaboripodkluch.ru	/zabory-iz-setki-rabitsy/
16-07-2021 10:31:27	demidov.zaboripodkluch.ru	/
16-07-2021 10:31:27	demidov.zaboripodkluch.ru	/3d-zabory/
16-07-2021 10:31:28	demidov.zaboripodkluch.ru	/vorota/
16-07-2021 10:31:28	demidov.zaboripodkluch.ru	/zabory-dlya-dachi/
16-07-2021 10:31:28	demidov.zaboripodkluch.ru	/zabory-iz-metallicheskogo-shtaketnika/
16-07-2021 10:31:28	demidov.zaboripodkluch.ru	/zabory-iz-profnastila/
16-07-2021 10:31:28	demidov.zaboripodkluch.ru	/zabory-iz-setki-rabitsy/
16-07-2021 10:31:28	desnogorsk.zaboripodkluch.ru	/
16-07-2021 10:31:28	desnogorsk.zaboripodkluch.ru	/3d-zabory/
16-07-2021 10:31:28	desnogorsk.zaboripodkluch.ru	/vorota/
16-07-2021 10:31:28	desnogorsk.zaboripodkluch.ru	/zabory-dlya-dachi/
16-07-2021 10:31:28	desnogorsk.zaboripodkluch.ru	/zabory-iz-metallicheskogo-shtaketnika/
16-07-2021 10:31:28	desnogorsk.zaboripodkluch.ru	/zabory-iz-profnastila/
16-07-2021 10:31:28	desnogorsk.zaboripodkluch.ru	/zabory-iz-setki-rabitsy/
16-07-2021 10:31:28	dmitrov.zaboripodkluch.ru	/
16-07-2021 10:31:28	dmitrov.zaboripodkluch.ru	/3d-zabory/
16-07-2021 10:31:28	dmitrov.zaboripodkluch.ru	/vorota/
16-07-2021 10:31:28	dmitrov.zaboripodkluch.ru	/zabory-dlya-dachi/
16-07-2021 10:31:28	dmitrov.zaboripodkluch.ru	/zabory-iz-metallicheskogo-shtaketnika/
16-07-2021 10:31:28	dmitrov.zaboripodkluch.ru	/zabory-iz-profnastila/
16-07-2021 10:31:28	dmitrov.zaboripodkluch.ru	/zabory-iz-setki-rabitsy/
16-07-2021 10:31:28	dolgoprudnyj.zaboripodkluch.ru	/
16-07-2021 10:31:28	dolgoprudnyj.zaboripodkluch.ru	/3d-zabory/
16-07-2021 10:31:28	dolgoprudnyj.zaboripodkluch.ru	/vorota/
16-07-2021 10:31:28	dolgoprudnyj.zaboripodkluch.ru	/zabory-dlya-dachi/
16-07-2021 10:31:28	dolgoprudnyj.zaboripodkluch.ru	/zabory-iz-metallicheskogo-shtaketnika/
16-07-2021 10:31:28	dolgoprudnyj.zaboripodkluch.ru	/zabory-iz-profnastila/
16-07-2021 10:31:28	dolgoprudnyj.zaboripodkluch.ru	/zabory-iz-setki-rabitsy/
16-07-2021 10:31:28	domodedovo.zaboripodkluch.ru	/
16-07-2021 10:31:28	domodedovo.zaboripodkluch.ru	/3d-zabory/
16-07-2021 10:31:28	domodedovo.zaboripodkluch.ru	/vorota/
16-07-2021 10:31:28	domodedovo.zaboripodkluch.ru	/zabory-dlya-dachi/
16-07-2021 10:31:28	domodedovo.zaboripodkluch.ru	/zabory-iz-metallicheskogo-shtaketnika/
16-07-2021 10:31:28	domodedovo.zaboripodkluch.ru	/zabory-iz-profnastila/
16-07-2021 10:31:28	domodedovo.zaboripodkluch.ru	/zabory-iz-setki-rabitsy/
16-07-2021 10:31:28	donskoy.zaboripodkluch.ru	/
16-07-2021 10:31:28	donskoy.zaboripodkluch.ru	/3d-zabory/
16-07-2021 10:31:28	donskoy.zaboripodkluch.ru	/vorota/
16-07-2021 10:31:28	donskoy.zaboripodkluch.ru	/zabory-dlya-dachi/
16-07-2021 10:31:28	donskoy.zaboripodkluch.ru	/zabory-iz-metallicheskogo-shtaketnika/
16-07-2021 10:31:28	donskoy.zaboripodkluch.ru	/zabory-iz-profnastila/
16-07-2021 10:31:28	donskoy.zaboripodkluch.ru	/zabory-iz-setki-rabitsy/
16-07-2021 10:31:28	dorogobuzh.zaboripodkluch.ru	/
16-07-2021 10:31:28	dorogobuzh.zaboripodkluch.ru	/3d-zabory/
16-07-2021 10:31:28	dorogobuzh.zaboripodkluch.ru	/vorota/
16-07-2021 10:31:28	dorogobuzh.zaboripodkluch.ru	/zabory-dlya-dachi/
16-07-2021 10:31:28	dorogobuzh.zaboripodkluch.ru	/zabory-iz-metallicheskogo-shtaketnika/
16-07-2021 10:31:28	dorogobuzh.zaboripodkluch.ru	/zabory-iz-profnastila/
16-07-2021 10:31:28	dorogobuzh.zaboripodkluch.ru	/zabory-iz-setki-rabitsy/
16-07-2021 10:31:28	drezna.zaboripodkluch.ru	/
16-07-2021 10:31:28	drezna.zaboripodkluch.ru	/3d-zabory/
16-07-2021 10:31:28	drezna.zaboripodkluch.ru	/vorota/
16-07-2021 10:31:28	drezna.zaboripodkluch.ru	/zabory-dlya-dachi/
16-07-2021 10:31:28	drezna.zaboripodkluch.ru	/zabory-iz-metallicheskogo-shtaketnika/
16-07-2021 10:31:28	drezna.zaboripodkluch.ru	/zabory-iz-profnastila/
16-07-2021 10:31:28	drezna.zaboripodkluch.ru	/zabory-iz-setki-rabitsy/
16-07-2021 10:31:28	dubna.zaboripodkluch.ru	/
16-07-2021 10:31:28	dubna.zaboripodkluch.ru	/3d-zabory/
16-07-2021 10:31:28	dubna.zaboripodkluch.ru	/vorota/
16-07-2021 10:31:28	dubna.zaboripodkluch.ru	/zabory-dlya-dachi/
16-07-2021 10:31:28	dubna.zaboripodkluch.ru	/zabory-iz-metallicheskogo-shtaketnika/
16-07-2021 10:31:28	dubna.zaboripodkluch.ru	/zabory-iz-profnastila/
16-07-2021 10:31:28	dubna.zaboripodkluch.ru	/zabory-iz-setki-rabitsy/
16-07-2021 10:31:28	duhovshchina.zaboripodkluch.ru	/
16-07-2021 10:31:28	duhovshchina.zaboripodkluch.ru	/3d-zabory/
16-07-2021 10:31:28	duhovshchina.zaboripodkluch.ru	/vorota/
16-07-2021 10:31:28	duhovshchina.zaboripodkluch.ru	/zabory-dlya-dachi/
16-07-2021 10:31:28	duhovshchina.zaboripodkluch.ru	/zabory-iz-metallicheskogo-shtaketnika/
16-07-2021 10:31:28	duhovshchina.zaboripodkluch.ru	/zabory-iz-profnastila/
16-07-2021 10:31:28	duhovshchina.zaboripodkluch.ru	/zabory-iz-setki-rabitsy/
16-07-2021 10:31:28	dzerzhinskij.zaboripodkluch.ru	/
16-07-2021 10:31:28	dzerzhinskij.zaboripodkluch.ru	/3d-zabory/
16-07-2021 10:31:28	dzerzhinskij.zaboripodkluch.ru	/vorota/
16-07-2021 10:31:28	dzerzhinskij.zaboripodkluch.ru	/zabory-dlya-dachi/
16-07-2021 10:31:28	dzerzhinskij.zaboripodkluch.ru	/zabory-iz-metallicheskogo-shtaketnika/
16-07-2021 10:31:28	dzerzhinskij.zaboripodkluch.ru	/zabory-iz-profnastila/
16-07-2021 10:31:28	dzerzhinskij.zaboripodkluch.ru	/zabory-iz-setki-rabitsy/
16-07-2021 10:31:28	efremov.zaboripodkluch.ru	/
16-07-2021 10:31:28	efremov.zaboripodkluch.ru	/3d-zabory/
16-07-2021 10:31:28	efremov.zaboripodkluch.ru	/vorota/
16-07-2021 10:31:28	efremov.zaboripodkluch.ru	/zabory-dlya-dachi/
16-07-2021 10:31:28	efremov.zaboripodkluch.ru	/zabory-iz-metallicheskogo-shtaketnika/
16-07-2021 10:31:28	efremov.zaboripodkluch.ru	/zabory-iz-profnastila/
16-07-2021 10:31:28	efremov.zaboripodkluch.ru	/zabory-iz-setki-rabitsy/
16-07-2021 10:31:28	egorevsk.zaboripodkluch.ru	/
16-07-2021 10:31:28	egorevsk.zaboripodkluch.ru	/3d-zabory/
16-07-2021 10:31:29	egorevsk.zaboripodkluch.ru	/vorota/
16-07-2021 10:31:29	egorevsk.zaboripodkluch.ru	/zabory-dlya-dachi/
16-07-2021 10:31:29	egorevsk.zaboripodkluch.ru	/zabory-iz-metallicheskogo-shtaketnika/
16-07-2021 10:31:29	egorevsk.zaboripodkluch.ru	/zabory-iz-profnastila/
16-07-2021 10:31:29	egorevsk.zaboripodkluch.ru	/zabory-iz-setki-rabitsy/
16-07-2021 10:31:29	elektrogorsk.zaboripodkluch.ru	/
16-07-2021 10:31:29	elektrogorsk.zaboripodkluch.ru	/3d-zabory/
16-07-2021 10:31:29	elektrogorsk.zaboripodkluch.ru	/vorota/
16-07-2021 10:31:29	elektrogorsk.zaboripodkluch.ru	/zabory-dlya-dachi/
16-07-2021 10:31:29	elektrogorsk.zaboripodkluch.ru	/zabory-iz-metallicheskogo-shtaketnika/
16-07-2021 10:31:29	elektrogorsk.zaboripodkluch.ru	/zabory-iz-profnastila/
16-07-2021 10:31:29	elektrogorsk.zaboripodkluch.ru	/zabory-iz-setki-rabitsy/
16-07-2021 10:31:29	elektrostal.zaboripodkluch.ru	/
16-07-2021 10:31:29	elektrostal.zaboripodkluch.ru	/3d-zabory/
16-07-2021 10:31:29	elektrostal.zaboripodkluch.ru	/vorota/
16-07-2021 10:31:29	elektrostal.zaboripodkluch.ru	/zabory-dlya-dachi/
16-07-2021 10:31:29	elektrostal.zaboripodkluch.ru	/zabory-iz-metallicheskogo-shtaketnika/
16-07-2021 10:31:29	elektrostal.zaboripodkluch.ru	/zabory-iz-profnastila/
16-07-2021 10:31:29	elektrostal.zaboripodkluch.ru	/zabory-iz-setki-rabitsy/
16-07-2021 10:31:29	elektrougli.zaboripodkluch.ru	/
16-07-2021 10:31:29	elektrougli.zaboripodkluch.ru	/3d-zabory/
16-07-2021 10:31:29	elektrougli.zaboripodkluch.ru	/vorota/
16-07-2021 10:31:29	elektrougli.zaboripodkluch.ru	/zabory-dlya-dachi/
16-07-2021 10:31:29	elektrougli.zaboripodkluch.ru	/zabory-iz-metallicheskogo-shtaketnika/
16-07-2021 10:31:29	elektrougli.zaboripodkluch.ru	/zabory-iz-profnastila/
16-07-2021 10:31:29	elektrougli.zaboripodkluch.ru	/zabory-iz-setki-rabitsy/
16-07-2021 10:31:29	elnya.zaboripodkluch.ru	/
16-07-2021 10:31:29	elnya.zaboripodkluch.ru	/3d-zabory/
16-07-2021 10:31:29	elnya.zaboripodkluch.ru	/vorota/
16-07-2021 10:31:29	elnya.zaboripodkluch.ru	/zabory-dlya-dachi/
16-07-2021 10:31:29	elnya.zaboripodkluch.ru	/zabory-iz-metallicheskogo-shtaketnika/
16-07-2021 10:31:29	elnya.zaboripodkluch.ru	/zabory-iz-profnastila/
16-07-2021 10:31:29	elnya.zaboripodkluch.ru	/zabory-iz-setki-rabitsy/
16-07-2021 10:31:29	ermolino.zaboripodkluch.ru	/
16-07-2021 10:31:29	ermolino.zaboripodkluch.ru	/3d-zabory/
16-07-2021 10:31:29	ermolino.zaboripodkluch.ru	/vorota/
16-07-2021 10:31:29	ermolino.zaboripodkluch.ru	/zabory-dlya-dachi/
16-07-2021 10:31:29	ermolino.zaboripodkluch.ru	/zabory-iz-metallicheskogo-shtaketnika/
16-07-2021 10:31:29	ermolino.zaboripodkluch.ru	/zabory-iz-profnastila/
16-07-2021 10:31:29	ermolino.zaboripodkluch.ru	/zabory-iz-setki-rabitsy/
16-07-2021 10:31:29	fryazino.zaboripodkluch.ru	/
16-07-2021 10:31:29	fryazino.zaboripodkluch.ru	/3d-zabory/
16-07-2021 10:31:29	fryazino.zaboripodkluch.ru	/vorota/
16-07-2021 10:31:29	fryazino.zaboripodkluch.ru	/zabory-dlya-dachi/
16-07-2021 10:31:29	fryazino.zaboripodkluch.ru	/zabory-iz-metallicheskogo-shtaketnika/
16-07-2021 10:31:29	fryazino.zaboripodkluch.ru	/zabory-iz-profnastila/
16-07-2021 10:31:29	fryazino.zaboripodkluch.ru	/zabory-iz-setki-rabitsy/
16-07-2021 10:31:29	gagarin.zaboripodkluch.ru	/
16-07-2021 10:31:29	gagarin.zaboripodkluch.ru	/3d-zabory/
16-07-2021 10:31:29	gagarin.zaboripodkluch.ru	/vorota/
16-07-2021 10:31:29	gagarin.zaboripodkluch.ru	/zabory-dlya-dachi/
16-07-2021 10:31:29	gagarin.zaboripodkluch.ru	/zabory-iz-metallicheskogo-shtaketnika/
16-07-2021 10:31:29	gagarin.zaboripodkluch.ru	/zabory-iz-profnastila/
16-07-2021 10:31:29	gagarin.zaboripodkluch.ru	/zabory-iz-setki-rabitsy/
16-07-2021 10:31:29	golicyno.zaboripodkluch.ru	/
16-07-2021 10:31:29	golicyno.zaboripodkluch.ru	/3d-zabory/
16-07-2021 10:31:29	golicyno.zaboripodkluch.ru	/vorota/
16-07-2021 10:31:29	golicyno.zaboripodkluch.ru	/zabory-dlya-dachi/
16-07-2021 10:31:29	golicyno.zaboripodkluch.ru	/zabory-iz-metallicheskogo-shtaketnika/
16-07-2021 10:31:29	golicyno.zaboripodkluch.ru	/zabory-iz-profnastila/
16-07-2021 10:31:29	golicyno.zaboripodkluch.ru	/zabory-iz-setki-rabitsy/
16-07-2021 10:31:29	gorohovec.zaboripodkluch.ru	/
16-07-2021 10:31:29	gorohovec.zaboripodkluch.ru	/3d-zabory/
16-07-2021 10:31:29	gorohovec.zaboripodkluch.ru	/vorota/
16-07-2021 10:31:29	gorohovec.zaboripodkluch.ru	/zabory-dlya-dachi/
16-07-2021 10:31:29	gorohovec.zaboripodkluch.ru	/zabory-iz-metallicheskogo-shtaketnika/
16-07-2021 10:31:29	gorohovec.zaboripodkluch.ru	/zabory-iz-profnastila/
16-07-2021 10:31:29	gorohovec.zaboripodkluch.ru	/zabory-iz-setki-rabitsy/
16-07-2021 10:31:29	gus-hrustalnyo.zaboripodkluch.ru	/
16-07-2021 10:31:29	gus-hrustalnyo.zaboripodkluch.ru	/3d-zabory/
16-07-2021 10:31:29	gus-hrustalnyo.zaboripodkluch.ru	/vorota/
16-07-2021 10:31:29	gus-hrustalnyo.zaboripodkluch.ru	/zabory-dlya-dachi/
16-07-2021 10:31:29	gus-hrustalnyo.zaboripodkluch.ru	/zabory-iz-metallicheskogo-shtaketnika/
16-07-2021 10:31:29	gus-hrustalnyo.zaboripodkluch.ru	/zabory-iz-profnastila/
16-07-2021 10:31:29	gus-hrustalnyo.zaboripodkluch.ru	/zabory-iz-setki-rabitsy/
16-07-2021 10:31:29	himki.zaboripodkluch.ru	/
16-07-2021 10:31:29	himki.zaboripodkluch.ru	/3d-zabory/
16-07-2021 10:31:29	himki.zaboripodkluch.ru	/vorota/
16-07-2021 10:31:29	himki.zaboripodkluch.ru	/zabory-dlya-dachi/
16-07-2021 10:31:29	himki.zaboripodkluch.ru	/zabory-iz-metallicheskogo-shtaketnika/
16-07-2021 10:31:29	himki.zaboripodkluch.ru	/zabory-iz-profnastila/
16-07-2021 10:31:29	himki.zaboripodkluch.ru	/zabory-iz-setki-rabitsy/
16-07-2021 10:31:29	hotkovo.zaboripodkluch.ru	/
16-07-2021 10:31:29	hotkovo.zaboripodkluch.ru	/3d-zabory/
16-07-2021 10:31:29	hotkovo.zaboripodkluch.ru	/vorota/
16-07-2021 10:31:29	hotkovo.zaboripodkluch.ru	/zabory-dlya-dachi/
16-07-2021 10:31:29	hotkovo.zaboripodkluch.ru	/zabory-iz-metallicheskogo-shtaketnika/
16-07-2021 10:31:30	hotkovo.zaboripodkluch.ru	/zabory-iz-profnastila/
16-07-2021 10:31:30	hotkovo.zaboripodkluch.ru	/zabory-iz-setki-rabitsy/
16-07-2021 10:31:30	istra.zaboripodkluch.ru	/
16-07-2021 10:31:30	istra.zaboripodkluch.ru	/3d-zabory/
16-07-2021 10:31:30	istra.zaboripodkluch.ru	/vorota/
16-07-2021 10:31:30	istra.zaboripodkluch.ru	/zabory-dlya-dachi/
16-07-2021 10:31:30	istra.zaboripodkluch.ru	/zabory-iz-metallicheskogo-shtaketnika/
16-07-2021 10:31:30	istra.zaboripodkluch.ru	/zabory-iz-profnastila/
16-07-2021 10:31:30	istra.zaboripodkluch.ru	/zabory-iz-setki-rabitsy/
16-07-2021 10:31:30	ivanteevka.zaboripodkluch.ru	/
16-07-2021 10:31:30	ivanteevka.zaboripodkluch.ru	/3d-zabory/
16-07-2021 10:31:30	ivanteevka.zaboripodkluch.ru	/vorota/
16-07-2021 10:31:30	ivanteevka.zaboripodkluch.ru	/zabory-dlya-dachi/
16-07-2021 10:31:30	ivanteevka.zaboripodkluch.ru	/zabory-iz-metallicheskogo-shtaketnika/
16-07-2021 10:31:30	ivanteevka.zaboripodkluch.ru	/zabory-iz-profnastila/
16-07-2021 10:31:30	ivanteevka.zaboripodkluch.ru	/zabory-iz-setki-rabitsy/
16-07-2021 10:31:30	kaluga.zaboripodkluch.ru	/
16-07-2021 10:31:30	kaluga.zaboripodkluch.ru	/3d-zabory/
16-07-2021 10:31:30	kaluga.zaboripodkluch.ru	/vorota/
16-07-2021 10:31:30	kaluga.zaboripodkluch.ru	/zabory-dlya-dachi/
16-07-2021 10:31:30	kaluga.zaboripodkluch.ru	/zabory-iz-metallicheskogo-shtaketnika/
16-07-2021 10:31:30	kaluga.zaboripodkluch.ru	/zabory-iz-profnastila/
16-07-2021 10:31:30	kaluga.zaboripodkluch.ru	/zabory-iz-setki-rabitsy/
16-07-2021 10:31:30	kalyazin.zaboripodkluch.ru	/
16-07-2021 10:31:30	kalyazin.zaboripodkluch.ru	/3d-zabory/
16-07-2021 10:31:30	kalyazin.zaboripodkluch.ru	/vorota/
16-07-2021 10:31:30	kalyazin.zaboripodkluch.ru	/zabory-dlya-dachi/
16-07-2021 10:31:30	kalyazin.zaboripodkluch.ru	/zabory-iz-metallicheskogo-shtaketnika/
16-07-2021 10:31:30	kalyazin.zaboripodkluch.ru	/zabory-iz-profnastila/
16-07-2021 10:31:30	kalyazin.zaboripodkluch.ru	/zabory-iz-setki-rabitsy/
16-07-2021 10:31:30	kameshkovo.zaboripodkluch.ru	/
16-07-2021 10:31:30	kameshkovo.zaboripodkluch.ru	/3d-zabory/
16-07-2021 10:31:30	kameshkovo.zaboripodkluch.ru	/vorota/
16-07-2021 10:31:30	kameshkovo.zaboripodkluch.ru	/zabory-dlya-dachi/
16-07-2021 10:31:30	kameshkovo.zaboripodkluch.ru	/zabory-iz-metallicheskogo-shtaketnika/
16-07-2021 10:31:30	kameshkovo.zaboripodkluch.ru	/zabory-iz-profnastila/
16-07-2021 10:31:30	kameshkovo.zaboripodkluch.ru	/zabory-iz-setki-rabitsy/
16-07-2021 10:31:30	karabanovo.zaboripodkluch.ru	/
16-07-2021 10:31:30	karabanovo.zaboripodkluch.ru	/3d-zabory/
16-07-2021 10:31:30	karabanovo.zaboripodkluch.ru	/vorota/
16-07-2021 10:31:30	karabanovo.zaboripodkluch.ru	/zabory-dlya-dachi/
16-07-2021 10:31:30	karabanovo.zaboripodkluch.ru	/zabory-iz-metallicheskogo-shtaketnika/
16-07-2021 10:31:30	karabanovo.zaboripodkluch.ru	/zabory-iz-profnastila/
16-07-2021 10:31:30	karabanovo.zaboripodkluch.ru	/zabory-iz-setki-rabitsy/
16-07-2021 10:31:30	kashin.zaboripodkluch.ru	/
16-07-2021 10:31:30	kashin.zaboripodkluch.ru	/3d-zabory/
16-07-2021 10:31:30	kashin.zaboripodkluch.ru	/vorota/
16-07-2021 10:31:30	kashin.zaboripodkluch.ru	/zabory-dlya-dachi/
16-07-2021 10:31:30	kashin.zaboripodkluch.ru	/zabory-iz-metallicheskogo-shtaketnika/
16-07-2021 10:31:30	kashin.zaboripodkluch.ru	/zabory-iz-profnastila/
16-07-2021 10:31:30	kashin.zaboripodkluch.ru	/zabory-iz-setki-rabitsy/
16-07-2021 10:31:30	kashira.zaboripodkluch.ru	/
16-07-2021 10:31:30	kashira.zaboripodkluch.ru	/3d-zabory/
16-07-2021 10:31:30	kashira.zaboripodkluch.ru	/vorota/
16-07-2021 10:31:30	kashira.zaboripodkluch.ru	/zabory-dlya-dachi/
16-07-2021 10:31:30	kashira.zaboripodkluch.ru	/zabory-iz-metallicheskogo-shtaketnika/
16-07-2021 10:31:30	kashira.zaboripodkluch.ru	/zabory-iz-profnastila/
16-07-2021 10:31:30	kashira.zaboripodkluch.ru	/zabory-iz-setki-rabitsy/
16-07-2021 10:31:30	kasimov.zaboripodkluch.ru	/
16-07-2021 10:31:30	kasimov.zaboripodkluch.ru	/3d-zabory/
16-07-2021 10:31:30	kasimov.zaboripodkluch.ru	/vorota/
16-07-2021 10:31:30	kasimov.zaboripodkluch.ru	/zabory-dlya-dachi/
16-07-2021 10:31:30	kasimov.zaboripodkluch.ru	/zabory-iz-metallicheskogo-shtaketnika/
16-07-2021 10:31:30	kasimov.zaboripodkluch.ru	/zabory-iz-profnastila/
16-07-2021 10:31:30	kasimov.zaboripodkluch.ru	/zabory-iz-setki-rabitsy/
16-07-2021 10:31:30	kimovsk.zaboripodkluch.ru	/
16-07-2021 10:31:30	kimovsk.zaboripodkluch.ru	/3d-zabory/
16-07-2021 10:31:30	kimovsk.zaboripodkluch.ru	/vorota/
16-07-2021 10:31:30	kimovsk.zaboripodkluch.ru	/zabory-dlya-dachi/
16-07-2021 10:31:30	kimovsk.zaboripodkluch.ru	/zabory-iz-metallicheskogo-shtaketnika/
16-07-2021 10:31:30	kimovsk.zaboripodkluch.ru	/zabory-iz-profnastila/
16-07-2021 10:31:30	kimovsk.zaboripodkluch.ru	/zabory-iz-setki-rabitsy/
16-07-2021 10:31:30	kimry.zaboripodkluch.ru	/
16-07-2021 10:31:30	kimry.zaboripodkluch.ru	/3d-zabory/
16-07-2021 10:31:30	kimry.zaboripodkluch.ru	/vorota/
16-07-2021 10:31:30	kimry.zaboripodkluch.ru	/zabory-dlya-dachi/
16-07-2021 10:31:30	kimry.zaboripodkluch.ru	/zabory-iz-metallicheskogo-shtaketnika/
16-07-2021 10:31:30	kimry.zaboripodkluch.ru	/zabory-iz-profnastila/
16-07-2021 10:31:30	kimry.zaboripodkluch.ru	/zabory-iz-setki-rabitsy/
16-07-2021 10:31:30	kireevsk.zaboripodkluch.ru	/
16-07-2021 10:31:30	kireevsk.zaboripodkluch.ru	/3d-zabory/
16-07-2021 10:31:30	kireevsk.zaboripodkluch.ru	/vorota/
16-07-2021 10:31:30	kireevsk.zaboripodkluch.ru	/zabory-dlya-dachi/
16-07-2021 10:31:30	kireevsk.zaboripodkluch.ru	/zabory-iz-metallicheskogo-shtaketnika/
16-07-2021 10:31:30	kireevsk.zaboripodkluch.ru	/zabory-iz-profnastila/
16-07-2021 10:31:30	kireevsk.zaboripodkluch.ru	/zabory-iz-setki-rabitsy/
16-07-2021 10:31:30	kirzhach.zaboripodkluch.ru	/
16-07-2021 10:31:30	kirzhach.zaboripodkluch.ru	/3d-zabory/
16-07-2021 10:31:30	kirzhach.zaboripodkluch.ru	/vorota/
16-07-2021 10:31:31	kirzhach.zaboripodkluch.ru	/zabory-dlya-dachi/
16-07-2021 10:31:31	kirzhach.zaboripodkluch.ru	/zabory-iz-metallicheskogo-shtaketnika/
16-07-2021 10:31:31	kirzhach.zaboripodkluch.ru	/zabory-iz-profnastila/
16-07-2021 10:31:31	kirzhach.zaboripodkluch.ru	/zabory-iz-setki-rabitsy/
16-07-2021 10:31:31	klimovsk.zaboripodkluch.ru	/
16-07-2021 10:31:31	klimovsk.zaboripodkluch.ru	/3d-zabory/
16-07-2021 10:31:31	klimovsk.zaboripodkluch.ru	/vorota/
16-07-2021 10:31:31	klimovsk.zaboripodkluch.ru	/zabory-dlya-dachi/
16-07-2021 10:31:31	klimovsk.zaboripodkluch.ru	/zabory-iz-metallicheskogo-shtaketnika/
16-07-2021 10:31:31	klimovsk.zaboripodkluch.ru	/zabory-iz-profnastila/
16-07-2021 10:31:31	klimovsk.zaboripodkluch.ru	/zabory-iz-setki-rabitsy/
16-07-2021 10:31:31	klin.zaboripodkluch.ru	/
16-07-2021 10:31:31	klin.zaboripodkluch.ru	/3d-zabory/
16-07-2021 10:31:31	klin.zaboripodkluch.ru	/vorota/
16-07-2021 10:31:31	klin.zaboripodkluch.ru	/zabory-dlya-dachi/
16-07-2021 10:31:31	klin.zaboripodkluch.ru	/zabory-iz-metallicheskogo-shtaketnika/
16-07-2021 10:31:31	klin.zaboripodkluch.ru	/zabory-iz-profnastila/
16-07-2021 10:31:31	klin.zaboripodkluch.ru	/zabory-iz-setki-rabitsy/
16-07-2021 10:31:31	kolchugino.zaboripodkluch.ru	/
16-07-2021 10:31:31	kolchugino.zaboripodkluch.ru	/3d-zabory/
16-07-2021 10:31:31	kolchugino.zaboripodkluch.ru	/vorota/
16-07-2021 10:31:31	kolchugino.zaboripodkluch.ru	/zabory-dlya-dachi/
16-07-2021 10:31:31	kolchugino.zaboripodkluch.ru	/zabory-iz-metallicheskogo-shtaketnika/
16-07-2021 10:31:31	kolchugino.zaboripodkluch.ru	/zabory-iz-profnastila/
16-07-2021 10:31:31	kolchugino.zaboripodkluch.ru	/zabory-iz-setki-rabitsy/
16-07-2021 10:31:31	kolomna.zaboripodkluch.ru	/
16-07-2021 10:31:31	kolomna.zaboripodkluch.ru	/3d-zabory/
16-07-2021 10:31:31	kolomna.zaboripodkluch.ru	/vorota/
16-07-2021 10:31:31	kolomna.zaboripodkluch.ru	/zabory-dlya-dachi/
16-07-2021 10:31:31	kolomna.zaboripodkluch.ru	/zabory-iz-metallicheskogo-shtaketnika/
16-07-2021 10:31:31	kolomna.zaboripodkluch.ru	/zabory-iz-profnastila/
16-07-2021 10:31:31	kolomna.zaboripodkluch.ru	/zabory-iz-setki-rabitsy/
16-07-2021 10:31:31	konakovo.zaboripodkluch.ru	/
16-07-2021 10:31:31	konakovo.zaboripodkluch.ru	/3d-zabory/
16-07-2021 10:31:31	konakovo.zaboripodkluch.ru	/vorota/
16-07-2021 10:31:31	konakovo.zaboripodkluch.ru	/zabory-dlya-dachi/
16-07-2021 10:31:31	konakovo.zaboripodkluch.ru	/zabory-iz-metallicheskogo-shtaketnika/
16-07-2021 10:31:31	konakovo.zaboripodkluch.ru	/zabory-iz-profnastila/
16-07-2021 10:31:31	konakovo.zaboripodkluch.ru	/zabory-iz-setki-rabitsy/
16-07-2021 10:31:31	kondrovo.zaboripodkluch.ru	/
16-07-2021 10:31:31	kondrovo.zaboripodkluch.ru	/3d-zabory/
16-07-2021 10:31:31	kondrovo.zaboripodkluch.ru	/vorota/
16-07-2021 10:31:31	kondrovo.zaboripodkluch.ru	/zabory-dlya-dachi/
16-07-2021 10:31:31	kondrovo.zaboripodkluch.ru	/zabory-iz-metallicheskogo-shtaketnika/
16-07-2021 10:31:31	kondrovo.zaboripodkluch.ru	/zabory-iz-profnastila/
16-07-2021 10:31:31	kondrovo.zaboripodkluch.ru	/zabory-iz-setki-rabitsy/
16-07-2021 10:31:31	korablino.zaboripodkluch.ru	/
16-07-2021 10:31:31	korablino.zaboripodkluch.ru	/3d-zabory/
16-07-2021 10:31:31	korablino.zaboripodkluch.ru	/vorota/
16-07-2021 10:31:31	korablino.zaboripodkluch.ru	/zabory-dlya-dachi/
16-07-2021 10:31:31	korablino.zaboripodkluch.ru	/zabory-iz-metallicheskogo-shtaketnika/
16-07-2021 10:31:31	korablino.zaboripodkluch.ru	/zabory-iz-profnastila/
16-07-2021 10:31:31	korablino.zaboripodkluch.ru	/zabory-iz-setki-rabitsy/
16-07-2021 10:31:31	korolyov.zaboripodkluch.ru	/
16-07-2021 10:31:31	korolyov.zaboripodkluch.ru	/3d-zabory/
16-07-2021 10:31:31	korolyov.zaboripodkluch.ru	/vorota/
16-07-2021 10:31:31	korolyov.zaboripodkluch.ru	/zabory-dlya-dachi/
16-07-2021 10:31:31	korolyov.zaboripodkluch.ru	/zabory-iz-metallicheskogo-shtaketnika/
16-07-2021 10:31:31	korolyov.zaboripodkluch.ru	/zabory-iz-profnastila/
16-07-2021 10:31:31	korolyov.zaboripodkluch.ru	/zabory-iz-setki-rabitsy/
16-07-2021 10:31:31	kosteryovo.zaboripodkluch.ru	/
16-07-2021 10:31:31	kosteryovo.zaboripodkluch.ru	/3d-zabory/
16-07-2021 10:31:31	kosteryovo.zaboripodkluch.ru	/vorota/
16-07-2021 10:31:31	kosteryovo.zaboripodkluch.ru	/zabory-dlya-dachi/
16-07-2021 10:31:31	kosteryovo.zaboripodkluch.ru	/zabory-iz-metallicheskogo-shtaketnika/
16-07-2021 10:31:31	kosteryovo.zaboripodkluch.ru	/zabory-iz-profnastila/
16-07-2021 10:31:31	kosteryovo.zaboripodkluch.ru	/zabory-iz-setki-rabitsy/
16-07-2021 10:31:31	kotelniki.zaboripodkluch.ru	/
16-07-2021 10:31:31	kotelniki.zaboripodkluch.ru	/3d-zabory/
16-07-2021 10:31:31	kotelniki.zaboripodkluch.ru	/vorota/
16-07-2021 10:31:31	kotelniki.zaboripodkluch.ru	/zabory-dlya-dachi/
16-07-2021 10:31:31	kotelniki.zaboripodkluch.ru	/zabory-iz-metallicheskogo-shtaketnika/
16-07-2021 10:31:31	kotelniki.zaboripodkluch.ru	/zabory-iz-profnastila/
16-07-2021 10:31:31	kotelniki.zaboripodkluch.ru	/zabory-iz-setki-rabitsy/
16-07-2021 10:31:31	kovrov.zaboripodkluch.ru	/
16-07-2021 10:31:31	kovrov.zaboripodkluch.ru	/3d-zabory/
16-07-2021 10:31:31	kovrov.zaboripodkluch.ru	/vorota/
16-07-2021 10:31:31	kovrov.zaboripodkluch.ru	/zabory-dlya-dachi/
16-07-2021 10:31:31	kovrov.zaboripodkluch.ru	/zabory-iz-metallicheskogo-shtaketnika/
16-07-2021 10:31:31	kovrov.zaboripodkluch.ru	/zabory-iz-profnastila/
16-07-2021 10:31:31	kovrov.zaboripodkluch.ru	/zabory-iz-setki-rabitsy/
16-07-2021 10:31:31	kozelsk.zaboripodkluch.ru	/
16-07-2021 10:31:31	kozelsk.zaboripodkluch.ru	/3d-zabory/
16-07-2021 10:31:31	kozelsk.zaboripodkluch.ru	/vorota/
16-07-2021 10:31:31	kozelsk.zaboripodkluch.ru	/zabory-dlya-dachi/
16-07-2021 10:31:31	kozelsk.zaboripodkluch.ru	/zabory-iz-metallicheskogo-shtaketnika/
16-07-2021 10:31:32	kozelsk.zaboripodkluch.ru	/zabory-iz-profnastila/
16-07-2021 10:31:32	kozelsk.zaboripodkluch.ru	/zabory-iz-setki-rabitsy/
16-07-2021 10:31:32	kr-zavod.zaboripodkluch.ru	/
16-07-2021 10:31:32	kr-zavod.zaboripodkluch.ru	/3d-zabory/
16-07-2021 10:31:32	kr-zavod.zaboripodkluch.ru	/vorota/
16-07-2021 10:31:32	kr-zavod.zaboripodkluch.ru	/zabory-dlya-dachi/
16-07-2021 10:31:32	kr-zavod.zaboripodkluch.ru	/zabory-iz-metallicheskogo-shtaketnika/
16-07-2021 10:31:32	kr-zavod.zaboripodkluch.ru	/zabory-iz-profnastila/
16-07-2021 10:31:32	kr-zavod.zaboripodkluch.ru	/zabory-iz-setki-rabitsy/
16-07-2021 10:31:32	krasnoarmejsk.zaboripodkluch.ru	/
16-07-2021 10:31:32	krasnoarmejsk.zaboripodkluch.ru	/3d-zabory/
16-07-2021 10:31:32	krasnoarmejsk.zaboripodkluch.ru	/vorota/
16-07-2021 10:31:32	krasnoarmejsk.zaboripodkluch.ru	/zabory-dlya-dachi/
16-07-2021 10:31:32	krasnoarmejsk.zaboripodkluch.ru	/zabory-iz-metallicheskogo-shtaketnika/
16-07-2021 10:31:32	krasnoarmejsk.zaboripodkluch.ru	/zabory-iz-profnastila/
16-07-2021 10:31:32	krasnoarmejsk.zaboripodkluch.ru	/zabory-iz-setki-rabitsy/
16-07-2021 10:31:32	krasnogorsk.zaboripodkluch.ru	/
16-07-2021 10:31:32	krasnogorsk.zaboripodkluch.ru	/3d-zabory/
16-07-2021 10:31:32	krasnogorsk.zaboripodkluch.ru	/vorota/
16-07-2021 10:31:32	krasnogorsk.zaboripodkluch.ru	/zabory-dlya-dachi/
16-07-2021 10:31:32	krasnogorsk.zaboripodkluch.ru	/zabory-iz-metallicheskogo-shtaketnika/
16-07-2021 10:31:32	krasnogorsk.zaboripodkluch.ru	/zabory-iz-profnastila/
16-07-2021 10:31:32	krasnogorsk.zaboripodkluch.ru	/zabory-iz-setki-rabitsy/
16-07-2021 10:31:32	krasnoznamensk.zaboripodkluch.ru	/
16-07-2021 10:31:32	krasnoznamensk.zaboripodkluch.ru	/3d-zabory/
16-07-2021 10:31:32	krasnoznamensk.zaboripodkluch.ru	/vorota/
16-07-2021 10:31:32	krasnoznamensk.zaboripodkluch.ru	/zabory-dlya-dachi/
16-07-2021 10:31:32	krasnoznamensk.zaboripodkluch.ru	/zabory-iz-metallicheskogo-shtaketnika/
16-07-2021 10:31:32	krasnoznamensk.zaboripodkluch.ru	/zabory-iz-profnastila/
16-07-2021 10:31:32	krasnoznamensk.zaboripodkluch.ru	/zabory-iz-setki-rabitsy/
16-07-2021 10:31:32	krasnyj-holm.zaboripodkluch.ru	/
16-07-2021 10:31:32	krasnyj-holm.zaboripodkluch.ru	/3d-zabory/
16-07-2021 10:31:32	krasnyj-holm.zaboripodkluch.ru	/vorota/
16-07-2021 10:31:32	krasnyj-holm.zaboripodkluch.ru	/zabory-dlya-dachi/
16-07-2021 10:31:32	krasnyj-holm.zaboripodkluch.ru	/zabory-iz-metallicheskogo-shtaketnika/
16-07-2021 10:31:32	krasnyj-holm.zaboripodkluch.ru	/zabory-iz-profnastila/
16-07-2021 10:31:32	krasnyj-holm.zaboripodkluch.ru	/zabory-iz-setki-rabitsy/
16-07-2021 10:31:32	kremyonki.zaboripodkluch.ru	/
16-07-2021 10:31:32	kremyonki.zaboripodkluch.ru	/3d-zabory/
16-07-2021 10:31:32	kremyonki.zaboripodkluch.ru	/vorota/
16-07-2021 10:31:32	kremyonki.zaboripodkluch.ru	/zabory-dlya-dachi/
16-07-2021 10:31:32	kremyonki.zaboripodkluch.ru	/zabory-iz-metallicheskogo-shtaketnika/
16-07-2021 10:31:32	kremyonki.zaboripodkluch.ru	/zabory-iz-profnastila/
16-07-2021 10:31:32	kremyonki.zaboripodkluch.ru	/zabory-iz-setki-rabitsy/
16-07-2021 10:31:32	kubinka.zaboripodkluch.ru	/
16-07-2021 10:31:32	kubinka.zaboripodkluch.ru	/3d-zabory/
16-07-2021 10:31:32	kubinka.zaboripodkluch.ru	/vorota/
16-07-2021 10:31:32	kubinka.zaboripodkluch.ru	/zabory-dlya-dachi/
16-07-2021 10:31:32	kubinka.zaboripodkluch.ru	/zabory-iz-metallicheskogo-shtaketnika/
16-07-2021 10:31:32	kubinka.zaboripodkluch.ru	/zabory-iz-profnastila/
16-07-2021 10:31:32	kubinka.zaboripodkluch.ru	/zabory-iz-setki-rabitsy/
16-07-2021 10:31:32	kurlovo.zaboripodkluch.ru	/
16-07-2021 10:31:32	kurlovo.zaboripodkluch.ru	/3d-zabory/
16-07-2021 10:31:32	kurlovo.zaboripodkluch.ru	/vorota/
16-07-2021 10:31:32	kurlovo.zaboripodkluch.ru	/zabory-dlya-dachi/
16-07-2021 10:31:32	kurlovo.zaboripodkluch.ru	/zabory-iz-metallicheskogo-shtaketnika/
16-07-2021 10:31:32	kurlovo.zaboripodkluch.ru	/zabory-iz-profnastila/
16-07-2021 10:31:32	kurlovo.zaboripodkluch.ru	/zabory-iz-setki-rabitsy/
16-07-2021 10:31:32	kurovskoe.zaboripodkluch.ru	/
16-07-2021 10:31:32	kurovskoe.zaboripodkluch.ru	/3d-zabory/
16-07-2021 10:31:32	kurovskoe.zaboripodkluch.ru	/vorota/
16-07-2021 10:31:32	kurovskoe.zaboripodkluch.ru	/zabory-dlya-dachi/
16-07-2021 10:31:32	kurovskoe.zaboripodkluch.ru	/zabory-iz-metallicheskogo-shtaketnika/
16-07-2021 10:31:32	kurovskoe.zaboripodkluch.ru	/zabory-iz-profnastila/
16-07-2021 10:31:32	kurovskoe.zaboripodkluch.ru	/zabory-iz-setki-rabitsy/
16-07-2021 10:31:32	kuvshinovo.zaboripodkluch.ru	/
16-07-2021 10:31:32	kuvshinovo.zaboripodkluch.ru	/3d-zabory/
16-07-2021 10:31:32	kuvshinovo.zaboripodkluch.ru	/vorota/
16-07-2021 10:31:32	kuvshinovo.zaboripodkluch.ru	/zabory-dlya-dachi/
16-07-2021 10:31:32	kuvshinovo.zaboripodkluch.ru	/zabory-iz-metallicheskogo-shtaketnika/
16-07-2021 10:31:32	kuvshinovo.zaboripodkluch.ru	/zabory-iz-profnastila/
16-07-2021 10:31:32	kuvshinovo.zaboripodkluch.ru	/zabory-iz-setki-rabitsy/
16-07-2021 10:31:32	lakinsk.zaboripodkluch.ru	/
16-07-2021 10:31:32	lakinsk.zaboripodkluch.ru	/3d-zabory/
16-07-2021 10:31:32	lakinsk.zaboripodkluch.ru	/vorota/
16-07-2021 10:31:32	lakinsk.zaboripodkluch.ru	/zabory-dlya-dachi/
16-07-2021 10:31:32	lakinsk.zaboripodkluch.ru	/zabory-iz-metallicheskogo-shtaketnika/
16-07-2021 10:31:32	lakinsk.zaboripodkluch.ru	/zabory-iz-profnastila/
16-07-2021 10:31:32	lakinsk.zaboripodkluch.ru	/zabory-iz-setki-rabitsy/
16-07-2021 10:31:32	lihoslavl.zaboripodkluch.ru	/
16-07-2021 10:31:32	lihoslavl.zaboripodkluch.ru	/3d-zabory/
16-07-2021 10:31:32	lihoslavl.zaboripodkluch.ru	/vorota/
16-07-2021 10:31:32	lihoslavl.zaboripodkluch.ru	/zabory-dlya-dachi/
16-07-2021 10:31:32	lihoslavl.zaboripodkluch.ru	/zabory-iz-metallicheskogo-shtaketnika/
16-07-2021 10:31:32	lihoslavl.zaboripodkluch.ru	/zabory-iz-profnastila/
16-07-2021 10:31:32	lihoslavl.zaboripodkluch.ru	/zabory-iz-setki-rabitsy/
16-07-2021 10:31:33	likino-dulyovo.zaboripodkluch.ru	/
16-07-2021 10:31:33	likino-dulyovo.zaboripodkluch.ru	/3d-zabory/
16-07-2021 10:31:33	likino-dulyovo.zaboripodkluch.ru	/vorota/
16-07-2021 10:31:33	likino-dulyovo.zaboripodkluch.ru	/zabory-dlya-dachi/
16-07-2021 10:31:33	likino-dulyovo.zaboripodkluch.ru	/zabory-iz-metallicheskogo-shtaketnika/
16-07-2021 10:31:33	likino-dulyovo.zaboripodkluch.ru	/zabory-iz-profnastila/
16-07-2021 10:31:33	likino-dulyovo.zaboripodkluch.ru	/zabory-iz-setki-rabitsy/
16-07-2021 10:31:33	lipki.zaboripodkluch.ru	/
16-07-2021 10:31:33	lipki.zaboripodkluch.ru	/3d-zabory/
16-07-2021 10:31:33	lipki.zaboripodkluch.ru	/vorota/
16-07-2021 10:31:33	lipki.zaboripodkluch.ru	/zabory-dlya-dachi/
16-07-2021 10:31:33	lipki.zaboripodkluch.ru	/zabory-iz-metallicheskogo-shtaketnika/
16-07-2021 10:31:33	lipki.zaboripodkluch.ru	/zabory-iz-profnastila/
16-07-2021 10:31:33	lipki.zaboripodkluch.ru	/zabory-iz-setki-rabitsy/
16-07-2021 10:31:33	lobnya.zaboripodkluch.ru	/
16-07-2021 10:31:33	lobnya.zaboripodkluch.ru	/3d-zabory/
16-07-2021 10:31:33	lobnya.zaboripodkluch.ru	/vorota/
16-07-2021 10:31:33	lobnya.zaboripodkluch.ru	/zabory-dlya-dachi/
16-07-2021 10:31:33	lobnya.zaboripodkluch.ru	/zabory-iz-metallicheskogo-shtaketnika/
16-07-2021 10:31:33	lobnya.zaboripodkluch.ru	/zabory-iz-profnastila/
16-07-2021 10:31:33	lobnya.zaboripodkluch.ru	/zabory-iz-setki-rabitsy/
16-07-2021 10:31:33	losino-petrovskij.zaboripodkluch.ru	/
16-07-2021 10:31:33	losino-petrovskij.zaboripodkluch.ru	/3d-zabory/
16-07-2021 10:31:33	losino-petrovskij.zaboripodkluch.ru	/vorota/
16-07-2021 10:31:33	losino-petrovskij.zaboripodkluch.ru	/zabory-dlya-dachi/
16-07-2021 10:31:33	losino-petrovskij.zaboripodkluch.ru	/zabory-iz-metallicheskogo-shtaketnika/
16-07-2021 10:31:33	losino-petrovskij.zaboripodkluch.ru	/zabory-iz-profnastila/
16-07-2021 10:31:33	losino-petrovskij.zaboripodkluch.ru	/zabory-iz-setki-rabitsy/
16-07-2021 10:31:33	luhovicy.zaboripodkluch.ru	/
16-07-2021 10:31:33	luhovicy.zaboripodkluch.ru	/3d-zabory/
16-07-2021 10:31:33	luhovicy.zaboripodkluch.ru	/vorota/
16-07-2021 10:31:33	luhovicy.zaboripodkluch.ru	/zabory-dlya-dachi/
16-07-2021 10:31:33	luhovicy.zaboripodkluch.ru	/zabory-iz-metallicheskogo-shtaketnika/
16-07-2021 10:31:33	luhovicy.zaboripodkluch.ru	/zabory-iz-profnastila/
16-07-2021 10:31:33	luhovicy.zaboripodkluch.ru	/zabory-iz-setki-rabitsy/
16-07-2021 10:31:33	lytkarino.zaboripodkluch.ru	/
16-07-2021 10:31:33	lytkarino.zaboripodkluch.ru	/3d-zabory/
16-07-2021 10:31:33	lytkarino.zaboripodkluch.ru	/vorota/
16-07-2021 10:31:33	lytkarino.zaboripodkluch.ru	/zabory-dlya-dachi/
16-07-2021 10:31:33	lytkarino.zaboripodkluch.ru	/zabory-iz-metallicheskogo-shtaketnika/
16-07-2021 10:31:33	lytkarino.zaboripodkluch.ru	/zabory-iz-profnastila/
16-07-2021 10:31:33	lytkarino.zaboripodkluch.ru	/zabory-iz-setki-rabitsy/
16-07-2021 10:31:33	lyubercy.zaboripodkluch.ru	/
16-07-2021 10:31:33	lyubercy.zaboripodkluch.ru	/3d-zabory/
16-07-2021 10:31:33	lyubercy.zaboripodkluch.ru	/vorota/
16-07-2021 10:31:33	lyubercy.zaboripodkluch.ru	/zabory-dlya-dachi/
16-07-2021 10:31:33	lyubercy.zaboripodkluch.ru	/zabory-iz-metallicheskogo-shtaketnika/
16-07-2021 10:31:33	lyubercy.zaboripodkluch.ru	/zabory-iz-profnastila/
16-07-2021 10:31:33	lyubercy.zaboripodkluch.ru	/zabory-iz-setki-rabitsy/
16-07-2021 10:31:33	lyudinovo.zaboripodkluch.ru	/
16-07-2021 10:31:33	lyudinovo.zaboripodkluch.ru	/3d-zabory/
16-07-2021 10:31:33	lyudinovo.zaboripodkluch.ru	/vorota/
16-07-2021 10:31:33	lyudinovo.zaboripodkluch.ru	/zabory-dlya-dachi/
16-07-2021 10:31:33	lyudinovo.zaboripodkluch.ru	/zabory-iz-metallicheskogo-shtaketnika/
16-07-2021 10:31:33	lyudinovo.zaboripodkluch.ru	/zabory-iz-profnastila/
16-07-2021 10:31:33	lyudinovo.zaboripodkluch.ru	/zabory-iz-setki-rabitsy/
16-07-2021 10:31:33	maloyaroslavec.zaboripodkluch.ru	/
16-07-2021 10:31:33	maloyaroslavec.zaboripodkluch.ru	/3d-zabory/
16-07-2021 10:31:33	maloyaroslavec.zaboripodkluch.ru	/vorota/
16-07-2021 10:31:33	maloyaroslavec.zaboripodkluch.ru	/zabory-dlya-dachi/
16-07-2021 10:31:33	maloyaroslavec.zaboripodkluch.ru	/zabory-iz-metallicheskogo-shtaketnika/
16-07-2021 10:31:33	maloyaroslavec.zaboripodkluch.ru	/zabory-iz-profnastila/
16-07-2021 10:31:33	maloyaroslavec.zaboripodkluch.ru	/zabory-iz-setki-rabitsy/
16-07-2021 10:31:33	medyn.zaboripodkluch.ru	/
16-07-2021 10:31:33	medyn.zaboripodkluch.ru	/3d-zabory/
16-07-2021 10:31:33	medyn.zaboripodkluch.ru	/vorota/
16-07-2021 10:31:33	medyn.zaboripodkluch.ru	/zabory-dlya-dachi/
16-07-2021 10:31:33	medyn.zaboripodkluch.ru	/zabory-iz-metallicheskogo-shtaketnika/
16-07-2021 10:31:33	medyn.zaboripodkluch.ru	/zabory-iz-profnastila/
16-07-2021 10:31:33	medyn.zaboripodkluch.ru	/zabory-iz-setki-rabitsy/
16-07-2021 10:31:33	melenki.zaboripodkluch.ru	/
16-07-2021 10:31:33	melenki.zaboripodkluch.ru	/3d-zabory/
16-07-2021 10:31:33	melenki.zaboripodkluch.ru	/vorota/
16-07-2021 10:31:33	melenki.zaboripodkluch.ru	/zabory-dlya-dachi/
16-07-2021 10:31:33	melenki.zaboripodkluch.ru	/zabory-iz-metallicheskogo-shtaketnika/
16-07-2021 10:31:33	melenki.zaboripodkluch.ru	/zabory-iz-profnastila/
16-07-2021 10:31:33	melenki.zaboripodkluch.ru	/zabory-iz-setki-rabitsy/
16-07-2021 10:31:34	meshchovsk.zaboripodkluch.ru	/
16-07-2021 10:31:34	meshchovsk.zaboripodkluch.ru	/3d-zabory/
16-07-2021 10:31:34	meshchovsk.zaboripodkluch.ru	/vorota/
16-07-2021 10:31:34	meshchovsk.zaboripodkluch.ru	/zabory-dlya-dachi/
16-07-2021 10:31:34	meshchovsk.zaboripodkluch.ru	/zabory-iz-metallicheskogo-shtaketnika/
16-07-2021 10:31:34	meshchovsk.zaboripodkluch.ru	/zabory-iz-profnastila/
16-07-2021 10:31:34	meshchovsk.zaboripodkluch.ru	/zabory-iz-setki-rabitsy/
16-07-2021 10:31:34	mihajlov.zaboripodkluch.ru	/
16-07-2021 10:31:34	mihajlov.zaboripodkluch.ru	/3d-zabory/
16-07-2021 10:31:34	mihajlov.zaboripodkluch.ru	/vorota/
16-07-2021 10:31:34	mihajlov.zaboripodkluch.ru	/zabory-dlya-dachi/
16-07-2021 10:31:34	mihajlov.zaboripodkluch.ru	/zabory-iz-metallicheskogo-shtaketnika/
16-07-2021 10:31:34	mihajlov.zaboripodkluch.ru	/zabory-iz-profnastila/
16-07-2021 10:31:34	mihajlov.zaboripodkluch.ru	/zabory-iz-setki-rabitsy/
16-07-2021 10:31:34	mosalsk.zaboripodkluch.ru	/
16-07-2021 10:31:34	mosalsk.zaboripodkluch.ru	/3d-zabory/
16-07-2021 10:31:34	mosalsk.zaboripodkluch.ru	/vorota/
16-07-2021 10:31:34	mosalsk.zaboripodkluch.ru	/zabory-dlya-dachi/
16-07-2021 10:31:34	mosalsk.zaboripodkluch.ru	/zabory-iz-metallicheskogo-shtaketnika/
16-07-2021 10:31:34	mosalsk.zaboripodkluch.ru	/zabory-iz-profnastila/
16-07-2021 10:31:34	mosalsk.zaboripodkluch.ru	/zabory-iz-setki-rabitsy/
16-07-2021 10:31:34	moskovskij.zaboripodkluch.ru	/
16-07-2021 10:31:34	moskovskij.zaboripodkluch.ru	/3d-zabory/
16-07-2021 10:31:34	moskovskij.zaboripodkluch.ru	/vorota/
16-07-2021 10:31:34	moskovskij.zaboripodkluch.ru	/zabory-dlya-dachi/
16-07-2021 10:31:34	moskovskij.zaboripodkluch.ru	/zabory-iz-metallicheskogo-shtaketnika/
16-07-2021 10:31:34	moskovskij.zaboripodkluch.ru	/zabory-iz-profnastila/
16-07-2021 10:31:34	moskovskij.zaboripodkluch.ru	/zabory-iz-setki-rabitsy/
16-07-2021 10:31:34	mozhajsk.zaboripodkluch.ru	/
16-07-2021 10:31:34	mozhajsk.zaboripodkluch.ru	/3d-zabory/
16-07-2021 10:31:34	mozhajsk.zaboripodkluch.ru	/vorota/
16-07-2021 10:31:34	mozhajsk.zaboripodkluch.ru	/zabory-dlya-dachi/
16-07-2021 10:31:34	mozhajsk.zaboripodkluch.ru	/zabory-iz-metallicheskogo-shtaketnika/
16-07-2021 10:31:34	mozhajsk.zaboripodkluch.ru	/zabory-iz-profnastila/
16-07-2021 10:31:34	mozhajsk.zaboripodkluch.ru	/zabory-iz-setki-rabitsy/
16-07-2021 10:31:34	murom.zaboripodkluch.ru	/
16-07-2021 10:31:34	murom.zaboripodkluch.ru	/3d-zabory/
16-07-2021 10:31:34	murom.zaboripodkluch.ru	/vorota/
16-07-2021 10:31:34	murom.zaboripodkluch.ru	/zabory-dlya-dachi/
16-07-2021 10:31:34	murom.zaboripodkluch.ru	/zabory-iz-metallicheskogo-shtaketnika/
16-07-2021 10:31:34	murom.zaboripodkluch.ru	/zabory-iz-profnastila/
16-07-2021 10:31:34	murom.zaboripodkluch.ru	/zabory-iz-setki-rabitsy/
16-07-2021 10:31:34	mytishchi.zaboripodkluch.ru	/
16-07-2021 10:31:34	mytishchi.zaboripodkluch.ru	/3d-zabory/
16-07-2021 10:31:34	mytishchi.zaboripodkluch.ru	/vorota/
16-07-2021 10:31:34	mytishchi.zaboripodkluch.ru	/zabory-dlya-dachi/
16-07-2021 10:31:34	mytishchi.zaboripodkluch.ru	/zabory-iz-metallicheskogo-shtaketnika/
16-07-2021 10:31:34	mytishchi.zaboripodkluch.ru	/zabory-iz-profnastila/
16-07-2021 10:31:34	mytishchi.zaboripodkluch.ru	/zabory-iz-setki-rabitsy/
16-07-2021 10:31:34	naro-fominsk.zaboripodkluch.ru	/
16-07-2021 10:31:34	naro-fominsk.zaboripodkluch.ru	/3d-zabory/
16-07-2021 10:31:34	naro-fominsk.zaboripodkluch.ru	/vorota/
16-07-2021 10:31:34	naro-fominsk.zaboripodkluch.ru	/zabory-dlya-dachi/
16-07-2021 10:31:34	naro-fominsk.zaboripodkluch.ru	/zabory-iz-metallicheskogo-shtaketnika/
16-07-2021 10:31:34	naro-fominsk.zaboripodkluch.ru	/zabory-iz-profnastila/
16-07-2021 10:31:34	naro-fominsk.zaboripodkluch.ru	/zabory-iz-setki-rabitsy/
16-07-2021 10:31:34	nelidovo.zaboripodkluch.ru	/
16-07-2021 10:31:34	nelidovo.zaboripodkluch.ru	/3d-zabory/
16-07-2021 10:31:34	nelidovo.zaboripodkluch.ru	/vorota/
16-07-2021 10:31:34	nelidovo.zaboripodkluch.ru	/zabory-dlya-dachi/
16-07-2021 10:31:34	nelidovo.zaboripodkluch.ru	/zabory-iz-metallicheskogo-shtaketnika/
16-07-2021 10:31:34	nelidovo.zaboripodkluch.ru	/zabory-iz-profnastila/
16-07-2021 10:31:34	nelidovo.zaboripodkluch.ru	/zabory-iz-setki-rabitsy/
16-07-2021 10:31:34	noginsk.zaboripodkluch.ru	/
16-07-2021 10:31:34	noginsk.zaboripodkluch.ru	/3d-zabory/
16-07-2021 10:31:34	noginsk.zaboripodkluch.ru	/vorota/
16-07-2021 10:31:34	noginsk.zaboripodkluch.ru	/zabory-dlya-dachi/
16-07-2021 10:31:34	noginsk.zaboripodkluch.ru	/zabory-iz-metallicheskogo-shtaketnika/
16-07-2021 10:31:34	noginsk.zaboripodkluch.ru	/zabory-iz-profnastila/
16-07-2021 10:31:34	noginsk.zaboripodkluch.ru	/zabory-iz-setki-rabitsy/
16-07-2021 10:31:34	novomichurinsk.zaboripodkluch.ru	/
16-07-2021 10:31:34	novomichurinsk.zaboripodkluch.ru	/3d-zabory/
16-07-2021 10:31:34	novomichurinsk.zaboripodkluch.ru	/vorota/
16-07-2021 10:31:34	novomichurinsk.zaboripodkluch.ru	/zabory-dlya-dachi/
16-07-2021 10:31:34	novomichurinsk.zaboripodkluch.ru	/zabory-iz-metallicheskogo-shtaketnika/
16-07-2021 10:31:35	novomichurinsk.zaboripodkluch.ru	/zabory-iz-profnastila/
16-07-2021 10:31:35	novomichurinsk.zaboripodkluch.ru	/zabory-iz-setki-rabitsy/
16-07-2021 10:31:35	nsk.zaboripodkluch.ru	/
16-07-2021 10:31:35	nsk.zaboripodkluch.ru	/3d-zabory/
16-07-2021 10:31:35	nsk.zaboripodkluch.ru	/vorota/
16-07-2021 10:31:35	nsk.zaboripodkluch.ru	/zabory-dlya-dachi/
16-07-2021 10:31:35	nsk.zaboripodkluch.ru	/zabory-iz-metallicheskogo-shtaketnika/
16-07-2021 10:31:35	nsk.zaboripodkluch.ru	/zabory-iz-profnastila/
16-07-2021 10:31:35	nsk.zaboripodkluch.ru	/zabory-iz-setki-rabitsy/
16-07-2021 10:31:35	obninsk.zaboripodkluch.ru	/
16-07-2021 10:31:35	obninsk.zaboripodkluch.ru	/3d-zabory/
16-07-2021 10:31:35	obninsk.zaboripodkluch.ru	/vorota/
16-07-2021 10:31:35	obninsk.zaboripodkluch.ru	/zabory-dlya-dachi/
16-07-2021 10:31:35	obninsk.zaboripodkluch.ru	/zabory-iz-metallicheskogo-shtaketnika/
16-07-2021 10:31:35	obninsk.zaboripodkluch.ru	/zabory-iz-profnastila/
16-07-2021 10:31:35	obninsk.zaboripodkluch.ru	/zabory-iz-setki-rabitsy/
16-07-2021 10:31:35	odincovo.zaboripodkluch.ru	/
16-07-2021 10:31:35	odincovo.zaboripodkluch.ru	/3d-zabory/
16-07-2021 10:31:35	odincovo.zaboripodkluch.ru	/vorota/
16-07-2021 10:31:35	odincovo.zaboripodkluch.ru	/zabory-dlya-dachi/
16-07-2021 10:31:35	odincovo.zaboripodkluch.ru	/zabory-iz-metallicheskogo-shtaketnika/
16-07-2021 10:31:35	odincovo.zaboripodkluch.ru	/zabory-iz-profnastila/
16-07-2021 10:31:35	odincovo.zaboripodkluch.ru	/zabory-iz-setki-rabitsy/
16-07-2021 10:31:35	or-zu.zaboripodkluch.ru	/
16-07-2021 10:31:35	or-zu.zaboripodkluch.ru	/3d-zabory/
16-07-2021 10:31:35	or-zu.zaboripodkluch.ru	/vorota/
16-07-2021 10:31:35	or-zu.zaboripodkluch.ru	/zabory-dlya-dachi/
16-07-2021 10:31:35	or-zu.zaboripodkluch.ru	/zabory-iz-metallicheskogo-shtaketnika/
16-07-2021 10:31:35	or-zu.zaboripodkluch.ru	/zabory-iz-profnastila/
16-07-2021 10:31:35	or-zu.zaboripodkluch.ru	/zabory-iz-setki-rabitsy/
16-07-2021 10:31:35	ostashkov.zaboripodkluch.ru	/
16-07-2021 10:31:35	ostashkov.zaboripodkluch.ru	/3d-zabory/
16-07-2021 10:31:35	ostashkov.zaboripodkluch.ru	/vorota/
16-07-2021 10:31:35	ostashkov.zaboripodkluch.ru	/zabory-dlya-dachi/
16-07-2021 10:31:35	ostashkov.zaboripodkluch.ru	/zabory-iz-metallicheskogo-shtaketnika/
16-07-2021 10:31:35	ostashkov.zaboripodkluch.ru	/zabory-iz-profnastila/
16-07-2021 10:31:35	ostashkov.zaboripodkluch.ru	/zabory-iz-setki-rabitsy/
16-07-2021 10:31:35	ozherele.zaboripodkluch.ru	/
16-07-2021 10:31:35	ozherele.zaboripodkluch.ru	/3d-zabory/
16-07-2021 10:31:35	ozherele.zaboripodkluch.ru	/vorota/
16-07-2021 10:31:35	ozherele.zaboripodkluch.ru	/zabory-dlya-dachi/
16-07-2021 10:31:35	ozherele.zaboripodkluch.ru	/zabory-iz-metallicheskogo-shtaketnika/
16-07-2021 10:31:35	ozherele.zaboripodkluch.ru	/zabory-iz-profnastila/
16-07-2021 10:31:35	ozherele.zaboripodkluch.ru	/zabory-iz-setki-rabitsy/
16-07-2021 10:31:35	ozyory.zaboripodkluch.ru	/
16-07-2021 10:31:35	ozyory.zaboripodkluch.ru	/3d-zabory/
16-07-2021 10:31:35	ozyory.zaboripodkluch.ru	/vorota/
16-07-2021 10:31:35	ozyory.zaboripodkluch.ru	/zabory-dlya-dachi/
16-07-2021 10:31:35	ozyory.zaboripodkluch.ru	/zabory-iz-metallicheskogo-shtaketnika/
16-07-2021 10:31:35	ozyory.zaboripodkluch.ru	/zabory-iz-profnastila/
16-07-2021 10:31:35	ozyory.zaboripodkluch.ru	/zabory-iz-setki-rabitsy/
16-07-2021 10:31:35	pavlovskij-posad.zaboripodkluch.ru	/
16-07-2021 10:31:35	pavlovskij-posad.zaboripodkluch.ru	/3d-zabory/
16-07-2021 10:31:35	pavlovskij-posad.zaboripodkluch.ru	/vorota/
16-07-2021 10:31:35	pavlovskij-posad.zaboripodkluch.ru	/zabory-dlya-dachi/
16-07-2021 10:31:35	pavlovskij-posad.zaboripodkluch.ru	/zabory-iz-metallicheskogo-shtaketnika/
16-07-2021 10:31:35	pavlovskij-posad.zaboripodkluch.ru	/zabory-iz-profnastila/
16-07-2021 10:31:35	pavlovskij-posad.zaboripodkluch.ru	/zabory-iz-setki-rabitsy/
16-07-2021 10:31:35	peresvet.zaboripodkluch.ru	/
16-07-2021 10:31:35	peresvet.zaboripodkluch.ru	/3d-zabory/
16-07-2021 10:31:35	peresvet.zaboripodkluch.ru	/vorota/
16-07-2021 10:31:35	peresvet.zaboripodkluch.ru	/zabory-dlya-dachi/
16-07-2021 10:31:35	peresvet.zaboripodkluch.ru	/zabory-iz-metallicheskogo-shtaketnika/
16-07-2021 10:31:35	peresvet.zaboripodkluch.ru	/zabory-iz-profnastila/
16-07-2021 10:31:35	peresvet.zaboripodkluch.ru	/zabory-iz-setki-rabitsy/
16-07-2021 10:31:35	petushki.zaboripodkluch.ru	/
16-07-2021 10:31:35	petushki.zaboripodkluch.ru	/3d-zabory/
16-07-2021 10:31:35	petushki.zaboripodkluch.ru	/vorota/
16-07-2021 10:31:35	petushki.zaboripodkluch.ru	/zabory-dlya-dachi/
16-07-2021 10:31:35	petushki.zaboripodkluch.ru	/zabory-iz-metallicheskogo-shtaketnika/
16-07-2021 10:31:35	petushki.zaboripodkluch.ru	/zabory-iz-profnastila/
16-07-2021 10:31:35	petushki.zaboripodkluch.ru	/zabory-iz-setki-rabitsy/
16-07-2021 10:31:35	plavsk.zaboripodkluch.ru	/
16-07-2021 10:31:35	plavsk.zaboripodkluch.ru	/3d-zabory/
16-07-2021 10:31:35	plavsk.zaboripodkluch.ru	/vorota/
16-07-2021 10:31:35	plavsk.zaboripodkluch.ru	/zabory-dlya-dachi/
16-07-2021 10:31:35	plavsk.zaboripodkluch.ru	/zabory-iz-metallicheskogo-shtaketnika/
16-07-2021 10:31:35	plavsk.zaboripodkluch.ru	/zabory-iz-profnastila/
16-07-2021 10:31:35	plavsk.zaboripodkluch.ru	/zabory-iz-setki-rabitsy/
16-07-2021 10:31:35	pochinok.zaboripodkluch.ru	/
16-07-2021 10:31:35	pochinok.zaboripodkluch.ru	/3d-zabory/
16-07-2021 10:31:35	pochinok.zaboripodkluch.ru	/vorota/
16-07-2021 10:31:35	pochinok.zaboripodkluch.ru	/zabory-dlya-dachi/
16-07-2021 10:31:35	pochinok.zaboripodkluch.ru	/zabory-iz-metallicheskogo-shtaketnika/
16-07-2021 10:31:35	pochinok.zaboripodkluch.ru	/zabory-iz-profnastila/
16-07-2021 10:31:35	pochinok.zaboripodkluch.ru	/zabory-iz-setki-rabitsy/
16-07-2021 10:31:35	podolsk.zaboripodkluch.ru	/
16-07-2021 10:31:36	podolsk.zaboripodkluch.ru	/3d-zabory/
16-07-2021 10:31:36	podolsk.zaboripodkluch.ru	/vorota/
16-07-2021 10:31:36	podolsk.zaboripodkluch.ru	/zabory-dlya-dachi/
16-07-2021 10:31:36	podolsk.zaboripodkluch.ru	/zabory-iz-metallicheskogo-shtaketnika/
16-07-2021 10:31:36	podolsk.zaboripodkluch.ru	/zabory-iz-profnastila/
16-07-2021 10:31:36	podolsk.zaboripodkluch.ru	/zabory-iz-setki-rabitsy/
16-07-2021 10:31:36	pokrov.zaboripodkluch.ru	/
16-07-2021 10:31:36	pokrov.zaboripodkluch.ru	/3d-zabory/
16-07-2021 10:31:36	pokrov.zaboripodkluch.ru	/vorota/
16-07-2021 10:31:36	pokrov.zaboripodkluch.ru	/zabory-dlya-dachi/
16-07-2021 10:31:36	pokrov.zaboripodkluch.ru	/zabory-iz-metallicheskogo-shtaketnika/
16-07-2021 10:31:36	pokrov.zaboripodkluch.ru	/zabory-iz-profnastila/
16-07-2021 10:31:36	pokrov.zaboripodkluch.ru	/zabory-iz-setki-rabitsy/
16-07-2021 10:31:36	protvino.zaboripodkluch.ru	/
16-07-2021 10:31:36	protvino.zaboripodkluch.ru	/3d-zabory/
16-07-2021 10:31:36	protvino.zaboripodkluch.ru	/vorota/
16-07-2021 10:31:36	protvino.zaboripodkluch.ru	/zabory-dlya-dachi/
16-07-2021 10:31:36	protvino.zaboripodkluch.ru	/zabory-iz-metallicheskogo-shtaketnika/
16-07-2021 10:31:36	protvino.zaboripodkluch.ru	/zabory-iz-profnastila/
16-07-2021 10:31:36	protvino.zaboripodkluch.ru	/zabory-iz-setki-rabitsy/
16-07-2021 10:31:36	pushchino.zaboripodkluch.ru	/
16-07-2021 10:31:36	pushchino.zaboripodkluch.ru	/3d-zabory/
16-07-2021 10:31:36	pushchino.zaboripodkluch.ru	/vorota/
16-07-2021 10:31:36	pushchino.zaboripodkluch.ru	/zabory-dlya-dachi/
16-07-2021 10:31:36	pushchino.zaboripodkluch.ru	/zabory-iz-metallicheskogo-shtaketnika/
16-07-2021 10:31:36	pushchino.zaboripodkluch.ru	/zabory-iz-profnastila/
16-07-2021 10:31:36	pushchino.zaboripodkluch.ru	/zabory-iz-setki-rabitsy/
16-07-2021 10:31:36	pushkino.zaboripodkluch.ru	/
16-07-2021 10:31:36	pushkino.zaboripodkluch.ru	/3d-zabory/
16-07-2021 10:31:36	pushkino.zaboripodkluch.ru	/vorota/
16-07-2021 10:31:36	pushkino.zaboripodkluch.ru	/zabory-dlya-dachi/
16-07-2021 10:31:36	pushkino.zaboripodkluch.ru	/zabory-iz-metallicheskogo-shtaketnika/
16-07-2021 10:31:36	pushkino.zaboripodkluch.ru	/zabory-iz-profnastila/
16-07-2021 10:31:36	pushkino.zaboripodkluch.ru	/zabory-iz-setki-rabitsy/
16-07-2021 10:31:36	ramenskoe.zaboripodkluch.ru	/
16-07-2021 10:31:36	ramenskoe.zaboripodkluch.ru	/3d-zabory/
16-07-2021 10:31:36	ramenskoe.zaboripodkluch.ru	/vorota/
16-07-2021 10:31:36	ramenskoe.zaboripodkluch.ru	/zabory-dlya-dachi/
16-07-2021 10:31:36	ramenskoe.zaboripodkluch.ru	/zabory-iz-metallicheskogo-shtaketnika/
16-07-2021 10:31:36	ramenskoe.zaboripodkluch.ru	/zabory-iz-profnastila/
16-07-2021 10:31:36	ramenskoe.zaboripodkluch.ru	/zabory-iz-setki-rabitsy/
16-07-2021 10:31:36	reutov.zaboripodkluch.ru	/
16-07-2021 10:31:36	reutov.zaboripodkluch.ru	/3d-zabory/
16-07-2021 10:31:36	reutov.zaboripodkluch.ru	/vorota/
16-07-2021 10:31:36	reutov.zaboripodkluch.ru	/zabory-dlya-dachi/
16-07-2021 10:31:36	reutov.zaboripodkluch.ru	/zabory-iz-metallicheskogo-shtaketnika/
16-07-2021 10:31:36	reutov.zaboripodkluch.ru	/zabory-iz-profnastila/
16-07-2021 10:31:36	reutov.zaboripodkluch.ru	/zabory-iz-setki-rabitsy/
16-07-2021 10:31:36	roshal.zaboripodkluch.ru	/
16-07-2021 10:31:36	roshal.zaboripodkluch.ru	/3d-zabory/
16-07-2021 10:31:36	roshal.zaboripodkluch.ru	/vorota/
16-07-2021 10:31:36	roshal.zaboripodkluch.ru	/zabory-dlya-dachi/
16-07-2021 10:31:36	roshal.zaboripodkluch.ru	/zabory-iz-metallicheskogo-shtaketnika/
16-07-2021 10:31:36	roshal.zaboripodkluch.ru	/zabory-iz-profnastila/
16-07-2021 10:31:36	roshal.zaboripodkluch.ru	/zabory-iz-setki-rabitsy/
16-07-2021 10:31:36	roslavl.zaboripodkluch.ru	/
16-07-2021 10:31:36	roslavl.zaboripodkluch.ru	/3d-zabory/
16-07-2021 10:31:36	roslavl.zaboripodkluch.ru	/vorota/
16-07-2021 10:31:36	roslavl.zaboripodkluch.ru	/zabory-dlya-dachi/
16-07-2021 10:31:36	roslavl.zaboripodkluch.ru	/zabory-iz-metallicheskogo-shtaketnika/
16-07-2021 10:31:36	roslavl.zaboripodkluch.ru	/zabory-iz-profnastila/
16-07-2021 10:31:36	roslavl.zaboripodkluch.ru	/zabory-iz-setki-rabitsy/
16-07-2021 10:31:36	rudnya.zaboripodkluch.ru	/
16-07-2021 10:31:36	rudnya.zaboripodkluch.ru	/3d-zabory/
16-07-2021 10:31:36	rudnya.zaboripodkluch.ru	/vorota/
16-07-2021 10:31:36	rudnya.zaboripodkluch.ru	/zabory-dlya-dachi/
16-07-2021 10:31:36	rudnya.zaboripodkluch.ru	/zabory-iz-metallicheskogo-shtaketnika/
16-07-2021 10:31:36	rudnya.zaboripodkluch.ru	/zabory-iz-profnastila/
16-07-2021 10:31:36	rudnya.zaboripodkluch.ru	/zabory-iz-setki-rabitsy/
16-07-2021 10:31:36	ruza.zaboripodkluch.ru	/
16-07-2021 10:31:36	ruza.zaboripodkluch.ru	/3d-zabory/
16-07-2021 10:31:36	ruza.zaboripodkluch.ru	/vorota/
16-07-2021 10:31:36	ruza.zaboripodkluch.ru	/zabory-dlya-dachi/
16-07-2021 10:31:36	ruza.zaboripodkluch.ru	/zabory-iz-metallicheskogo-shtaketnika/
16-07-2021 10:31:36	ruza.zaboripodkluch.ru	/zabory-iz-profnastila/
16-07-2021 10:31:36	ruza.zaboripodkluch.ru	/zabory-iz-setki-rabitsy/
16-07-2021 10:31:36	ryazan.zaboripodkluch.ru	/
16-07-2021 10:31:36	ryazan.zaboripodkluch.ru	/3d-zabory/
16-07-2021 10:31:36	ryazan.zaboripodkluch.ru	/vorota/
16-07-2021 10:31:37	ryazan.zaboripodkluch.ru	/zabory-dlya-dachi/
16-07-2021 10:31:37	ryazan.zaboripodkluch.ru	/zabory-iz-metallicheskogo-shtaketnika/
16-07-2021 10:31:37	ryazan.zaboripodkluch.ru	/zabory-iz-profnastila/
16-07-2021 10:31:37	ryazan.zaboripodkluch.ru	/zabory-iz-setki-rabitsy/
16-07-2021 10:31:37	ryazhsk.zaboripodkluch.ru	/
16-07-2021 10:31:37	ryazhsk.zaboripodkluch.ru	/3d-zabory/
16-07-2021 10:31:37	ryazhsk.zaboripodkluch.ru	/vorota/
16-07-2021 10:31:37	ryazhsk.zaboripodkluch.ru	/zabory-dlya-dachi/
16-07-2021 10:31:37	ryazhsk.zaboripodkluch.ru	/zabory-iz-metallicheskogo-shtaketnika/
16-07-2021 10:31:37	ryazhsk.zaboripodkluch.ru	/zabory-iz-profnastila/
16-07-2021 10:31:37	ryazhsk.zaboripodkluch.ru	/zabory-iz-setki-rabitsy/
16-07-2021 10:31:37	rybnoe.zaboripodkluch.ru	/
16-07-2021 10:31:37	rybnoe.zaboripodkluch.ru	/3d-zabory/
16-07-2021 10:31:37	rybnoe.zaboripodkluch.ru	/vorota/
16-07-2021 10:31:37	rybnoe.zaboripodkluch.ru	/zabory-dlya-dachi/
16-07-2021 10:31:37	rybnoe.zaboripodkluch.ru	/zabory-iz-metallicheskogo-shtaketnika/
16-07-2021 10:31:37	rybnoe.zaboripodkluch.ru	/zabory-iz-profnastila/
16-07-2021 10:31:37	rybnoe.zaboripodkluch.ru	/zabory-iz-setki-rabitsy/
16-07-2021 10:31:37	rzhev.zaboripodkluch.ru	/
16-07-2021 10:31:37	rzhev.zaboripodkluch.ru	/3d-zabory/
16-07-2021 10:31:37	rzhev.zaboripodkluch.ru	/vorota/
16-07-2021 10:31:37	rzhev.zaboripodkluch.ru	/zabory-dlya-dachi/
16-07-2021 10:31:37	rzhev.zaboripodkluch.ru	/zabory-iz-metallicheskogo-shtaketnika/
16-07-2021 10:31:37	rzhev.zaboripodkluch.ru	/zabory-iz-profnastila/
16-07-2021 10:31:37	rzhev.zaboripodkluch.ru	/zabory-iz-setki-rabitsy/
16-07-2021 10:31:37	safonovo.zaboripodkluch.ru	/
16-07-2021 10:31:37	safonovo.zaboripodkluch.ru	/3d-zabory/
16-07-2021 10:31:37	safonovo.zaboripodkluch.ru	/vorota/
16-07-2021 10:31:37	safonovo.zaboripodkluch.ru	/zabory-dlya-dachi/
16-07-2021 10:31:37	safonovo.zaboripodkluch.ru	/zabory-iz-metallicheskogo-shtaketnika/
16-07-2021 10:31:37	safonovo.zaboripodkluch.ru	/zabory-iz-profnastila/
16-07-2021 10:31:37	safonovo.zaboripodkluch.ru	/zabory-iz-setki-rabitsy/
16-07-2021 10:31:37	sasovo.zaboripodkluch.ru	/
16-07-2021 10:31:37	sasovo.zaboripodkluch.ru	/3d-zabory/
16-07-2021 10:31:37	sasovo.zaboripodkluch.ru	/vorota/
16-07-2021 10:31:37	sasovo.zaboripodkluch.ru	/zabory-dlya-dachi/
16-07-2021 10:31:37	sasovo.zaboripodkluch.ru	/zabory-iz-metallicheskogo-shtaketnika/
16-07-2021 10:31:37	sasovo.zaboripodkluch.ru	/zabory-iz-profnastila/
16-07-2021 10:31:37	sasovo.zaboripodkluch.ru	/zabory-iz-setki-rabitsy/
16-07-2021 10:31:37	schekino.zaboripodkluch.ru	/
16-07-2021 10:31:37	schekino.zaboripodkluch.ru	/3d-zabory/
16-07-2021 10:31:37	schekino.zaboripodkluch.ru	/vorota/
16-07-2021 10:31:37	schekino.zaboripodkluch.ru	/zabory-dlya-dachi/
16-07-2021 10:31:37	schekino.zaboripodkluch.ru	/zabory-iz-metallicheskogo-shtaketnika/
16-07-2021 10:31:37	schekino.zaboripodkluch.ru	/zabory-iz-profnastila/
16-07-2021 10:31:37	schekino.zaboripodkluch.ru	/zabory-iz-setki-rabitsy/
16-07-2021 10:31:37	ser-pos.zaboripodkluch.ru	/
16-07-2021 10:31:37	ser-pos.zaboripodkluch.ru	/3d-zabory/
16-07-2021 10:31:37	ser-pos.zaboripodkluch.ru	/vorota/
16-07-2021 10:31:37	ser-pos.zaboripodkluch.ru	/zabory-dlya-dachi/
16-07-2021 10:31:37	ser-pos.zaboripodkluch.ru	/zabory-iz-metallicheskogo-shtaketnika/
16-07-2021 10:31:37	ser-pos.zaboripodkluch.ru	/zabory-iz-profnastila/
16-07-2021 10:31:37	ser-pos.zaboripodkluch.ru	/zabory-iz-setki-rabitsy/
16-07-2021 10:31:37	serpuhov.zaboripodkluch.ru	/
16-07-2021 10:31:37	serpuhov.zaboripodkluch.ru	/3d-zabory/
16-07-2021 10:31:37	serpuhov.zaboripodkluch.ru	/vorota/
16-07-2021 10:31:37	serpuhov.zaboripodkluch.ru	/zabory-dlya-dachi/
16-07-2021 10:31:37	serpuhov.zaboripodkluch.ru	/zabory-iz-metallicheskogo-shtaketnika/
16-07-2021 10:31:37	serpuhov.zaboripodkluch.ru	/zabory-iz-profnastila/
16-07-2021 10:31:37	serpuhov.zaboripodkluch.ru	/zabory-iz-setki-rabitsy/
16-07-2021 10:31:37	shack.zaboripodkluch.ru	/
16-07-2021 10:31:37	shack.zaboripodkluch.ru	/3d-zabory/
16-07-2021 10:31:37	shack.zaboripodkluch.ru	/vorota/
16-07-2021 10:31:37	shack.zaboripodkluch.ru	/zabory-dlya-dachi/
16-07-2021 10:31:37	shack.zaboripodkluch.ru	/zabory-iz-metallicheskogo-shtaketnika/
16-07-2021 10:31:37	shack.zaboripodkluch.ru	/zabory-iz-profnastila/
16-07-2021 10:31:37	shack.zaboripodkluch.ru	/zabory-iz-setki-rabitsy/
16-07-2021 10:31:37	shatura.zaboripodkluch.ru	/
16-07-2021 10:31:37	shatura.zaboripodkluch.ru	/3d-zabory/
16-07-2021 10:31:37	shatura.zaboripodkluch.ru	/vorota/
16-07-2021 10:31:37	shatura.zaboripodkluch.ru	/zabory-dlya-dachi/
16-07-2021 10:31:37	shatura.zaboripodkluch.ru	/zabory-iz-metallicheskogo-shtaketnika/
16-07-2021 10:31:37	shatura.zaboripodkluch.ru	/zabory-iz-profnastila/
16-07-2021 10:31:38	shatura.zaboripodkluch.ru	/zabory-iz-setki-rabitsy/
16-07-2021 10:31:38	shcherbinka.zaboripodkluch.ru	/
16-07-2021 10:31:38	shcherbinka.zaboripodkluch.ru	/3d-zabory/
16-07-2021 10:31:38	shcherbinka.zaboripodkluch.ru	/vorota/
16-07-2021 10:31:38	shcherbinka.zaboripodkluch.ru	/zabory-dlya-dachi/
16-07-2021 10:31:38	shcherbinka.zaboripodkluch.ru	/zabory-iz-metallicheskogo-shtaketnika/
16-07-2021 10:31:38	shcherbinka.zaboripodkluch.ru	/zabory-iz-profnastila/
16-07-2021 10:31:38	shcherbinka.zaboripodkluch.ru	/zabory-iz-setki-rabitsy/
16-07-2021 10:31:38	shchyolkovo.zaboripodkluch.ru	/
16-07-2021 10:31:38	shchyolkovo.zaboripodkluch.ru	/3d-zabory/
16-07-2021 10:31:38	shchyolkovo.zaboripodkluch.ru	/vorota/
16-07-2021 10:31:38	shchyolkovo.zaboripodkluch.ru	/zabory-dlya-dachi/
16-07-2021 10:31:38	shchyolkovo.zaboripodkluch.ru	/zabory-iz-metallicheskogo-shtaketnika/
16-07-2021 10:31:38	shchyolkovo.zaboripodkluch.ru	/zabory-iz-profnastila/
16-07-2021 10:31:38	shchyolkovo.zaboripodkluch.ru	/zabory-iz-setki-rabitsy/
16-07-2021 10:31:38	skopin.zaboripodkluch.ru	/
16-07-2021 10:31:38	skopin.zaboripodkluch.ru	/3d-zabory/
16-07-2021 10:31:38	skopin.zaboripodkluch.ru	/vorota/
16-07-2021 10:31:38	skopin.zaboripodkluch.ru	/zabory-dlya-dachi/
16-07-2021 10:31:38	skopin.zaboripodkluch.ru	/zabory-iz-metallicheskogo-shtaketnika/
16-07-2021 10:31:38	skopin.zaboripodkluch.ru	/zabory-iz-profnastila/
16-07-2021 10:31:38	skopin.zaboripodkluch.ru	/zabory-iz-setki-rabitsy/
16-07-2021 10:31:38	smolensk.zaboripodkluch.ru	/
16-07-2021 10:31:38	smolensk.zaboripodkluch.ru	/3d-zabory/
16-07-2021 10:31:38	smolensk.zaboripodkluch.ru	/vorota/
16-07-2021 10:31:38	smolensk.zaboripodkluch.ru	/zabory-dlya-dachi/
16-07-2021 10:31:38	smolensk.zaboripodkluch.ru	/zabory-iz-metallicheskogo-shtaketnika/
16-07-2021 10:31:38	smolensk.zaboripodkluch.ru	/zabory-iz-profnastila/
16-07-2021 10:31:38	smolensk.zaboripodkluch.ru	/zabory-iz-setki-rabitsy/
16-07-2021 10:31:38	sobinka.zaboripodkluch.ru	/
16-07-2021 10:31:38	sobinka.zaboripodkluch.ru	/3d-zabory/
16-07-2021 10:31:38	sobinka.zaboripodkluch.ru	/vorota/
16-07-2021 10:31:38	sobinka.zaboripodkluch.ru	/zabory-dlya-dachi/
16-07-2021 10:31:38	sobinka.zaboripodkluch.ru	/zabory-iz-metallicheskogo-shtaketnika/
16-07-2021 10:31:38	sobinka.zaboripodkluch.ru	/zabory-iz-profnastila/
16-07-2021 10:31:38	sobinka.zaboripodkluch.ru	/zabory-iz-setki-rabitsy/
16-07-2021 10:31:38	solnechnogorsk.zaboripodkluch.ru	/
16-07-2021 10:31:38	solnechnogorsk.zaboripodkluch.ru	/3d-zabory/
16-07-2021 10:31:38	solnechnogorsk.zaboripodkluch.ru	/vorota/
16-07-2021 10:31:38	solnechnogorsk.zaboripodkluch.ru	/zabory-dlya-dachi/
16-07-2021 10:31:38	solnechnogorsk.zaboripodkluch.ru	/zabory-iz-metallicheskogo-shtaketnika/
16-07-2021 10:31:38	solnechnogorsk.zaboripodkluch.ru	/zabory-iz-profnastila/
16-07-2021 10:31:38	solnechnogorsk.zaboripodkluch.ru	/zabory-iz-setki-rabitsy/
16-07-2021 10:31:38	sosenskij.zaboripodkluch.ru	/
16-07-2021 10:31:38	sosenskij.zaboripodkluch.ru	/3d-zabory/
16-07-2021 10:31:38	sosenskij.zaboripodkluch.ru	/vorota/
16-07-2021 10:31:38	sosenskij.zaboripodkluch.ru	/zabory-dlya-dachi/
16-07-2021 10:31:38	sosenskij.zaboripodkluch.ru	/zabory-iz-metallicheskogo-shtaketnika/
16-07-2021 10:31:38	sosenskij.zaboripodkluch.ru	/zabory-iz-profnastila/
16-07-2021 10:31:38	sosenskij.zaboripodkluch.ru	/zabory-iz-setki-rabitsy/
16-07-2021 10:31:38	sovetsk.zaboripodkluch.ru	/
16-07-2021 10:31:38	sovetsk.zaboripodkluch.ru	/3d-zabory/
16-07-2021 10:31:38	sovetsk.zaboripodkluch.ru	/vorota/
16-07-2021 10:31:38	sovetsk.zaboripodkluch.ru	/zabory-dlya-dachi/
16-07-2021 10:31:38	sovetsk.zaboripodkluch.ru	/zabory-iz-metallicheskogo-shtaketnika/
16-07-2021 10:31:38	sovetsk.zaboripodkluch.ru	/zabory-iz-profnastila/
16-07-2021 10:31:38	sovetsk.zaboripodkluch.ru	/zabory-iz-setki-rabitsy/
16-07-2021 10:31:38	spas-demensk.zaboripodkluch.ru	/
16-07-2021 10:31:38	spas-demensk.zaboripodkluch.ru	/3d-zabory/
16-07-2021 10:31:38	spas-demensk.zaboripodkluch.ru	/vorota/
16-07-2021 10:31:38	spas-demensk.zaboripodkluch.ru	/zabory-dlya-dachi/
16-07-2021 10:31:38	spas-demensk.zaboripodkluch.ru	/zabory-iz-metallicheskogo-shtaketnika/
16-07-2021 10:31:38	spas-demensk.zaboripodkluch.ru	/zabory-iz-profnastila/
16-07-2021 10:31:38	spas-demensk.zaboripodkluch.ru	/zabory-iz-setki-rabitsy/
16-07-2021 10:31:38	spas-klepiki.zaboripodkluch.ru	/
16-07-2021 10:31:38	spas-klepiki.zaboripodkluch.ru	/3d-zabory/
16-07-2021 10:31:38	spas-klepiki.zaboripodkluch.ru	/vorota/
16-07-2021 10:31:38	spas-klepiki.zaboripodkluch.ru	/zabory-dlya-dachi/
16-07-2021 10:31:38	spas-klepiki.zaboripodkluch.ru	/zabory-iz-metallicheskogo-shtaketnika/
16-07-2021 10:31:38	spas-klepiki.zaboripodkluch.ru	/zabory-iz-profnastila/
16-07-2021 10:31:38	spas-klepiki.zaboripodkluch.ru	/zabory-iz-setki-rabitsy/
16-07-2021 10:31:38	spassk-ryazanskij.zaboripodkluch.ru	/
16-07-2021 10:31:38	spassk-ryazanskij.zaboripodkluch.ru	/3d-zabory/
16-07-2021 10:31:38	spassk-ryazanskij.zaboripodkluch.ru	/vorota/
16-07-2021 10:31:38	spassk-ryazanskij.zaboripodkluch.ru	/zabory-dlya-dachi/
16-07-2021 10:31:38	spassk-ryazanskij.zaboripodkluch.ru	/zabory-iz-metallicheskogo-shtaketnika/
16-07-2021 10:31:38	spassk-ryazanskij.zaboripodkluch.ru	/zabory-iz-profnastila/
16-07-2021 10:31:38	spassk-ryazanskij.zaboripodkluch.ru	/zabory-iz-setki-rabitsy/
16-07-2021 10:31:38	staraya-kupavna.zaboripodkluch.ru	/
16-07-2021 10:31:38	staraya-kupavna.zaboripodkluch.ru	/3d-zabory/
16-07-2021 10:31:38	staraya-kupavna.zaboripodkluch.ru	/vorota/
16-07-2021 10:31:38	staraya-kupavna.zaboripodkluch.ru	/zabory-dlya-dachi/
16-07-2021 10:31:38	staraya-kupavna.zaboripodkluch.ru	/zabory-iz-metallicheskogo-shtaketnika/
16-07-2021 10:31:38	staraya-kupavna.zaboripodkluch.ru	/zabory-iz-profnastila/
16-07-2021 10:31:38	staraya-kupavna.zaboripodkluch.ru	/zabory-iz-setki-rabitsy/
16-07-2021 10:31:38	starica.zaboripodkluch.ru	/
16-07-2021 10:31:38	starica.zaboripodkluch.ru	/3d-zabory/
16-07-2021 10:31:38	starica.zaboripodkluch.ru	/vorota/
16-07-2021 10:31:38	starica.zaboripodkluch.ru	/zabory-dlya-dachi/
16-07-2021 10:31:39	starica.zaboripodkluch.ru	/zabory-iz-metallicheskogo-shtaketnika/
16-07-2021 10:31:39	starica.zaboripodkluch.ru	/zabory-iz-profnastila/
16-07-2021 10:31:39	starica.zaboripodkluch.ru	/zabory-iz-setki-rabitsy/
16-07-2021 10:31:39	strunino.zaboripodkluch.ru	/
16-07-2021 10:31:39	strunino.zaboripodkluch.ru	/3d-zabory/
16-07-2021 10:31:39	strunino.zaboripodkluch.ru	/vorota/
16-07-2021 10:31:39	strunino.zaboripodkluch.ru	/zabory-dlya-dachi/
16-07-2021 10:31:39	strunino.zaboripodkluch.ru	/zabory-iz-metallicheskogo-shtaketnika/
16-07-2021 10:31:39	strunino.zaboripodkluch.ru	/zabory-iz-profnastila/
16-07-2021 10:31:39	strunino.zaboripodkluch.ru	/zabory-iz-setki-rabitsy/
16-07-2021 10:31:39	stupino.zaboripodkluch.ru	/
16-07-2021 10:31:39	stupino.zaboripodkluch.ru	/3d-zabory/
16-07-2021 10:31:39	stupino.zaboripodkluch.ru	/vorota/
16-07-2021 10:31:39	stupino.zaboripodkluch.ru	/zabory-dlya-dachi/
16-07-2021 10:31:39	stupino.zaboripodkluch.ru	/zabory-iz-metallicheskogo-shtaketnika/
16-07-2021 10:31:39	stupino.zaboripodkluch.ru	/zabory-iz-profnastila/
16-07-2021 10:31:39	stupino.zaboripodkluch.ru	/zabory-iz-setki-rabitsy/
16-07-2021 10:31:39	sudogda.zaboripodkluch.ru	/
16-07-2021 10:31:39	sudogda.zaboripodkluch.ru	/3d-zabory/
16-07-2021 10:31:39	sudogda.zaboripodkluch.ru	/vorota/
16-07-2021 10:31:39	sudogda.zaboripodkluch.ru	/zabory-dlya-dachi/
16-07-2021 10:31:39	sudogda.zaboripodkluch.ru	/zabory-iz-metallicheskogo-shtaketnika/
16-07-2021 10:31:39	sudogda.zaboripodkluch.ru	/zabory-iz-profnastila/
16-07-2021 10:31:39	sudogda.zaboripodkluch.ru	/zabory-iz-setki-rabitsy/
16-07-2021 10:31:39	suhinichi.zaboripodkluch.ru	/
16-07-2021 10:31:39	suhinichi.zaboripodkluch.ru	/3d-zabory/
16-07-2021 10:31:39	suhinichi.zaboripodkluch.ru	/vorota/
16-07-2021 10:31:39	suhinichi.zaboripodkluch.ru	/zabory-dlya-dachi/
16-07-2021 10:31:39	suhinichi.zaboripodkluch.ru	/zabory-iz-metallicheskogo-shtaketnika/
16-07-2021 10:31:39	suhinichi.zaboripodkluch.ru	/zabory-iz-profnastila/
16-07-2021 10:31:39	suhinichi.zaboripodkluch.ru	/zabory-iz-setki-rabitsy/
16-07-2021 10:31:39	suvorov.zaboripodkluch.ru	/
16-07-2021 10:31:39	suvorov.zaboripodkluch.ru	/3d-zabory/
16-07-2021 10:31:39	suvorov.zaboripodkluch.ru	/vorota/
16-07-2021 10:31:39	suvorov.zaboripodkluch.ru	/zabory-dlya-dachi/
16-07-2021 10:31:39	suvorov.zaboripodkluch.ru	/zabory-iz-metallicheskogo-shtaketnika/
16-07-2021 10:31:39	suvorov.zaboripodkluch.ru	/zabory-iz-profnastila/
16-07-2021 10:31:39	suvorov.zaboripodkluch.ru	/zabory-iz-setki-rabitsy/
16-07-2021 10:31:39	suzdal.zaboripodkluch.ru	/
16-07-2021 10:31:39	suzdal.zaboripodkluch.ru	/3d-zabory/
16-07-2021 10:31:39	suzdal.zaboripodkluch.ru	/vorota/
16-07-2021 10:31:39	suzdal.zaboripodkluch.ru	/zabory-dlya-dachi/
16-07-2021 10:31:39	suzdal.zaboripodkluch.ru	/zabory-iz-metallicheskogo-shtaketnika/
16-07-2021 10:31:39	suzdal.zaboripodkluch.ru	/zabory-iz-profnastila/
16-07-2021 10:31:39	suzdal.zaboripodkluch.ru	/zabory-iz-setki-rabitsy/
16-07-2021 10:31:39	sychyovka.zaboripodkluch.ru	/
16-07-2021 10:31:39	sychyovka.zaboripodkluch.ru	/3d-zabory/
16-07-2021 10:31:39	sychyovka.zaboripodkluch.ru	/vorota/
16-07-2021 10:31:39	sychyovka.zaboripodkluch.ru	/zabory-dlya-dachi/
16-07-2021 10:31:39	sychyovka.zaboripodkluch.ru	/zabory-iz-metallicheskogo-shtaketnika/
16-07-2021 10:31:39	sychyovka.zaboripodkluch.ru	/zabory-iz-profnastila/
16-07-2021 10:31:39	sychyovka.zaboripodkluch.ru	/zabory-iz-setki-rabitsy/
16-07-2021 10:31:39	taldom.zaboripodkluch.ru	/
16-07-2021 10:31:39	taldom.zaboripodkluch.ru	/3d-zabory/
16-07-2021 10:31:39	taldom.zaboripodkluch.ru	/vorota/
16-07-2021 10:31:39	taldom.zaboripodkluch.ru	/zabory-dlya-dachi/
16-07-2021 10:31:39	taldom.zaboripodkluch.ru	/zabory-iz-metallicheskogo-shtaketnika/
16-07-2021 10:31:39	taldom.zaboripodkluch.ru	/zabory-iz-profnastila/
16-07-2021 10:31:39	taldom.zaboripodkluch.ru	/zabory-iz-setki-rabitsy/
16-07-2021 10:31:39	tarusa.zaboripodkluch.ru	/
16-07-2021 10:31:39	tarusa.zaboripodkluch.ru	/3d-zabory/
16-07-2021 10:31:39	tarusa.zaboripodkluch.ru	/vorota/
16-07-2021 10:31:39	tarusa.zaboripodkluch.ru	/zabory-dlya-dachi/
16-07-2021 10:31:39	tarusa.zaboripodkluch.ru	/zabory-iz-metallicheskogo-shtaketnika/
16-07-2021 10:31:39	tarusa.zaboripodkluch.ru	/zabory-iz-profnastila/
16-07-2021 10:31:39	tarusa.zaboripodkluch.ru	/zabory-iz-setki-rabitsy/
16-07-2021 10:31:39	toropec.zaboripodkluch.ru	/
16-07-2021 10:31:39	toropec.zaboripodkluch.ru	/3d-zabory/
16-07-2021 10:31:39	toropec.zaboripodkluch.ru	/vorota/
16-07-2021 10:31:39	toropec.zaboripodkluch.ru	/zabory-dlya-dachi/
16-07-2021 10:31:39	toropec.zaboripodkluch.ru	/zabory-iz-metallicheskogo-shtaketnika/
16-07-2021 10:31:39	toropec.zaboripodkluch.ru	/zabory-iz-profnastila/
16-07-2021 10:31:39	toropec.zaboripodkluch.ru	/zabory-iz-setki-rabitsy/
16-07-2021 10:31:39	torzhok.zaboripodkluch.ru	/
16-07-2021 10:31:39	torzhok.zaboripodkluch.ru	/3d-zabory/
16-07-2021 10:31:39	torzhok.zaboripodkluch.ru	/vorota/
16-07-2021 10:31:39	torzhok.zaboripodkluch.ru	/zabory-dlya-dachi/
16-07-2021 10:31:39	torzhok.zaboripodkluch.ru	/zabory-iz-metallicheskogo-shtaketnika/
16-07-2021 10:31:39	torzhok.zaboripodkluch.ru	/zabory-iz-profnastila/
16-07-2021 10:31:39	torzhok.zaboripodkluch.ru	/zabory-iz-setki-rabitsy/
16-07-2021 10:31:39	troick.zaboripodkluch.ru	/
16-07-2021 10:31:39	troick.zaboripodkluch.ru	/3d-zabory/
16-07-2021 10:31:39	troick.zaboripodkluch.ru	/vorota/
16-07-2021 10:31:39	troick.zaboripodkluch.ru	/zabory-dlya-dachi/
16-07-2021 10:31:39	troick.zaboripodkluch.ru	/zabory-iz-metallicheskogo-shtaketnika/
16-07-2021 10:31:40	troick.zaboripodkluch.ru	/zabory-iz-profnastila/
16-07-2021 10:31:40	troick.zaboripodkluch.ru	/zabory-iz-setki-rabitsy/
16-07-2021 10:31:40	tula.zaboripodkluch.ru	/
16-07-2021 10:31:40	tula.zaboripodkluch.ru	/3d-zabory/
16-07-2021 10:31:40	tula.zaboripodkluch.ru	/vorota/
16-07-2021 10:31:40	tula.zaboripodkluch.ru	/zabory-dlya-dachi/
16-07-2021 10:31:40	tula.zaboripodkluch.ru	/zabory-iz-metallicheskogo-shtaketnika/
16-07-2021 10:31:40	tula.zaboripodkluch.ru	/zabory-iz-profnastila/
16-07-2021 10:31:40	tula.zaboripodkluch.ru	/zabory-iz-setki-rabitsy/
16-07-2021 10:31:40	tver.zaboripodkluch.ru	/
16-07-2021 10:31:40	tver.zaboripodkluch.ru	/3d-zabory/
16-07-2021 10:31:40	tver.zaboripodkluch.ru	/vorota/
16-07-2021 10:31:40	tver.zaboripodkluch.ru	/zabory-dlya-dachi/
16-07-2021 10:31:40	tver.zaboripodkluch.ru	/zabory-iz-metallicheskogo-shtaketnika/
16-07-2021 10:31:40	tver.zaboripodkluch.ru	/zabory-iz-profnastila/
16-07-2021 10:31:40	tver.zaboripodkluch.ru	/zabory-iz-setki-rabitsy/
16-07-2021 10:31:40	udomlya.zaboripodkluch.ru	/
16-07-2021 10:31:40	udomlya.zaboripodkluch.ru	/3d-zabory/
16-07-2021 10:31:40	udomlya.zaboripodkluch.ru	/vorota/
16-07-2021 10:31:40	udomlya.zaboripodkluch.ru	/zabory-dlya-dachi/
16-07-2021 10:31:40	udomlya.zaboripodkluch.ru	/zabory-iz-metallicheskogo-shtaketnika/
16-07-2021 10:31:40	udomlya.zaboripodkluch.ru	/zabory-iz-profnastila/
16-07-2021 10:31:40	udomlya.zaboripodkluch.ru	/zabory-iz-setki-rabitsy/
16-07-2021 10:31:40	uzl.zaboripodkluch.ru	/
16-07-2021 10:31:40	uzl.zaboripodkluch.ru	/3d-zabory/
16-07-2021 10:31:40	uzl.zaboripodkluch.ru	/vorota/
16-07-2021 10:31:40	uzl.zaboripodkluch.ru	/zabory-dlya-dachi/
16-07-2021 10:31:40	uzl.zaboripodkluch.ru	/zabory-iz-metallicheskogo-shtaketnika/
16-07-2021 10:31:40	uzl.zaboripodkluch.ru	/zabory-iz-profnastila/
16-07-2021 10:31:40	uzl.zaboripodkluch.ru	/zabory-iz-setki-rabitsy/
16-07-2021 10:31:40	velizh.zaboripodkluch.ru	/
16-07-2021 10:31:40	velizh.zaboripodkluch.ru	/3d-zabory/
16-07-2021 10:31:40	velizh.zaboripodkluch.ru	/vorota/
16-07-2021 10:31:40	velizh.zaboripodkluch.ru	/zabory-dlya-dachi/
16-07-2021 10:31:40	velizh.zaboripodkluch.ru	/zabory-iz-metallicheskogo-shtaketnika/
16-07-2021 10:31:40	velizh.zaboripodkluch.ru	/zabory-iz-profnastila/
16-07-2021 10:31:40	velizh.zaboripodkluch.ru	/zabory-iz-setki-rabitsy/
16-07-2021 10:31:40	venev.zaboripodkluch.ru	/
16-07-2021 10:31:40	venev.zaboripodkluch.ru	/3d-zabory/
16-07-2021 10:31:40	venev.zaboripodkluch.ru	/vorota/
16-07-2021 10:31:40	venev.zaboripodkluch.ru	/zabory-dlya-dachi/
16-07-2021 10:31:40	venev.zaboripodkluch.ru	/zabory-iz-metallicheskogo-shtaketnika/
16-07-2021 10:31:40	venev.zaboripodkluch.ru	/zabory-iz-profnastila/
16-07-2021 10:31:40	venev.zaboripodkluch.ru	/zabory-iz-setki-rabitsy/
16-07-2021 10:31:40	vereya.zaboripodkluch.ru	/
16-07-2021 10:31:40	vereya.zaboripodkluch.ru	/3d-zabory/
16-07-2021 10:31:40	vereya.zaboripodkluch.ru	/vorota/
16-07-2021 10:31:40	vereya.zaboripodkluch.ru	/zabory-dlya-dachi/
16-07-2021 10:31:40	vereya.zaboripodkluch.ru	/zabory-iz-metallicheskogo-shtaketnika/
16-07-2021 10:31:40	vereya.zaboripodkluch.ru	/zabory-iz-profnastila/
16-07-2021 10:31:40	vereya.zaboripodkluch.ru	/zabory-iz-setki-rabitsy/
16-07-2021 10:31:40	vesegonsk.zaboripodkluch.ru	/
16-07-2021 10:31:40	vesegonsk.zaboripodkluch.ru	/3d-zabory/
16-07-2021 10:31:40	vesegonsk.zaboripodkluch.ru	/vorota/
16-07-2021 10:31:40	vesegonsk.zaboripodkluch.ru	/zabory-dlya-dachi/
16-07-2021 10:31:40	vesegonsk.zaboripodkluch.ru	/zabory-iz-metallicheskogo-shtaketnika/
16-07-2021 10:31:40	vesegonsk.zaboripodkluch.ru	/zabory-iz-profnastila/
16-07-2021 10:31:40	vesegonsk.zaboripodkluch.ru	/zabory-iz-setki-rabitsy/
16-07-2021 10:31:40	vidnoe.zaboripodkluch.ru	/
16-07-2021 10:31:40	vidnoe.zaboripodkluch.ru	/3d-zabory/
16-07-2021 10:31:40	vidnoe.zaboripodkluch.ru	/vorota/
16-07-2021 10:31:40	vidnoe.zaboripodkluch.ru	/zabory-dlya-dachi/
16-07-2021 10:31:40	vidnoe.zaboripodkluch.ru	/zabory-iz-metallicheskogo-shtaketnika/
16-07-2021 10:31:40	vidnoe.zaboripodkluch.ru	/zabory-iz-profnastila/
16-07-2021 10:31:40	vidnoe.zaboripodkluch.ru	/zabory-iz-setki-rabitsy/
16-07-2021 10:31:40	vladimir.zaboripodkluch.ru	/
16-07-2021 10:31:40	vladimir.zaboripodkluch.ru	/3d-zabory/
16-07-2021 10:31:40	vladimir.zaboripodkluch.ru	/vorota/
16-07-2021 10:31:40	vladimir.zaboripodkluch.ru	/zabory-dlya-dachi/
16-07-2021 10:31:40	vladimir.zaboripodkluch.ru	/zabory-iz-metallicheskogo-shtaketnika/
16-07-2021 10:31:40	vladimir.zaboripodkluch.ru	/zabory-iz-profnastila/
16-07-2021 10:31:40	vladimir.zaboripodkluch.ru	/zabory-iz-setki-rabitsy/
16-07-2021 10:31:40	volokolamsk.zaboripodkluch.ru	/
16-07-2021 10:31:40	volokolamsk.zaboripodkluch.ru	/3d-zabory/
16-07-2021 10:31:40	volokolamsk.zaboripodkluch.ru	/vorota/
16-07-2021 10:31:40	volokolamsk.zaboripodkluch.ru	/zabory-dlya-dachi/
16-07-2021 10:31:40	volokolamsk.zaboripodkluch.ru	/zabory-iz-metallicheskogo-shtaketnika/
16-07-2021 10:31:40	volokolamsk.zaboripodkluch.ru	/zabory-iz-profnastila/
16-07-2021 10:31:40	volokolamsk.zaboripodkluch.ru	/zabory-iz-setki-rabitsy/
16-07-2021 10:31:40	voskresensk.zaboripodkluch.ru	/
16-07-2021 10:31:40	voskresensk.zaboripodkluch.ru	/3d-zabory/
16-07-2021 10:31:40	voskresensk.zaboripodkluch.ru	/vorota/
16-07-2021 10:31:40	voskresensk.zaboripodkluch.ru	/zabory-dlya-dachi/
16-07-2021 10:31:41	voskresensk.zaboripodkluch.ru	/zabory-iz-metallicheskogo-shtaketnika/
16-07-2021 10:31:41	voskresensk.zaboripodkluch.ru	/zabory-iz-profnastila/
16-07-2021 10:31:41	voskresensk.zaboripodkluch.ru	/zabory-iz-setki-rabitsy/
16-07-2021 10:31:41	vyazma.zaboripodkluch.ru	/
16-07-2021 10:31:41	vyazma.zaboripodkluch.ru	/3d-zabory/
16-07-2021 10:31:41	vyazma.zaboripodkluch.ru	/vorota/
16-07-2021 10:31:41	vyazma.zaboripodkluch.ru	/zabory-dlya-dachi/
16-07-2021 10:31:41	vyazma.zaboripodkluch.ru	/zabory-iz-metallicheskogo-shtaketnika/
16-07-2021 10:31:41	vyazma.zaboripodkluch.ru	/zabory-iz-profnastila/
16-07-2021 10:31:41	vyazma.zaboripodkluch.ru	/zabory-iz-setki-rabitsy/
16-07-2021 10:31:41	vyazniki.zaboripodkluch.ru	/
16-07-2021 10:31:41	vyazniki.zaboripodkluch.ru	/3d-zabory/
16-07-2021 10:31:41	vyazniki.zaboripodkluch.ru	/vorota/
16-07-2021 10:31:41	vyazniki.zaboripodkluch.ru	/zabory-dlya-dachi/
16-07-2021 10:31:41	vyazniki.zaboripodkluch.ru	/zabory-iz-metallicheskogo-shtaketnika/
16-07-2021 10:31:41	vyazniki.zaboripodkluch.ru	/zabory-iz-profnastila/
16-07-2021 10:31:41	vyazniki.zaboripodkluch.ru	/zabory-iz-setki-rabitsy/
16-07-2021 10:31:41	vyshnij-volochyok.zaboripodkluch.ru	/
16-07-2021 10:31:41	vyshnij-volochyok.zaboripodkluch.ru	/3d-zabory/
16-07-2021 10:31:41	vyshnij-volochyok.zaboripodkluch.ru	/vorota/
16-07-2021 10:31:41	vyshnij-volochyok.zaboripodkluch.ru	/zabory-dlya-dachi/
16-07-2021 10:31:41	vyshnij-volochyok.zaboripodkluch.ru	/zabory-iz-metallicheskogo-shtaketnika/
16-07-2021 10:31:41	vyshnij-volochyok.zaboripodkluch.ru	/zabory-iz-profnastila/
16-07-2021 10:31:41	vyshnij-volochyok.zaboripodkluch.ru	/zabory-iz-setki-rabitsy/
16-07-2021 10:31:41	vysokovsk.zaboripodkluch.ru	/
16-07-2021 10:31:41	vysokovsk.zaboripodkluch.ru	/3d-zabory/
16-07-2021 10:31:41	vysokovsk.zaboripodkluch.ru	/vorota/
16-07-2021 10:31:41	vysokovsk.zaboripodkluch.ru	/zabory-dlya-dachi/
16-07-2021 10:31:41	vysokovsk.zaboripodkluch.ru	/zabory-iz-metallicheskogo-shtaketnika/
16-07-2021 10:31:41	vysokovsk.zaboripodkluch.ru	/zabory-iz-profnastila/
16-07-2021 10:31:41	vysokovsk.zaboripodkluch.ru	/zabory-iz-setki-rabitsy/
16-07-2021 10:31:41	yahroma.zaboripodkluch.ru	/
16-07-2021 10:31:41	yahroma.zaboripodkluch.ru	/3d-zabory/
16-07-2021 10:31:41	yahroma.zaboripodkluch.ru	/vorota/
16-07-2021 10:31:41	yahroma.zaboripodkluch.ru	/zabory-dlya-dachi/
16-07-2021 10:31:41	yahroma.zaboripodkluch.ru	/zabory-iz-metallicheskogo-shtaketnika/
16-07-2021 10:31:41	yahroma.zaboripodkluch.ru	/zabory-iz-profnastila/
16-07-2021 10:31:41	yahroma.zaboripodkluch.ru	/zabory-iz-setki-rabitsy/
16-07-2021 10:31:41	yarcevo.zaboripodkluch.ru	/
16-07-2021 10:31:41	yarcevo.zaboripodkluch.ru	/3d-zabory/
16-07-2021 10:31:41	yarcevo.zaboripodkluch.ru	/vorota/
16-07-2021 10:31:41	yarcevo.zaboripodkluch.ru	/zabory-dlya-dachi/
16-07-2021 10:31:41	yarcevo.zaboripodkluch.ru	/zabory-iz-metallicheskogo-shtaketnika/
16-07-2021 10:31:41	yarcevo.zaboripodkluch.ru	/zabory-iz-profnastila/
16-07-2021 10:31:41	yarcevo.zaboripodkluch.ru	/zabory-iz-setki-rabitsy/
16-07-2021 10:31:41	yasnogorsk.zaboripodkluch.ru	/
16-07-2021 10:31:41	yasnogorsk.zaboripodkluch.ru	/3d-zabory/
16-07-2021 10:31:41	yasnogorsk.zaboripodkluch.ru	/vorota/
16-07-2021 10:31:41	yasnogorsk.zaboripodkluch.ru	/zabory-dlya-dachi/
16-07-2021 10:31:41	yasnogorsk.zaboripodkluch.ru	/zabory-iz-metallicheskogo-shtaketnika/
16-07-2021 10:31:41	yasnogorsk.zaboripodkluch.ru	/zabory-iz-profnastila/
16-07-2021 10:31:41	yasnogorsk.zaboripodkluch.ru	/zabory-iz-setki-rabitsy/
16-07-2021 10:31:41	yubilejnyj.zaboripodkluch.ru	/
16-07-2021 10:31:41	yubilejnyj.zaboripodkluch.ru	/3d-zabory/
16-07-2021 10:31:41	yubilejnyj.zaboripodkluch.ru	/vorota/
16-07-2021 10:31:41	yubilejnyj.zaboripodkluch.ru	/zabory-dlya-dachi/
16-07-2021 10:31:41	yubilejnyj.zaboripodkluch.ru	/zabory-iz-metallicheskogo-shtaketnika/
16-07-2021 10:31:41	yubilejnyj.zaboripodkluch.ru	/zabory-iz-profnastila/
16-07-2021 10:31:41	yubilejnyj.zaboripodkluch.ru	/zabory-iz-setki-rabitsy/
16-07-2021 10:31:41	yuhnov.zaboripodkluch.ru	/
16-07-2021 10:31:41	yuhnov.zaboripodkluch.ru	/3d-zabory/
16-07-2021 10:31:41	yuhnov.zaboripodkluch.ru	/vorota/
16-07-2021 10:31:41	yuhnov.zaboripodkluch.ru	/zabory-dlya-dachi/
16-07-2021 10:31:41	yuhnov.zaboripodkluch.ru	/zabory-iz-metallicheskogo-shtaketnika/
16-07-2021 10:31:41	yuhnov.zaboripodkluch.ru	/zabory-iz-profnastila/
16-07-2021 10:31:41	yuhnov.zaboripodkluch.ru	/zabory-iz-setki-rabitsy/
16-07-2021 10:31:41	yurev-polskij.zaboripodkluch.ru	/
16-07-2021 10:31:41	yurev-polskij.zaboripodkluch.ru	/3d-zabory/
16-07-2021 10:31:41	yurev-polskij.zaboripodkluch.ru	/vorota/
16-07-2021 10:31:41	yurev-polskij.zaboripodkluch.ru	/zabory-dlya-dachi/
16-07-2021 10:31:41	yurev-polskij.zaboripodkluch.ru	/zabory-iz-metallicheskogo-shtaketnika/
16-07-2021 10:31:41	yurev-polskij.zaboripodkluch.ru	/zabory-iz-profnastila/
16-07-2021 10:31:41	yurev-polskij.zaboripodkluch.ru	/zabory-iz-setki-rabitsy/
16-07-2021 10:31:41	zaboripodkluch.ru	/
16-07-2021 10:31:41	zaboripodkluch.ru	/3d-zabory/
16-07-2021 10:31:41	zaboripodkluch.ru	/vorota/
16-07-2021 10:31:41	zaboripodkluch.ru	/zabory-dlya-dachi/
16-07-2021 10:31:41	zaboripodkluch.ru	/zabory-iz-metallicheskogo-shtaketnika/
16-07-2021 10:31:41	zaboripodkluch.ru	/zabory-iz-profnastila/
16-07-2021 10:31:41	zaboripodkluch.ru	/zabory-iz-setki-rabitsy/
16-07-2021 10:31:41	zaoksk.zaboripodkluch.ru	/
16-07-2021 10:31:41	zaoksk.zaboripodkluch.ru	/3d-zabory/
16-07-2021 10:31:41	zaoksk.zaboripodkluch.ru	/vorota/
16-07-2021 10:31:41	zaoksk.zaboripodkluch.ru	/zabory-dlya-dachi/
16-07-2021 10:31:41	zaoksk.zaboripodkluch.ru	/zabory-iz-metallicheskogo-shtaketnika/
16-07-2021 10:31:41	zaoksk.zaboripodkluch.ru	/zabory-iz-profnastila/
16-07-2021 10:31:41	zaoksk.zaboripodkluch.ru	/zabory-iz-setki-rabitsy/
16-07-2021 10:31:42	zapadnaya-dvina.zaboripodkluch.ru	/
16-07-2021 10:31:42	zapadnaya-dvina.zaboripodkluch.ru	/3d-zabory/
16-07-2021 10:31:42	zapadnaya-dvina.zaboripodkluch.ru	/vorota/
16-07-2021 10:31:42	zapadnaya-dvina.zaboripodkluch.ru	/zabory-dlya-dachi/
16-07-2021 10:31:42	zapadnaya-dvina.zaboripodkluch.ru	/zabory-iz-metallicheskogo-shtaketnika/
16-07-2021 10:31:42	zapadnaya-dvina.zaboripodkluch.ru	/zabory-iz-profnastila/
16-07-2021 10:31:42	zapadnaya-dvina.zaboripodkluch.ru	/zabory-iz-setki-rabitsy/
16-07-2021 10:31:42	zarajsk.zaboripodkluch.ru	/
16-07-2021 10:31:42	zarajsk.zaboripodkluch.ru	/3d-zabory/
16-07-2021 10:31:42	zarajsk.zaboripodkluch.ru	/vorota/
16-07-2021 10:31:42	zarajsk.zaboripodkluch.ru	/zabory-dlya-dachi/
16-07-2021 10:31:42	zarajsk.zaboripodkluch.ru	/zabory-iz-metallicheskogo-shtaketnika/
16-07-2021 10:31:42	zarajsk.zaboripodkluch.ru	/zabory-iz-profnastila/
16-07-2021 10:31:42	zarajsk.zaboripodkluch.ru	/zabory-iz-setki-rabitsy/
16-07-2021 10:31:42	zheldor.zaboripodkluch.ru	/
16-07-2021 10:31:42	zheldor.zaboripodkluch.ru	/3d-zabory/
16-07-2021 10:31:42	zheldor.zaboripodkluch.ru	/vorota/
16-07-2021 10:31:42	zheldor.zaboripodkluch.ru	/zabory-dlya-dachi/
16-07-2021 10:31:42	zheldor.zaboripodkluch.ru	/zabory-iz-metallicheskogo-shtaketnika/
16-07-2021 10:31:42	zheldor.zaboripodkluch.ru	/zabory-iz-profnastila/
16-07-2021 10:31:42	zheldor.zaboripodkluch.ru	/zabory-iz-setki-rabitsy/
16-07-2021 10:31:42	zhizdra.zaboripodkluch.ru	/
16-07-2021 10:31:42	zhizdra.zaboripodkluch.ru	/3d-zabory/
16-07-2021 10:31:42	zhizdra.zaboripodkluch.ru	/vorota/
16-07-2021 10:31:42	zhizdra.zaboripodkluch.ru	/zabory-dlya-dachi/
16-07-2021 10:31:42	zhizdra.zaboripodkluch.ru	/zabory-iz-metallicheskogo-shtaketnika/
16-07-2021 10:31:42	zhizdra.zaboripodkluch.ru	/zabory-iz-profnastila/
16-07-2021 10:31:42	zhizdra.zaboripodkluch.ru	/zabory-iz-setki-rabitsy/
16-07-2021 10:31:42	zhukov.zaboripodkluch.ru	/
16-07-2021 10:31:42	zhukov.zaboripodkluch.ru	/3d-zabory/
16-07-2021 10:31:42	zhukov.zaboripodkluch.ru	/vorota/
16-07-2021 10:31:42	zhukov.zaboripodkluch.ru	/zabory-dlya-dachi/
16-07-2021 10:31:42	zhukov.zaboripodkluch.ru	/zabory-iz-metallicheskogo-shtaketnika/
16-07-2021 10:31:42	zhukov.zaboripodkluch.ru	/zabory-iz-profnastila/
16-07-2021 10:31:42	zhukov.zaboripodkluch.ru	/zabory-iz-setki-rabitsy/
16-07-2021 10:31:42	zhukovskij.zaboripodkluch.ru	/
16-07-2021 10:31:42	zhukovskij.zaboripodkluch.ru	/3d-zabory/
16-07-2021 10:31:42	zhukovskij.zaboripodkluch.ru	/vorota/
16-07-2021 10:31:42	zhukovskij.zaboripodkluch.ru	/zabory-dlya-dachi/
16-07-2021 10:31:42	zhukovskij.zaboripodkluch.ru	/zabory-iz-metallicheskogo-shtaketnika/
16-07-2021 10:31:42	zhukovskij.zaboripodkluch.ru	/zabory-iz-profnastila/
16-07-2021 10:31:42	zhukovskij.zaboripodkluch.ru	/zabory-iz-setki-rabitsy/
16-07-2021 10:31:42	zubcov.zaboripodkluch.ru	/
16-07-2021 10:31:42	zubcov.zaboripodkluch.ru	/3d-zabory/
16-07-2021 10:31:42	zubcov.zaboripodkluch.ru	/vorota/
16-07-2021 10:31:42	zubcov.zaboripodkluch.ru	/zabory-dlya-dachi/
16-07-2021 10:31:42	zubcov.zaboripodkluch.ru	/zabory-iz-metallicheskogo-shtaketnika/
16-07-2021 10:31:42	zubcov.zaboripodkluch.ru	/zabory-iz-profnastila/
16-07-2021 10:31:42	zubcov.zaboripodkluch.ru	/zabory-iz-setki-rabitsy/
16-07-2021 10:31:42	zvenigorod.zaboripodkluch.ru	/
16-07-2021 10:31:42	zvenigorod.zaboripodkluch.ru	/3d-zabory/
16-07-2021 10:31:42	zvenigorod.zaboripodkluch.ru	/vorota/
16-07-2021 10:31:42	zvenigorod.zaboripodkluch.ru	/zabory-dlya-dachi/
16-07-2021 10:31:42	zvenigorod.zaboripodkluch.ru	/zabory-iz-metallicheskogo-shtaketnika/
16-07-2021 10:31:42	zvenigorod.zaboripodkluch.ru	/zabory-iz-profnastila/
16-07-2021 10:31:42	zvenigorod.zaboripodkluch.ru	/zabory-iz-setki-rabitsy/
