06-03-2023 13:27:12	zaboripodkluch.ru	/3d-zabory/
06-03-2023 13:27:12	zaboripodkluch.ru	/3d-zabory/3d-zabory-dlya-chastnogo-doma/
06-03-2023 13:27:12	zaboripodkluch.ru	/3d-zabory/3d-zabory-dlya-detskogo-sada/
06-03-2023 13:27:12	zaboripodkluch.ru	/3d-zabory/3d-zabory-dlya-shkoly/
06-03-2023 13:27:12	zaboripodkluch.ru	/3d-zabory/3d-zabory-dlya-sportivnoy-ploshchadki/
06-03-2023 13:27:12	zaboripodkluch.ru	/3d-zabory/3d-zabory-po-tolshchine-pruta/
06-03-2023 13:27:12	zaboripodkluch.ru	/3d-zabory/3d-zabory-po-tsvetu/
06-03-2023 13:27:12	zaboripodkluch.ru	/company/
06-03-2023 13:27:12	zaboripodkluch.ru	/company/6-cotok/
06-03-2023 13:27:12	zaboripodkluch.ru	/company/arsenal-zaborov/
06-03-2023 13:27:12	zaboripodkluch.ru	/company/dachnyy-zabor/
06-03-2023 13:27:12	zaboripodkluch.ru	/company/liga-zaborov/
06-03-2023 13:27:12	zaboripodkluch.ru	/company/moskovskie-zabory/
06-03-2023 13:27:12	zaboripodkluch.ru	/company/mosstroyzabor/
06-03-2023 13:27:12	zaboripodkluch.ru	/company/novyy-zabor/
06-03-2023 13:27:12	zaboripodkluch.ru	/company/palitra-zaborov/
06-03-2023 13:27:12	zaboripodkluch.ru	/company/stroyzabor/
06-03-2023 13:27:12	zaboripodkluch.ru	/company/tsentr-zaborov/
06-03-2023 13:27:12	zaboripodkluch.ru	/company/vek-zabora/
06-03-2023 13:27:12	zaboripodkluch.ru	/company/zabor-prof/
06-03-2023 13:27:12	zaboripodkluch.ru	/company/zabor-u-doma/
06-03-2023 13:27:12	zaboripodkluch.ru	/company/zabor-vam/
06-03-2023 13:27:12	zaboripodkluch.ru	/company/zaboriya/
06-03-2023 13:27:12	zaboripodkluch.ru	/company/zabormontazh/
06-03-2023 13:27:12	zaboripodkluch.ru	/company/zaborovo/
06-03-2023 13:27:12	zaboripodkluch.ru	/company/zaborstroy/
06-03-2023 13:27:12	zaboripodkluch.ru	/zabory-iz-metallicheskogo-shtaketnika/
06-03-2023 13:27:12	zaboripodkluch.ru	/zabory-iz-metallicheskogo-shtaketnika/zabor-iz-metallicheskogo-shtaketnika-na-fundamente/
06-03-2023 13:27:12	zaboripodkluch.ru	/zabory-iz-polikarbonata/
06-03-2023 13:27:12	zaboripodkluch.ru	/zabory-iz-polikarbonata/zabory-iz-polikarbonata-dlya-dachi/
06-03-2023 13:27:12	zaboripodkluch.ru	/zabory-iz-profnastila/
06-03-2023 13:27:12	zaboripodkluch.ru	/zabory-iz-profnastila/zabor-iz-profnastila-na-fundamente/
06-03-2023 13:27:12	zaboripodkluch.ru	/zabory-iz-profnastila/zabor-iz-profnastila-otsinkovannye/
06-03-2023 13:27:12	zaboripodkluch.ru	/zabory-iz-profnastila/zabor-iz-profnastila-po-metrazhu/
06-03-2023 13:27:12	zaboripodkluch.ru	/zabory-iz-profnastila/zabor-iz-profnastila-po-ploshchadi-uchastka/
06-03-2023 13:27:12	zaboripodkluch.ru	/zabory-iz-profnastila/zabor-iz-profnastila-po-tsvetu/
06-03-2023 13:27:12	zaboripodkluch.ru	/zabory-iz-profnastila/zabor-iz-profnastila-pod-derevo/
06-03-2023 13:27:12	zaboripodkluch.ru	/zabory-iz-profnastila/zabor-iz-profnastila-pod-kamen/
06-03-2023 13:27:12	zaboripodkluch.ru	/zabory-iz-profnastila/zabor-iz-profnastila-s-dvukh-storon/
06-03-2023 13:27:12	zaboripodkluch.ru	/zabory-iz-profnastila/zabor-iz-profnastila-s-kirpichnymi-stolbami/
06-03-2023 13:27:12	zaboripodkluch.ru	/zabory-iz-profnastila/zabor-iz-profnastila-s-vorotami/
06-03-2023 13:27:12	zaboripodkluch.ru	/zabory-iz-setki-rabitsy/
06-03-2023 13:27:12	zaboripodkluch.ru	/zabory-iz-setki-rabitsy/zabor-iz-setki-rabitsy-s-armaturoy/
06-03-2023 13:27:12	zaboripodkluch.ru	/zabory-iz-setki-rabitsy/zabory-iz-setki-rabitsy-sektsiyami/
06-03-2023 13:27:12	zaboripodkluch.ru	/zabory-iz-setki-rabitsy/zabory-iz-setki-rabitsy-v-natyag/
